{"created": 1767899855.5958462, "duration": 0.12168669700622559, "exitcode": 1, "root": "D:\\GITHUB\\pytQt_template", "environment": {}, "summary": {"failed": 2, "total": 2, "collected": 2}, "collectors": [{"nodeid": "", "outcome": "passed", "result": [{"nodeid": "spec_automation/tests/spec_automation/test_spec_state_manager.py::TestSpecStateManager::test_get_all_stories_multiple", "type": "Function", "lineno": 186}, {"nodeid": "spec_automation/tests/spec_automation/test_spec_state_manager.py::TestSpecStateManager::test_timestamps_updated", "type": "Function", "lineno": 293}]}], "tests": [{"nodeid": "spec_automation/tests/spec_automation/test_spec_state_manager.py::TestSpecStateManager::test_get_all_stories_multiple", "lineno": 186, "outcome": "failed", "keywords": ["test_get_all_stories_multiple", "TestSpecStateManager", "test_spec_state_manager.py", "spec_automation", "tests", "pytQt_template", ""], "setup": {"duration": 0.016419499996118248, "outcome": "passed"}, "call": {"duration": 0.01662130000477191, "outcome": "failed", "crash": {"path": "D:\\GITHUB\\pytQt_template\\spec_automation\\tests\\spec_automation\\test_spec_state_manager.py", "lineno": 197, "message": "AssertionError: assert '/test/story1.md' == '/test/story3.md'\n  \n  - /test/story3.md\n  ?            ^\n  + /test/story1.md\n  ?            ^"}, "traceback": [{"path": "test_spec_state_manager.py", "lineno": 197, "message": "AssertionError"}], "longrepr": "self = <spec_automation.tests.spec_automation.test_spec_state_manager.TestSpecStateManager object at 0x000001E5D9B99880>\nstate_manager = <spec_automation.spec_state_manager.SpecStateManager object at 0x000001E5D9B9AF30>\n\n    def test_get_all_stories_multiple(self, state_manager):\n        \"\"\"Test getting all stories with multiple entries.\"\"\"\n        state_manager.update_story_status(\"/test/story1.md\", \"completed\", \"done\")\n        state_manager.update_story_status(\"/test/story2.md\", \"in_progress\", \"dev\")\n        state_manager.update_story_status(\"/test/story3.md\", \"pending\", \"planning\")\n    \n        stories = state_manager.get_all_stories()\n    \n        assert len(stories) == 3\n        # Stories should be ordered by updated_at DESC (newest first)\n>       assert stories[0][\"story_path\"] == \"/test/story3.md\"\nE       AssertionError: assert '/test/story1.md' == '/test/story3.md'\nE         \nE         - /test/story3.md\nE         ?            ^\nE         + /test/story1.md\nE         ?            ^\n\ntest_spec_state_manager.py:197: AssertionError"}, "teardown": {"duration": 0.0006892000092193484, "outcome": "passed"}}, {"nodeid": "spec_automation/tests/spec_automation/test_spec_state_manager.py::TestSpecStateManager::test_timestamps_updated", "lineno": 293, "outcome": "failed", "keywords": ["test_timestamps_updated", "TestSpecStateManager", "test_spec_state_manager.py", "spec_automation", "tests", "pytQt_template", ""], "setup": {"duration": 0.013530000011087395, "outcome": "passed"}, "call": {"duration": 0.020543399994494393, "outcome": "failed", "crash": {"path": "D:\\GITHUB\\pytQt_template\\spec_automation\\tests\\spec_automation\\test_spec_state_manager.py", "lineno": 317, "message": "AssertionError: assert '2026-01-08 19:17:35' != '2026-01-08 19:17:35'"}, "traceback": [{"path": "test_spec_state_manager.py", "lineno": 317, "message": "AssertionError"}], "longrepr": "self = <spec_automation.tests.spec_automation.test_spec_state_manager.TestSpecStateManager object at 0x000001E5D9B99130>\nstate_manager = <spec_automation.spec_state_manager.SpecStateManager object at 0x000001E5D9BD56A0>\n\n    def test_timestamps_updated(self, state_manager):\n        \"\"\"Test that updated_at timestamp changes on update.\"\"\"\n        import time\n    \n        story_path = \"/test/timestamp_update.md\"\n    \n        # First insert\n        state_manager.update_story_status(story_path, \"pending\", \"planning\")\n        result1 = state_manager.get_story_status(story_path)\n        created_at = result1[\"created_at\"]\n        updated_at = result1[\"updated_at\"]\n    \n        # Wait a bit\n        time.sleep(0.01)\n    \n        # Update\n        state_manager.update_story_status(story_path, \"in_progress\", \"development\")\n        result2 = state_manager.get_story_status(story_path)\n    \n        # created_at should be the same\n        assert result2[\"created_at\"] == created_at\n    \n        # updated_at should be different (newer)\n>       assert result2[\"updated_at\"] != updated_at\nE       AssertionError: assert '2026-01-08 19:17:35' != '2026-01-08 19:17:35'\n\ntest_spec_state_manager.py:317: AssertionError"}, "teardown": {"duration": 0.0004732000088552013, "outcome": "passed"}}]}