{"meta": {"format": 3, "version": "7.13.1", "timestamp": "2026-01-12T22:50:12.398656", "branch_coverage": false, "show_contexts": false}, "files": {"src\\bubblesort\\__init__.py": {"executed_lines": [3, 5], "summary": {"covered_lines": 2, "num_statements": 2, "percent_covered": 100.0, "percent_covered_display": "100", "missing_lines": 0, "excluded_lines": 0, "percent_statements_covered": 100.0, "percent_statements_covered_display": "100"}, "missing_lines": [], "excluded_lines": [], "functions": {"": {"executed_lines": [3, 5], "summary": {"covered_lines": 2, "num_statements": 2, "percent_covered": 100.0, "percent_covered_display": "100", "missing_lines": 0, "excluded_lines": 0, "percent_statements_covered": 100.0, "percent_statements_covered_display": "100"}, "missing_lines": [], "excluded_lines": [], "start_line": 1}}, "classes": {"": {"executed_lines": [3, 5], "summary": {"covered_lines": 2, "num_statements": 2, "percent_covered": 100.0, "percent_covered_display": "100", "missing_lines": 0, "excluded_lines": 0, "percent_statements_covered": 100.0, "percent_statements_covered_display": "100"}, "missing_lines": [], "excluded_lines": [], "start_line": 1}}}, "src\\bubblesort\\bubble_sort.py": {"executed_lines": [7, 10, 33, 34, 37, 38, 39, 40, 43, 44, 45, 48, 50, 51, 53, 54, 56, 57, 60, 61, 63], "summary": {"covered_lines": 21, "num_statements": 21, "percent_covered": 100.0, "percent_covered_display": "100", "missing_lines": 0, "excluded_lines": 0, "percent_statements_covered": 100.0, "percent_statements_covered_display": "100"}, "missing_lines": [], "excluded_lines": [], "functions": {"bubble_sort": {"executed_lines": [33, 34, 37, 38, 39, 40, 43, 44, 45, 48, 50, 51, 53, 54, 56, 57, 60, 61, 63], "summary": {"covered_lines": 19, "num_statements": 19, "percent_covered": 100.0, "percent_covered_display": "100", "missing_lines": 0, "excluded_lines": 0, "percent_statements_covered": 100.0, "percent_statements_covered_display": "100"}, "missing_lines": [], "excluded_lines": [], "start_line": 10}, "": {"executed_lines": [7, 10], "summary": {"covered_lines": 2, "num_statements": 2, "percent_covered": 100.0, "percent_covered_display": "100", "missing_lines": 0, "excluded_lines": 0, "percent_statements_covered": 100.0, "percent_statements_covered_display": "100"}, "missing_lines": [], "excluded_lines": [], "start_line": 1}}, "classes": {"": {"executed_lines": [7, 10, 33, 34, 37, 38, 39, 40, 43, 44, 45, 48, 50, 51, 53, 54, 56, 57, 60, 61, 63], "summary": {"covered_lines": 21, "num_statements": 21, "percent_covered": 100.0, "percent_covered_display": "100", "missing_lines": 0, "excluded_lines": 0, "percent_statements_covered": 100.0, "percent_statements_covered_display": "100"}, "missing_lines": [], "excluded_lines": [], "start_line": 1}}}, "src\\cli.py": {"executed_lines": [3, 4, 5, 6, 7, 9, 12, 24, 25, 28, 29, 30, 33, 36, 38, 39, 41, 42, 43, 44, 46, 47, 49, 50, 51, 53, 56, 69, 70, 71, 73, 74, 76, 77, 78, 81, 91, 92, 93, 95, 96, 98, 99, 100, 101, 102, 103, 104, 105, 107, 108, 110, 113, 130, 131, 132, 133, 140, 142, 143, 144, 145, 146, 147, 149, 150, 151, 152, 153, 154, 155, 158, 161, 173, 174, 175, 176, 177, 182, 183, 185, 186, 187, 188, 191, 200, 201, 203, 204, 206, 207, 208, 211, 213, 214, 216, 217, 218, 220, 221, 222, 224, 225, 227, 228, 229, 230, 231, 232, 233, 234, 235, 236, 239, 241, 242, 244, 245, 246, 248, 249, 250, 252, 253, 255, 256, 257, 258, 259, 260, 261, 262, 263, 264, 267, 269, 275, 276, 277, 278, 279, 282, 284, 286, 288, 289, 290, 291, 293, 294, 295, 298, 299, 302, 305, 306, 308, 311, 312, 313, 314, 315, 316, 317, 318, 319, 322], "summary": {"covered_lines": 167, "num_statements": 171, "percent_covered": 97.6608187134503, "percent_covered_display": "98", "missing_lines": 4, "excluded_lines": 0, "percent_statements_covered": 97.6608187134503, "percent_statements_covered_display": "98"}, "missing_lines": [179, 309, 310, 323], "excluded_lines": [], "functions": {"parse_array_input": {"executed_lines": [24, 25, 28, 29, 30, 33, 36, 38, 39, 41, 42, 43, 44, 46, 47, 49, 50, 51, 53], "summary": {"covered_lines": 19, "num_statements": 19, "percent_covered": 100.0, "percent_covered_display": "100", "missing_lines": 0, "excluded_lines": 0, "percent_statements_covered": 100.0, "percent_statements_covered_display": "100"}, "missing_lines": [], "excluded_lines": [], "start_line": 12}, "read_from_file": {"executed_lines": [69, 70, 71, 73, 74, 76, 77, 78], "summary": {"covered_lines": 8, "num_statements": 8, "percent_covered": 100.0, "percent_covered_display": "100", "missing_lines": 0, "excluded_lines": 0, "percent_statements_covered": 100.0, "percent_statements_covered_display": "100"}, "missing_lines": [], "excluded_lines": [], "start_line": 56}, "get_sorting_steps": {"executed_lines": [91, 92, 93, 95, 96, 98, 99, 100, 101, 102, 103, 104, 105, 107, 108, 110], "summary": {"covered_lines": 16, "num_statements": 16, "percent_covered": 100.0, "percent_covered_display": "100", "missing_lines": 0, "excluded_lines": 0, "percent_statements_covered": 100.0, "percent_statements_covered_display": "100"}, "missing_lines": [], "excluded_lines": [], "start_line": 81}, "format_output": {"executed_lines": [130, 131, 132, 133, 140, 142, 143, 144, 145, 146, 147, 149, 150, 151, 152, 153, 154, 155, 158], "summary": {"covered_lines": 19, "num_statements": 19, "percent_covered": 100.0, "percent_covered_display": "100", "missing_lines": 0, "excluded_lines": 0, "percent_statements_covered": 100.0, "percent_statements_covered_display": "100"}, "missing_lines": [], "excluded_lines": [], "start_line": 113}, "get_input_data": {"executed_lines": [173, 174, 175, 176, 177, 182, 183, 185, 186, 187, 188], "summary": {"covered_lines": 11, "num_statements": 12, "percent_covered": 91.66666666666667, "percent_covered_display": "92", "missing_lines": 1, "excluded_lines": 0, "percent_statements_covered": 91.66666666666667, "percent_statements_covered_display": "92"}, "missing_lines": [179], "excluded_lines": [], "start_line": 161}, "validate_data": {"executed_lines": [200, 201, 203, 204, 206, 207, 208], "summary": {"covered_lines": 7, "num_statements": 7, "percent_covered": 100.0, "percent_covered_display": "100", "missing_lines": 0, "excluded_lines": 0, "percent_statements_covered": 100.0, "percent_statements_covered_display": "100"}, "missing_lines": [], "excluded_lines": [], "start_line": 191}, "interactive_mode": {"executed_lines": [213, 214, 216, 217, 218, 220, 221, 222, 224, 225, 227, 228, 229, 230, 231, 232, 233, 234, 235, 236], "summary": {"covered_lines": 20, "num_statements": 20, "percent_covered": 100.0, "percent_covered_display": "100", "missing_lines": 0, "excluded_lines": 0, "percent_statements_covered": 100.0, "percent_statements_covered_display": "100"}, "missing_lines": [], "excluded_lines": [], "start_line": 211}, "batch_mode": {"executed_lines": [241, 242, 244, 245, 246, 248, 249, 250, 252, 253, 255, 256, 257, 258, 259, 260, 261, 262, 263, 264], "summary": {"covered_lines": 20, "num_statements": 20, "percent_covered": 100.0, "percent_covered_display": "100", "missing_lines": 0, "excluded_lines": 0, "percent_statements_covered": 100.0, "percent_statements_covered_display": "100"}, "missing_lines": [], "excluded_lines": [], "start_line": 239}, "main": {"executed_lines": [269, 275, 276, 277, 278, 279, 282, 284, 286, 288, 289, 290, 291, 293, 294, 295, 298, 299, 302, 305, 306, 308, 311, 312, 313, 314, 315, 316, 317, 318, 319], "summary": {"covered_lines": 31, "num_statements": 33, "percent_covered": 93.93939393939394, "percent_covered_display": "94", "missing_lines": 2, "excluded_lines": 0, "percent_statements_covered": 93.93939393939394, "percent_statements_covered_display": "94"}, "missing_lines": [309, 310], "excluded_lines": [], "start_line": 267}, "": {"executed_lines": [3, 4, 5, 6, 7, 9, 12, 56, 81, 113, 161, 191, 211, 239, 267, 322], "summary": {"covered_lines": 16, "num_statements": 17, "percent_covered": 94.11764705882354, "percent_covered_display": "94", "missing_lines": 1, "excluded_lines": 0, "percent_statements_covered": 94.11764705882354, "percent_statements_covered_display": "94"}, "missing_lines": [323], "excluded_lines": [], "start_line": 1}}, "classes": {"": {"executed_lines": [3, 4, 5, 6, 7, 9, 12, 24, 25, 28, 29, 30, 33, 36, 38, 39, 41, 42, 43, 44, 46, 47, 49, 50, 51, 53, 56, 69, 70, 71, 73, 74, 76, 77, 78, 81, 91, 92, 93, 95, 96, 98, 99, 100, 101, 102, 103, 104, 105, 107, 108, 110, 113, 130, 131, 132, 133, 140, 142, 143, 144, 145, 146, 147, 149, 150, 151, 152, 153, 154, 155, 158, 161, 173, 174, 175, 176, 177, 182, 183, 185, 186, 187, 188, 191, 200, 201, 203, 204, 206, 207, 208, 211, 213, 214, 216, 217, 218, 220, 221, 222, 224, 225, 227, 228, 229, 230, 231, 232, 233, 234, 235, 236, 239, 241, 242, 244, 245, 246, 248, 249, 250, 252, 253, 255, 256, 257, 258, 259, 260, 261, 262, 263, 264, 267, 269, 275, 276, 277, 278, 279, 282, 284, 286, 288, 289, 290, 291, 293, 294, 295, 298, 299, 302, 305, 306, 308, 311, 312, 313, 314, 315, 316, 317, 318, 319, 322], "summary": {"covered_lines": 167, "num_statements": 171, "percent_covered": 97.6608187134503, "percent_covered_display": "98", "missing_lines": 4, "excluded_lines": 0, "percent_statements_covered": 97.6608187134503, "percent_statements_covered_display": "98"}, "missing_lines": [179, 309, 310, 323], "excluded_lines": [], "start_line": 1}}}, "tests\\__init__.py": {"executed_lines": [], "summary": {"covered_lines": 0, "num_statements": 0, "percent_covered": 100.0, "percent_covered_display": "100", "missing_lines": 0, "excluded_lines": 0, "percent_statements_covered": 100.0, "percent_statements_covered_display": "100"}, "missing_lines": [], "excluded_lines": [], "functions": {"": {"executed_lines": [], "summary": {"covered_lines": 0, "num_statements": 0, "percent_covered": 100.0, "percent_covered_display": "100", "missing_lines": 0, "excluded_lines": 0, "percent_statements_covered": 100.0, "percent_statements_covered_display": "100"}, "missing_lines": [], "excluded_lines": [], "start_line": 1}}, "classes": {"": {"executed_lines": [], "summary": {"covered_lines": 0, "num_statements": 0, "percent_covered": 100.0, "percent_covered_display": "100", "missing_lines": 0, "excluded_lines": 0, "percent_statements_covered": 100.0, "percent_statements_covered_display": "100"}, "missing_lines": [], "excluded_lines": [], "start_line": 1}}}, "tests\\conftest.py": {"executed_lines": [6, 7, 8, 9, 12, 22, 26, 35, 52, 53, 60, 61, 107, 108, 114, 132, 135, 143, 145, 147], "summary": {"covered_lines": 20, "num_statements": 51, "percent_covered": 39.21568627450981, "percent_covered_display": "39", "missing_lines": 31, "excluded_lines": 0, "percent_statements_covered": 39.21568627450981, "percent_statements_covered_display": "39"}, "missing_lines": [23, 24, 28, 29, 32, 33, 37, 38, 41, 46, 48, 50, 55, 56, 57, 82, 85, 86, 89, 92, 93, 95, 96, 102, 103, 110, 125, 126, 127, 128, 148], "excluded_lines": [], "functions": {"SafeTaskGroupContext.__init__": {"executed_lines": [], "summary": {"covered_lines": 0, "num_statements": 2, "percent_covered": 0.0, "percent_covered_display": "0", "missing_lines": 2, "excluded_lines": 0, "percent_statements_covered": 0.0, "percent_statements_covered_display": "0"}, "missing_lines": [23, 24], "excluded_lines": [], "start_line": 22}, "SafeTaskGroupContext.__aenter__": {"executed_lines": [], "summary": {"covered_lines": 0, "num_statements": 4, "percent_covered": 0.0, "percent_covered_display": "0", "missing_lines": 4, "excluded_lines": 0, "percent_statements_covered": 0.0, "percent_statements_covered_display": "0"}, "missing_lines": [28, 29, 32, 33], "excluded_lines": [], "start_line": 26}, "SafeTaskGroupContext.__aexit__": {"executed_lines": [], "summary": {"covered_lines": 0, "num_statements": 6, "percent_covered": 0.0, "percent_covered_display": "0", "missing_lines": 6, "excluded_lines": 0, "percent_statements_covered": 0.0, "percent_statements_covered_display": "0"}, "missing_lines": [37, 38, 41, 46, 48, 50], "excluded_lines": [], "start_line": 35}, "SafeTaskGroupContext.task_group": {"executed_lines": [], "summary": {"covered_lines": 0, "num_statements": 3, "percent_covered": 0.0, "percent_covered_display": "0", "missing_lines": 3, "excluded_lines": 0, "percent_statements_covered": 0.0, "percent_statements_covered_display": "0"}, "missing_lines": [55, 56, 57], "excluded_lines": [], "start_line": 53}, "safe_task_group": {"executed_lines": [], "summary": {"covered_lines": 0, "num_statements": 9, "percent_covered": 0.0, "percent_covered_display": "0", "missing_lines": 9, "excluded_lines": 0, "percent_statements_covered": 0.0, "percent_statements_covered_display": "0"}, "missing_lines": [82, 85, 89, 92, 93, 95, 96, 102, 103], "excluded_lines": [], "start_line": 61}, "safe_task_group._get_context": {"executed_lines": [], "summary": {"covered_lines": 0, "num_statements": 1, "percent_covered": 0.0, "percent_covered_display": "0", "missing_lines": 1, "excluded_lines": 0, "percent_statements_covered": 0.0, "percent_statements_covered_display": "0"}, "missing_lines": [86], "excluded_lines": [], "start_line": 85}, "task_group_context": {"executed_lines": [], "summary": {"covered_lines": 0, "num_statements": 1, "percent_covered": 0.0, "percent_covered_display": "0", "missing_lines": 1, "excluded_lines": 0, "percent_statements_covered": 0.0, "percent_statements_covered_display": "0"}, "missing_lines": [110], "excluded_lines": [], "start_line": 108}, "assert_task_group_active": {"executed_lines": [], "summary": {"covered_lines": 0, "num_statements": 4, "percent_covered": 0.0, "percent_covered_display": "0", "missing_lines": 4, "excluded_lines": 0, "percent_statements_covered": 0.0, "percent_statements_covered_display": "0"}, "missing_lines": [125, 126, 127, 128], "excluded_lines": [], "start_line": 114}, "pytest_configure": {"executed_lines": [135], "summary": {"covered_lines": 1, "num_statements": 1, "percent_covered": 100.0, "percent_covered_display": "100", "missing_lines": 0, "excluded_lines": 0, "percent_statements_covered": 100.0, "percent_statements_covered_display": "100"}, "missing_lines": [], "excluded_lines": [], "start_line": 132}, "pytest_collection_modifyitems": {"executed_lines": [145, 147], "summary": {"covered_lines": 2, "num_statements": 3, "percent_covered": 66.66666666666667, "percent_covered_display": "67", "missing_lines": 1, "excluded_lines": 0, "percent_statements_covered": 66.66666666666667, "percent_statements_covered_display": "67"}, "missing_lines": [148], "excluded_lines": [], "start_line": 143}, "": {"executed_lines": [6, 7, 8, 9, 12, 22, 26, 35, 52, 53, 60, 61, 107, 108, 114, 132, 143], "summary": {"covered_lines": 17, "num_statements": 17, "percent_covered": 100.0, "percent_covered_display": "100", "missing_lines": 0, "excluded_lines": 0, "percent_statements_covered": 100.0, "percent_statements_covered_display": "100"}, "missing_lines": [], "excluded_lines": [], "start_line": 1}}, "classes": {"SafeTaskGroupContext": {"executed_lines": [], "summary": {"covered_lines": 0, "num_statements": 15, "percent_covered": 0.0, "percent_covered_display": "0", "missing_lines": 15, "excluded_lines": 0, "percent_statements_covered": 0.0, "percent_statements_covered_display": "0"}, "missing_lines": [23, 24, 28, 29, 32, 33, 37, 38, 41, 46, 48, 50, 55, 56, 57], "excluded_lines": [], "start_line": 12}, "": {"executed_lines": [6, 7, 8, 9, 12, 22, 26, 35, 52, 53, 60, 61, 107, 108, 114, 132, 135, 143, 145, 147], "summary": {"covered_lines": 20, "num_statements": 36, "percent_covered": 55.55555555555556, "percent_covered_display": "56", "missing_lines": 16, "excluded_lines": 0, "percent_statements_covered": 55.55555555555556, "percent_statements_covered_display": "56"}, "missing_lines": [82, 85, 86, 89, 92, 93, 95, 96, 102, 103, 110, 125, 126, 127, 128, 148], "excluded_lines": [], "start_line": 1}}}, "tests\\unit\\test_bubble_sort.py": {"executed_lines": [7, 8, 11, 14, 16, 17, 20, 23, 29, 31, 32, 33, 34, 36, 43, 45, 46, 47, 50, 53, 58, 60, 61, 62, 64, 69, 71, 72, 73, 75, 80, 82, 83, 84, 86, 92, 94, 95, 96, 99, 102, 107, 109, 110, 111, 113, 118, 120, 121, 122, 124, 129, 131, 132, 133, 135, 140, 142, 143, 144, 147, 150, 152, 153, 154, 156, 162, 164, 165, 166, 169, 172, 180, 182, 183, 184, 185, 186, 189, 192, 194, 195, 196, 198, 200, 201, 202, 204, 206, 207, 208, 209, 210, 213, 216, 222, 224, 225, 226], "summary": {"covered_lines": 99, "num_statements": 99, "percent_covered": 100.0, "percent_covered_display": "100", "missing_lines": 0, "excluded_lines": 0, "percent_statements_covered": 100.0, "percent_statements_covered_display": "100"}, "missing_lines": [], "excluded_lines": [], "functions": {"TestBubbleSortExistence.test_bubble_sort_exists": {"executed_lines": [16, 17], "summary": {"covered_lines": 2, "num_statements": 2, "percent_covered": 100.0, "percent_covered_display": "100", "missing_lines": 0, "excluded_lines": 0, "percent_statements_covered": 100.0, "percent_statements_covered_display": "100"}, "missing_lines": [], "excluded_lines": [], "start_line": 14}, "TestBasicFunctionality.test_empty_and_single_element": {"executed_lines": [31, 32, 33, 34], "summary": {"covered_lines": 4, "num_statements": 4, "percent_covered": 100.0, "percent_covered_display": "100", "missing_lines": 0, "excluded_lines": 0, "percent_statements_covered": 100.0, "percent_statements_covered_display": "100"}, "missing_lines": [], "excluded_lines": [], "start_line": 29}, "TestBasicFunctionality.test_multiple_elements": {"executed_lines": [45, 46, 47], "summary": {"covered_lines": 3, "num_statements": 3, "percent_covered": 100.0, "percent_covered_display": "100", "missing_lines": 0, "excluded_lines": 0, "percent_statements_covered": 100.0, "percent_statements_covered_display": "100"}, "missing_lines": [], "excluded_lines": [], "start_line": 43}, "TestInputOrderings.test_already_sorted": {"executed_lines": [60, 61, 62], "summary": {"covered_lines": 3, "num_statements": 3, "percent_covered": 100.0, "percent_covered_display": "100", "missing_lines": 0, "excluded_lines": 0, "percent_statements_covered": 100.0, "percent_statements_covered_display": "100"}, "missing_lines": [], "excluded_lines": [], "start_line": 58}, "TestInputOrderings.test_reverse_sorted": {"executed_lines": [71, 72, 73], "summary": {"covered_lines": 3, "num_statements": 3, "percent_covered": 100.0, "percent_covered_display": "100", "missing_lines": 0, "excluded_lines": 0, "percent_statements_covered": 100.0, "percent_statements_covered_display": "100"}, "missing_lines": [], "excluded_lines": [], "start_line": 69}, "TestInputOrderings.test_random_order": {"executed_lines": [82, 83, 84], "summary": {"covered_lines": 3, "num_statements": 3, "percent_covered": 100.0, "percent_covered_display": "100", "missing_lines": 0, "excluded_lines": 0, "percent_statements_covered": 100.0, "percent_statements_covered_display": "100"}, "missing_lines": [], "excluded_lines": [], "start_line": 80}, "TestInputOrderings.test_duplicate_elements": {"executed_lines": [94, 95, 96], "summary": {"covered_lines": 3, "num_statements": 3, "percent_covered": 100.0, "percent_covered_display": "100", "missing_lines": 0, "excluded_lines": 0, "percent_statements_covered": 100.0, "percent_statements_covered_display": "100"}, "missing_lines": [], "excluded_lines": [], "start_line": 92}, "TestNumericTypes.test_negative_numbers": {"executed_lines": [109, 110, 111], "summary": {"covered_lines": 3, "num_statements": 3, "percent_covered": 100.0, "percent_covered_display": "100", "missing_lines": 0, "excluded_lines": 0, "percent_statements_covered": 100.0, "percent_statements_covered_display": "100"}, "missing_lines": [], "excluded_lines": [], "start_line": 107}, "TestNumericTypes.test_floats": {"executed_lines": [120, 121, 122], "summary": {"covered_lines": 3, "num_statements": 3, "percent_covered": 100.0, "percent_covered_display": "100", "missing_lines": 0, "excluded_lines": 0, "percent_statements_covered": 100.0, "percent_statements_covered_display": "100"}, "missing_lines": [], "excluded_lines": [], "start_line": 118}, "TestNumericTypes.test_mixed_int_float": {"executed_lines": [131, 132, 133], "summary": {"covered_lines": 3, "num_statements": 3, "percent_covered": 100.0, "percent_covered_display": "100", "missing_lines": 0, "excluded_lines": 0, "percent_statements_covered": 100.0, "percent_statements_covered_display": "100"}, "missing_lines": [], "excluded_lines": [], "start_line": 129}, "TestNumericTypes.test_zero_values": {"executed_lines": [142, 143, 144], "summary": {"covered_lines": 3, "num_statements": 3, "percent_covered": 100.0, "percent_covered_display": "100", "missing_lines": 0, "excluded_lines": 0, "percent_statements_covered": 100.0, "percent_statements_covered_display": "100"}, "missing_lines": [], "excluded_lines": [], "start_line": 140}, "TestErrorHandling.test_none_input_raises_type_error": {"executed_lines": [152, 153, 154], "summary": {"covered_lines": 3, "num_statements": 3, "percent_covered": 100.0, "percent_covered_display": "100", "missing_lines": 0, "excluded_lines": 0, "percent_statements_covered": 100.0, "percent_statements_covered_display": "100"}, "missing_lines": [], "excluded_lines": [], "start_line": 150}, "TestErrorHandling.test_non_iterable_input_raises_type_error": {"executed_lines": [164, 165, 166], "summary": {"covered_lines": 3, "num_statements": 3, "percent_covered": 100.0, "percent_covered_display": "100", "missing_lines": 0, "excluded_lines": 0, "percent_statements_covered": 100.0, "percent_statements_covered_display": "100"}, "missing_lines": [], "excluded_lines": [], "start_line": 162}, "TestPureFunctionBehavior.test_original_list_not_modified": {"executed_lines": [182, 183, 184, 185, 186], "summary": {"covered_lines": 5, "num_statements": 5, "percent_covered": 100.0, "percent_covered_display": "100", "missing_lines": 0, "excluded_lines": 0, "percent_statements_covered": 100.0, "percent_statements_covered_display": "100"}, "missing_lines": [], "excluded_lines": [], "start_line": 180}, "TestDocumentation.test_bubble_sort_has_docstring": {"executed_lines": [194, 195, 196], "summary": {"covered_lines": 3, "num_statements": 3, "percent_covered": 100.0, "percent_covered_display": "100", "missing_lines": 0, "excluded_lines": 0, "percent_statements_covered": 100.0, "percent_statements_covered_display": "100"}, "missing_lines": [], "excluded_lines": [], "start_line": 192}, "TestDocumentation.test_bubble_sort_docstring_contains_info": {"executed_lines": [200, 201, 202], "summary": {"covered_lines": 3, "num_statements": 3, "percent_covered": 100.0, "percent_covered_display": "100", "missing_lines": 0, "excluded_lines": 0, "percent_statements_covered": 100.0, "percent_statements_covered_display": "100"}, "missing_lines": [], "excluded_lines": [], "start_line": 198}, "TestDocumentation.test_bubble_sort_has_type_hints": {"executed_lines": [206, 207, 208, 209, 210], "summary": {"covered_lines": 5, "num_statements": 5, "percent_covered": 100.0, "percent_covered_display": "100", "missing_lines": 0, "excluded_lines": 0, "percent_statements_covered": 100.0, "percent_statements_covered_display": "100"}, "missing_lines": [], "excluded_lines": [], "start_line": 204}, "TestCoverageEdgeCases.test_additional_edge_cases": {"executed_lines": [224, 225, 226], "summary": {"covered_lines": 3, "num_statements": 3, "percent_covered": 100.0, "percent_covered_display": "100", "missing_lines": 0, "excluded_lines": 0, "percent_statements_covered": 100.0, "percent_statements_covered_display": "100"}, "missing_lines": [], "excluded_lines": [], "start_line": 222}, "": {"executed_lines": [7, 8, 11, 14, 20, 23, 29, 36, 43, 50, 53, 58, 64, 69, 75, 80, 86, 92, 99, 102, 107, 113, 118, 124, 129, 135, 140, 147, 150, 156, 162, 169, 172, 180, 189, 192, 198, 204, 213, 216, 222], "summary": {"covered_lines": 41, "num_statements": 41, "percent_covered": 100.0, "percent_covered_display": "100", "missing_lines": 0, "excluded_lines": 0, "percent_statements_covered": 100.0, "percent_statements_covered_display": "100"}, "missing_lines": [], "excluded_lines": [], "start_line": 1}}, "classes": {"TestBubbleSortExistence": {"executed_lines": [16, 17], "summary": {"covered_lines": 2, "num_statements": 2, "percent_covered": 100.0, "percent_covered_display": "100", "missing_lines": 0, "excluded_lines": 0, "percent_statements_covered": 100.0, "percent_statements_covered_display": "100"}, "missing_lines": [], "excluded_lines": [], "start_line": 11}, "TestBasicFunctionality": {"executed_lines": [31, 32, 33, 34, 45, 46, 47], "summary": {"covered_lines": 7, "num_statements": 7, "percent_covered": 100.0, "percent_covered_display": "100", "missing_lines": 0, "excluded_lines": 0, "percent_statements_covered": 100.0, "percent_statements_covered_display": "100"}, "missing_lines": [], "excluded_lines": [], "start_line": 20}, "TestInputOrderings": {"executed_lines": [60, 61, 62, 71, 72, 73, 82, 83, 84, 94, 95, 96], "summary": {"covered_lines": 12, "num_statements": 12, "percent_covered": 100.0, "percent_covered_display": "100", "missing_lines": 0, "excluded_lines": 0, "percent_statements_covered": 100.0, "percent_statements_covered_display": "100"}, "missing_lines": [], "excluded_lines": [], "start_line": 50}, "TestNumericTypes": {"executed_lines": [109, 110, 111, 120, 121, 122, 131, 132, 133, 142, 143, 144], "summary": {"covered_lines": 12, "num_statements": 12, "percent_covered": 100.0, "percent_covered_display": "100", "missing_lines": 0, "excluded_lines": 0, "percent_statements_covered": 100.0, "percent_statements_covered_display": "100"}, "missing_lines": [], "excluded_lines": [], "start_line": 99}, "TestErrorHandling": {"executed_lines": [152, 153, 154, 164, 165, 166], "summary": {"covered_lines": 6, "num_statements": 6, "percent_covered": 100.0, "percent_covered_display": "100", "missing_lines": 0, "excluded_lines": 0, "percent_statements_covered": 100.0, "percent_statements_covered_display": "100"}, "missing_lines": [], "excluded_lines": [], "start_line": 147}, "TestPureFunctionBehavior": {"executed_lines": [182, 183, 184, 185, 186], "summary": {"covered_lines": 5, "num_statements": 5, "percent_covered": 100.0, "percent_covered_display": "100", "missing_lines": 0, "excluded_lines": 0, "percent_statements_covered": 100.0, "percent_statements_covered_display": "100"}, "missing_lines": [], "excluded_lines": [], "start_line": 169}, "TestDocumentation": {"executed_lines": [194, 195, 196, 200, 201, 202, 206, 207, 208, 209, 210], "summary": {"covered_lines": 11, "num_statements": 11, "percent_covered": 100.0, "percent_covered_display": "100", "missing_lines": 0, "excluded_lines": 0, "percent_statements_covered": 100.0, "percent_statements_covered_display": "100"}, "missing_lines": [], "excluded_lines": [], "start_line": 189}, "TestCoverageEdgeCases": {"executed_lines": [224, 225, 226], "summary": {"covered_lines": 3, "num_statements": 3, "percent_covered": 100.0, "percent_covered_display": "100", "missing_lines": 0, "excluded_lines": 0, "percent_statements_covered": 100.0, "percent_statements_covered_display": "100"}, "missing_lines": [], "excluded_lines": [], "start_line": 213}, "": {"executed_lines": [7, 8, 11, 14, 20, 23, 29, 36, 43, 50, 53, 58, 64, 69, 75, 80, 86, 92, 99, 102, 107, 113, 118, 124, 129, 135, 140, 147, 150, 156, 162, 169, 172, 180, 189, 192, 198, 204, 213, 216, 222], "summary": {"covered_lines": 41, "num_statements": 41, "percent_covered": 100.0, "percent_covered_display": "100", "missing_lines": 0, "excluded_lines": 0, "percent_statements_covered": 100.0, "percent_statements_covered_display": "100"}, "missing_lines": [], "excluded_lines": [], "start_line": 1}}}, "tests\\unit\\test_bubblesort.py": {"executed_lines": [3, 4, 5, 6, 9, 10, 11, 13, 14, 16, 17, 20, 21, 22, 25, 26, 27, 28, 29, 30, 32, 33, 34, 35, 36, 37, 38, 39, 42, 43, 44, 45, 47, 48, 49, 51, 52, 53, 56, 57, 58, 59, 60, 61, 62, 63, 66, 67, 68, 69, 70, 73, 74, 75, 77, 78, 80, 81], "summary": {"covered_lines": 58, "num_statements": 58, "percent_covered": 100.0, "percent_covered_display": "100", "missing_lines": 0, "excluded_lines": 0, "percent_statements_covered": 100.0, "percent_statements_covered_display": "100"}, "missing_lines": [], "excluded_lines": [], "functions": {"TestBubbleSortBasic.test_empty_list": {"executed_lines": [11], "summary": {"covered_lines": 1, "num_statements": 1, "percent_covered": 100.0, "percent_covered_display": "100", "missing_lines": 0, "excluded_lines": 0, "percent_statements_covered": 100.0, "percent_statements_covered_display": "100"}, "missing_lines": [], "excluded_lines": [], "start_line": 10}, "TestBubbleSortBasic.test_single_element": {"executed_lines": [14], "summary": {"covered_lines": 1, "num_statements": 1, "percent_covered": 100.0, "percent_covered_display": "100", "missing_lines": 0, "excluded_lines": 0, "percent_statements_covered": 100.0, "percent_statements_covered_display": "100"}, "missing_lines": [], "excluded_lines": [], "start_line": 13}, "TestBubbleSortBasic.test_three_elements_unsorted": {"executed_lines": [17], "summary": {"covered_lines": 1, "num_statements": 1, "percent_covered": 100.0, "percent_covered_display": "100", "missing_lines": 0, "excluded_lines": 0, "percent_statements_covered": 100.0, "percent_statements_covered_display": "100"}, "missing_lines": [], "excluded_lines": [], "start_line": 16}, "TestBubbleSortWithFloats.test_floats_unsorted": {"executed_lines": [22], "summary": {"covered_lines": 1, "num_statements": 1, "percent_covered": 100.0, "percent_covered_display": "100", "missing_lines": 0, "excluded_lines": 0, "percent_statements_covered": 100.0, "percent_statements_covered_display": "100"}, "missing_lines": [], "excluded_lines": [], "start_line": 21}, "TestBubbleSortLargeDatasets.test_large_list_100_elements": {"executed_lines": [27, 28, 29, 30], "summary": {"covered_lines": 4, "num_statements": 4, "percent_covered": 100.0, "percent_covered_display": "100", "missing_lines": 0, "excluded_lines": 0, "percent_statements_covered": 100.0, "percent_statements_covered_display": "100"}, "missing_lines": [], "excluded_lines": [], "start_line": 26}, "TestBubbleSortLargeDatasets.test_performance_large_list": {"executed_lines": [33, 34, 35, 36, 37, 38, 39], "summary": {"covered_lines": 7, "num_statements": 7, "percent_covered": 100.0, "percent_covered_display": "100", "missing_lines": 0, "excluded_lines": 0, "percent_statements_covered": 100.0, "percent_statements_covered_display": "100"}, "missing_lines": [], "excluded_lines": [], "start_line": 32}, "TestBubbleSortErrorHandling.test_none_input": {"executed_lines": [44, 45], "summary": {"covered_lines": 2, "num_statements": 2, "percent_covered": 100.0, "percent_covered_display": "100", "missing_lines": 0, "excluded_lines": 0, "percent_statements_covered": 100.0, "percent_statements_covered_display": "100"}, "missing_lines": [], "excluded_lines": [], "start_line": 43}, "TestBubbleSortErrorHandling.test_non_iterable_input": {"executed_lines": [48, 49], "summary": {"covered_lines": 2, "num_statements": 2, "percent_covered": 100.0, "percent_covered_display": "100", "missing_lines": 0, "excluded_lines": 0, "percent_statements_covered": 100.0, "percent_statements_covered_display": "100"}, "missing_lines": [], "excluded_lines": [], "start_line": 47}, "TestBubbleSortErrorHandling.test_nested_list": {"executed_lines": [52, 53], "summary": {"covered_lines": 2, "num_statements": 2, "percent_covered": 100.0, "percent_covered_display": "100", "missing_lines": 0, "excluded_lines": 0, "percent_statements_covered": 100.0, "percent_statements_covered_display": "100"}, "missing_lines": [], "excluded_lines": [], "start_line": 51}, "TestBubbleSortOptimization.test_early_exit_optimization": {"executed_lines": [58, 59, 60, 61, 62, 63], "summary": {"covered_lines": 6, "num_statements": 6, "percent_covered": 100.0, "percent_covered_display": "100", "missing_lines": 0, "excluded_lines": 0, "percent_statements_covered": 100.0, "percent_statements_covered_display": "100"}, "missing_lines": [], "excluded_lines": [], "start_line": 57}, "TestBubbleSortInvariants.test_commutativity_with_sort": {"executed_lines": [68, 69, 70], "summary": {"covered_lines": 3, "num_statements": 3, "percent_covered": 100.0, "percent_covered_display": "100", "missing_lines": 0, "excluded_lines": 0, "percent_statements_covered": 100.0, "percent_statements_covered_display": "100"}, "missing_lines": [], "excluded_lines": [], "start_line": 67}, "TestBubbleSortDocstringExamples.test_docstring_example_1": {"executed_lines": [75], "summary": {"covered_lines": 1, "num_statements": 1, "percent_covered": 100.0, "percent_covered_display": "100", "missing_lines": 0, "excluded_lines": 0, "percent_statements_covered": 100.0, "percent_statements_covered_display": "100"}, "missing_lines": [], "excluded_lines": [], "start_line": 74}, "TestBubbleSortDocstringExamples.test_docstring_example_2": {"executed_lines": [78], "summary": {"covered_lines": 1, "num_statements": 1, "percent_covered": 100.0, "percent_covered_display": "100", "missing_lines": 0, "excluded_lines": 0, "percent_statements_covered": 100.0, "percent_statements_covered_display": "100"}, "missing_lines": [], "excluded_lines": [], "start_line": 77}, "TestBubbleSortDocstringExamples.test_docstring_example_3": {"executed_lines": [81], "summary": {"covered_lines": 1, "num_statements": 1, "percent_covered": 100.0, "percent_covered_display": "100", "missing_lines": 0, "excluded_lines": 0, "percent_statements_covered": 100.0, "percent_statements_covered_display": "100"}, "missing_lines": [], "excluded_lines": [], "start_line": 80}, "": {"executed_lines": [3, 4, 5, 6, 9, 10, 13, 16, 20, 21, 25, 26, 32, 42, 43, 47, 51, 56, 57, 66, 67, 73, 74, 77, 80], "summary": {"covered_lines": 25, "num_statements": 25, "percent_covered": 100.0, "percent_covered_display": "100", "missing_lines": 0, "excluded_lines": 0, "percent_statements_covered": 100.0, "percent_statements_covered_display": "100"}, "missing_lines": [], "excluded_lines": [], "start_line": 1}}, "classes": {"TestBubbleSortBasic": {"executed_lines": [11, 14, 17], "summary": {"covered_lines": 3, "num_statements": 3, "percent_covered": 100.0, "percent_covered_display": "100", "missing_lines": 0, "excluded_lines": 0, "percent_statements_covered": 100.0, "percent_statements_covered_display": "100"}, "missing_lines": [], "excluded_lines": [], "start_line": 9}, "TestBubbleSortWithFloats": {"executed_lines": [22], "summary": {"covered_lines": 1, "num_statements": 1, "percent_covered": 100.0, "percent_covered_display": "100", "missing_lines": 0, "excluded_lines": 0, "percent_statements_covered": 100.0, "percent_statements_covered_display": "100"}, "missing_lines": [], "excluded_lines": [], "start_line": 20}, "TestBubbleSortLargeDatasets": {"executed_lines": [27, 28, 29, 30, 33, 34, 35, 36, 37, 38, 39], "summary": {"covered_lines": 11, "num_statements": 11, "percent_covered": 100.0, "percent_covered_display": "100", "missing_lines": 0, "excluded_lines": 0, "percent_statements_covered": 100.0, "percent_statements_covered_display": "100"}, "missing_lines": [], "excluded_lines": [], "start_line": 25}, "TestBubbleSortErrorHandling": {"executed_lines": [44, 45, 48, 49, 52, 53], "summary": {"covered_lines": 6, "num_statements": 6, "percent_covered": 100.0, "percent_covered_display": "100", "missing_lines": 0, "excluded_lines": 0, "percent_statements_covered": 100.0, "percent_statements_covered_display": "100"}, "missing_lines": [], "excluded_lines": [], "start_line": 42}, "TestBubbleSortOptimization": {"executed_lines": [58, 59, 60, 61, 62, 63], "summary": {"covered_lines": 6, "num_statements": 6, "percent_covered": 100.0, "percent_covered_display": "100", "missing_lines": 0, "excluded_lines": 0, "percent_statements_covered": 100.0, "percent_statements_covered_display": "100"}, "missing_lines": [], "excluded_lines": [], "start_line": 56}, "TestBubbleSortInvariants": {"executed_lines": [68, 69, 70], "summary": {"covered_lines": 3, "num_statements": 3, "percent_covered": 100.0, "percent_covered_display": "100", "missing_lines": 0, "excluded_lines": 0, "percent_statements_covered": 100.0, "percent_statements_covered_display": "100"}, "missing_lines": [], "excluded_lines": [], "start_line": 66}, "TestBubbleSortDocstringExamples": {"executed_lines": [75, 78, 81], "summary": {"covered_lines": 3, "num_statements": 3, "percent_covered": 100.0, "percent_covered_display": "100", "missing_lines": 0, "excluded_lines": 0, "percent_statements_covered": 100.0, "percent_statements_covered_display": "100"}, "missing_lines": [], "excluded_lines": [], "start_line": 73}, "": {"executed_lines": [3, 4, 5, 6, 9, 10, 13, 16, 20, 21, 25, 26, 32, 42, 43, 47, 51, 56, 57, 66, 67, 73, 74, 77, 80], "summary": {"covered_lines": 25, "num_statements": 25, "percent_covered": 100.0, "percent_covered_display": "100", "missing_lines": 0, "excluded_lines": 0, "percent_statements_covered": 100.0, "percent_statements_covered_display": "100"}, "missing_lines": [], "excluded_lines": [], "start_line": 1}}}, "tests\\unit\\test_cli_bubble_sort.py": {"executed_lines": [6, 7, 8, 9, 10, 11, 14, 17, 20, 22, 23, 24, 26, 28, 29, 30, 32, 34, 35, 36, 38, 40, 41, 42, 44, 46, 47, 48, 50, 52, 53, 54, 56, 58, 59, 60, 62, 64, 65, 66, 68, 70, 71, 72, 75, 78, 80, 81, 82, 84, 85, 87, 89, 90, 91, 93, 94, 96, 98, 99, 100, 103, 106, 108, 109, 110, 112, 114, 115, 116, 118, 120, 121, 122, 125, 128, 130, 131, 132, 134, 136, 137, 138, 139, 141, 143, 144, 145, 146, 148, 150, 151, 152, 153, 155, 157, 158, 159, 160, 161, 164, 167, 169, 170, 172, 174, 175, 176, 178, 180, 181, 182, 184, 186, 187, 188, 191, 194, 196, 197, 199, 200, 201, 203, 205, 206, 208, 209, 211, 212, 213, 215, 216, 218, 219, 221, 222, 223, 225, 226, 227, 229, 230, 232, 234, 235, 236, 238, 239, 240, 242, 243, 245, 247, 248, 249, 252, 255, 256, 257, 259, 261, 262, 264, 267, 268, 269, 271, 272, 273, 275, 277, 278, 280, 283, 284, 285, 287, 288, 289, 291, 293, 294, 296, 299, 300, 302, 303, 305, 307, 308, 310, 311, 313, 314, 316, 318, 319, 321, 322, 324, 326, 327, 328, 330, 332, 333, 335, 336, 338, 341, 342, 344, 345, 346, 347, 349, 351, 352, 354, 357, 359, 360, 361, 362, 364, 366, 367, 369, 372, 374, 375, 376, 378, 380, 381, 383, 384, 386, 388, 390, 391, 392, 394, 395, 397, 398, 400, 401, 402, 404, 406, 408, 409, 410, 412, 414, 415, 417, 418, 419, 421, 423, 426, 429, 430, 431, 433, 435, 436, 439, 441, 442, 443, 445, 447, 448, 450, 453, 455, 456, 457, 459, 461, 462, 464, 467, 469, 470, 471, 473, 475, 476, 478, 481, 483, 484, 485, 487, 489, 491, 494, 496, 497, 498, 500, 502, 504, 507, 510, 513, 514, 515, 517, 519, 520, 523, 525, 526, 527, 529, 531, 532, 534, 535, 537, 540, 542, 543, 544, 546, 548, 549, 551, 554, 556, 557, 558, 560, 562, 563, 565, 568, 570, 571, 572, 574, 576, 578, 581, 583, 584, 585, 587, 589, 591, 594], "summary": {"covered_lines": 357, "num_statements": 357, "percent_covered": 100.0, "percent_covered_display": "100", "missing_lines": 0, "excluded_lines": 0, "percent_statements_covered": 100.0, "percent_statements_covered_display": "100"}, "missing_lines": [], "excluded_lines": [], "functions": {"TestParseArrayInput.test_parse_simple_comma_separated": {"executed_lines": [22, 23, 24], "summary": {"covered_lines": 3, "num_statements": 3, "percent_covered": 100.0, "percent_covered_display": "100", "missing_lines": 0, "excluded_lines": 0, "percent_statements_covered": 100.0, "percent_statements_covered_display": "100"}, "missing_lines": [], "excluded_lines": [], "start_line": 20}, "TestParseArrayInput.test_parse_space_separated": {"executed_lines": [28, 29, 30], "summary": {"covered_lines": 3, "num_statements": 3, "percent_covered": 100.0, "percent_covered_display": "100", "missing_lines": 0, "excluded_lines": 0, "percent_statements_covered": 100.0, "percent_statements_covered_display": "100"}, "missing_lines": [], "excluded_lines": [], "start_line": 26}, "TestParseArrayInput.test_parse_bracketed_input": {"executed_lines": [34, 35, 36], "summary": {"covered_lines": 3, "num_statements": 3, "percent_covered": 100.0, "percent_covered_display": "100", "missing_lines": 0, "excluded_lines": 0, "percent_statements_covered": 100.0, "percent_statements_covered_display": "100"}, "missing_lines": [], "excluded_lines": [], "start_line": 32}, "TestParseArrayInput.test_parse_mixed_int_float": {"executed_lines": [40, 41, 42], "summary": {"covered_lines": 3, "num_statements": 3, "percent_covered": 100.0, "percent_covered_display": "100", "missing_lines": 0, "excluded_lines": 0, "percent_statements_covered": 100.0, "percent_statements_covered_display": "100"}, "missing_lines": [], "excluded_lines": [], "start_line": 38}, "TestParseArrayInput.test_parse_negative_numbers": {"executed_lines": [46, 47, 48], "summary": {"covered_lines": 3, "num_statements": 3, "percent_covered": 100.0, "percent_covered_display": "100", "missing_lines": 0, "excluded_lines": 0, "percent_statements_covered": 100.0, "percent_statements_covered_display": "100"}, "missing_lines": [], "excluded_lines": [], "start_line": 44}, "TestParseArrayInput.test_empty_input_raises_error": {"executed_lines": [52, 53, 54], "summary": {"covered_lines": 3, "num_statements": 3, "percent_covered": 100.0, "percent_covered_display": "100", "missing_lines": 0, "excluded_lines": 0, "percent_statements_covered": 100.0, "percent_statements_covered_display": "100"}, "missing_lines": [], "excluded_lines": [], "start_line": 50}, "TestParseArrayInput.test_whitespace_only_raises_error": {"executed_lines": [58, 59, 60], "summary": {"covered_lines": 3, "num_statements": 3, "percent_covered": 100.0, "percent_covered_display": "100", "missing_lines": 0, "excluded_lines": 0, "percent_statements_covered": 100.0, "percent_statements_covered_display": "100"}, "missing_lines": [], "excluded_lines": [], "start_line": 56}, "TestParseArrayInput.test_invalid_number_raises_error": {"executed_lines": [64, 65, 66], "summary": {"covered_lines": 3, "num_statements": 3, "percent_covered": 100.0, "percent_covered_display": "100", "missing_lines": 0, "excluded_lines": 0, "percent_statements_covered": 100.0, "percent_statements_covered_display": "100"}, "missing_lines": [], "excluded_lines": [], "start_line": 62}, "TestParseArrayInput.test_parse_empty_after_strip": {"executed_lines": [70, 71, 72], "summary": {"covered_lines": 3, "num_statements": 3, "percent_covered": 100.0, "percent_covered_display": "100", "missing_lines": 0, "excluded_lines": 0, "percent_statements_covered": 100.0, "percent_statements_covered_display": "100"}, "missing_lines": [], "excluded_lines": [], "start_line": 68}, "TestReadFromFile.test_read_valid_file": {"executed_lines": [80, 81, 82, 84, 85], "summary": {"covered_lines": 5, "num_statements": 5, "percent_covered": 100.0, "percent_covered_display": "100", "missing_lines": 0, "excluded_lines": 0, "percent_statements_covered": 100.0, "percent_statements_covered_display": "100"}, "missing_lines": [], "excluded_lines": [], "start_line": 78}, "TestReadFromFile.test_read_empty_file_raises_error": {"executed_lines": [89, 90, 91, 93, 94], "summary": {"covered_lines": 5, "num_statements": 5, "percent_covered": 100.0, "percent_covered_display": "100", "missing_lines": 0, "excluded_lines": 0, "percent_statements_covered": 100.0, "percent_statements_covered_display": "100"}, "missing_lines": [], "excluded_lines": [], "start_line": 87}, "TestReadFromFile.test_read_nonexistent_file_raises_error": {"executed_lines": [98, 99, 100], "summary": {"covered_lines": 3, "num_statements": 3, "percent_covered": 100.0, "percent_covered_display": "100", "missing_lines": 0, "excluded_lines": 0, "percent_statements_covered": 100.0, "percent_statements_covered_display": "100"}, "missing_lines": [], "excluded_lines": [], "start_line": 96}, "TestGetSortingSteps.test_single_element": {"executed_lines": [108, 109, 110], "summary": {"covered_lines": 3, "num_statements": 3, "percent_covered": 100.0, "percent_covered_display": "100", "missing_lines": 0, "excluded_lines": 0, "percent_statements_covered": 100.0, "percent_statements_covered_display": "100"}, "missing_lines": [], "excluded_lines": [], "start_line": 106}, "TestGetSortingSteps.test_two_elements": {"executed_lines": [114, 115, 116], "summary": {"covered_lines": 3, "num_statements": 3, "percent_covered": 100.0, "percent_covered_display": "100", "missing_lines": 0, "excluded_lines": 0, "percent_statements_covered": 100.0, "percent_statements_covered_display": "100"}, "missing_lines": [], "excluded_lines": [], "start_line": 112}, "TestGetSortingSteps.test_already_sorted": {"executed_lines": [120, 121, 122], "summary": {"covered_lines": 3, "num_statements": 3, "percent_covered": 100.0, "percent_covered_display": "100", "missing_lines": 0, "excluded_lines": 0, "percent_statements_covered": 100.0, "percent_statements_covered_display": "100"}, "missing_lines": [], "excluded_lines": [], "start_line": 118}, "TestFormatOutput.test_default_format": {"executed_lines": [130, 131, 132], "summary": {"covered_lines": 3, "num_statements": 3, "percent_covered": 100.0, "percent_covered_display": "100", "missing_lines": 0, "excluded_lines": 0, "percent_statements_covered": 100.0, "percent_statements_covered_display": "100"}, "missing_lines": [], "excluded_lines": [], "start_line": 128}, "TestFormatOutput.test_json_format": {"executed_lines": [136, 137, 138, 139], "summary": {"covered_lines": 4, "num_statements": 4, "percent_covered": 100.0, "percent_covered_display": "100", "missing_lines": 0, "excluded_lines": 0, "percent_statements_covered": 100.0, "percent_statements_covered_display": "100"}, "missing_lines": [], "excluded_lines": [], "start_line": 134}, "TestFormatOutput.test_steps_format": {"executed_lines": [143, 144, 145, 146], "summary": {"covered_lines": 4, "num_statements": 4, "percent_covered": 100.0, "percent_covered_display": "100", "missing_lines": 0, "excluded_lines": 0, "percent_statements_covered": 100.0, "percent_statements_covered_display": "100"}, "missing_lines": [], "excluded_lines": [], "start_line": 141}, "TestFormatOutput.test_detailed_format": {"executed_lines": [150, 151, 152, 153], "summary": {"covered_lines": 4, "num_statements": 4, "percent_covered": 100.0, "percent_covered_display": "100", "missing_lines": 0, "excluded_lines": 0, "percent_statements_covered": 100.0, "percent_statements_covered_display": "100"}, "missing_lines": [], "excluded_lines": [], "start_line": 148}, "TestFormatOutput.test_json_with_stats": {"executed_lines": [157, 158, 159, 160, 161], "summary": {"covered_lines": 5, "num_statements": 5, "percent_covered": 100.0, "percent_covered_display": "100", "missing_lines": 0, "excluded_lines": 0, "percent_statements_covered": 100.0, "percent_statements_covered_display": "100"}, "missing_lines": [], "excluded_lines": [], "start_line": 155}, "TestValidateData.test_valid_data_passes": {"executed_lines": [169, 170], "summary": {"covered_lines": 2, "num_statements": 2, "percent_covered": 100.0, "percent_covered_display": "100", "missing_lines": 0, "excluded_lines": 0, "percent_statements_covered": 100.0, "percent_statements_covered_display": "100"}, "missing_lines": [], "excluded_lines": [], "start_line": 167}, "TestValidateData.test_empty_data_raises_error": {"executed_lines": [174, 175, 176], "summary": {"covered_lines": 3, "num_statements": 3, "percent_covered": 100.0, "percent_covered_display": "100", "missing_lines": 0, "excluded_lines": 0, "percent_statements_covered": 100.0, "percent_statements_covered_display": "100"}, "missing_lines": [], "excluded_lines": [], "start_line": 172}, "TestValidateData.test_too_many_elements_raises_error": {"executed_lines": [180, 181, 182], "summary": {"covered_lines": 3, "num_statements": 3, "percent_covered": 100.0, "percent_covered_display": "100", "missing_lines": 0, "excluded_lines": 0, "percent_statements_covered": 100.0, "percent_statements_covered_display": "100"}, "missing_lines": [], "excluded_lines": [], "start_line": 178}, "TestValidateData.test_non_numeric_raises_error": {"executed_lines": [186, 187, 188], "summary": {"covered_lines": 3, "num_statements": 3, "percent_covered": 100.0, "percent_covered_display": "100", "missing_lines": 0, "excluded_lines": 0, "percent_statements_covered": 100.0, "percent_statements_covered_display": "100"}, "missing_lines": [], "excluded_lines": [], "start_line": 184}, "TestGetInputData.test_get_input_from_array_arg": {"executed_lines": [196, 197, 199, 200, 201], "summary": {"covered_lines": 5, "num_statements": 5, "percent_covered": 100.0, "percent_covered_display": "100", "missing_lines": 0, "excluded_lines": 0, "percent_statements_covered": 100.0, "percent_statements_covered_display": "100"}, "missing_lines": [], "excluded_lines": [], "start_line": 194}, "TestGetInputData.test_get_input_from_file_arg": {"executed_lines": [205, 206, 208, 209, 211, 212, 213], "summary": {"covered_lines": 7, "num_statements": 7, "percent_covered": 100.0, "percent_covered_display": "100", "missing_lines": 0, "excluded_lines": 0, "percent_statements_covered": 100.0, "percent_statements_covered_display": "100"}, "missing_lines": [], "excluded_lines": [], "start_line": 203}, "TestGetInputData.test_no_input_raises_error": {"executed_lines": [218, 219, 221, 222, 223], "summary": {"covered_lines": 5, "num_statements": 5, "percent_covered": 100.0, "percent_covered_display": "100", "missing_lines": 0, "excluded_lines": 0, "percent_statements_covered": 100.0, "percent_statements_covered_display": "100"}, "missing_lines": [], "excluded_lines": [], "start_line": 216}, "TestGetInputData.test_stdin_input": {"executed_lines": [229, 230, 232, 234, 235, 236], "summary": {"covered_lines": 6, "num_statements": 6, "percent_covered": 100.0, "percent_covered_display": "100", "missing_lines": 0, "excluded_lines": 0, "percent_statements_covered": 100.0, "percent_statements_covered_display": "100"}, "missing_lines": [], "excluded_lines": [], "start_line": 227}, "TestGetInputData.test_stdin_empty_input_raises_error": {"executed_lines": [242, 243, 245, 247, 248, 249], "summary": {"covered_lines": 6, "num_statements": 6, "percent_covered": 100.0, "percent_covered_display": "100", "missing_lines": 0, "excluded_lines": 0, "percent_statements_covered": 100.0, "percent_statements_covered_display": "100"}, "missing_lines": [], "excluded_lines": [], "start_line": 240}, "TestMainFunction.test_main_simple_array": {"executed_lines": [259, 261, 262, 264, 267, 268, 269], "summary": {"covered_lines": 7, "num_statements": 7, "percent_covered": 100.0, "percent_covered_display": "100", "missing_lines": 0, "excluded_lines": 0, "percent_statements_covered": 100.0, "percent_statements_covered_display": "100"}, "missing_lines": [], "excluded_lines": [], "start_line": 257}, "TestMainFunction.test_main_with_format_json": {"executed_lines": [275, 277, 278, 280, 283, 284, 285], "summary": {"covered_lines": 7, "num_statements": 7, "percent_covered": 100.0, "percent_covered_display": "100", "missing_lines": 0, "excluded_lines": 0, "percent_statements_covered": 100.0, "percent_statements_covered_display": "100"}, "missing_lines": [], "excluded_lines": [], "start_line": 273}, "TestMainFunction.test_main_with_stats": {"executed_lines": [291, 293, 294, 296, 299, 300], "summary": {"covered_lines": 6, "num_statements": 6, "percent_covered": 100.0, "percent_covered_display": "100", "missing_lines": 0, "excluded_lines": 0, "percent_statements_covered": 100.0, "percent_statements_covered_display": "100"}, "missing_lines": [], "excluded_lines": [], "start_line": 289}, "TestMainFunction.test_main_invalid_input": {"executed_lines": [305, 307, 308, 310, 311], "summary": {"covered_lines": 5, "num_statements": 5, "percent_covered": 100.0, "percent_covered_display": "100", "missing_lines": 0, "excluded_lines": 0, "percent_statements_covered": 100.0, "percent_statements_covered_display": "100"}, "missing_lines": [], "excluded_lines": [], "start_line": 303}, "TestMainFunction.test_main_help": {"executed_lines": [316, 318, 319, 321, 322, 324], "summary": {"covered_lines": 6, "num_statements": 6, "percent_covered": 100.0, "percent_covered_display": "100", "missing_lines": 0, "excluded_lines": 0, "percent_statements_covered": 100.0, "percent_statements_covered_display": "100"}, "missing_lines": [], "excluded_lines": [], "start_line": 314}, "TestMainFunction.test_main_file_input": {"executed_lines": [330, 332, 333, 335, 336, 338, 341, 342], "summary": {"covered_lines": 8, "num_statements": 8, "percent_covered": 100.0, "percent_covered_display": "100", "missing_lines": 0, "excluded_lines": 0, "percent_statements_covered": 100.0, "percent_statements_covered_display": "100"}, "missing_lines": [], "excluded_lines": [], "start_line": 328}, "TestMainFunction.test_main_interactive_mode": {"executed_lines": [349, 351, 352, 354, 357], "summary": {"covered_lines": 5, "num_statements": 5, "percent_covered": 100.0, "percent_covered_display": "100", "missing_lines": 0, "excluded_lines": 0, "percent_statements_covered": 100.0, "percent_statements_covered_display": "100"}, "missing_lines": [], "excluded_lines": [], "start_line": 347}, "TestMainFunction.test_main_batch_mode": {"executed_lines": [364, 366, 367, 369, 372], "summary": {"covered_lines": 5, "num_statements": 5, "percent_covered": 100.0, "percent_covered_display": "100", "missing_lines": 0, "excluded_lines": 0, "percent_statements_covered": 100.0, "percent_statements_covered_display": "100"}, "missing_lines": [], "excluded_lines": [], "start_line": 362}, "TestMainFunction.test_main_file_not_found": {"executed_lines": [378, 380, 381, 383, 384, 386, 388], "summary": {"covered_lines": 7, "num_statements": 7, "percent_covered": 100.0, "percent_covered_display": "100", "missing_lines": 0, "excluded_lines": 0, "percent_statements_covered": 100.0, "percent_statements_covered_display": "100"}, "missing_lines": [], "excluded_lines": [], "start_line": 376}, "TestMainFunction.test_main_keyboard_interrupt": {"executed_lines": [394, 395, 397, 398, 400, 401, 402, 404, 406], "summary": {"covered_lines": 9, "num_statements": 9, "percent_covered": 100.0, "percent_covered_display": "100", "missing_lines": 0, "excluded_lines": 0, "percent_statements_covered": 100.0, "percent_statements_covered_display": "100"}, "missing_lines": [], "excluded_lines": [], "start_line": 392}, "TestMainFunction.test_main_generic_exception": {"executed_lines": [412, 414, 415, 417, 418, 419, 421, 423], "summary": {"covered_lines": 8, "num_statements": 8, "percent_covered": 100.0, "percent_covered_display": "100", "missing_lines": 0, "excluded_lines": 0, "percent_statements_covered": 100.0, "percent_statements_covered_display": "100"}, "missing_lines": [], "excluded_lines": [], "start_line": 410}, "TestInteractiveMode.test_interactive_quit": {"executed_lines": [433, 435, 436, 439], "summary": {"covered_lines": 4, "num_statements": 4, "percent_covered": 100.0, "percent_covered_display": "100", "missing_lines": 0, "excluded_lines": 0, "percent_statements_covered": 100.0, "percent_statements_covered_display": "100"}, "missing_lines": [], "excluded_lines": [], "start_line": 431}, "TestInteractiveMode.test_interactive_single_input": {"executed_lines": [445, 447, 448, 450, 453], "summary": {"covered_lines": 5, "num_statements": 5, "percent_covered": 100.0, "percent_covered_display": "100", "missing_lines": 0, "excluded_lines": 0, "percent_statements_covered": 100.0, "percent_statements_covered_display": "100"}, "missing_lines": [], "excluded_lines": [], "start_line": 443}, "TestInteractiveMode.test_interactive_invalid_input": {"executed_lines": [459, 461, 462, 464, 467], "summary": {"covered_lines": 5, "num_statements": 5, "percent_covered": 100.0, "percent_covered_display": "100", "missing_lines": 0, "excluded_lines": 0, "percent_statements_covered": 100.0, "percent_statements_covered_display": "100"}, "missing_lines": [], "excluded_lines": [], "start_line": 457}, "TestInteractiveMode.test_interactive_empty_input": {"executed_lines": [473, 475, 476, 478, 481], "summary": {"covered_lines": 5, "num_statements": 5, "percent_covered": 100.0, "percent_covered_display": "100", "missing_lines": 0, "excluded_lines": 0, "percent_statements_covered": 100.0, "percent_statements_covered_display": "100"}, "missing_lines": [], "excluded_lines": [], "start_line": 471}, "TestInteractiveMode.test_interactive_keyboard_interrupt": {"executed_lines": [487, 489, 491, 494], "summary": {"covered_lines": 4, "num_statements": 4, "percent_covered": 100.0, "percent_covered_display": "100", "missing_lines": 0, "excluded_lines": 0, "percent_statements_covered": 100.0, "percent_statements_covered_display": "100"}, "missing_lines": [], "excluded_lines": [], "start_line": 485}, "TestInteractiveMode.test_interactive_eof_error": {"executed_lines": [500, 502, 504, 507], "summary": {"covered_lines": 4, "num_statements": 4, "percent_covered": 100.0, "percent_covered_display": "100", "missing_lines": 0, "excluded_lines": 0, "percent_statements_covered": 100.0, "percent_statements_covered_display": "100"}, "missing_lines": [], "excluded_lines": [], "start_line": 498}, "TestBatchMode.test_batch_quit": {"executed_lines": [517, 519, 520, 523], "summary": {"covered_lines": 4, "num_statements": 4, "percent_covered": 100.0, "percent_covered_display": "100", "missing_lines": 0, "excluded_lines": 0, "percent_statements_covered": 100.0, "percent_statements_covered_display": "100"}, "missing_lines": [], "excluded_lines": [], "start_line": 515}, "TestBatchMode.test_batch_single_file": {"executed_lines": [529, 531, 532, 534, 535, 537, 540], "summary": {"covered_lines": 7, "num_statements": 7, "percent_covered": 100.0, "percent_covered_display": "100", "missing_lines": 0, "excluded_lines": 0, "percent_statements_covered": 100.0, "percent_statements_covered_display": "100"}, "missing_lines": [], "excluded_lines": [], "start_line": 527}, "TestBatchMode.test_batch_invalid_file": {"executed_lines": [546, 548, 549, 551, 554], "summary": {"covered_lines": 5, "num_statements": 5, "percent_covered": 100.0, "percent_covered_display": "100", "missing_lines": 0, "excluded_lines": 0, "percent_statements_covered": 100.0, "percent_statements_covered_display": "100"}, "missing_lines": [], "excluded_lines": [], "start_line": 544}, "TestBatchMode.test_batch_empty_file_path": {"executed_lines": [560, 562, 563, 565, 568], "summary": {"covered_lines": 5, "num_statements": 5, "percent_covered": 100.0, "percent_covered_display": "100", "missing_lines": 0, "excluded_lines": 0, "percent_statements_covered": 100.0, "percent_statements_covered_display": "100"}, "missing_lines": [], "excluded_lines": [], "start_line": 558}, "TestBatchMode.test_batch_keyboard_interrupt": {"executed_lines": [574, 576, 578, 581], "summary": {"covered_lines": 4, "num_statements": 4, "percent_covered": 100.0, "percent_covered_display": "100", "missing_lines": 0, "excluded_lines": 0, "percent_statements_covered": 100.0, "percent_statements_covered_display": "100"}, "missing_lines": [], "excluded_lines": [], "start_line": 572}, "TestBatchMode.test_batch_eof_error": {"executed_lines": [587, 589, 591, 594], "summary": {"covered_lines": 4, "num_statements": 4, "percent_covered": 100.0, "percent_covered_display": "100", "missing_lines": 0, "excluded_lines": 0, "percent_statements_covered": 100.0, "percent_statements_covered_display": "100"}, "missing_lines": [], "excluded_lines": [], "start_line": 585}, "": {"executed_lines": [6, 7, 8, 9, 10, 11, 14, 17, 20, 26, 32, 38, 44, 50, 56, 62, 68, 75, 78, 87, 96, 103, 106, 112, 118, 125, 128, 134, 141, 148, 155, 164, 167, 172, 178, 184, 191, 194, 203, 215, 216, 225, 226, 227, 238, 239, 240, 252, 255, 256, 257, 271, 272, 273, 287, 288, 289, 302, 303, 313, 314, 326, 327, 328, 344, 345, 346, 347, 359, 360, 361, 362, 374, 375, 376, 390, 391, 392, 408, 409, 410, 426, 429, 430, 431, 441, 442, 443, 455, 456, 457, 469, 470, 471, 483, 484, 485, 496, 497, 498, 510, 513, 514, 515, 525, 526, 527, 542, 543, 544, 556, 557, 558, 570, 571, 572, 583, 584, 585], "summary": {"covered_lines": 119, "num_statements": 119, "percent_covered": 100.0, "percent_covered_display": "100", "missing_lines": 0, "excluded_lines": 0, "percent_statements_covered": 100.0, "percent_statements_covered_display": "100"}, "missing_lines": [], "excluded_lines": [], "start_line": 1}}, "classes": {"TestParseArrayInput": {"executed_lines": [22, 23, 24, 28, 29, 30, 34, 35, 36, 40, 41, 42, 46, 47, 48, 52, 53, 54, 58, 59, 60, 64, 65, 66, 70, 71, 72], "summary": {"covered_lines": 27, "num_statements": 27, "percent_covered": 100.0, "percent_covered_display": "100", "missing_lines": 0, "excluded_lines": 0, "percent_statements_covered": 100.0, "percent_statements_covered_display": "100"}, "missing_lines": [], "excluded_lines": [], "start_line": 17}, "TestReadFromFile": {"executed_lines": [80, 81, 82, 84, 85, 89, 90, 91, 93, 94, 98, 99, 100], "summary": {"covered_lines": 13, "num_statements": 13, "percent_covered": 100.0, "percent_covered_display": "100", "missing_lines": 0, "excluded_lines": 0, "percent_statements_covered": 100.0, "percent_statements_covered_display": "100"}, "missing_lines": [], "excluded_lines": [], "start_line": 75}, "TestGetSortingSteps": {"executed_lines": [108, 109, 110, 114, 115, 116, 120, 121, 122], "summary": {"covered_lines": 9, "num_statements": 9, "percent_covered": 100.0, "percent_covered_display": "100", "missing_lines": 0, "excluded_lines": 0, "percent_statements_covered": 100.0, "percent_statements_covered_display": "100"}, "missing_lines": [], "excluded_lines": [], "start_line": 103}, "TestFormatOutput": {"executed_lines": [130, 131, 132, 136, 137, 138, 139, 143, 144, 145, 146, 150, 151, 152, 153, 157, 158, 159, 160, 161], "summary": {"covered_lines": 20, "num_statements": 20, "percent_covered": 100.0, "percent_covered_display": "100", "missing_lines": 0, "excluded_lines": 0, "percent_statements_covered": 100.0, "percent_statements_covered_display": "100"}, "missing_lines": [], "excluded_lines": [], "start_line": 125}, "TestValidateData": {"executed_lines": [169, 170, 174, 175, 176, 180, 181, 182, 186, 187, 188], "summary": {"covered_lines": 11, "num_statements": 11, "percent_covered": 100.0, "percent_covered_display": "100", "missing_lines": 0, "excluded_lines": 0, "percent_statements_covered": 100.0, "percent_statements_covered_display": "100"}, "missing_lines": [], "excluded_lines": [], "start_line": 164}, "TestGetInputData": {"executed_lines": [196, 197, 199, 200, 201, 205, 206, 208, 209, 211, 212, 213, 218, 219, 221, 222, 223, 229, 230, 232, 234, 235, 236, 242, 243, 245, 247, 248, 249], "summary": {"covered_lines": 29, "num_statements": 29, "percent_covered": 100.0, "percent_covered_display": "100", "missing_lines": 0, "excluded_lines": 0, "percent_statements_covered": 100.0, "percent_statements_covered_display": "100"}, "missing_lines": [], "excluded_lines": [], "start_line": 191}, "TestMainFunction": {"executed_lines": [259, 261, 262, 264, 267, 268, 269, 275, 277, 278, 280, 283, 284, 285, 291, 293, 294, 296, 299, 300, 305, 307, 308, 310, 311, 316, 318, 319, 321, 322, 324, 330, 332, 333, 335, 336, 338, 341, 342, 349, 351, 352, 354, 357, 364, 366, 367, 369, 372, 378, 380, 381, 383, 384, 386, 388, 394, 395, 397, 398, 400, 401, 402, 404, 406, 412, 414, 415, 417, 418, 419, 421, 423], "summary": {"covered_lines": 73, "num_statements": 73, "percent_covered": 100.0, "percent_covered_display": "100", "missing_lines": 0, "excluded_lines": 0, "percent_statements_covered": 100.0, "percent_statements_covered_display": "100"}, "missing_lines": [], "excluded_lines": [], "start_line": 252}, "TestInteractiveMode": {"executed_lines": [433, 435, 436, 439, 445, 447, 448, 450, 453, 459, 461, 462, 464, 467, 473, 475, 476, 478, 481, 487, 489, 491, 494, 500, 502, 504, 507], "summary": {"covered_lines": 27, "num_statements": 27, "percent_covered": 100.0, "percent_covered_display": "100", "missing_lines": 0, "excluded_lines": 0, "percent_statements_covered": 100.0, "percent_statements_covered_display": "100"}, "missing_lines": [], "excluded_lines": [], "start_line": 426}, "TestBatchMode": {"executed_lines": [517, 519, 520, 523, 529, 531, 532, 534, 535, 537, 540, 546, 548, 549, 551, 554, 560, 562, 563, 565, 568, 574, 576, 578, 581, 587, 589, 591, 594], "summary": {"covered_lines": 29, "num_statements": 29, "percent_covered": 100.0, "percent_covered_display": "100", "missing_lines": 0, "excluded_lines": 0, "percent_statements_covered": 100.0, "percent_statements_covered_display": "100"}, "missing_lines": [], "excluded_lines": [], "start_line": 510}, "": {"executed_lines": [6, 7, 8, 9, 10, 11, 14, 17, 20, 26, 32, 38, 44, 50, 56, 62, 68, 75, 78, 87, 96, 103, 106, 112, 118, 125, 128, 134, 141, 148, 155, 164, 167, 172, 178, 184, 191, 194, 203, 215, 216, 225, 226, 227, 238, 239, 240, 252, 255, 256, 257, 271, 272, 273, 287, 288, 289, 302, 303, 313, 314, 326, 327, 328, 344, 345, 346, 347, 359, 360, 361, 362, 374, 375, 376, 390, 391, 392, 408, 409, 410, 426, 429, 430, 431, 441, 442, 443, 455, 456, 457, 469, 470, 471, 483, 484, 485, 496, 497, 498, 510, 513, 514, 515, 525, 526, 527, 542, 543, 544, 556, 557, 558, 570, 571, 572, 583, 584, 585], "summary": {"covered_lines": 119, "num_statements": 119, "percent_covered": 100.0, "percent_covered_display": "100", "missing_lines": 0, "excluded_lines": 0, "percent_statements_covered": 100.0, "percent_statements_covered_display": "100"}, "missing_lines": [], "excluded_lines": [], "start_line": 1}}}}, "totals": {"covered_lines": 724, "num_statements": 759, "percent_covered": 95.38866930171278, "percent_covered_display": "95", "missing_lines": 35, "excluded_lines": 0, "percent_statements_covered": 95.38866930171278, "percent_statements_covered_display": "95"}}