{"created": 1768366306.822748, "duration": 0.21565651893615723, "exitcode": 1, "root": "D:\\GITHUB\\pytQt_template", "environment": {}, "summary": {"failed": 12, "passed": 11, "total": 23, "collected": 23}, "collectors": [{"nodeid": "", "outcome": "passed", "result": [{"nodeid": "tests/test_integration_workflow.py", "type": "Module"}]}, {"nodeid": "tests/test_integration_workflow.py::TestEndToEndSorting", "outcome": "passed", "result": [{"nodeid": "tests/test_integration_workflow.py::TestEndToEndSorting::test_complete_sorting_workflow", "type": "Function", "lineno": 20}, {"nodeid": "tests/test_integration_workflow.py::TestEndToEndSorting::test_cli_to_sorting_pipeline", "type": "Function", "lineno": 36}, {"nodeid": "tests/test_integration_workflow.py::TestEndToEndSorting::test_edge_case_through_pipeline", "type": "Function", "lineno": 50}]}, {"nodeid": "tests/test_integration_workflow.py::TestCLIModuleIntegration", "outcome": "passed", "result": [{"nodeid": "tests/test_integration_workflow.py::TestCLIModuleIntegration::test_main_function_integration", "type": "Function", "lineno": 77}, {"nodeid": "tests/test_integration_workflow.py::TestCLIModuleIntegration::test_module_imports_work_together", "type": "Function", "lineno": 91}, {"nodeid": "tests/test_integration_workflow.py::TestCLIModuleIntegration::test_function_call_chain", "type": "Function", "lineno": 107}]}, {"nodeid": "tests/test_integration_workflow.py::TestPackageIntegration", "outcome": "passed", "result": [{"nodeid": "tests/test_integration_workflow.py::TestPackageIntegration::test_package_import_integration", "type": "Function", "lineno": 126}, {"nodeid": "tests/test_integration_workflow.py::TestPackageIntegration::test_bubblesort_package_structure", "type": "Function", "lineno": 143}]}, {"nodeid": "tests/test_integration_workflow.py::TestRealWorldScenarios", "outcome": "passed", "result": [{"nodeid": "tests/test_integration_workflow.py::TestRealWorldScenarios::test_user_sorting_numbers", "type": "Function", "lineno": 164}, {"nodeid": "tests/test_integration_workflow.py::TestRealWorldScenarios::test_user_processing_data_from_cli", "type": "Function", "lineno": 177}, {"nodeid": "tests/test_integration_workflow.py::TestRealWorldScenarios::test_batch_processing", "type": "Function", "lineno": 192}, {"nodeid": "tests/test_integration_workflow.py::TestRealWorldScenarios::test_data_analysis_workflow", "type": "Function", "lineno": 215}]}, {"nodeid": "tests/test_integration_workflow.py::TestWorkflowValidation", "outcome": "passed", "result": [{"nodeid": "tests/test_integration_workflow.py::TestWorkflowValidation::test_error_propagation", "type": "Function", "lineno": 241}, {"nodeid": "tests/test_integration_workflow.py::TestWorkflowValidation::test_validation_before_processing", "type": "Function", "lineno": 252}, {"nodeid": "tests/test_integration_workflow.py::TestWorkflowValidation::test_cli_error_handling", "type": "Function", "lineno": 267}]}, {"nodeid": "tests/test_integration_workflow.py::TestCrossModuleConsistency", "outcome": "passed", "result": [{"nodeid": "tests/test_integration_workflow.py::TestCrossModuleConsistency::test_sorting_algorithm_consistency", "type": "Function", "lineno": 282}, {"nodeid": "tests/test_integration_workflow.py::TestCrossModuleConsistency::test_algorithm_properties", "type": "Function", "lineno": 298}, {"nodeid": "tests/test_integration_workflow.py::TestCrossModuleConsistency::test_cli_and_direct_consistency", "type": "Function", "lineno": 318}]}, {"nodeid": "tests/test_integration_workflow.py::TestPerformanceIntegration", "outcome": "passed", "result": [{"nodeid": "tests/test_integration_workflow.py::TestPerformanceIntegration::test_large_dataset_integration", "type": "Function", "lineno": 340}, {"nodeid": "tests/test_integration_workflow.py::TestPerformanceIntegration::test_memory_efficiency", "type": "Function", "lineno": 357}]}, {"nodeid": "tests/test_integration_workflow.py::TestWorkflowCompleteness", "outcome": "passed", "result": [{"nodeid": "tests/test_integration_workflow.py::TestWorkflowCompleteness::test_user_can_complete_task", "type": "Function", "lineno": 384}, {"nodeid": "tests/test_integration_workflow.py::TestWorkflowCompleteness::test_developer_can_import_and_use", "type": "Function", "lineno": 400}, {"nodeid": "tests/test_integration_workflow.py::TestWorkflowCompleteness::test_all_entry_points_work", "type": "Function", "lineno": 414}]}, {"nodeid": "tests/test_integration_workflow.py", "outcome": "passed", "result": [{"nodeid": "tests/test_integration_workflow.py::TestEndToEndSorting", "type": "Class"}, {"nodeid": "tests/test_integration_workflow.py::TestCLIModuleIntegration", "type": "Class"}, {"nodeid": "tests/test_integration_workflow.py::TestPackageIntegration", "type": "Class"}, {"nodeid": "tests/test_integration_workflow.py::TestRealWorldScenarios", "type": "Class"}, {"nodeid": "tests/test_integration_workflow.py::TestWorkflowValidation", "type": "Class"}, {"nodeid": "tests/test_integration_workflow.py::TestCrossModuleConsistency", "type": "Class"}, {"nodeid": "tests/test_integration_workflow.py::TestPerformanceIntegration", "type": "Class"}, {"nodeid": "tests/test_integration_workflow.py::TestWorkflowCompleteness", "type": "Class"}]}], "tests": [{"nodeid": "tests/test_integration_workflow.py::TestEndToEndSorting::test_complete_sorting_workflow", "lineno": 20, "outcome": "failed", "keywords": ["test_complete_sorting_workflow", "TestEndToEndSorting", "test_integration_workflow.py", "tests", "pytQt_template", ""], "setup": {"duration": 0.0016398999996454222, "outcome": "passed"}, "call": {"duration": 0.0018123999998351792, "outcome": "failed", "crash": {"path": "D:\\GITHUB\\pytQt_template\\tests\\test_integration_workflow.py", "lineno": 28, "message": "ImportError: cannot import name 'parse_args' from 'src.cli' (D:\\GITHUB\\pytQt_template\\src\\cli.py)"}, "traceback": [{"path": "tests\\test_integration_workflow.py", "lineno": 28, "message": "in test_complete_sorting_workflow"}], "longrepr": "tests\\test_integration_workflow.py:28: in test_complete_sorting_workflow\n    from src.cli import main, parse_args, validate_input\nE   ImportError: cannot import name 'parse_args' from 'src.cli' (D:\\GITHUB\\pytQt_template\\src\\cli.py)"}, "teardown": {"duration": 0.00028160000056232093, "outcome": "passed"}}, {"nodeid": "tests/test_integration_workflow.py::TestEndToEndSorting::test_cli_to_sorting_pipeline", "lineno": 36, "outcome": "failed", "keywords": ["test_cli_to_sorting_pipeline", "TestEndToEndSorting", "test_integration_workflow.py", "tests", "pytQt_template", ""], "setup": {"duration": 0.00015299999995477265, "outcome": "passed"}, "call": {"duration": 0.00017980000029638177, "outcome": "failed", "crash": {"path": "D:\\GITHUB\\pytQt_template\\tests\\test_integration_workflow.py", "lineno": 42, "message": "ImportError: cannot import name 'parse_args' from 'src.cli' (D:\\GITHUB\\pytQt_template\\src\\cli.py)"}, "traceback": [{"path": "tests\\test_integration_workflow.py", "lineno": 42, "message": "in test_cli_to_sorting_pipeline"}], "longrepr": "tests\\test_integration_workflow.py:42: in test_cli_to_sorting_pipeline\n    from src.cli import parse_args, validate_input\nE   ImportError: cannot import name 'parse_args' from 'src.cli' (D:\\GITHUB\\pytQt_template\\src\\cli.py)"}, "teardown": {"duration": 0.00014290000035543926, "outcome": "passed"}}, {"nodeid": "tests/test_integration_workflow.py::TestEndToEndSorting::test_edge_case_through_pipeline", "lineno": 50, "outcome": "failed", "keywords": ["test_edge_case_through_pipeline", "TestEndToEndSorting", "test_integration_workflow.py", "tests", "pytQt_template", ""], "setup": {"duration": 0.00012659999993047677, "outcome": "passed"}, "call": {"duration": 0.00017639999987295596, "outcome": "failed", "crash": {"path": "D:\\GITHUB\\pytQt_template\\tests\\test_integration_workflow.py", "lineno": 57, "message": "ImportError: cannot import name 'validate_input' from 'src.cli' (D:\\GITHUB\\pytQt_template\\src\\cli.py)"}, "traceback": [{"path": "tests\\test_integration_workflow.py", "lineno": 57, "message": "in test_edge_case_through_pipeline"}], "longrepr": "tests\\test_integration_workflow.py:57: in test_edge_case_through_pipeline\n    from src.cli import validate_input\nE   ImportError: cannot import name 'validate_input' from 'src.cli' (D:\\GITHUB\\pytQt_template\\src\\cli.py)"}, "teardown": {"duration": 0.0001376999998683459, "outcome": "passed"}}, {"nodeid": "tests/test_integration_workflow.py::TestCLIModuleIntegration::test_main_function_integration", "lineno": 77, "outcome": "failed", "keywords": ["test_main_function_integration", "__wrapped__", "patchings", "TestCLIModuleIntegration", "test_integration_workflow.py", "tests", "pytQt_template", ""], "setup": {"duration": 0.00012759999935951782, "outcome": "passed"}, "call": {"duration": 0.004368599999907019, "outcome": "failed", "crash": {"path": "C:\\Users\\Administrator\\AppData\\Local\\Programs\\Python\\Python312\\Lib\\argparse.py", "lineno": 2637, "message": "SystemExit: 2"}, "traceback": [{"path": "tests\\test_integration_workflow.py", "lineno": 87, "message": "in test_main_function_integration"}, {"path": "src\\cli.py", "lineno": 305, "message": "in main"}, {"path": "C:\\Users\\Administrator\\AppData\\Local\\Programs\\Python\\Python312\\Lib\\argparse.py", "lineno": 1908, "message": "in parse_args"}, {"path": "C:\\Users\\Administrator\\AppData\\Local\\Programs\\Python\\Python312\\Lib\\argparse.py", "lineno": 2650, "message": "in error"}, {"path": "C:\\Users\\Administrator\\AppData\\Local\\Programs\\Python\\Python312\\Lib\\argparse.py", "lineno": 2637, "message": "in exit"}], "stderr": "usage: cli.py [-h] [-f FILE] [--interactive] [--batch]\n              [--format {default,json,steps,detailed}] [--stats]\n              [array]\ncli.py: error: unrecognized arguments: 2 6 1\n", "longrepr": "tests\\test_integration_workflow.py:87: in test_main_function_integration\n    main()\nsrc\\cli.py:305: in main\n    args = parser.parse_args()\n           ^^^^^^^^^^^^^^^^^^^\nC:\\Users\\Administrator\\AppData\\Local\\Programs\\Python\\Python312\\Lib\\argparse.py:1908: in parse_args\n    self.error(msg)\nC:\\Users\\Administrator\\AppData\\Local\\Programs\\Python\\Python312\\Lib\\argparse.py:2650: in error\n    self.exit(2, _('%(prog)s: error: %(message)s\\n') % args)\nC:\\Users\\Administrator\\AppData\\Local\\Programs\\Python\\Python312\\Lib\\argparse.py:2637: in exit\n    _sys.exit(status)\nE   SystemExit: 2"}, "teardown": {"duration": 0.00024089999988063937, "outcome": "passed"}}, {"nodeid": "tests/test_integration_workflow.py::TestCLIModuleIntegration::test_module_imports_work_together", "lineno": 91, "outcome": "failed", "keywords": ["test_module_imports_work_together", "TestCLIModuleIntegration", "test_integration_workflow.py", "tests", "pytQt_template", ""], "setup": {"duration": 0.0001557000005050213, "outcome": "passed"}, "call": {"duration": 0.0002023999995799386, "outcome": "failed", "crash": {"path": "D:\\GITHUB\\pytQt_template\\tests\\test_integration_workflow.py", "lineno": 99, "message": "ImportError: cannot import name 'parse_args' from 'src.cli' (D:\\GITHUB\\pytQt_template\\src\\cli.py)"}, "traceback": [{"path": "tests\\test_integration_workflow.py", "lineno": 99, "message": "in test_module_imports_work_together"}], "longrepr": "tests\\test_integration_workflow.py:99: in test_module_imports_work_together\n    from src.cli import parse_args, validate_input\nE   ImportError: cannot import name 'parse_args' from 'src.cli' (D:\\GITHUB\\pytQt_template\\src\\cli.py)"}, "teardown": {"duration": 0.00020870000025752233, "outcome": "passed"}}, {"nodeid": "tests/test_integration_workflow.py::TestCLIModuleIntegration::test_function_call_chain", "lineno": 107, "outcome": "failed", "keywords": ["test_function_call_chain", "TestCLIModuleIntegration", "test_integration_workflow.py", "tests", "pytQt_template", ""], "setup": {"duration": 0.00015410000014526304, "outcome": "passed"}, "call": {"duration": 0.00019100000008620555, "outcome": "failed", "crash": {"path": "D:\\GITHUB\\pytQt_template\\tests\\test_integration_workflow.py", "lineno": 113, "message": "ImportError: cannot import name 'parse_args' from 'src.cli' (D:\\GITHUB\\pytQt_template\\src\\cli.py)"}, "traceback": [{"path": "tests\\test_integration_workflow.py", "lineno": 113, "message": "in test_function_call_chain"}], "longrepr": "tests\\test_integration_workflow.py:113: in test_function_call_chain\n    from src.cli import parse_args, validate_input\nE   ImportError: cannot import name 'parse_args' from 'src.cli' (D:\\GITHUB\\pytQt_template\\src\\cli.py)"}, "teardown": {"duration": 0.0001526000005469541, "outcome": "passed"}}, {"nodeid": "tests/test_integration_workflow.py::TestPackageIntegration::test_package_import_integration", "lineno": 126, "outcome": "failed", "keywords": ["test_package_import_integration", "TestPackageIntegration", "test_integration_workflow.py", "tests", "pytQt_template", ""], "setup": {"duration": 0.00013170000056561548, "outcome": "passed"}, "call": {"duration": 0.00017980000029638177, "outcome": "failed", "crash": {"path": "D:\\GITHUB\\pytQt_template\\tests\\test_integration_workflow.py", "lineno": 137, "message": "AttributeError: 'function' object has no attribute 'bubble_sort'"}, "traceback": [{"path": "tests\\test_integration_workflow.py", "lineno": 137, "message": "in test_package_import_integration"}], "longrepr": "tests\\test_integration_workflow.py:137: in test_package_import_integration\n    result = bs.bubble_sort.bubble_sort([3, 1, 2])\n             ^^^^^^^^^^^^^^^^^^^^^^^^^^\nE   AttributeError: 'function' object has no attribute 'bubble_sort'"}, "teardown": {"duration": 0.00013789999957225518, "outcome": "passed"}}, {"nodeid": "tests/test_integration_workflow.py::TestPackageIntegration::test_bubblesort_package_structure", "lineno": 143, "outcome": "passed", "keywords": ["test_bubblesort_package_structure", "TestPackageIntegration", "test_integration_workflow.py", "tests", "pytQt_template", ""], "setup": {"duration": 0.00012549999973998638, "outcome": "passed"}, "call": {"duration": 0.00018520000048738439, "outcome": "passed"}, "teardown": {"duration": 0.00010620000011840602, "outcome": "passed"}}, {"nodeid": "tests/test_integration_workflow.py::TestRealWorldScenarios::test_user_sorting_numbers", "lineno": 164, "outcome": "passed", "keywords": ["test_user_sorting_numbers", "TestRealWorldScenarios", "test_integration_workflow.py", "tests", "pytQt_template", ""], "setup": {"duration": 0.00011770000037358841, "outcome": "passed"}, "call": {"duration": 0.00016080000023066532, "outcome": "passed"}, "teardown": {"duration": 9.640000007493654e-05, "outcome": "passed"}}, {"nodeid": "tests/test_integration_workflow.py::TestRealWorldScenarios::test_user_processing_data_from_cli", "lineno": 177, "outcome": "failed", "keywords": ["test_user_processing_data_from_cli", "TestRealWorldScenarios", "test_integration_workflow.py", "tests", "pytQt_template", ""], "setup": {"duration": 0.00010990000009769574, "outcome": "passed"}, "call": {"duration": 0.00015669999993406236, "outcome": "failed", "crash": {"path": "D:\\GITHUB\\pytQt_template\\tests\\test_integration_workflow.py", "lineno": 183, "message": "ImportError: cannot import name 'parse_args' from 'src.cli' (D:\\GITHUB\\pytQt_template\\src\\cli.py)"}, "traceback": [{"path": "tests\\test_integration_workflow.py", "lineno": 183, "message": "in test_user_processing_data_from_cli"}], "longrepr": "tests\\test_integration_workflow.py:183: in test_user_processing_data_from_cli\n    from src.cli import parse_args, validate_input\nE   ImportError: cannot import name 'parse_args' from 'src.cli' (D:\\GITHUB\\pytQt_template\\src\\cli.py)"}, "teardown": {"duration": 0.00014430000010179356, "outcome": "passed"}}, {"nodeid": "tests/test_integration_workflow.py::TestRealWorldScenarios::test_batch_processing", "lineno": 192, "outcome": "passed", "keywords": ["test_batch_processing", "TestRealWorldScenarios", "test_integration_workflow.py", "tests", "pytQt_template", ""], "setup": {"duration": 0.0001263999993170728, "outcome": "passed"}, "call": {"duration": 0.0001716999995551305, "outcome": "passed"}, "teardown": {"duration": 9.839999984251335e-05, "outcome": "passed"}}, {"nodeid": "tests/test_integration_workflow.py::TestRealWorldScenarios::test_data_analysis_workflow", "lineno": 215, "outcome": "passed", "keywords": ["test_data_analysis_workflow", "TestRealWorldScenarios", "test_integration_workflow.py", "tests", "pytQt_template", ""], "setup": {"duration": 0.000113999999484804, "outcome": "passed"}, "call": {"duration": 0.00015609999991283985, "outcome": "passed"}, "teardown": {"duration": 9.559999944031006e-05, "outcome": "passed"}}, {"nodeid": "tests/test_integration_workflow.py::TestWorkflowValidation::test_error_propagation", "lineno": 241, "outcome": "passed", "keywords": ["test_error_propagation", "TestWorkflowValidation", "test_integration_workflow.py", "tests", "pytQt_template", ""], "setup": {"duration": 0.0001098000002457411, "outcome": "passed"}, "call": {"duration": 0.00042180000036751153, "outcome": "passed"}, "teardown": {"duration": 0.00010370000018156134, "outcome": "passed"}}, {"nodeid": "tests/test_integration_workflow.py::TestWorkflowValidation::test_validation_before_processing", "lineno": 252, "outcome": "failed", "keywords": ["test_validation_before_processing", "TestWorkflowValidation", "test_integration_workflow.py", "tests", "pytQt_template", ""], "setup": {"duration": 0.00011220000033063116, "outcome": "passed"}, "call": {"duration": 0.00015940000048431102, "outcome": "failed", "crash": {"path": "D:\\GITHUB\\pytQt_template\\tests\\test_integration_workflow.py", "lineno": 258, "message": "ImportError: cannot import name 'validate_input' from 'src.cli' (D:\\GITHUB\\pytQt_template\\src\\cli.py)"}, "traceback": [{"path": "tests\\test_integration_workflow.py", "lineno": 258, "message": "in test_validation_before_processing"}], "longrepr": "tests\\test_integration_workflow.py:258: in test_validation_before_processing\n    from src.cli import validate_input\nE   ImportError: cannot import name 'validate_input' from 'src.cli' (D:\\GITHUB\\pytQt_template\\src\\cli.py)"}, "teardown": {"duration": 0.00013659999967785552, "outcome": "passed"}}, {"nodeid": "tests/test_integration_workflow.py::TestWorkflowValidation::test_cli_error_handling", "lineno": 267, "outcome": "failed", "keywords": ["test_cli_error_handling", "TestWorkflowValidation", "test_integration_workflow.py", "tests", "pytQt_template", ""], "setup": {"duration": 0.00012479999986680923, "outcome": "passed"}, "call": {"duration": 0.00016510000023117755, "outcome": "failed", "crash": {"path": "D:\\GITHUB\\pytQt_template\\tests\\test_integration_workflow.py", "lineno": 273, "message": "ImportError: cannot import name 'parse_args' from 'src.cli' (D:\\GITHUB\\pytQt_template\\src\\cli.py)"}, "traceback": [{"path": "tests\\test_integration_workflow.py", "lineno": 273, "message": "in test_cli_error_handling"}], "longrepr": "tests\\test_integration_workflow.py:273: in test_cli_error_handling\n    from src.cli import parse_args\nE   ImportError: cannot import name 'parse_args' from 'src.cli' (D:\\GITHUB\\pytQt_template\\src\\cli.py)"}, "teardown": {"duration": 0.00013929999931860948, "outcome": "passed"}}, {"nodeid": "tests/test_integration_workflow.py::TestCrossModuleConsistency::test_sorting_algorithm_consistency", "lineno": 282, "outcome": "passed", "keywords": ["test_sorting_algorithm_consistency", "TestCrossModuleConsistency", "test_integration_workflow.py", "tests", "pytQt_template", ""], "setup": {"duration": 0.00012659999993047677, "outcome": "passed"}, "call": {"duration": 0.0001726000000417116, "outcome": "passed"}, "teardown": {"duration": 9.750000026542693e-05, "outcome": "passed"}}, {"nodeid": "tests/test_integration_workflow.py::TestCrossModuleConsistency::test_algorithm_properties", "lineno": 298, "outcome": "passed", "keywords": ["test_algorithm_properties", "TestCrossModuleConsistency", "test_integration_workflow.py", "tests", "pytQt_template", ""], "setup": {"duration": 0.00011280000035185367, "outcome": "passed"}, "call": {"duration": 0.00016330000016751, "outcome": "passed"}, "teardown": {"duration": 9.270000009564683e-05, "outcome": "passed"}}, {"nodeid": "tests/test_integration_workflow.py::TestCrossModuleConsistency::test_cli_and_direct_consistency", "lineno": 318, "outcome": "failed", "keywords": ["test_cli_and_direct_consistency", "TestCrossModuleConsistency", "test_integration_workflow.py", "tests", "pytQt_template", ""], "setup": {"duration": 0.00010930000007647322, "outcome": "passed"}, "call": {"duration": 0.00015549999989161734, "outcome": "failed", "crash": {"path": "D:\\GITHUB\\pytQt_template\\tests\\test_integration_workflow.py", "lineno": 325, "message": "ImportError: cannot import name 'validate_input' from 'src.cli' (D:\\GITHUB\\pytQt_template\\src\\cli.py)"}, "traceback": [{"path": "tests\\test_integration_workflow.py", "lineno": 325, "message": "in test_cli_and_direct_consistency"}], "longrepr": "tests\\test_integration_workflow.py:325: in test_cli_and_direct_consistency\n    from src.cli import validate_input\nE   ImportError: cannot import name 'validate_input' from 'src.cli' (D:\\GITHUB\\pytQt_template\\src\\cli.py)"}, "teardown": {"duration": 0.00013729999955103267, "outcome": "passed"}}, {"nodeid": "tests/test_integration_workflow.py::TestPerformanceIntegration::test_large_dataset_integration", "lineno": 340, "outcome": "passed", "keywords": ["test_large_dataset_integration", "TestPerformanceIntegration", "test_integration_workflow.py", "tests", "pytQt_template", ""], "setup": {"duration": 0.000130899999930989, "outcome": "passed"}, "call": {"duration": 0.001127799999267154, "outcome": "passed"}, "teardown": {"duration": 0.00011100000028818613, "outcome": "passed"}}, {"nodeid": "tests/test_integration_workflow.py::TestPerformanceIntegration::test_memory_efficiency", "lineno": 357, "outcome": "passed", "keywords": ["test_memory_efficiency", "TestPerformanceIntegration", "test_integration_workflow.py", "tests", "pytQt_template", ""], "setup": {"duration": 0.00011859999995067483, "outcome": "passed"}, "call": {"duration": 0.0001624000005904236, "outcome": "passed"}, "teardown": {"duration": 9.88000001598266e-05, "outcome": "passed"}}, {"nodeid": "tests/test_integration_workflow.py::TestWorkflowCompleteness::test_user_can_complete_task", "lineno": 384, "outcome": "passed", "keywords": ["test_user_can_complete_task", "TestWorkflowCompleteness", "test_integration_workflow.py", "tests", "pytQt_template", ""], "setup": {"duration": 0.0001109000004362315, "outcome": "passed"}, "call": {"duration": 0.00015419999999721767, "outcome": "passed"}, "teardown": {"duration": 9.260000024369219e-05, "outcome": "passed"}}, {"nodeid": "tests/test_integration_workflow.py::TestWorkflowCompleteness::test_developer_can_import_and_use", "lineno": 400, "outcome": "passed", "keywords": ["test_developer_can_import_and_use", "TestWorkflowCompleteness", "test_integration_workflow.py", "tests", "pytQt_template", ""], "setup": {"duration": 0.00010779999956866959, "outcome": "passed"}, "call": {"duration": 0.00014589999955205712, "outcome": "passed"}, "teardown": {"duration": 9.000000045489287e-05, "outcome": "passed"}}, {"nodeid": "tests/test_integration_workflow.py::TestWorkflowCompleteness::test_all_entry_points_work", "lineno": 414, "outcome": "failed", "keywords": ["test_all_entry_points_work", "TestWorkflowCompleteness", "test_integration_workflow.py", "tests", "pytQt_template", ""], "setup": {"duration": 0.00010459999975864775, "outcome": "passed"}, "call": {"duration": 0.0001540000002933084, "outcome": "failed", "crash": {"path": "D:\\GITHUB\\pytQt_template\\tests\\test_integration_workflow.py", "lineno": 428, "message": "AttributeError: 'function' object has no attribute 'bubble_sort'"}, "traceback": [{"path": "tests\\test_integration_workflow.py", "lineno": 428, "message": "in test_all_entry_points_work"}], "longrepr": "tests\\test_integration_workflow.py:428: in test_all_entry_points_work\n    result2 = bs_module.bubble_sort([3, 1, 2])\n              ^^^^^^^^^^^^^^^^^^^^^\nE   AttributeError: 'function' object has no attribute 'bubble_sort'"}, "teardown": {"duration": 0.00018540000019129366, "outcome": "passed"}}]}