{"created": 1767910546.3938422, "duration": 1.8272857666015625, "exitcode": 0, "root": "D:\\GITHUB\\pytQt_template", "environment": {}, "summary": {"passed": 12, "total": 12, "collected": 12}, "collectors": [{"nodeid": "", "outcome": "passed", "result": [{"nodeid": "autoBMAD/spec_automation/tests/spec_automation/test_spec_driver.py", "type": "Module"}]}, {"nodeid": "autoBMAD/spec_automation/tests/spec_automation/test_spec_driver.py::TestSpecDriver", "outcome": "passed", "result": [{"nodeid": "autoBMAD/spec_automation/tests/spec_automation/test_spec_driver.py::TestSpecDriver::test_spec_driver_initialization", "type": "Function", "lineno": 62}, {"nodeid": "autoBMAD/spec_automation/tests/spec_automation/test_spec_driver.py::TestSpecDriver::test_spec_driver_has_doc_parser", "type": "Function", "lineno": 68}, {"nodeid": "autoBMAD/spec_automation/tests/spec_automation/test_spec_driver.py::TestSpecDriver::test_spec_driver_has_dev_agent", "type": "Function", "lineno": 73}, {"nodeid": "autoBMAD/spec_automation/tests/spec_automation/test_spec_driver.py::TestSpecDriver::test_spec_driver_has_qa_agent", "type": "Function", "lineno": 78}, {"nodeid": "autoBMAD/spec_automation/tests/spec_automation/test_spec_driver.py::TestSpecDriver::test_spec_driver_has_quality_gates", "type": "Function", "lineno": 83}, {"nodeid": "autoBMAD/spec_automation/tests/spec_automation/test_spec_driver.py::TestSpecDriver::test_spec_driver_has_state_manager", "type": "Function", "lineno": 88}, {"nodeid": "autoBMAD/spec_automation/tests/spec_automation/test_spec_driver.py::TestSpecDriver::test_execute_workflow_returns_dict", "type": "Coroutine", "lineno": 93}, {"nodeid": "autoBMAD/spec_automation/tests/spec_automation/test_spec_driver.py::TestSpecDriver::test_execute_workflow_has_success_key", "type": "Coroutine", "lineno": 99}, {"nodeid": "autoBMAD/spec_automation/tests/spec_automation/test_spec_driver.py::TestSpecDriver::test_iteration_control_has_max_limit", "type": "Coroutine", "lineno": 105}, {"nodeid": "autoBMAD/spec_automation/tests/spec_automation/test_spec_driver.py::TestSpecDriver::test_iteration_control_prevents_infinite_loops", "type": "Coroutine", "lineno": 111}, {"nodeid": "autoBMAD/spec_automation/tests/spec_automation/test_spec_driver.py::TestSpecDriver::test_workflow_state_machine_has_correct_phases", "type": "Coroutine", "lineno": 122}, {"nodeid": "autoBMAD/spec_automation/tests/spec_automation/test_spec_driver.py::TestSpecDriver::test_quality_gates_enforce_standards", "type": "Coroutine", "lineno": 131}]}, {"nodeid": "autoBMAD/spec_automation/tests/spec_automation/test_spec_driver.py", "outcome": "passed", "result": [{"nodeid": "autoBMAD/spec_automation/tests/spec_automation/test_spec_driver.py::TestSpecDriver", "type": "Class"}]}], "tests": [{"nodeid": "autoBMAD/spec_automation/tests/spec_automation/test_spec_driver.py::TestSpecDriver::test_spec_driver_initialization", "lineno": 62, "outcome": "passed", "keywords": ["test_spec_driver_initialization", "TestSpecDriver", "test_spec_driver.py", "spec_automation", "tests", "autoBMAD", "pytQt_template", ""], "setup": {"duration": 0.004833400002098642, "outcome": "passed"}, "call": {"duration": 0.14565040000888985, "outcome": "passed", "log": [{"name": "autoBMAD.spec_automation.quality_gates", "msg": "QualityGateRunner initialized without quality agents", "args": null, "levelname": "WARNING", "levelno": 30, "pathname": "D:\\GITHUB\\pytQt_template\\autoBMAD\\spec_automation\\quality_gates.py", "filename": "quality_gates.py", "module": "quality_gates", "exc_info": null, "exc_text": null, "stack_info": null, "lineno": 53, "funcName": "__init__", "created": 1767910544.743576, "msecs": 743.0, "relativeCreated": 497.91622161865234, "thread": 39164, "threadName": "MainThread", "processName": "MainProcess", "process": 7988, "taskName": null}, {"name": "autoBMAD.spec_automation.quality_gates", "msg": "QualityGateRunner initialized without quality agents", "args": null, "levelname": "WARNING", "levelno": 30, "pathname": "D:\\GITHUB\\pytQt_template\\autoBMAD\\spec_automation\\quality_gates.py", "filename": "quality_gates.py", "module": "quality_gates", "exc_info": null, "exc_text": null, "stack_info": null, "lineno": 53, "funcName": "__init__", "created": 1767910544.7445762, "msecs": 744.0, "relativeCreated": 498.9163875579834, "thread": 39164, "threadName": "MainThread", "processName": "MainProcess", "process": 7988, "taskName": null}]}, "teardown": {"duration": 0.00036359998921398073, "outcome": "passed"}}, {"nodeid": "autoBMAD/spec_automation/tests/spec_automation/test_spec_driver.py::TestSpecDriver::test_spec_driver_has_doc_parser", "lineno": 68, "outcome": "passed", "keywords": ["test_spec_driver_has_doc_parser", "TestSpecDriver", "test_spec_driver.py", "spec_automation", "tests", "autoBMAD", "pytQt_template", ""], "setup": {"duration": 0.13240719999885187, "outcome": "passed", "log": [{"name": "autoBMAD.spec_automation.quality_gates", "msg": "QualityGateRunner initialized without quality agents", "args": null, "levelname": "WARNING", "levelno": 30, "pathname": "D:\\GITHUB\\pytQt_template\\autoBMAD\\spec_automation\\quality_gates.py", "filename": "quality_gates.py", "module": "quality_gates", "exc_info": null, "exc_text": null, "stack_info": null, "lineno": 53, "funcName": "__init__", "created": 1767910544.8773048, "msecs": 877.0, "relativeCreated": 631.6449642181396, "thread": 39164, "threadName": "MainThread", "processName": "MainProcess", "process": 7988, "taskName": null}, {"name": "autoBMAD.spec_automation.quality_gates", "msg": "QualityGateRunner initialized without quality agents", "args": null, "levelname": "WARNING", "levelno": 30, "pathname": "D:\\GITHUB\\pytQt_template\\autoBMAD\\spec_automation\\quality_gates.py", "filename": "quality_gates.py", "module": "quality_gates", "exc_info": null, "exc_text": null, "stack_info": null, "lineno": 53, "funcName": "__init__", "created": 1767910544.8773048, "msecs": 877.0, "relativeCreated": 631.6449642181396, "thread": 39164, "threadName": "MainThread", "processName": "MainProcess", "process": 7988, "taskName": null}]}, "call": {"duration": 0.00021659999038092792, "outcome": "passed"}, "teardown": {"duration": 0.00017919999663718045, "outcome": "passed"}}, {"nodeid": "autoBMAD/spec_automation/tests/spec_automation/test_spec_driver.py::TestSpecDriver::test_spec_driver_has_dev_agent", "lineno": 73, "outcome": "passed", "keywords": ["test_spec_driver_has_dev_agent", "TestSpecDriver", "test_spec_driver.py", "spec_automation", "tests", "autoBMAD", "pytQt_template", ""], "setup": {"duration": 0.12991649999457877, "outcome": "passed", "log": [{"name": "autoBMAD.spec_automation.quality_gates", "msg": "QualityGateRunner initialized without quality agents", "args": null, "levelname": "WARNING", "levelno": 30, "pathname": "D:\\GITHUB\\pytQt_template\\autoBMAD\\spec_automation\\quality_gates.py", "filename": "quality_gates.py", "module": "quality_gates", "exc_info": null, "exc_text": null, "stack_info": null, "lineno": 53, "funcName": "__init__", "created": 1767910545.0079658, "msecs": 7.0, "relativeCreated": 762.3059749603271, "thread": 39164, "threadName": "MainThread", "processName": "MainProcess", "process": 7988, "taskName": null}, {"name": "autoBMAD.spec_automation.quality_gates", "msg": "QualityGateRunner initialized without quality agents", "args": null, "levelname": "WARNING", "levelno": 30, "pathname": "D:\\GITHUB\\pytQt_template\\autoBMAD\\spec_automation\\quality_gates.py", "filename": "quality_gates.py", "module": "quality_gates", "exc_info": null, "exc_text": null, "stack_info": null, "lineno": 53, "funcName": "__init__", "created": 1767910545.0079658, "msecs": 7.0, "relativeCreated": 762.3059749603271, "thread": 39164, "threadName": "MainThread", "processName": "MainProcess", "process": 7988, "taskName": null}]}, "call": {"duration": 0.0002032000047620386, "outcome": "passed"}, "teardown": {"duration": 0.0001686999894445762, "outcome": "passed"}}, {"nodeid": "autoBMAD/spec_automation/tests/spec_automation/test_spec_driver.py::TestSpecDriver::test_spec_driver_has_qa_agent", "lineno": 78, "outcome": "passed", "keywords": ["test_spec_driver_has_qa_agent", "TestSpecDriver", "test_spec_driver.py", "spec_automation", "tests", "autoBMAD", "pytQt_template", ""], "setup": {"duration": 0.17098770001030061, "outcome": "passed", "log": [{"name": "autoBMAD.spec_automation.quality_gates", "msg": "QualityGateRunner initialized without quality agents", "args": null, "levelname": "WARNING", "levelno": 30, "pathname": "D:\\GITHUB\\pytQt_template\\autoBMAD\\spec_automation\\quality_gates.py", "filename": "quality_gates.py", "module": "quality_gates", "exc_info": null, "exc_text": null, "stack_info": null, "lineno": 53, "funcName": "__init__", "created": 1767910545.1386406, "msecs": 138.0, "relativeCreated": 892.9808139801025, "thread": 39164, "threadName": "MainThread", "processName": "MainProcess", "process": 7988, "taskName": null}, {"name": "autoBMAD.spec_automation.quality_gates", "msg": "QualityGateRunner initialized without quality agents", "args": null, "levelname": "WARNING", "levelno": 30, "pathname": "D:\\GITHUB\\pytQt_template\\autoBMAD\\spec_automation\\quality_gates.py", "filename": "quality_gates.py", "module": "quality_gates", "exc_info": null, "exc_text": null, "stack_info": null, "lineno": 53, "funcName": "__init__", "created": 1767910545.1386406, "msecs": 138.0, "relativeCreated": 892.9808139801025, "thread": 39164, "threadName": "MainThread", "processName": "MainProcess", "process": 7988, "taskName": null}]}, "call": {"duration": 0.00021769999875687063, "outcome": "passed"}, "teardown": {"duration": 0.00016999999934341758, "outcome": "passed"}}, {"nodeid": "autoBMAD/spec_automation/tests/spec_automation/test_spec_driver.py::TestSpecDriver::test_spec_driver_has_quality_gates", "lineno": 83, "outcome": "passed", "keywords": ["test_spec_driver_has_quality_gates", "TestSpecDriver", "test_spec_driver.py", "spec_automation", "tests", "autoBMAD", "pytQt_template", ""], "setup": {"duration": 0.1733055999939097, "outcome": "passed", "log": [{"name": "autoBMAD.spec_automation.quality_gates", "msg": "QualityGateRunner initialized without quality agents", "args": null, "levelname": "WARNING", "levelno": 30, "pathname": "D:\\GITHUB\\pytQt_template\\autoBMAD\\spec_automation\\quality_gates.py", "filename": "quality_gates.py", "module": "quality_gates", "exc_info": null, "exc_text": null, "stack_info": null, "lineno": 53, "funcName": "__init__", "created": 1767910545.3138373, "msecs": 313.0, "relativeCreated": 1068.1774616241455, "thread": 39164, "threadName": "MainThread", "processName": "MainProcess", "process": 7988, "taskName": null}, {"name": "autoBMAD.spec_automation.quality_gates", "msg": "QualityGateRunner initialized without quality agents", "args": null, "levelname": "WARNING", "levelno": 30, "pathname": "D:\\GITHUB\\pytQt_template\\autoBMAD\\spec_automation\\quality_gates.py", "filename": "quality_gates.py", "module": "quality_gates", "exc_info": null, "exc_text": null, "stack_info": null, "lineno": 53, "funcName": "__init__", "created": 1767910545.314839, "msecs": 314.0, "relativeCreated": 1069.1790580749512, "thread": 39164, "threadName": "MainThread", "processName": "MainProcess", "process": 7988, "taskName": null}]}, "call": {"duration": 0.00020850000146310776, "outcome": "passed"}, "teardown": {"duration": 0.0001742999884299934, "outcome": "passed"}}, {"nodeid": "autoBMAD/spec_automation/tests/spec_automation/test_spec_driver.py::TestSpecDriver::test_spec_driver_has_state_manager", "lineno": 88, "outcome": "passed", "keywords": ["test_spec_driver_has_state_manager", "TestSpecDriver", "test_spec_driver.py", "spec_automation", "tests", "autoBMAD", "pytQt_template", ""], "setup": {"duration": 0.16893050000362564, "outcome": "passed", "log": [{"name": "autoBMAD.spec_automation.quality_gates", "msg": "QualityGateRunner initialized without quality agents", "args": null, "levelname": "WARNING", "levelno": 30, "pathname": "D:\\GITHUB\\pytQt_template\\autoBMAD\\spec_automation\\quality_gates.py", "filename": "quality_gates.py", "module": "quality_gates", "exc_info": null, "exc_text": null, "stack_info": null, "lineno": 53, "funcName": "__init__", "created": 1767910545.4868066, "msecs": 486.0, "relativeCreated": 1241.1468029022217, "thread": 39164, "threadName": "MainThread", "processName": "MainProcess", "process": 7988, "taskName": null}, {"name": "autoBMAD.spec_automation.quality_gates", "msg": "QualityGateRunner initialized without quality agents", "args": null, "levelname": "WARNING", "levelno": 30, "pathname": "D:\\GITHUB\\pytQt_template\\autoBMAD\\spec_automation\\quality_gates.py", "filename": "quality_gates.py", "module": "quality_gates", "exc_info": null, "exc_text": null, "stack_info": null, "lineno": 53, "funcName": "__init__", "created": 1767910545.4878082, "msecs": 487.0, "relativeCreated": 1242.1483993530273, "thread": 39164, "threadName": "MainThread", "processName": "MainProcess", "process": 7988, "taskName": null}]}, "call": {"duration": 0.00021389999892562628, "outcome": "passed"}, "teardown": {"duration": 0.0001714999962132424, "outcome": "passed"}}, {"nodeid": "autoBMAD/spec_automation/tests/spec_automation/test_spec_driver.py::TestSpecDriver::test_execute_workflow_returns_dict", "lineno": 93, "outcome": "passed", "keywords": ["test_execute_workflow_returns_dict", "asyncio", "pytestmark", "TestSpecDriver", "test_spec_driver.py", "spec_automation", "tests", "autoBMAD", "pytQt_template", ""], "setup": {"duration": 0.13510610000230372, "outcome": "passed", "log": [{"name": "autoBMAD.spec_automation.quality_gates", "msg": "QualityGateRunner initialized without quality agents", "args": null, "levelname": "WARNING", "levelno": 30, "pathname": "D:\\GITHUB\\pytQt_template\\autoBMAD\\spec_automation\\quality_gates.py", "filename": "quality_gates.py", "module": "quality_gates", "exc_info": null, "exc_text": null, "stack_info": null, "lineno": 53, "funcName": "__init__", "created": 1767910545.656478, "msecs": 656.0, "relativeCreated": 1410.818099975586, "thread": 39164, "threadName": "MainThread", "processName": "MainProcess", "process": 7988, "taskName": null}, {"name": "autoBMAD.spec_automation.quality_gates", "msg": "QualityGateRunner initialized without quality agents", "args": null, "levelname": "WARNING", "levelno": 30, "pathname": "D:\\GITHUB\\pytQt_template\\autoBMAD\\spec_automation\\quality_gates.py", "filename": "quality_gates.py", "module": "quality_gates", "exc_info": null, "exc_text": null, "stack_info": null, "lineno": 53, "funcName": "__init__", "created": 1767910545.6574795, "msecs": 657.0, "relativeCreated": 1411.8196964263916, "thread": 39164, "threadName": "MainThread", "processName": "MainProcess", "process": 7988, "taskName": null}]}, "call": {"duration": 0.002445999998599291, "outcome": "passed", "log": [{"name": "autoBMAD.spec_automation.doc_parser", "msg": "Error parsing document C:\\Users\\Administrator\\AppData\\Local\\Temp\\pytest-of-Administrator\\pytest-156\\test_execute_workflow_returns_0\\test_story.md: 'utf-8' codec can't decode byte 0xa1 in position 226: invalid start byte", "args": null, "levelname": "ERROR", "levelno": 40, "pathname": "D:\\GITHUB\\pytQt_template\\autoBMAD\\spec_automation\\doc_parser.py", "filename": "doc_parser.py", "module": "doc_parser", "exc_info": null, "exc_text": null, "stack_info": null, "lineno": 46, "funcName": "parse_document", "created": 1767910545.674552, "msecs": 674.0, "relativeCreated": 1428.8921356201172, "thread": 39164, "threadName": "MainThread", "processName": "MainProcess", "process": 7988, "taskName": "Task-1"}, {"name": "autoBMAD.spec_automation.spec_driver", "msg": "Workflow failed: 'utf-8' codec can't decode byte 0xa1 in position 226: invalid start byte", "args": null, "levelname": "ERROR", "levelno": 40, "pathname": "D:\\GITHUB\\pytQt_template\\autoBMAD\\spec_automation\\spec_driver.py", "filename": "spec_driver.py", "module": "spec_driver", "exc_info": null, "exc_text": "Traceback (most recent call last):\n  File \"D:\\GITHUB\\pytQt_template\\autoBMAD\\spec_automation\\spec_driver.py\", line 99, in execute_workflow\n    requirements = self.doc_parser.parse_document(Path(document_path))\n                   ^^^^^^^^^^^^^^^^^^^^^^^^^^^^^^^^^^^^^^^^^^^^^^^^^^^\n  File \"D:\\GITHUB\\pytQt_template\\autoBMAD\\spec_automation\\doc_parser.py\", line 39, in parse_document\n    content = f.read()\n              ^^^^^^^^\n  File \"<frozen codecs>\", line 322, in decode\nUnicodeDecodeError: 'utf-8' codec can't decode byte 0xa1 in position 226: invalid start byte", "stack_info": null, "lineno": 170, "funcName": "execute_workflow", "created": 1767910545.674552, "msecs": 674.0, "relativeCreated": 1428.8921356201172, "thread": 39164, "threadName": "MainThread", "processName": "MainProcess", "process": 7988, "taskName": "Task-1"}]}, "teardown": {"duration": 0.0010304000024916604, "outcome": "passed"}}, {"nodeid": "autoBMAD/spec_automation/tests/spec_automation/test_spec_driver.py::TestSpecDriver::test_execute_workflow_has_success_key", "lineno": 99, "outcome": "passed", "keywords": ["test_execute_workflow_has_success_key", "asyncio", "pytestmark", "TestSpecDriver", "test_spec_driver.py", "spec_automation", "tests", "autoBMAD", "pytQt_template", ""], "setup": {"duration": 0.14657630000147037, "outcome": "passed", "log": [{"name": "autoBMAD.spec_automation.quality_gates", "msg": "QualityGateRunner initialized without quality agents", "args": null, "levelname": "WARNING", "levelno": 30, "pathname": "D:\\GITHUB\\pytQt_template\\autoBMAD\\spec_automation\\quality_gates.py", "filename": "quality_gates.py", "module": "quality_gates", "exc_info": null, "exc_text": null, "stack_info": null, "lineno": 53, "funcName": "__init__", "created": 1767910545.8089254, "msecs": 808.0, "relativeCreated": 1563.2655620574951, "thread": 39164, "threadName": "MainThread", "processName": "MainProcess", "process": 7988, "taskName": null}, {"name": "autoBMAD.spec_automation.quality_gates", "msg": "QualityGateRunner initialized without quality agents", "args": null, "levelname": "WARNING", "levelno": 30, "pathname": "D:\\GITHUB\\pytQt_template\\autoBMAD\\spec_automation\\quality_gates.py", "filename": "quality_gates.py", "module": "quality_gates", "exc_info": null, "exc_text": null, "stack_info": null, "lineno": 53, "funcName": "__init__", "created": 1767910545.8089254, "msecs": 808.0, "relativeCreated": 1563.2655620574951, "thread": 39164, "threadName": "MainThread", "processName": "MainProcess", "process": 7988, "taskName": null}]}, "call": {"duration": 0.0013145999982953072, "outcome": "passed", "log": [{"name": "autoBMAD.spec_automation.doc_parser", "msg": "Error parsing document C:\\Users\\Administrator\\AppData\\Local\\Temp\\pytest-of-Administrator\\pytest-156\\test_execute_workflow_has_succ0\\test_story.md: 'utf-8' codec can't decode byte 0xa1 in position 226: invalid start byte", "args": null, "levelname": "ERROR", "levelno": 40, "pathname": "D:\\GITHUB\\pytQt_template\\autoBMAD\\spec_automation\\doc_parser.py", "filename": "doc_parser.py", "module": "doc_parser", "exc_info": null, "exc_text": null, "stack_info": null, "lineno": 46, "funcName": "parse_document", "created": 1767910545.8249242, "msecs": 824.0, "relativeCreated": 1579.2644023895264, "thread": 39164, "threadName": "MainThread", "processName": "MainProcess", "process": 7988, "taskName": "Task-4"}, {"name": "autoBMAD.spec_automation.spec_driver", "msg": "Workflow failed: 'utf-8' codec can't decode byte 0xa1 in position 226: invalid start byte", "args": null, "levelname": "ERROR", "levelno": 40, "pathname": "D:\\GITHUB\\pytQt_template\\autoBMAD\\spec_automation\\spec_driver.py", "filename": "spec_driver.py", "module": "spec_driver", "exc_info": null, "exc_text": "Traceback (most recent call last):\n  File \"D:\\GITHUB\\pytQt_template\\autoBMAD\\spec_automation\\spec_driver.py\", line 99, in execute_workflow\n    requirements = self.doc_parser.parse_document(Path(document_path))\n                   ^^^^^^^^^^^^^^^^^^^^^^^^^^^^^^^^^^^^^^^^^^^^^^^^^^^\n  File \"D:\\GITHUB\\pytQt_template\\autoBMAD\\spec_automation\\doc_parser.py\", line 39, in parse_document\n    content = f.read()\n              ^^^^^^^^\n  File \"<frozen codecs>\", line 322, in decode\nUnicodeDecodeError: 'utf-8' codec can't decode byte 0xa1 in position 226: invalid start byte", "stack_info": null, "lineno": 170, "funcName": "execute_workflow", "created": 1767910545.8249242, "msecs": 824.0, "relativeCreated": 1579.2644023895264, "thread": 39164, "threadName": "MainThread", "processName": "MainProcess", "process": 7988, "taskName": "Task-4"}]}, "teardown": {"duration": 0.00043319999531377107, "outcome": "passed"}}, {"nodeid": "autoBMAD/spec_automation/tests/spec_automation/test_spec_driver.py::TestSpecDriver::test_iteration_control_has_max_limit", "lineno": 105, "outcome": "passed", "keywords": ["test_iteration_control_has_max_limit", "asyncio", "pytestmark", "TestSpecDriver", "test_spec_driver.py", "spec_automation", "tests", "autoBMAD", "pytQt_template", ""], "setup": {"duration": 0.13994490000186488, "outcome": "passed", "log": [{"name": "autoBMAD.spec_automation.quality_gates", "msg": "QualityGateRunner initialized without quality agents", "args": null, "levelname": "WARNING", "levelno": 30, "pathname": "D:\\GITHUB\\pytQt_template\\autoBMAD\\spec_automation\\quality_gates.py", "filename": "quality_gates.py", "module": "quality_gates", "exc_info": null, "exc_text": null, "stack_info": null, "lineno": 53, "funcName": "__init__", "created": 1767910545.9498982, "msecs": 949.0, "relativeCreated": 1704.2384147644043, "thread": 39164, "threadName": "MainThread", "processName": "MainProcess", "process": 7988, "taskName": null}, {"name": "autoBMAD.spec_automation.quality_gates", "msg": "QualityGateRunner initialized without quality agents", "args": null, "levelname": "WARNING", "levelno": 30, "pathname": "D:\\GITHUB\\pytQt_template\\autoBMAD\\spec_automation\\quality_gates.py", "filename": "quality_gates.py", "module": "quality_gates", "exc_info": null, "exc_text": null, "stack_info": null, "lineno": 53, "funcName": "__init__", "created": 1767910545.9508972, "msecs": 950.0, "relativeCreated": 1705.2373886108398, "thread": 39164, "threadName": "MainThread", "processName": "MainProcess", "process": 7988, "taskName": null}]}, "call": {"duration": 0.00035090000892523676, "outcome": "passed"}, "teardown": {"duration": 0.00039509999623987824, "outcome": "passed"}}, {"nodeid": "autoBMAD/spec_automation/tests/spec_automation/test_spec_driver.py::TestSpecDriver::test_iteration_control_prevents_infinite_loops", "lineno": 111, "outcome": "passed", "keywords": ["test_iteration_control_prevents_infinite_loops", "asyncio", "pytestmark", "TestSpecDriver", "test_spec_driver.py", "spec_automation", "tests", "autoBMAD", "pytQt_template", ""], "setup": {"duration": 0.13537990000622813, "outcome": "passed", "log": [{"name": "autoBMAD.spec_automation.quality_gates", "msg": "QualityGateRunner initialized without quality agents", "args": null, "levelname": "WARNING", "levelno": 30, "pathname": "D:\\GITHUB\\pytQt_template\\autoBMAD\\spec_automation\\quality_gates.py", "filename": "quality_gates.py", "module": "quality_gates", "exc_info": null, "exc_text": null, "stack_info": null, "lineno": 53, "funcName": "__init__", "created": 1767910546.0870624, "msecs": 87.0, "relativeCreated": 1841.402530670166, "thread": 39164, "threadName": "MainThread", "processName": "MainProcess", "process": 7988, "taskName": null}, {"name": "autoBMAD.spec_automation.quality_gates", "msg": "QualityGateRunner initialized without quality agents", "args": null, "levelname": "WARNING", "levelno": 30, "pathname": "D:\\GITHUB\\pytQt_template\\autoBMAD\\spec_automation\\quality_gates.py", "filename": "quality_gates.py", "module": "quality_gates", "exc_info": null, "exc_text": null, "stack_info": null, "lineno": 53, "funcName": "__init__", "created": 1767910546.0870624, "msecs": 87.0, "relativeCreated": 1841.402530670166, "thread": 39164, "threadName": "MainThread", "processName": "MainProcess", "process": 7988, "taskName": null}]}, "call": {"duration": 0.0003963000053772703, "outcome": "passed"}, "teardown": {"duration": 0.00038100000529084355, "outcome": "passed"}}, {"nodeid": "autoBMAD/spec_automation/tests/spec_automation/test_spec_driver.py::TestSpecDriver::test_workflow_state_machine_has_correct_phases", "lineno": 122, "outcome": "passed", "keywords": ["test_workflow_state_machine_has_correct_phases", "asyncio", "pytestmark", "TestSpecDriver", "test_spec_driver.py", "spec_automation", "tests", "autoBMAD", "pytQt_template", ""], "setup": {"duration": 0.13286199999856763, "outcome": "passed", "log": [{"name": "autoBMAD.spec_automation.quality_gates", "msg": "QualityGateRunner initialized without quality agents", "args": null, "levelname": "WARNING", "levelno": 30, "pathname": "D:\\GITHUB\\pytQt_template\\autoBMAD\\spec_automation\\quality_gates.py", "filename": "quality_gates.py", "module": "quality_gates", "exc_info": null, "exc_text": null, "stack_info": null, "lineno": 53, "funcName": "__init__", "created": 1767910546.221591, "msecs": 221.0, "relativeCreated": 1975.931167602539, "thread": 39164, "threadName": "MainThread", "processName": "MainProcess", "process": 7988, "taskName": null}, {"name": "autoBMAD.spec_automation.quality_gates", "msg": "QualityGateRunner initialized without quality agents", "args": null, "levelname": "WARNING", "levelno": 30, "pathname": "D:\\GITHUB\\pytQt_template\\autoBMAD\\spec_automation\\quality_gates.py", "filename": "quality_gates.py", "module": "quality_gates", "exc_info": null, "exc_text": null, "stack_info": null, "lineno": 53, "funcName": "__init__", "created": 1767910546.221591, "msecs": 221.0, "relativeCreated": 1975.931167602539, "thread": 39164, "threadName": "MainThread", "processName": "MainProcess", "process": 7988, "taskName": null}]}, "call": {"duration": 0.0003436999977566302, "outcome": "passed"}, "teardown": {"duration": 0.00037739999243058264, "outcome": "passed"}}, {"nodeid": "autoBMAD/spec_automation/tests/spec_automation/test_spec_driver.py::TestSpecDriver::test_quality_gates_enforce_standards", "lineno": 131, "outcome": "passed", "keywords": ["test_quality_gates_enforce_standards", "asyncio", "pytestmark", "TestSpecDriver", "test_spec_driver.py", "spec_automation", "tests", "autoBMAD", "pytQt_template", ""], "setup": {"duration": 0.13287830000626855, "outcome": "passed", "log": [{"name": "autoBMAD.spec_automation.quality_gates", "msg": "QualityGateRunner initialized without quality agents", "args": null, "levelname": "WARNING", "levelno": 30, "pathname": "D:\\GITHUB\\pytQt_template\\autoBMAD\\spec_automation\\quality_gates.py", "filename": "quality_gates.py", "module": "quality_gates", "exc_info": null, "exc_text": null, "stack_info": null, "lineno": 53, "funcName": "__init__", "created": 1767910546.3568418, "msecs": 356.0, "relativeCreated": 2111.1819744110107, "thread": 39164, "threadName": "MainThread", "processName": "MainProcess", "process": 7988, "taskName": null}, {"name": "autoBMAD.spec_automation.quality_gates", "msg": "QualityGateRunner initialized without quality agents", "args": null, "levelname": "WARNING", "levelno": 30, "pathname": "D:\\GITHUB\\pytQt_template\\autoBMAD\\spec_automation\\quality_gates.py", "filename": "quality_gates.py", "module": "quality_gates", "exc_info": null, "exc_text": null, "stack_info": null, "lineno": 53, "funcName": "__init__", "created": 1767910546.3568418, "msecs": 356.0, "relativeCreated": 2111.1819744110107, "thread": 39164, "threadName": "MainThread", "processName": "MainProcess", "process": 7988, "taskName": null}]}, "call": {"duration": 0.015392899993457831, "outcome": "passed", "log": [{"name": "autoBMAD.spec_automation.doc_parser", "msg": "Error parsing document C:\\Users\\Administrator\\AppData\\Local\\Temp\\pytest-of-Administrator\\pytest-156\\test_quality_gates_enforce_sta0\\test_story.md: 'utf-8' codec can't decode byte 0xa1 in position 226: invalid start byte", "args": null, "levelname": "ERROR", "levelno": 40, "pathname": "D:\\GITHUB\\pytQt_template\\autoBMAD\\spec_automation\\doc_parser.py", "filename": "doc_parser.py", "module": "doc_parser", "exc_info": null, "exc_text": null, "stack_info": null, "lineno": 46, "funcName": "parse_document", "created": 1767910546.376842, "msecs": 376.0, "relativeCreated": 2131.1821937561035, "thread": 39164, "threadName": "MainThread", "processName": "MainProcess", "process": 7988, "taskName": "Task-16"}, {"name": "autoBMAD.spec_automation.spec_dev_agent", "msg": "Error executing TDD cycle: 'utf-8' codec can't decode byte 0xa1 in position 226: invalid start byte", "args": null, "levelname": "ERROR", "levelno": 40, "pathname": "D:\\GITHUB\\pytQt_template\\autoBMAD\\spec_automation\\spec_dev_agent.py", "filename": "spec_dev_agent.py", "module": "spec_dev_agent", "exc_info": null, "exc_text": "Traceback (most recent call last):\n  File \"D:\\GITHUB\\pytQt_template\\autoBMAD\\spec_automation\\spec_dev_agent.py\", line 61, in execute_tdd_cycle\n    story_data = self.doc_parser.parse_document(story_path_obj)\n                 ^^^^^^^^^^^^^^^^^^^^^^^^^^^^^^^^^^^^^^^^^^^^^^\n  File \"D:\\GITHUB\\pytQt_template\\autoBMAD\\spec_automation\\doc_parser.py\", line 39, in parse_document\n    content = f.read()\n              ^^^^^^^^\n  File \"<frozen codecs>\", line 322, in decode\nUnicodeDecodeError: 'utf-8' codec can't decode byte 0xa1 in position 226: invalid start byte", "stack_info": null, "lineno": 151, "funcName": "execute_tdd_cycle", "created": 1767910546.376842, "msecs": 376.0, "relativeCreated": 2131.1821937561035, "thread": 39164, "threadName": "MainThread", "processName": "MainProcess", "process": 7988, "taskName": "Task-16"}]}, "teardown": {"duration": 0.0005754999874625355, "outcome": "passed"}}], "warnings": [{"message": "The default datetime adapter is deprecated as of Python 3.12; see the sqlite3 documentation for suggested replacement recipes", "category": "DeprecationWarning", "when": "runtest", "filename": "D:\\GITHUB\\pytQt_template\\autoBMAD\\spec_automation\\spec_state_manager.py", "lineno": 109}, {"message": "The default datetime adapter is deprecated as of Python 3.12; see the sqlite3 documentation for suggested replacement recipes", "category": "DeprecationWarning", "when": "runtest", "filename": "D:\\GITHUB\\pytQt_template\\autoBMAD\\spec_automation\\spec_state_manager.py", "lineno": 109}, {"message": "The default datetime adapter is deprecated as of Python 3.12; see the sqlite3 documentation for suggested replacement recipes", "category": "DeprecationWarning", "when": "runtest", "filename": "D:\\GITHUB\\pytQt_template\\autoBMAD\\spec_automation\\spec_state_manager.py", "lineno": 109}]}