{"created": 1767913426.7854803, "duration": 2.4756672382354736, "exitcode": 1, "root": "D:\\GITHUB\\pytQt_template", "environment": {}, "summary": {"passed": 131, "failed": 11, "total": 142, "collected": 142}, "collectors": [{"nodeid": "", "outcome": "passed", "result": [{"nodeid": "autoBMAD/spec_automation/tests", "type": "Package"}]}, {"nodeid": "autoBMAD/spec_automation/tests/spec_automation/test_debug.py", "outcome": "passed", "result": [{"nodeid": "autoBMAD/spec_automation/tests/spec_automation/test_debug.py::test_debug_agent_attributes", "type": "Function", "lineno": 15}]}, {"nodeid": "autoBMAD/spec_automation/tests/spec_automation/test_debug2.py", "outcome": "passed", "result": [{"nodeid": "autoBMAD/spec_automation/tests/spec_automation/test_debug2.py::test_debug_agent_init_with_exception_handling", "type": "Function", "lineno": 15}]}, {"nodeid": "autoBMAD/spec_automation/tests/spec_automation/test_debug3.py", "outcome": "passed", "result": [{"nodeid": "autoBMAD/spec_automation/tests/spec_automation/test_debug3.py::test_debug_imports", "type": "Function", "lineno": 4}]}, {"nodeid": "autoBMAD/spec_automation/tests/spec_automation/test_debug4.py", "outcome": "passed", "result": [{"nodeid": "autoBMAD/spec_automation/tests/spec_automation/test_debug4.py::test_debug_spec_dev_agent_import", "type": "Function", "lineno": 5}]}, {"nodeid": "autoBMAD/spec_automation/tests/spec_automation/test_spec_dev_agent.py::TestSpecDevAgent", "outcome": "passed", "result": [{"nodeid": "autoBMAD/spec_automation/tests/spec_automation/test_spec_dev_agent.py::TestSpecDevAgent::test_spec_dev_agent_initialization", "type": "Function", "lineno": 85}, {"nodeid": "autoBMAD/spec_automation/tests/spec_automation/test_spec_dev_agent.py::TestSpecDevAgent::test_execute_tdd_cycle_returns_bool", "type": "Function", "lineno": 91}, {"nodeid": "autoBMAD/spec_automation/tests/spec_automation/test_spec_dev_agent.py::TestSpecDevAgent::test_execute_tdd_cycle_is_async", "type": "Coroutine", "lineno": 97}, {"nodeid": "autoBMAD/spec_automation/tests/spec_automation/test_spec_dev_agent.py::TestSpecDevAgent::test_execute_tdd_cycle_calls_sdk", "type": "Coroutine", "lineno": 104}, {"nodeid": "autoBMAD/spec_automation/tests/spec_automation/test_spec_dev_agent.py::TestSpecDevAgent::test_execute_tdd_cycle_with_valid_story", "type": "Coroutine", "lineno": 112}, {"nodeid": "autoBMAD/spec_automation/tests/spec_automation/test_spec_dev_agent.py::TestSpecDevAgent::test_execute_tdd_cycle_handles_invalid_story", "type": "Coroutine", "lineno": 120}, {"nodeid": "autoBMAD/spec_automation/tests/spec_automation/test_spec_dev_agent.py::TestSpecDevAgent::test_execute_tdd_cycle_updates_state", "type": "Coroutine", "lineno": 129}, {"nodeid": "autoBMAD/spec_automation/tests/spec_automation/test_spec_dev_agent.py::TestSpecDevAgent::test_execute_tdd_cycle_generates_tests_first", "type": "Coroutine", "lineno": 136}, {"nodeid": "autoBMAD/spec_automation/tests/spec_automation/test_spec_dev_agent.py::TestSpecDevAgent::test_execute_tdd_cycle_verifies_tests_pass", "type": "Coroutine", "lineno": 142}, {"nodeid": "autoBMAD/spec_automation/tests/spec_automation/test_spec_dev_agent.py::TestSpecDevAgent::test_execute_tdd_cycle_with_tdd_requirements", "type": "Coroutine", "lineno": 148}, {"nodeid": "autoBMAD/spec_automation/tests/spec_automation/test_spec_dev_agent.py::TestSpecDevAgent::test_spec_dev_agent_has_tdd_workflow_engine", "type": "Function", "lineno": 154}, {"nodeid": "autoBMAD/spec_automation/tests/spec_automation/test_spec_dev_agent.py::TestSpecDevAgent::test_spec_dev_agent_has_prompt_system", "type": "Function", "lineno": 159}, {"nodeid": "autoBMAD/spec_automation/tests/spec_automation/test_spec_dev_agent.py::TestSpecDevAgent::test_spec_dev_agent_has_state_manager", "type": "Function", "lineno": 164}, {"nodeid": "autoBMAD/spec_automation/tests/spec_automation/test_spec_dev_agent.py::TestSpecDevAgent::test_execute_tdd_cycle_extracts_requirements", "type": "Coroutine", "lineno": 169}, {"nodeid": "autoBMAD/spec_automation/tests/spec_automation/test_spec_dev_agent.py::TestSpecDevAgent::test_execute_tdd_cycle_maps_requirements_to_tests", "type": "Coroutine", "lineno": 175}, {"nodeid": "autoBMAD/spec_automation/tests/spec_automation/test_spec_dev_agent.py::TestSpecDevAgent::test_execute_tdd_cycle_tracks_coverage", "type": "Coroutine", "lineno": 181}, {"nodeid": "autoBMAD/spec_automation/tests/spec_automation/test_spec_dev_agent.py::TestSpecDevAgent::test_execute_tdd_cycle_runs_quality_gates", "type": "Coroutine", "lineno": 187}, {"nodeid": "autoBMAD/spec_automation/tests/spec_automation/test_spec_dev_agent.py::TestSpecDevAgent::test_execute_tdd_cycle_requires_all_tests_pass", "type": "Coroutine", "lineno": 193}, {"nodeid": "autoBMAD/spec_automation/tests/spec_automation/test_spec_dev_agent.py::TestSpecDevAgent::test_execute_tdd_cycle_handles_sdk_errors", "type": "Coroutine", "lineno": 199}, {"nodeid": "autoBMAD/spec_automation/tests/spec_automation/test_spec_dev_agent.py::TestSpecDevAgent::test_execute_tdd_cycle_independent_operation", "type": "Coroutine", "lineno": 207}]}, {"nodeid": "autoBMAD/spec_automation/tests/spec_automation/test_spec_dev_agent.py::TestSpecDevAgentTDDWorkflow", "outcome": "passed", "result": [{"nodeid": "autoBMAD/spec_automation/tests/spec_automation/test_spec_dev_agent.py::TestSpecDevAgentTDDWorkflow::test_tdd_cycle_red_phase_generates_failing_test", "type": "Coroutine", "lineno": 250}, {"nodeid": "autoBMAD/spec_automation/tests/spec_automation/test_spec_dev_agent.py::TestSpecDevAgentTDDWorkflow::test_tdd_cycle_green_phase_implements_minimal_code", "type": "Coroutine", "lineno": 256}, {"nodeid": "autoBMAD/spec_automation/tests/spec_automation/test_spec_dev_agent.py::TestSpecDevAgentTDDWorkflow::test_tdd_cycle_refactor_phase_improves_code", "type": "Coroutine", "lineno": 262}, {"nodeid": "autoBMAD/spec_automation/tests/spec_automation/test_spec_dev_agent.py::TestSpecDevAgentTDDWorkflow::test_tdd_cycle_iteration_control", "type": "Coroutine", "lineno": 268}, {"nodeid": "autoBMAD/spec_automation/tests/spec_automation/test_spec_dev_agent.py::TestSpecDevAgentTDDWorkflow::test_tdd_cycle_coverage_tracking", "type": "Coroutine", "lineno": 274}]}, {"nodeid": "autoBMAD/spec_automation/tests/spec_automation/test_spec_dev_agent.py::TestSpecDevAgentIntegration", "outcome": "passed", "result": [{"nodeid": "autoBMAD/spec_automation/tests/spec_automation/test_spec_dev_agent.py::TestSpecDevAgentIntegration::test_state_manager_integration", "type": "Coroutine", "lineno": 317}, {"nodeid": "autoBMAD/spec_automation/tests/spec_automation/test_spec_dev_agent.py::TestSpecDevAgentIntegration::test_doc_parser_integration", "type": "Coroutine", "lineno": 323}, {"nodeid": "autoBMAD/spec_automation/tests/spec_automation/test_spec_dev_agent.py::TestSpecDevAgentIntegration::test_quality_agents_integration", "type": "Coroutine", "lineno": 329}, {"nodeid": "autoBMAD/spec_automation/tests/spec_automation/test_spec_dev_agent.py::TestSpecDevAgentIntegration::test_end_to_end_workflow", "type": "Coroutine", "lineno": 335}]}, {"nodeid": "autoBMAD/spec_automation/tests/spec_automation/test_spec_dev_agent.py::TestSpecDevAgentPromptSystem", "outcome": "passed", "result": [{"nodeid": "autoBMAD/spec_automation/tests/spec_automation/test_spec_dev_agent.py::TestSpecDevAgentPromptSystem::test_prompts_module_exists", "type": "Coroutine", "lineno": 357}, {"nodeid": "autoBMAD/spec_automation/tests/spec_automation/test_spec_dev_agent.py::TestSpecDevAgentPromptSystem::test_generate_test_prompt", "type": "Coroutine", "lineno": 363}, {"nodeid": "autoBMAD/spec_automation/tests/spec_automation/test_spec_dev_agent.py::TestSpecDevAgentPromptSystem::test_generate_implementation_prompt", "type": "Coroutine", "lineno": 369}, {"nodeid": "autoBMAD/spec_automation/tests/spec_automation/test_spec_dev_agent.py::TestSpecDevAgentPromptSystem::test_red_green_refactor_prompts", "type": "Coroutine", "lineno": 375}]}, {"nodeid": "autoBMAD/spec_automation/tests/spec_automation/test_spec_dev_agent.py::TestSpecDevAgentErrorHandling", "outcome": "passed", "result": [{"nodeid": "autoBMAD/spec_automation/tests/spec_automation/test_spec_dev_agent.py::TestSpecDevAgentErrorHandling::test_handle_missing_story_file", "type": "Coroutine", "lineno": 418}, {"nodeid": "autoBMAD/spec_automation/tests/spec_automation/test_spec_dev_agent.py::TestSpecDevAgentErrorHandling::test_handle_sdk_unavailable", "type": "Coroutine", "lineno": 424}, {"nodeid": "autoBMAD/spec_automation/tests/spec_automation/test_spec_dev_agent.py::TestSpecDevAgentErrorHandling::test_handle_test_execution_failure", "type": "Coroutine", "lineno": 430}, {"nodeid": "autoBMAD/spec_automation/tests/spec_automation/test_spec_dev_agent.py::TestSpecDevAgentErrorHandling::test_handle_quality_gate_failure", "type": "Coroutine", "lineno": 436}, {"nodeid": "autoBMAD/spec_automation/tests/spec_automation/test_spec_dev_agent.py::TestSpecDevAgentErrorHandling::test_recovery_from_errors", "type": "Coroutine", "lineno": 442}]}, {"nodeid": "autoBMAD/spec_automation/tests/spec_automation/test_spec_dev_agent.py::TestSpecDevAgentIndependentOperation", "outcome": "passed", "result": [{"nodeid": "autoBMAD/spec_automation/tests/spec_automation/test_spec_dev_agent.py::TestSpecDevAgentIndependentOperation::test_no_bmad_core_dependency", "type": "Coroutine", "lineno": 464}, {"nodeid": "autoBMAD/spec_automation/tests/spec_automation/test_spec_dev_agent.py::TestSpecDevAgentIndependentOperation::test_safe_claude_sdk_integration", "type": "Coroutine", "lineno": 470}, {"nodeid": "autoBMAD/spec_automation/tests/spec_automation/test_spec_dev_agent.py::TestSpecDevAgentIndependentOperation::test_standalone_operation", "type": "Coroutine", "lineno": 476}]}, {"nodeid": "autoBMAD/spec_automation/tests/spec_automation/test_spec_dev_agent.py::TestCompleteTDDCycle", "outcome": "passed", "result": [{"nodeid": "autoBMAD/spec_automation/tests/spec_automation/test_spec_dev_agent.py::TestCompleteTDDCycle::test_complete_tdd_cycle_all_requirements", "type": "Coroutine", "lineno": 548}, {"nodeid": "autoBMAD/spec_automation/tests/spec_automation/test_spec_dev_agent.py::TestCompleteTDDCycle::test_complete_tdd_cycle_coverage_target", "type": "Coroutine", "lineno": 555}, {"nodeid": "autoBMAD/spec_automation/tests/spec_automation/test_spec_dev_agent.py::TestCompleteTDDCycle::test_complete_tdd_cycle_quality_gates", "type": "Coroutine", "lineno": 561}]}, {"nodeid": "autoBMAD/spec_automation/tests/spec_automation/test_spec_dev_agent.py", "outcome": "passed", "result": [{"nodeid": "autoBMAD/spec_automation/tests/spec_automation/test_spec_dev_agent.py::TestSpecDevAgent", "type": "Class"}, {"nodeid": "autoBMAD/spec_automation/tests/spec_automation/test_spec_dev_agent.py::TestSpecDevAgentTDDWorkflow", "type": "Class"}, {"nodeid": "autoBMAD/spec_automation/tests/spec_automation/test_spec_dev_agent.py::TestSpecDevAgentIntegration", "type": "Class"}, {"nodeid": "autoBMAD/spec_automation/tests/spec_automation/test_spec_dev_agent.py::TestSpecDevAgentPromptSystem", "type": "Class"}, {"nodeid": "autoBMAD/spec_automation/tests/spec_automation/test_spec_dev_agent.py::TestSpecDevAgentErrorHandling", "type": "Class"}, {"nodeid": "autoBMAD/spec_automation/tests/spec_automation/test_spec_dev_agent.py::TestSpecDevAgentIndependentOperation", "type": "Class"}, {"nodeid": "autoBMAD/spec_automation/tests/spec_automation/test_spec_dev_agent.py::TestCompleteTDDCycle", "type": "Class"}]}, {"nodeid": "autoBMAD/spec_automation/tests/spec_automation/test_spec_driver.py::TestSpecDriver", "outcome": "passed", "result": [{"nodeid": "autoBMAD/spec_automation/tests/spec_automation/test_spec_driver.py::TestSpecDriver::test_spec_driver_initialization", "type": "Function", "lineno": 60}, {"nodeid": "autoBMAD/spec_automation/tests/spec_automation/test_spec_driver.py::TestSpecDriver::test_spec_driver_has_doc_parser", "type": "Function", "lineno": 66}, {"nodeid": "autoBMAD/spec_automation/tests/spec_automation/test_spec_driver.py::TestSpecDriver::test_spec_driver_has_dev_agent", "type": "Function", "lineno": 71}, {"nodeid": "autoBMAD/spec_automation/tests/spec_automation/test_spec_driver.py::TestSpecDriver::test_spec_driver_has_qa_agent", "type": "Function", "lineno": 76}, {"nodeid": "autoBMAD/spec_automation/tests/spec_automation/test_spec_driver.py::TestSpecDriver::test_spec_driver_has_quality_gates", "type": "Function", "lineno": 81}, {"nodeid": "autoBMAD/spec_automation/tests/spec_automation/test_spec_driver.py::TestSpecDriver::test_spec_driver_has_state_manager", "type": "Function", "lineno": 86}, {"nodeid": "autoBMAD/spec_automation/tests/spec_automation/test_spec_driver.py::TestSpecDriver::test_execute_workflow_returns_dict", "type": "Coroutine", "lineno": 91}, {"nodeid": "autoBMAD/spec_automation/tests/spec_automation/test_spec_driver.py::TestSpecDriver::test_execute_workflow_has_success_key", "type": "Coroutine", "lineno": 97}, {"nodeid": "autoBMAD/spec_automation/tests/spec_automation/test_spec_driver.py::TestSpecDriver::test_iteration_control_has_max_limit", "type": "Coroutine", "lineno": 103}, {"nodeid": "autoBMAD/spec_automation/tests/spec_automation/test_spec_driver.py::TestSpecDriver::test_iteration_control_prevents_infinite_loops", "type": "Coroutine", "lineno": 109}, {"nodeid": "autoBMAD/spec_automation/tests/spec_automation/test_spec_driver.py::TestSpecDriver::test_workflow_state_machine_has_correct_phases", "type": "Coroutine", "lineno": 120}, {"nodeid": "autoBMAD/spec_automation/tests/spec_automation/test_spec_driver.py::TestSpecDriver::test_quality_gates_enforce_standards", "type": "Coroutine", "lineno": 129}]}, {"nodeid": "autoBMAD/spec_automation/tests/spec_automation/test_spec_driver.py", "outcome": "passed", "result": [{"nodeid": "autoBMAD/spec_automation/tests/spec_automation/test_spec_driver.py::TestSpecDriver", "type": "Class"}]}, {"nodeid": "autoBMAD/spec_automation/tests/spec_automation", "outcome": "passed", "result": [{"nodeid": "autoBMAD/spec_automation/tests/spec_automation/test_debug.py", "type": "Module"}, {"nodeid": "autoBMAD/spec_automation/tests/spec_automation/test_debug2.py", "type": "Module"}, {"nodeid": "autoBMAD/spec_automation/tests/spec_automation/test_debug3.py", "type": "Module"}, {"nodeid": "autoBMAD/spec_automation/tests/spec_automation/test_debug4.py", "type": "Module"}, {"nodeid": "autoBMAD/spec_automation/tests/spec_automation/test_spec_dev_agent.py", "type": "Module"}, {"nodeid": "autoBMAD/spec_automation/tests/spec_automation/test_spec_driver.py", "type": "Module"}]}, {"nodeid": "autoBMAD/spec_automation/tests/test_doc_parser.py::TestDocumentParser", "outcome": "passed", "result": [{"nodeid": "autoBMAD/spec_automation/tests/test_doc_parser.py::TestDocumentParser::test_init", "type": "Function", "lineno": 18}, {"nodeid": "autoBMAD/spec_automation/tests/test_doc_parser.py::TestDocumentParser::test_parse_string_simple", "type": "Function", "lineno": 23}, {"nodeid": "autoBMAD/spec_automation/tests/test_doc_parser.py::TestDocumentParser::test_parse_string_with_tasks", "type": "Function", "lineno": 45}, {"nodeid": "autoBMAD/spec_automation/tests/test_doc_parser.py::TestDocumentParser::test_parse_string_empty_sections", "type": "Function", "lineno": 63}, {"nodeid": "autoBMAD/spec_automation/tests/test_doc_parser.py::TestDocumentParser::test_parse_string_complex", "type": "Function", "lineno": 78}, {"nodeid": "autoBMAD/spec_automation/tests/test_doc_parser.py::TestDocumentParser::test_parse_string_special_characters", "type": "Function", "lineno": 125}, {"nodeid": "autoBMAD/spec_automation/tests/test_doc_parser.py::TestDocumentParser::test_parse_string_no_sections", "type": "Function", "lineno": 146}, {"nodeid": "autoBMAD/spec_automation/tests/test_doc_parser.py::TestDocumentParser::test_parse_document_file_exists", "type": "Function", "lineno": 164}, {"nodeid": "autoBMAD/spec_automation/tests/test_doc_parser.py::TestDocumentParser::test_parse_document_file_not_found", "type": "Function", "lineno": 182}, {"nodeid": "autoBMAD/spec_automation/tests/test_doc_parser.py::TestDocumentParser::test_parse_string_multiline_requirements", "type": "Function", "lineno": 190}, {"nodeid": "autoBMAD/spec_automation/tests/test_doc_parser.py::TestDocumentParser::test_parse_string_nested_lists", "type": "Function", "lineno": 209}, {"nodeid": "autoBMAD/spec_automation/tests/test_doc_parser.py::TestDocumentParser::test_extract_title_from_bmad_header", "type": "Function", "lineno": 226}, {"nodeid": "autoBMAD/spec_automation/tests/test_doc_parser.py::TestDocumentParser::test_acceptance_criteria_with_checkboxes", "type": "Function", "lineno": 239}]}, {"nodeid": "autoBMAD/spec_automation/tests/test_doc_parser.py", "outcome": "passed", "result": [{"nodeid": "autoBMAD/spec_automation/tests/test_doc_parser.py::TestDocumentParser", "type": "Class"}]}, {"nodeid": "autoBMAD/spec_automation/tests/test_integration.py::TestCompleteWorkflow", "outcome": "passed", "result": [{"nodeid": "autoBMAD/spec_automation/tests/test_integration.py::TestCompleteWorkflow::test_document_parser_integration", "type": "Function", "lineno": 74}, {"nodeid": "autoBMAD/spec_automation/tests/test_integration.py::TestCompleteWorkflow::test_state_manager_integration", "type": "Function", "lineno": 85}, {"nodeid": "autoBMAD/spec_automation/tests/test_integration.py::TestCompleteWorkflow::test_dev_agent_initialization", "type": "Coroutine", "lineno": 103}, {"nodeid": "autoBMAD/spec_automation/tests/test_integration.py::TestCompleteWorkflow::test_qa_agent_initialization", "type": "Coroutine", "lineno": 117}, {"nodeid": "autoBMAD/spec_automation/tests/test_integration.py::TestCompleteWorkflow::test_driver_initialization", "type": "Coroutine", "lineno": 126}, {"nodeid": "autoBMAD/spec_automation/tests/test_integration.py::TestCompleteWorkflow::test_parser_to_state_manager_workflow", "type": "Function", "lineno": 135}, {"nodeid": "autoBMAD/spec_automation/tests/test_integration.py::TestCompleteWorkflow::test_component_communication", "type": "Coroutine", "lineno": 160}, {"nodeid": "autoBMAD/spec_automation/tests/test_integration.py::TestCompleteWorkflow::test_database_persistence", "type": "Function", "lineno": 187}, {"nodeid": "autoBMAD/spec_automation/tests/test_integration.py::TestCompleteWorkflow::test_multiple_stories_isolation", "type": "Function", "lineno": 206}, {"nodeid": "autoBMAD/spec_automation/tests/test_integration.py::TestCompleteWorkflow::test_error_recovery", "type": "Coroutine", "lineno": 241}, {"nodeid": "autoBMAD/spec_automation/tests/test_integration.py::TestCompleteWorkflow::test_workflow_state_transitions", "type": "Function", "lineno": 260}, {"nodeid": "autoBMAD/spec_automation/tests/test_integration.py::TestCompleteWorkflow::test_qa_results_workflow", "type": "Function", "lineno": 297}, {"nodeid": "autoBMAD/spec_automation/tests/test_integration.py::TestCompleteWorkflow::test_workflow_with_example_documents", "type": "Function", "lineno": 324}, {"nodeid": "autoBMAD/spec_automation/tests/test_integration.py::TestCompleteWorkflow::test_workflow_with_functional_spec", "type": "Function", "lineno": 332}, {"nodeid": "autoBMAD/spec_automation/tests/test_integration.py::TestCompleteWorkflow::test_workflow_with_technical_plan", "type": "Function", "lineno": 341}, {"nodeid": "autoBMAD/spec_automation/tests/test_integration.py::TestCompleteWorkflow::test_full_workflow_simulation", "type": "Coroutine", "lineno": 349}]}, {"nodeid": "autoBMAD/spec_automation/tests/test_integration.py", "outcome": "passed", "result": [{"nodeid": "autoBMAD/spec_automation/tests/test_integration.py::TestCompleteWorkflow", "type": "Class"}]}, {"nodeid": "autoBMAD/spec_automation/tests/test_spec_qa_agent.py::TestSpecQAAgent", "outcome": "passed", "result": [{"nodeid": "autoBMAD/spec_automation/tests/test_spec_qa_agent.py::TestSpecQAAgent::test_init", "type": "Function", "lineno": 12}, {"nodeid": "autoBMAD/spec_automation/tests/test_spec_qa_agent.py::TestSpecQAAgent::test_init_with_sdk", "type": "Function", "lineno": 18}, {"nodeid": "autoBMAD/spec_automation/tests/test_spec_qa_agent.py::TestSpecQAAgent::test_determine_status_pass", "type": "Function", "lineno": 24}, {"nodeid": "autoBMAD/spec_automation/tests/test_spec_qa_agent.py::TestSpecQAAgent::test_determine_status_fail_missing", "type": "Function", "lineno": 30}, {"nodeid": "autoBMAD/spec_automation/tests/test_spec_qa_agent.py::TestSpecQAAgent::test_determine_status_fail_low_coverage", "type": "Function", "lineno": 36}, {"nodeid": "autoBMAD/spec_automation/tests/test_spec_qa_agent.py::TestSpecQAAgent::test_determine_status_concerns_partial", "type": "Function", "lineno": 42}, {"nodeid": "autoBMAD/spec_automation/tests/test_spec_qa_agent.py::TestSpecQAAgent::test_determine_status_concerns_moderate_coverage", "type": "Function", "lineno": 48}, {"nodeid": "autoBMAD/spec_automation/tests/test_spec_qa_agent.py::TestSpecQAAgent::test_verify_implementation_basic_implemented", "type": "Function", "lineno": 54}, {"nodeid": "autoBMAD/spec_automation/tests/test_spec_qa_agent.py::TestSpecQAAgent::test_verify_implementation_basic_partial", "type": "Function", "lineno": 60}, {"nodeid": "autoBMAD/spec_automation/tests/test_spec_qa_agent.py::TestSpecQAAgent::test_verify_implementation_basic_missing", "type": "Function", "lineno": 66}, {"nodeid": "autoBMAD/spec_automation/tests/test_spec_qa_agent.py::TestSpecQAAgent::test_check_test_coverage_basic_full", "type": "Function", "lineno": 72}, {"nodeid": "autoBMAD/spec_automation/tests/test_spec_qa_agent.py::TestSpecQAAgent::test_check_test_coverage_basic_zero", "type": "Function", "lineno": 79}, {"nodeid": "autoBMAD/spec_automation/tests/test_spec_qa_agent.py::TestSpecQAAgent::test_check_test_coverage_basic_empty_requirement", "type": "Function", "lineno": 85}, {"nodeid": "autoBMAD/spec_automation/tests/test_spec_qa_agent.py::TestSpecQAAgent::test_review_implementation_basic", "type": "Coroutine", "lineno": 91}, {"nodeid": "autoBMAD/spec_automation/tests/test_spec_qa_agent.py::TestSpecQAAgent::test_review_implementation_file_not_found", "type": "Coroutine", "lineno": 105}, {"nodeid": "autoBMAD/spec_automation/tests/test_spec_qa_agent.py::TestSpecQAAgent::test_review_implementation_multiple_requirements", "type": "Coroutine", "lineno": 112}, {"nodeid": "autoBMAD/spec_automation/tests/test_spec_qa_agent.py::TestSpecQAAgent::test_review_implementation_with_source_files", "type": "Coroutine", "lineno": 141}, {"nodeid": "autoBMAD/spec_automation/tests/test_spec_qa_agent.py::TestSpecQAAgent::test_review_implementation_no_test_files", "type": "Coroutine", "lineno": 165}, {"nodeid": "autoBMAD/spec_automation/tests/test_spec_qa_agent.py::TestSpecQAAgent::test_calculate_overall_coverage", "type": "Function", "lineno": 185}, {"nodeid": "autoBMAD/spec_automation/tests/test_spec_qa_agent.py::TestSpecQAAgent::test_calculate_overall_coverage_empty", "type": "Function", "lineno": 196}, {"nodeid": "autoBMAD/spec_automation/tests/test_spec_qa_agent.py::TestSpecQAAgent::test_calculate_overall_coverage_single_requirement", "type": "Function", "lineno": 202}, {"nodeid": "autoBMAD/spec_automation/tests/test_spec_qa_agent.py::TestSpecQAAgent::test_generate_findings_missing_implementations", "type": "Function", "lineno": 209}, {"nodeid": "autoBMAD/spec_automation/tests/test_spec_qa_agent.py::TestSpecQAAgent::test_generate_findings_low_coverage", "type": "Function", "lineno": 224}, {"nodeid": "autoBMAD/spec_automation/tests/test_spec_qa_agent.py::TestSpecQAAgent::test_generate_findings_no_test_files", "type": "Function", "lineno": 239}, {"nodeid": "autoBMAD/spec_automation/tests/test_spec_qa_agent.py::TestSpecQAAgent::test_determine_overall_status_all_pass", "type": "Function", "lineno": 248}, {"nodeid": "autoBMAD/spec_automation/tests/test_spec_qa_agent.py::TestSpecQAAgent::test_determine_overall_status_any_fail", "type": "Function", "lineno": 258}, {"nodeid": "autoBMAD/spec_automation/tests/test_spec_qa_agent.py::TestSpecQAAgent::test_determine_overall_status_concerns", "type": "Function", "lineno": 269}, {"nodeid": "autoBMAD/spec_automation/tests/test_spec_qa_agent.py::TestSpecQAAgent::test_determine_overall_status_empty", "type": "Function", "lineno": 279}, {"nodeid": "autoBMAD/spec_automation/tests/test_spec_qa_agent.py::TestSpecQAAgent::test_collect_source_files", "type": "Function", "lineno": 285}, {"nodeid": "autoBMAD/spec_automation/tests/test_spec_qa_agent.py::TestSpecQAAgent::test_collect_test_files", "type": "Function", "lineno": 297}, {"nodeid": "autoBMAD/spec_automation/tests/test_spec_qa_agent.py::TestSpecQAAgent::test_verify_requirement", "type": "Function", "lineno": 309}, {"nodeid": "autoBMAD/spec_automation/tests/test_spec_qa_agent.py::TestSpecQAAgent::test_qa_report_to_dict", "type": "Function", "lineno": 329}, {"nodeid": "autoBMAD/spec_automation/tests/test_spec_qa_agent.py::TestSpecQAAgent::test_qa_report_str_representation", "type": "Function", "lineno": 346}, {"nodeid": "autoBMAD/spec_automation/tests/test_spec_qa_agent.py::TestSpecQAAgent::test_qa_report_str_with_no_findings", "type": "Function", "lineno": 362}, {"nodeid": "autoBMAD/spec_automation/tests/test_spec_qa_agent.py::TestSpecQAAgent::test_verify_implementation_edge_cases", "type": "Function", "lineno": 377}, {"nodeid": "autoBMAD/spec_automation/tests/test_spec_qa_agent.py::TestSpecQAAgent::test_coverage_edge_cases", "type": "Function", "lineno": 393}]}, {"nodeid": "autoBMAD/spec_automation/tests/test_spec_qa_agent.py", "outcome": "passed", "result": [{"nodeid": "autoBMAD/spec_automation/tests/test_spec_qa_agent.py::TestSpecQAAgent", "type": "Class"}]}, {"nodeid": "autoBMAD/spec_automation/tests/test_spec_state_manager.py::TestSpecStateManager", "outcome": "passed", "result": [{"nodeid": "autoBMAD/spec_automation/tests/test_spec_state_manager.py::TestSpecStateManager::test_init_creates_database", "type": "Function", "lineno": 17}, {"nodeid": "autoBMAD/spec_automation/tests/test_spec_state_manager.py::TestSpecStateManager::test_init_creates_tables", "type": "Function", "lineno": 25}, {"nodeid": "autoBMAD/spec_automation/tests/test_spec_state_manager.py::TestSpecStateManager::test_update_story_status", "type": "Function", "lineno": 48}, {"nodeid": "autoBMAD/spec_automation/tests/test_spec_state_manager.py::TestSpecStateManager::test_get_story_status_not_found", "type": "Function", "lineno": 66}, {"nodeid": "autoBMAD/spec_automation/tests/test_spec_state_manager.py::TestSpecStateManager::test_update_status_multiple_stories", "type": "Function", "lineno": 74}, {"nodeid": "autoBMAD/spec_automation/tests/test_spec_state_manager.py::TestSpecStateManager::test_update_status_overwrites", "type": "Function", "lineno": 100}, {"nodeid": "autoBMAD/spec_automation/tests/test_spec_state_manager.py::TestSpecStateManager::test_get_all_stories", "type": "Function", "lineno": 124}, {"nodeid": "autoBMAD/spec_automation/tests/test_spec_state_manager.py::TestSpecStateManager::test_get_all_stories_empty", "type": "Function", "lineno": 150}, {"nodeid": "autoBMAD/spec_automation/tests/test_spec_state_manager.py::TestSpecStateManager::test_delete_story", "type": "Function", "lineno": 158}, {"nodeid": "autoBMAD/spec_automation/tests/test_spec_state_manager.py::TestSpecStateManager::test_delete_nonexistent_story", "type": "Function", "lineno": 181}, {"nodeid": "autoBMAD/spec_automation/tests/test_spec_state_manager.py::TestSpecStateManager::test_update_qa_result", "type": "Function", "lineno": 189}, {"nodeid": "autoBMAD/spec_automation/tests/test_spec_state_manager.py::TestSpecStateManager::test_get_qa_results_not_found", "type": "Function", "lineno": 213}, {"nodeid": "autoBMAD/spec_automation/tests/test_spec_state_manager.py::TestSpecStateManager::test_update_qa_result_multiple", "type": "Function", "lineno": 221}, {"nodeid": "autoBMAD/spec_automation/tests/test_spec_state_manager.py::TestSpecStateManager::test_get_stories_by_status", "type": "Function", "lineno": 246}, {"nodeid": "autoBMAD/spec_automation/tests/test_spec_state_manager.py::TestSpecStateManager::test_database_persistence", "type": "Function", "lineno": 276}, {"nodeid": "autoBMAD/spec_automation/tests/test_spec_state_manager.py::TestSpecStateManager::test_invalid_db_path", "type": "Function", "lineno": 294}, {"nodeid": "autoBMAD/spec_automation/tests/test_spec_state_manager.py::TestSpecStateManager::test_special_characters_in_paths", "type": "Function", "lineno": 304}]}, {"nodeid": "autoBMAD/spec_automation/tests/test_spec_state_manager.py", "outcome": "passed", "result": [{"nodeid": "autoBMAD/spec_automation/tests/test_spec_state_manager.py::TestSpecStateManager", "type": "Class"}]}, {"nodeid": "autoBMAD/spec_automation/tests", "outcome": "passed", "result": [{"nodeid": "autoBMAD/spec_automation/tests/spec_automation", "type": "Package"}, {"nodeid": "autoBMAD/spec_automation/tests/test_doc_parser.py", "type": "Module"}, {"nodeid": "autoBMAD/spec_automation/tests/test_integration.py", "type": "Module"}, {"nodeid": "autoBMAD/spec_automation/tests/test_spec_qa_agent.py", "type": "Module"}, {"nodeid": "autoBMAD/spec_automation/tests/test_spec_state_manager.py", "type": "Module"}]}], "tests": [{"nodeid": "autoBMAD/spec_automation/tests/spec_automation/test_debug.py::test_debug_agent_attributes", "lineno": 15, "outcome": "passed", "keywords": ["test_debug_agent_attributes", "test_debug.py", "spec_automation", "tests", "autoBMAD", "pytQt_template", ""], "setup": {"duration": 0.0008757999894442037, "outcome": "passed"}, "call": {"duration": 0.00030640000477433205, "outcome": "passed", "stdout": "\nAgent type: <class 'spec_automation.spec_dev_agent.SpecDevAgent'>\nAgent attributes: ['execute_tdd_cycle', 'sdk']\nHas tdd_engine: False\nHas prompts: False\nHas state_manager: False\nError accessing tdd_engine: 'SpecDevAgent' object has no attribute 'tdd_engine'\nError accessing prompts: 'SpecDevAgent' object has no attribute 'prompts'\nError accessing state_manager: 'SpecDevAgent' object has no attribute 'state_manager'\n"}, "teardown": {"duration": 0.0001024999946821481, "outcome": "passed"}}, {"nodeid": "autoBMAD/spec_automation/tests/spec_automation/test_debug2.py::test_debug_agent_init_with_exception_handling", "lineno": 15, "outcome": "passed", "keywords": ["test_debug_agent_init_with_exception_handling", "test_debug2.py", "spec_automation", "tests", "autoBMAD", "pytQt_template", ""], "setup": {"duration": 0.0001917000045068562, "outcome": "passed"}, "call": {"duration": 0.00025949999690055847, "outcome": "passed", "stdout": "\n=== Starting SpecDevAgent initialization ===\nCreating agent...\nAgent created: <spec_automation.spec_dev_agent.SpecDevAgent object at 0x000001DD26F09310>\n\nAgent has __init__ completed: True\nAgent.sdk: <Mock id='2049353841840'>\n\nChecking attributes...\nHas state_manager: False\nHas doc_parser: False\nHas prompts: False\nHas tdd_engine: False\nHas test_verifier: False\nHas quality_gate_runner: False\n\nAll attributes: ['execute_tdd_cycle', 'sdk']\n"}, "teardown": {"duration": 6.95999915478751e-05, "outcome": "passed"}}, {"nodeid": "autoBMAD/spec_automation/tests/spec_automation/test_debug3.py::test_debug_imports", "lineno": 4, "outcome": "passed", "keywords": ["test_debug_imports", "test_debug3.py", "spec_automation", "tests", "autoBMAD", "pytQt_template", ""], "setup": {"duration": 6.489999941550195e-05, "outcome": "passed"}, "call": {"duration": 0.014504400009172969, "outcome": "passed", "stdout": "\n=== Testing imports ===\nImporting PromptSystem...\n\u2717 PromptSystem failed: No module named 'spec_automation.prompts'\n\nImporting TDDWorkflowEngine...\n\u2717 TDDWorkflowEngine failed: No module named 'spec_automation.tdd_workflow'\n\nImporting TestVerifier...\n\u2717 TestVerifier failed: No module named 'spec_automation.test_verifier'\n\nImporting QualityGateRunner...\n\u2717 QualityGateRunner failed: No module named 'spec_automation.quality_gates'\n\nImporting SpecStateManager...\n\u2713 SpecStateManager: <class 'spec_automation.spec_state_manager.SpecStateManager'>\n\u2713 SpecStateManager created: <spec_automation.spec_state_manager.SpecStateManager object at 0x000001DD2701D7F0>\n\nImporting DocumentParser...\n\u2713 DocumentParser: <class 'spec_automation.doc_parser.DocumentParser'>\n\u2713 DocumentParser created: <spec_automation.doc_parser.DocumentParser object at 0x000001DD271E01A0>\n", "stderr": "Traceback (most recent call last):\n  File \"D:\\GITHUB\\pytQt_template\\autoBMAD\\spec_automation\\tests\\spec_automation\\test_debug3.py\", line 11, in test_debug_imports\n    from spec_automation.prompts import PromptSystem\nModuleNotFoundError: No module named 'spec_automation.prompts'\nTraceback (most recent call last):\n  File \"D:\\GITHUB\\pytQt_template\\autoBMAD\\spec_automation\\tests\\spec_automation\\test_debug3.py\", line 22, in test_debug_imports\n    from spec_automation.tdd_workflow import TDDWorkflowEngine\nModuleNotFoundError: No module named 'spec_automation.tdd_workflow'\nTraceback (most recent call last):\n  File \"D:\\GITHUB\\pytQt_template\\autoBMAD\\spec_automation\\tests\\spec_automation\\test_debug3.py\", line 31, in test_debug_imports\n    from spec_automation.test_verifier import TestVerifier\nModuleNotFoundError: No module named 'spec_automation.test_verifier'\nTraceback (most recent call last):\n  File \"D:\\GITHUB\\pytQt_template\\autoBMAD\\spec_automation\\tests\\spec_automation\\test_debug3.py\", line 42, in test_debug_imports\n    from spec_automation.quality_gates import QualityGateRunner\nModuleNotFoundError: No module named 'spec_automation.quality_gates'\n"}, "teardown": {"duration": 7.020001066848636e-05, "outcome": "passed"}}, {"nodeid": "autoBMAD/spec_automation/tests/spec_automation/test_debug4.py::test_debug_spec_dev_agent_import", "lineno": 5, "outcome": "passed", "keywords": ["test_debug_spec_dev_agent_import", "test_debug4.py", "spec_automation", "tests", "autoBMAD", "pytQt_template", ""], "setup": {"duration": 6.720000237692147e-05, "outcome": "passed"}, "call": {"duration": 0.0002877999941119924, "outcome": "passed", "stdout": "\n=== Testing spec_dev_agent import ===\nImporting spec_dev_agent...\n\u2713 spec_dev_agent module: <module 'spec_automation.spec_dev_agent' from 'D:\\\\GITHUB\\\\pytQt_template\\\\spec_automation\\\\spec_dev_agent.py'>\n\nAccessing SpecDevAgent class...\n\u2713 SpecDevAgent class: <class 'spec_automation.spec_dev_agent.SpecDevAgent'>\n\nCreating mock SDK...\n\u2713 Mock SDK: <Mock id='2049353832432'>\n\nCreating SpecDevAgent...\n\u2713 Agent created: <spec_automation.spec_dev_agent.SpecDevAgent object at 0x000001DD26F09310>\nAgent attributes: ['execute_tdd_cycle', 'sdk']\n"}, "teardown": {"duration": 5.809999129269272e-05, "outcome": "passed"}}, {"nodeid": "autoBMAD/spec_automation/tests/spec_automation/test_spec_dev_agent.py::TestSpecDevAgent::test_spec_dev_agent_initialization", "lineno": 85, "outcome": "passed", "keywords": ["test_spec_dev_agent_initialization", "TestSpecDevAgent", "test_spec_dev_agent.py", "spec_automation", "tests", "autoBMAD", "pytQt_template", ""], "setup": {"duration": 0.00018089999502990395, "outcome": "passed"}, "call": {"duration": 6.649999704677612e-05, "outcome": "passed"}, "teardown": {"duration": 5.3800002206116915e-05, "outcome": "passed"}}, {"nodeid": "autoBMAD/spec_automation/tests/spec_automation/test_spec_dev_agent.py::TestSpecDevAgent::test_execute_tdd_cycle_returns_bool", "lineno": 91, "outcome": "failed", "keywords": ["test_execute_tdd_cycle_returns_bool", "TestSpecDevAgent", "test_spec_dev_agent.py", "spec_automation", "tests", "autoBMAD", "pytQt_template", ""], "setup": {"duration": 0.002921899998909794, "outcome": "passed"}, "call": {"duration": 0.00041870000131893903, "outcome": "failed", "crash": {"path": "D:\\GITHUB\\pytQt_template\\autoBMAD\\spec_automation\\tests\\spec_automation\\test_spec_dev_agent.py", "lineno": 96, "message": "assert False\n +  where False = isinstance(<coroutine object SpecDevAgent.execute_tdd_cycle at 0x000001DD27148BA0>, bool)"}, "traceback": [{"path": "..\\spec_automation\\tests\\spec_automation\\test_spec_dev_agent.py", "lineno": 96, "message": "in test_execute_tdd_cycle_returns_bool"}], "longrepr": "..\\spec_automation\\tests\\spec_automation\\test_spec_dev_agent.py:96: in test_execute_tdd_cycle_returns_bool\n    assert isinstance(result, bool)\nE   assert False\nE    +  where False = isinstance(<coroutine object SpecDevAgent.execute_tdd_cycle at 0x000001DD27148BA0>, bool)"}, "teardown": {"duration": 0.0001078000059351325, "outcome": "passed"}}, {"nodeid": "autoBMAD/spec_automation/tests/spec_automation/test_spec_dev_agent.py::TestSpecDevAgent::test_execute_tdd_cycle_is_async", "lineno": 97, "outcome": "passed", "keywords": ["test_execute_tdd_cycle_is_async", "asyncio", "pytestmark", "TestSpecDevAgent", "test_spec_dev_agent.py", "spec_automation", "tests", "autoBMAD", "pytQt_template", ""], "setup": {"duration": 0.002549700002418831, "outcome": "passed"}, "call": {"duration": 0.0005604000034509227, "outcome": "passed"}, "teardown": {"duration": 0.00032300000020768493, "outcome": "passed"}}, {"nodeid": "autoBMAD/spec_automation/tests/spec_automation/test_spec_dev_agent.py::TestSpecDevAgent::test_execute_tdd_cycle_calls_sdk", "lineno": 104, "outcome": "failed", "keywords": ["test_execute_tdd_cycle_calls_sdk", "asyncio", "pytestmark", "TestSpecDevAgent", "test_spec_dev_agent.py", "spec_automation", "tests", "autoBMAD", "pytQt_template", ""], "setup": {"duration": 0.001377299995510839, "outcome": "passed"}, "call": {"duration": 0.0001945000112755224, "outcome": "failed", "crash": {"path": "D:\\GITHUB\\pytQt_template\\autoBMAD\\spec_automation\\tests\\spec_automation\\test_spec_dev_agent.py", "lineno": 111, "message": "AssertionError: assert False\n +  where False = <AsyncMock name='mock.query' id='2049355684496'>.called\n +    where <AsyncMock name='mock.query' id='2049355684496'> = <Mock id='2049355684160'>.query"}, "traceback": [{"path": "..\\spec_automation\\tests\\spec_automation\\test_spec_dev_agent.py", "lineno": 111, "message": "in test_execute_tdd_cycle_calls_sdk"}], "longrepr": "..\\spec_automation\\tests\\spec_automation\\test_spec_dev_agent.py:111: in test_execute_tdd_cycle_calls_sdk\n    assert mock_sdk.query.called\nE   AssertionError: assert False\nE    +  where False = <AsyncMock name='mock.query' id='2049355684496'>.called\nE    +    where <AsyncMock name='mock.query' id='2049355684496'> = <Mock id='2049355684160'>.query"}, "teardown": {"duration": 0.0002390000008745119, "outcome": "passed"}}, {"nodeid": "autoBMAD/spec_automation/tests/spec_automation/test_spec_dev_agent.py::TestSpecDevAgent::test_execute_tdd_cycle_with_valid_story", "lineno": 112, "outcome": "passed", "keywords": ["test_execute_tdd_cycle_with_valid_story", "asyncio", "pytestmark", "TestSpecDevAgent", "test_spec_dev_agent.py", "spec_automation", "tests", "autoBMAD", "pytQt_template", ""], "setup": {"duration": 0.0012547000078484416, "outcome": "passed"}, "call": {"duration": 0.00022109999554231763, "outcome": "passed"}, "teardown": {"duration": 0.00019710000196937472, "outcome": "passed"}}, {"nodeid": "autoBMAD/spec_automation/tests/spec_automation/test_spec_dev_agent.py::TestSpecDevAgent::test_execute_tdd_cycle_handles_invalid_story", "lineno": 120, "outcome": "passed", "keywords": ["test_execute_tdd_cycle_handles_invalid_story", "asyncio", "pytestmark", "TestSpecDevAgent", "test_spec_dev_agent.py", "spec_automation", "tests", "autoBMAD", "pytQt_template", ""], "setup": {"duration": 0.0009545999928377569, "outcome": "passed"}, "call": {"duration": 0.00013939999917056412, "outcome": "passed"}, "teardown": {"duration": 0.0001863000070443377, "outcome": "passed"}}, {"nodeid": "autoBMAD/spec_automation/tests/spec_automation/test_spec_dev_agent.py::TestSpecDevAgent::test_execute_tdd_cycle_updates_state", "lineno": 129, "outcome": "passed", "keywords": ["test_execute_tdd_cycle_updates_state", "asyncio", "pytestmark", "TestSpecDevAgent", "test_spec_dev_agent.py", "spec_automation", "tests", "autoBMAD", "pytQt_template", ""], "setup": {"duration": 0.0011553999938769266, "outcome": "passed"}, "call": {"duration": 0.00013309999485500157, "outcome": "passed"}, "teardown": {"duration": 0.0002305000089108944, "outcome": "passed"}}, {"nodeid": "autoBMAD/spec_automation/tests/spec_automation/test_spec_dev_agent.py::TestSpecDevAgent::test_execute_tdd_cycle_generates_tests_first", "lineno": 136, "outcome": "passed", "keywords": ["test_execute_tdd_cycle_generates_tests_first", "asyncio", "pytestmark", "TestSpecDevAgent", "test_spec_dev_agent.py", "spec_automation", "tests", "autoBMAD", "pytQt_template", ""], "setup": {"duration": 0.0011394999892218038, "outcome": "passed"}, "call": {"duration": 0.00012630000128410757, "outcome": "passed"}, "teardown": {"duration": 0.00018709999858401716, "outcome": "passed"}}, {"nodeid": "autoBMAD/spec_automation/tests/spec_automation/test_spec_dev_agent.py::TestSpecDevAgent::test_execute_tdd_cycle_verifies_tests_pass", "lineno": 142, "outcome": "passed", "keywords": ["test_execute_tdd_cycle_verifies_tests_pass", "asyncio", "pytestmark", "TestSpecDevAgent", "test_spec_dev_agent.py", "spec_automation", "tests", "autoBMAD", "pytQt_template", ""], "setup": {"duration": 0.0011558999976841733, "outcome": "passed"}, "call": {"duration": 0.00012530000822152942, "outcome": "passed"}, "teardown": {"duration": 0.0001804000057745725, "outcome": "passed"}}, {"nodeid": "autoBMAD/spec_automation/tests/spec_automation/test_spec_dev_agent.py::TestSpecDevAgent::test_execute_tdd_cycle_with_tdd_requirements", "lineno": 148, "outcome": "passed", "keywords": ["test_execute_tdd_cycle_with_tdd_requirements", "asyncio", "pytestmark", "TestSpecDevAgent", "test_spec_dev_agent.py", "spec_automation", "tests", "autoBMAD", "pytQt_template", ""], "setup": {"duration": 0.0011350999993737787, "outcome": "passed"}, "call": {"duration": 0.00012530000822152942, "outcome": "passed"}, "teardown": {"duration": 0.00018209998961538076, "outcome": "passed"}}, {"nodeid": "autoBMAD/spec_automation/tests/spec_automation/test_spec_dev_agent.py::TestSpecDevAgent::test_spec_dev_agent_has_tdd_workflow_engine", "lineno": 154, "outcome": "failed", "keywords": ["test_spec_dev_agent_has_tdd_workflow_engine", "TestSpecDevAgent", "test_spec_dev_agent.py", "spec_automation", "tests", "autoBMAD", "pytQt_template", ""], "setup": {"duration": 0.00018699999782256782, "outcome": "passed"}, "call": {"duration": 9.940000018104911e-05, "outcome": "failed", "crash": {"path": "D:\\GITHUB\\pytQt_template\\autoBMAD\\spec_automation\\tests\\spec_automation\\test_spec_dev_agent.py", "lineno": 158, "message": "AssertionError: assert False\n +  where False = hasattr(<spec_automation.spec_dev_agent.SpecDevAgent object at 0x000001DD27270B90>, 'tdd_engine')"}, "traceback": [{"path": "..\\spec_automation\\tests\\spec_automation\\test_spec_dev_agent.py", "lineno": 158, "message": "in test_spec_dev_agent_has_tdd_workflow_engine"}], "longrepr": "..\\spec_automation\\tests\\spec_automation\\test_spec_dev_agent.py:158: in test_spec_dev_agent_has_tdd_workflow_engine\n    assert hasattr(spec_dev_agent, 'tdd_engine')\nE   AssertionError: assert False\nE    +  where False = hasattr(<spec_automation.spec_dev_agent.SpecDevAgent object at 0x000001DD27270B90>, 'tdd_engine')"}, "teardown": {"duration": 8.340000931639224e-05, "outcome": "passed"}}, {"nodeid": "autoBMAD/spec_automation/tests/spec_automation/test_spec_dev_agent.py::TestSpecDevAgent::test_spec_dev_agent_has_prompt_system", "lineno": 159, "outcome": "failed", "keywords": ["test_spec_dev_agent_has_prompt_system", "TestSpecDevAgent", "test_spec_dev_agent.py", "spec_automation", "tests", "autoBMAD", "pytQt_template", ""], "setup": {"duration": 0.00020719999156426638, "outcome": "passed"}, "call": {"duration": 9.699999645818025e-05, "outcome": "failed", "crash": {"path": "D:\\GITHUB\\pytQt_template\\autoBMAD\\spec_automation\\tests\\spec_automation\\test_spec_dev_agent.py", "lineno": 163, "message": "AssertionError: assert False\n +  where False = hasattr(<spec_automation.spec_dev_agent.SpecDevAgent object at 0x000001DD27271450>, 'prompts')"}, "traceback": [{"path": "..\\spec_automation\\tests\\spec_automation\\test_spec_dev_agent.py", "lineno": 163, "message": "in test_spec_dev_agent_has_prompt_system"}], "longrepr": "..\\spec_automation\\tests\\spec_automation\\test_spec_dev_agent.py:163: in test_spec_dev_agent_has_prompt_system\n    assert hasattr(spec_dev_agent, 'prompts')\nE   AssertionError: assert False\nE    +  where False = hasattr(<spec_automation.spec_dev_agent.SpecDevAgent object at 0x000001DD27271450>, 'prompts')"}, "teardown": {"duration": 8.410000009462237e-05, "outcome": "passed"}}, {"nodeid": "autoBMAD/spec_automation/tests/spec_automation/test_spec_dev_agent.py::TestSpecDevAgent::test_spec_dev_agent_has_state_manager", "lineno": 164, "outcome": "failed", "keywords": ["test_spec_dev_agent_has_state_manager", "TestSpecDevAgent", "test_spec_dev_agent.py", "spec_automation", "tests", "autoBMAD", "pytQt_template", ""], "setup": {"duration": 0.00020119998953305185, "outcome": "passed"}, "call": {"duration": 9.420000424142927e-05, "outcome": "failed", "crash": {"path": "D:\\GITHUB\\pytQt_template\\autoBMAD\\spec_automation\\tests\\spec_automation\\test_spec_dev_agent.py", "lineno": 168, "message": "AssertionError: assert False\n +  where False = hasattr(<spec_automation.spec_dev_agent.SpecDevAgent object at 0x000001DD27271A90>, 'state_manager')"}, "traceback": [{"path": "..\\spec_automation\\tests\\spec_automation\\test_spec_dev_agent.py", "lineno": 168, "message": "in test_spec_dev_agent_has_state_manager"}], "longrepr": "..\\spec_automation\\tests\\spec_automation\\test_spec_dev_agent.py:168: in test_spec_dev_agent_has_state_manager\n    assert hasattr(spec_dev_agent, 'state_manager')\nE   AssertionError: assert False\nE    +  where False = hasattr(<spec_automation.spec_dev_agent.SpecDevAgent object at 0x000001DD27271A90>, 'state_manager')"}, "teardown": {"duration": 8.149999484885484e-05, "outcome": "passed"}}, {"nodeid": "autoBMAD/spec_automation/tests/spec_automation/test_spec_dev_agent.py::TestSpecDevAgent::test_execute_tdd_cycle_extracts_requirements", "lineno": 169, "outcome": "passed", "keywords": ["test_execute_tdd_cycle_extracts_requirements", "asyncio", "pytestmark", "TestSpecDevAgent", "test_spec_dev_agent.py", "spec_automation", "tests", "autoBMAD", "pytQt_template", ""], "setup": {"duration": 0.0012060000008204952, "outcome": "passed"}, "call": {"duration": 0.0001331000094069168, "outcome": "passed"}, "teardown": {"duration": 0.00018950000230688602, "outcome": "passed"}}, {"nodeid": "autoBMAD/spec_automation/tests/spec_automation/test_spec_dev_agent.py::TestSpecDevAgent::test_execute_tdd_cycle_maps_requirements_to_tests", "lineno": 175, "outcome": "passed", "keywords": ["test_execute_tdd_cycle_maps_requirements_to_tests", "asyncio", "pytestmark", "TestSpecDevAgent", "test_spec_dev_agent.py", "spec_automation", "tests", "autoBMAD", "pytQt_template", ""], "setup": {"duration": 0.0012091999960830435, "outcome": "passed"}, "call": {"duration": 0.00013359999866224825, "outcome": "passed"}, "teardown": {"duration": 0.00018930000078398734, "outcome": "passed"}}, {"nodeid": "autoBMAD/spec_automation/tests/spec_automation/test_spec_dev_agent.py::TestSpecDevAgent::test_execute_tdd_cycle_tracks_coverage", "lineno": 181, "outcome": "passed", "keywords": ["test_execute_tdd_cycle_tracks_coverage", "asyncio", "pytestmark", "TestSpecDevAgent", "test_spec_dev_agent.py", "spec_automation", "tests", "autoBMAD", "pytQt_template", ""], "setup": {"duration": 0.0011615999974310398, "outcome": "passed"}, "call": {"duration": 0.00012599999899975955, "outcome": "passed"}, "teardown": {"duration": 0.00018379998800810426, "outcome": "passed"}}, {"nodeid": "autoBMAD/spec_automation/tests/spec_automation/test_spec_dev_agent.py::TestSpecDevAgent::test_execute_tdd_cycle_runs_quality_gates", "lineno": 187, "outcome": "passed", "keywords": ["test_execute_tdd_cycle_runs_quality_gates", "asyncio", "pytestmark", "TestSpecDevAgent", "test_spec_dev_agent.py", "spec_automation", "tests", "autoBMAD", "pytQt_template", ""], "setup": {"duration": 0.001253900001756847, "outcome": "passed"}, "call": {"duration": 0.00012579999747686088, "outcome": "passed"}, "teardown": {"duration": 0.0001829999964684248, "outcome": "passed"}}, {"nodeid": "autoBMAD/spec_automation/tests/spec_automation/test_spec_dev_agent.py::TestSpecDevAgent::test_execute_tdd_cycle_requires_all_tests_pass", "lineno": 193, "outcome": "passed", "keywords": ["test_execute_tdd_cycle_requires_all_tests_pass", "asyncio", "pytestmark", "TestSpecDevAgent", "test_spec_dev_agent.py", "spec_automation", "tests", "autoBMAD", "pytQt_template", ""], "setup": {"duration": 0.001135100013925694, "outcome": "passed"}, "call": {"duration": 0.00012399999832268804, "outcome": "passed"}, "teardown": {"duration": 0.00018149999959859997, "outcome": "passed"}}, {"nodeid": "autoBMAD/spec_automation/tests/spec_automation/test_spec_dev_agent.py::TestSpecDevAgent::test_execute_tdd_cycle_handles_sdk_errors", "lineno": 199, "outcome": "passed", "keywords": ["test_execute_tdd_cycle_handles_sdk_errors", "asyncio", "pytestmark", "TestSpecDevAgent", "test_spec_dev_agent.py", "spec_automation", "tests", "autoBMAD", "pytQt_template", ""], "setup": {"duration": 0.0012287999998079613, "outcome": "passed"}, "call": {"duration": 0.00013339999713934958, "outcome": "passed"}, "teardown": {"duration": 0.00018360000103712082, "outcome": "passed"}}, {"nodeid": "autoBMAD/spec_automation/tests/spec_automation/test_spec_dev_agent.py::TestSpecDevAgent::test_execute_tdd_cycle_independent_operation", "lineno": 207, "outcome": "passed", "keywords": ["test_execute_tdd_cycle_independent_operation", "asyncio", "pytestmark", "TestSpecDevAgent", "test_spec_dev_agent.py", "spec_automation", "tests", "autoBMAD", "pytQt_template", ""], "setup": {"duration": 0.0011400000075809658, "outcome": "passed"}, "call": {"duration": 0.00013010000111535192, "outcome": "passed"}, "teardown": {"duration": 0.0001841000048443675, "outcome": "passed"}}, {"nodeid": "autoBMAD/spec_automation/tests/spec_automation/test_spec_dev_agent.py::TestSpecDevAgentTDDWorkflow::test_tdd_cycle_red_phase_generates_failing_test", "lineno": 250, "outcome": "passed", "keywords": ["test_tdd_cycle_red_phase_generates_failing_test", "asyncio", "pytestmark", "TestSpecDevAgentTDDWorkflow", "test_spec_dev_agent.py", "spec_automation", "tests", "autoBMAD", "pytQt_template", ""], "setup": {"duration": 0.001152700002421625, "outcome": "passed"}, "call": {"duration": 0.00012349999451544136, "outcome": "passed"}, "teardown": {"duration": 0.00018899999849963933, "outcome": "passed"}}, {"nodeid": "autoBMAD/spec_automation/tests/spec_automation/test_spec_dev_agent.py::TestSpecDevAgentTDDWorkflow::test_tdd_cycle_green_phase_implements_minimal_code", "lineno": 256, "outcome": "passed", "keywords": ["test_tdd_cycle_green_phase_implements_minimal_code", "asyncio", "pytestmark", "TestSpecDevAgentTDDWorkflow", "test_spec_dev_agent.py", "spec_automation", "tests", "autoBMAD", "pytQt_template", ""], "setup": {"duration": 0.001178500009700656, "outcome": "passed"}, "call": {"duration": 0.00012450000212993473, "outcome": "passed"}, "teardown": {"duration": 0.0001829999964684248, "outcome": "passed"}}, {"nodeid": "autoBMAD/spec_automation/tests/spec_automation/test_spec_dev_agent.py::TestSpecDevAgentTDDWorkflow::test_tdd_cycle_refactor_phase_improves_code", "lineno": 262, "outcome": "passed", "keywords": ["test_tdd_cycle_refactor_phase_improves_code", "asyncio", "pytestmark", "TestSpecDevAgentTDDWorkflow", "test_spec_dev_agent.py", "spec_automation", "tests", "autoBMAD", "pytQt_template", ""], "setup": {"duration": 0.0011541999992914498, "outcome": "passed"}, "call": {"duration": 0.00012469998910091817, "outcome": "passed"}, "teardown": {"duration": 0.0001816000003600493, "outcome": "passed"}}, {"nodeid": "autoBMAD/spec_automation/tests/spec_automation/test_spec_dev_agent.py::TestSpecDevAgentTDDWorkflow::test_tdd_cycle_iteration_control", "lineno": 268, "outcome": "passed", "keywords": ["test_tdd_cycle_iteration_control", "asyncio", "pytestmark", "TestSpecDevAgentTDDWorkflow", "test_spec_dev_agent.py", "spec_automation", "tests", "autoBMAD", "pytQt_template", ""], "setup": {"duration": 0.0011128000041935593, "outcome": "passed"}, "call": {"duration": 0.0001235000090673566, "outcome": "passed"}, "teardown": {"duration": 0.00020909999147988856, "outcome": "passed"}}, {"nodeid": "autoBMAD/spec_automation/tests/spec_automation/test_spec_dev_agent.py::TestSpecDevAgentTDDWorkflow::test_tdd_cycle_coverage_tracking", "lineno": 274, "outcome": "passed", "keywords": ["test_tdd_cycle_coverage_tracking", "asyncio", "pytestmark", "TestSpecDevAgentTDDWorkflow", "test_spec_dev_agent.py", "spec_automation", "tests", "autoBMAD", "pytQt_template", ""], "setup": {"duration": 0.0011323000071570277, "outcome": "passed"}, "call": {"duration": 0.00012530000822152942, "outcome": "passed"}, "teardown": {"duration": 0.00018029999046120793, "outcome": "passed"}}, {"nodeid": "autoBMAD/spec_automation/tests/spec_automation/test_spec_dev_agent.py::TestSpecDevAgentIntegration::test_state_manager_integration", "lineno": 317, "outcome": "passed", "keywords": ["test_state_manager_integration", "asyncio", "pytestmark", "TestSpecDevAgentIntegration", "test_spec_dev_agent.py", "spec_automation", "tests", "autoBMAD", "pytQt_template", ""], "setup": {"duration": 0.0011394000030122697, "outcome": "passed"}, "call": {"duration": 0.00012340000830590725, "outcome": "passed"}, "teardown": {"duration": 0.00018699999782256782, "outcome": "passed"}}, {"nodeid": "autoBMAD/spec_automation/tests/spec_automation/test_spec_dev_agent.py::TestSpecDevAgentIntegration::test_doc_parser_integration", "lineno": 323, "outcome": "passed", "keywords": ["test_doc_parser_integration", "asyncio", "pytestmark", "TestSpecDevAgentIntegration", "test_spec_dev_agent.py", "spec_automation", "tests", "autoBMAD", "pytQt_template", ""], "setup": {"duration": 0.0011243999906582758, "outcome": "passed"}, "call": {"duration": 0.00012260000221431255, "outcome": "passed"}, "teardown": {"duration": 0.00017980000120587647, "outcome": "passed"}}, {"nodeid": "autoBMAD/spec_automation/tests/spec_automation/test_spec_dev_agent.py::TestSpecDevAgentIntegration::test_quality_agents_integration", "lineno": 329, "outcome": "passed", "keywords": ["test_quality_agents_integration", "asyncio", "pytestmark", "TestSpecDevAgentIntegration", "test_spec_dev_agent.py", "spec_automation", "tests", "autoBMAD", "pytQt_template", ""], "setup": {"duration": 0.0012009999918518588, "outcome": "passed"}, "call": {"duration": 0.00012480000441428274, "outcome": "passed"}, "teardown": {"duration": 0.00018059999274555594, "outcome": "passed"}}, {"nodeid": "autoBMAD/spec_automation/tests/spec_automation/test_spec_dev_agent.py::TestSpecDevAgentIntegration::test_end_to_end_workflow", "lineno": 335, "outcome": "passed", "keywords": ["test_end_to_end_workflow", "asyncio", "pytestmark", "TestSpecDevAgentIntegration", "test_spec_dev_agent.py", "spec_automation", "tests", "autoBMAD", "pytQt_template", ""], "setup": {"duration": 0.0011257000005571172, "outcome": "passed"}, "call": {"duration": 0.00012209999840706587, "outcome": "passed"}, "teardown": {"duration": 0.00018080000882036984, "outcome": "passed"}}, {"nodeid": "autoBMAD/spec_automation/tests/spec_automation/test_spec_dev_agent.py::TestSpecDevAgentPromptSystem::test_prompts_module_exists", "lineno": 357, "outcome": "passed", "keywords": ["test_prompts_module_exists", "asyncio", "pytestmark", "TestSpecDevAgentPromptSystem", "test_spec_dev_agent.py", "spec_automation", "tests", "autoBMAD", "pytQt_template", ""], "setup": {"duration": 0.00041310000233352184, "outcome": "passed"}, "call": {"duration": 0.00011509998876135796, "outcome": "passed"}, "teardown": {"duration": 0.00016549999418202788, "outcome": "passed"}}, {"nodeid": "autoBMAD/spec_automation/tests/spec_automation/test_spec_dev_agent.py::TestSpecDevAgentPromptSystem::test_generate_test_prompt", "lineno": 363, "outcome": "passed", "keywords": ["test_generate_test_prompt", "asyncio", "pytestmark", "TestSpecDevAgentPromptSystem", "test_spec_dev_agent.py", "spec_automation", "tests", "autoBMAD", "pytQt_template", ""], "setup": {"duration": 0.0003956000000471249, "outcome": "passed"}, "call": {"duration": 0.00011520000407472253, "outcome": "passed"}, "teardown": {"duration": 0.0001635999942664057, "outcome": "passed"}}, {"nodeid": "autoBMAD/spec_automation/tests/spec_automation/test_spec_dev_agent.py::TestSpecDevAgentPromptSystem::test_generate_implementation_prompt", "lineno": 369, "outcome": "passed", "keywords": ["test_generate_implementation_prompt", "asyncio", "pytestmark", "TestSpecDevAgentPromptSystem", "test_spec_dev_agent.py", "spec_automation", "tests", "autoBMAD", "pytQt_template", ""], "setup": {"duration": 0.00038979999953880906, "outcome": "passed"}, "call": {"duration": 0.0001142999972216785, "outcome": "passed"}, "teardown": {"duration": 0.00016290000348817557, "outcome": "passed"}}, {"nodeid": "autoBMAD/spec_automation/tests/spec_automation/test_spec_dev_agent.py::TestSpecDevAgentPromptSystem::test_red_green_refactor_prompts", "lineno": 375, "outcome": "passed", "keywords": ["test_red_green_refactor_prompts", "asyncio", "pytestmark", "TestSpecDevAgentPromptSystem", "test_spec_dev_agent.py", "spec_automation", "tests", "autoBMAD", "pytQt_template", ""], "setup": {"duration": 0.00038470000436063856, "outcome": "passed"}, "call": {"duration": 0.00011340000492054969, "outcome": "passed"}, "teardown": {"duration": 0.00016540000797249377, "outcome": "passed"}}, {"nodeid": "autoBMAD/spec_automation/tests/spec_automation/test_spec_dev_agent.py::TestSpecDevAgentErrorHandling::test_handle_missing_story_file", "lineno": 418, "outcome": "passed", "keywords": ["test_handle_missing_story_file", "asyncio", "pytestmark", "TestSpecDevAgentErrorHandling", "test_spec_dev_agent.py", "spec_automation", "tests", "autoBMAD", "pytQt_template", ""], "setup": {"duration": 0.0003963000053772703, "outcome": "passed"}, "call": {"duration": 0.0001213000068673864, "outcome": "passed"}, "teardown": {"duration": 0.00016840000171214342, "outcome": "passed"}}, {"nodeid": "autoBMAD/spec_automation/tests/spec_automation/test_spec_dev_agent.py::TestSpecDevAgentErrorHandling::test_handle_sdk_unavailable", "lineno": 424, "outcome": "passed", "keywords": ["test_handle_sdk_unavailable", "asyncio", "pytestmark", "TestSpecDevAgentErrorHandling", "test_spec_dev_agent.py", "spec_automation", "tests", "autoBMAD", "pytQt_template", ""], "setup": {"duration": 0.00040019999141804874, "outcome": "passed"}, "call": {"duration": 0.00011170000652782619, "outcome": "passed"}, "teardown": {"duration": 0.0001604999997653067, "outcome": "passed"}}, {"nodeid": "autoBMAD/spec_automation/tests/spec_automation/test_spec_dev_agent.py::TestSpecDevAgentErrorHandling::test_handle_test_execution_failure", "lineno": 430, "outcome": "passed", "keywords": ["test_handle_test_execution_failure", "asyncio", "pytestmark", "TestSpecDevAgentErrorHandling", "test_spec_dev_agent.py", "spec_automation", "tests", "autoBMAD", "pytQt_template", ""], "setup": {"duration": 0.001144699999713339, "outcome": "passed"}, "call": {"duration": 0.00012480000441428274, "outcome": "passed"}, "teardown": {"duration": 0.00017810000281315297, "outcome": "passed"}}, {"nodeid": "autoBMAD/spec_automation/tests/spec_automation/test_spec_dev_agent.py::TestSpecDevAgentErrorHandling::test_handle_quality_gate_failure", "lineno": 436, "outcome": "passed", "keywords": ["test_handle_quality_gate_failure", "asyncio", "pytestmark", "TestSpecDevAgentErrorHandling", "test_spec_dev_agent.py", "spec_automation", "tests", "autoBMAD", "pytQt_template", ""], "setup": {"duration": 0.001197099991259165, "outcome": "passed"}, "call": {"duration": 0.0001244000013684854, "outcome": "passed"}, "teardown": {"duration": 0.0001795999996829778, "outcome": "passed"}}, {"nodeid": "autoBMAD/spec_automation/tests/spec_automation/test_spec_dev_agent.py::TestSpecDevAgentErrorHandling::test_recovery_from_errors", "lineno": 442, "outcome": "passed", "keywords": ["test_recovery_from_errors", "asyncio", "pytestmark", "TestSpecDevAgentErrorHandling", "test_spec_dev_agent.py", "spec_automation", "tests", "autoBMAD", "pytQt_template", ""], "setup": {"duration": 0.001128100004279986, "outcome": "passed"}, "call": {"duration": 0.0001218999968841672, "outcome": "passed"}, "teardown": {"duration": 0.00017999998817685992, "outcome": "passed"}}, {"nodeid": "autoBMAD/spec_automation/tests/spec_automation/test_spec_dev_agent.py::TestSpecDevAgentIndependentOperation::test_no_bmad_core_dependency", "lineno": 464, "outcome": "passed", "keywords": ["test_no_bmad_core_dependency", "asyncio", "pytestmark", "TestSpecDevAgentIndependentOperation", "test_spec_dev_agent.py", "spec_automation", "tests", "autoBMAD", "pytQt_template", ""], "setup": {"duration": 0.00027150000096298754, "outcome": "passed"}, "call": {"duration": 0.00011249999806750566, "outcome": "passed"}, "teardown": {"duration": 0.00015310000162571669, "outcome": "passed"}}, {"nodeid": "autoBMAD/spec_automation/tests/spec_automation/test_spec_dev_agent.py::TestSpecDevAgentIndependentOperation::test_safe_claude_sdk_integration", "lineno": 470, "outcome": "passed", "keywords": ["test_safe_claude_sdk_integration", "asyncio", "pytestmark", "TestSpecDevAgentIndependentOperation", "test_spec_dev_agent.py", "spec_automation", "tests", "autoBMAD", "pytQt_template", ""], "setup": {"duration": 0.00038159999530762434, "outcome": "passed"}, "call": {"duration": 0.00011930000619031489, "outcome": "passed"}, "teardown": {"duration": 0.0001588000013725832, "outcome": "passed"}}, {"nodeid": "autoBMAD/spec_automation/tests/spec_automation/test_spec_dev_agent.py::TestSpecDevAgentIndependentOperation::test_standalone_operation", "lineno": 476, "outcome": "passed", "keywords": ["test_standalone_operation", "asyncio", "pytestmark", "TestSpecDevAgentIndependentOperation", "test_spec_dev_agent.py", "spec_automation", "tests", "autoBMAD", "pytQt_template", ""], "setup": {"duration": 0.00037429999792948365, "outcome": "passed"}, "call": {"duration": 0.00011229999654460698, "outcome": "passed"}, "teardown": {"duration": 0.00016129999130498618, "outcome": "passed"}}, {"nodeid": "autoBMAD/spec_automation/tests/spec_automation/test_spec_dev_agent.py::TestCompleteTDDCycle::test_complete_tdd_cycle_all_requirements", "lineno": 548, "outcome": "passed", "keywords": ["test_complete_tdd_cycle_all_requirements", "asyncio", "pytestmark", "TestCompleteTDDCycle", "test_spec_dev_agent.py", "spec_automation", "tests", "autoBMAD", "pytQt_template", ""], "setup": {"duration": 0.0011655000125756487, "outcome": "passed"}, "call": {"duration": 0.00012430000060703605, "outcome": "passed"}, "teardown": {"duration": 0.00017830000433605164, "outcome": "passed"}}, {"nodeid": "autoBMAD/spec_automation/tests/spec_automation/test_spec_dev_agent.py::TestCompleteTDDCycle::test_complete_tdd_cycle_coverage_target", "lineno": 555, "outcome": "passed", "keywords": ["test_complete_tdd_cycle_coverage_target", "asyncio", "pytestmark", "TestCompleteTDDCycle", "test_spec_dev_agent.py", "spec_automation", "tests", "autoBMAD", "pytQt_template", ""], "setup": {"duration": 0.0011698999878717586, "outcome": "passed"}, "call": {"duration": 0.00012830000196117908, "outcome": "passed"}, "teardown": {"duration": 0.00017889999435283244, "outcome": "passed"}}, {"nodeid": "autoBMAD/spec_automation/tests/spec_automation/test_spec_dev_agent.py::TestCompleteTDDCycle::test_complete_tdd_cycle_quality_gates", "lineno": 561, "outcome": "passed", "keywords": ["test_complete_tdd_cycle_quality_gates", "asyncio", "pytestmark", "TestCompleteTDDCycle", "test_spec_dev_agent.py", "spec_automation", "tests", "autoBMAD", "pytQt_template", ""], "setup": {"duration": 0.0012302999966777861, "outcome": "passed"}, "call": {"duration": 0.00012290000449866056, "outcome": "passed"}, "teardown": {"duration": 0.00018039999122265726, "outcome": "passed"}}, {"nodeid": "autoBMAD/spec_automation/tests/spec_automation/test_spec_driver.py::TestSpecDriver::test_spec_driver_initialization", "lineno": 60, "outcome": "passed", "keywords": ["test_spec_driver_initialization", "TestSpecDriver", "test_spec_driver.py", "spec_automation", "tests", "autoBMAD", "pytQt_template", ""], "setup": {"duration": 0.0009387000027345493, "outcome": "passed"}, "call": {"duration": 0.13221639998664614, "outcome": "passed", "stderr": "WARNING:autoBMAD.spec_automation.quality_gates:QualityGateRunner initialized without quality agents\nWARNING:autoBMAD.spec_automation.quality_gates:QualityGateRunner initialized without quality agents\n", "log": [{"name": "autoBMAD.spec_automation.quality_gates", "msg": "QualityGateRunner initialized without quality agents", "args": null, "levelname": "WARNING", "levelno": 30, "pathname": "D:\\GITHUB\\pytQt_template\\autoBMAD\\spec_automation\\quality_gates.py", "filename": "quality_gates.py", "module": "quality_gates", "exc_info": null, "exc_text": null, "stack_info": null, "lineno": 53, "funcName": "__init__", "created": 1767913424.6086042, "msecs": 608.0, "relativeCreated": 585.6593, "thread": 43340, "threadName": "MainThread", "processName": "MainProcess", "process": 51344, "taskName": null}, {"name": "autoBMAD.spec_automation.quality_gates", "msg": "QualityGateRunner initialized without quality agents", "args": null, "levelname": "WARNING", "levelno": 30, "pathname": "D:\\GITHUB\\pytQt_template\\autoBMAD\\spec_automation\\quality_gates.py", "filename": "quality_gates.py", "module": "quality_gates", "exc_info": null, "exc_text": null, "stack_info": null, "lineno": 53, "funcName": "__init__", "created": 1767913424.6091166, "msecs": 609.0, "relativeCreated": 586.1718, "thread": 43340, "threadName": "MainThread", "processName": "MainProcess", "process": 51344, "taskName": null}]}, "teardown": {"duration": 0.00012179999612271786, "outcome": "passed"}}, {"nodeid": "autoBMAD/spec_automation/tests/spec_automation/test_spec_driver.py::TestSpecDriver::test_spec_driver_has_doc_parser", "lineno": 66, "outcome": "passed", "keywords": ["test_spec_driver_has_doc_parser", "TestSpecDriver", "test_spec_driver.py", "spec_automation", "tests", "autoBMAD", "pytQt_template", ""], "setup": {"duration": 0.12952519999817014, "outcome": "passed", "stderr": "WARNING:autoBMAD.spec_automation.quality_gates:QualityGateRunner initialized without quality agents\nWARNING:autoBMAD.spec_automation.quality_gates:QualityGateRunner initialized without quality agents\n", "log": [{"name": "autoBMAD.spec_automation.quality_gates", "msg": "QualityGateRunner initialized without quality agents", "args": null, "levelname": "WARNING", "levelno": 30, "pathname": "D:\\GITHUB\\pytQt_template\\autoBMAD\\spec_automation\\quality_gates.py", "filename": "quality_gates.py", "module": "quality_gates", "exc_info": null, "exc_text": null, "stack_info": null, "lineno": 53, "funcName": "__init__", "created": 1767913424.7389095, "msecs": 738.0, "relativeCreated": 715.9645, "thread": 43340, "threadName": "MainThread", "processName": "MainProcess", "process": 51344, "taskName": null}, {"name": "autoBMAD.spec_automation.quality_gates", "msg": "QualityGateRunner initialized without quality agents", "args": null, "levelname": "WARNING", "levelno": 30, "pathname": "D:\\GITHUB\\pytQt_template\\autoBMAD\\spec_automation\\quality_gates.py", "filename": "quality_gates.py", "module": "quality_gates", "exc_info": null, "exc_text": null, "stack_info": null, "lineno": 53, "funcName": "__init__", "created": 1767913424.7393782, "msecs": 739.0, "relativeCreated": 716.4334, "thread": 43340, "threadName": "MainThread", "processName": "MainProcess", "process": 51344, "taskName": null}]}, "call": {"duration": 0.00012929999502375722, "outcome": "passed"}, "teardown": {"duration": 9.130001126322895e-05, "outcome": "passed"}}, {"nodeid": "autoBMAD/spec_automation/tests/spec_automation/test_spec_driver.py::TestSpecDriver::test_spec_driver_has_dev_agent", "lineno": 71, "outcome": "passed", "keywords": ["test_spec_driver_has_dev_agent", "TestSpecDriver", "test_spec_driver.py", "spec_automation", "tests", "autoBMAD", "pytQt_template", ""], "setup": {"duration": 0.13154649999341927, "outcome": "passed", "stderr": "WARNING:autoBMAD.spec_automation.quality_gates:QualityGateRunner initialized without quality agents\nWARNING:autoBMAD.spec_automation.quality_gates:QualityGateRunner initialized without quality agents\n", "log": [{"name": "autoBMAD.spec_automation.quality_gates", "msg": "QualityGateRunner initialized without quality agents", "args": null, "levelname": "WARNING", "levelno": 30, "pathname": "D:\\GITHUB\\pytQt_template\\autoBMAD\\spec_automation\\quality_gates.py", "filename": "quality_gates.py", "module": "quality_gates", "exc_info": null, "exc_text": null, "stack_info": null, "lineno": 53, "funcName": "__init__", "created": 1767913424.871705, "msecs": 871.0, "relativeCreated": 848.7602, "thread": 43340, "threadName": "MainThread", "processName": "MainProcess", "process": 51344, "taskName": null}, {"name": "autoBMAD.spec_automation.quality_gates", "msg": "QualityGateRunner initialized without quality agents", "args": null, "levelname": "WARNING", "levelno": 30, "pathname": "D:\\GITHUB\\pytQt_template\\autoBMAD\\spec_automation\\quality_gates.py", "filename": "quality_gates.py", "module": "quality_gates", "exc_info": null, "exc_text": null, "stack_info": null, "lineno": 53, "funcName": "__init__", "created": 1767913424.8721554, "msecs": 872.0, "relativeCreated": 849.2104, "thread": 43340, "threadName": "MainThread", "processName": "MainProcess", "process": 51344, "taskName": null}]}, "call": {"duration": 0.00012419999984558672, "outcome": "passed"}, "teardown": {"duration": 8.870000601746142e-05, "outcome": "passed"}}, {"nodeid": "autoBMAD/spec_automation/tests/spec_automation/test_spec_driver.py::TestSpecDriver::test_spec_driver_has_qa_agent", "lineno": 76, "outcome": "passed", "keywords": ["test_spec_driver_has_qa_agent", "TestSpecDriver", "test_spec_driver.py", "spec_automation", "tests", "autoBMAD", "pytQt_template", ""], "setup": {"duration": 0.12831359999836423, "outcome": "passed", "stderr": "WARNING:autoBMAD.spec_automation.quality_gates:QualityGateRunner initialized without quality agents\nWARNING:autoBMAD.spec_automation.quality_gates:QualityGateRunner initialized without quality agents\n", "log": [{"name": "autoBMAD.spec_automation.quality_gates", "msg": "QualityGateRunner initialized without quality agents", "args": null, "levelname": "WARNING", "levelno": 30, "pathname": "D:\\GITHUB\\pytQt_template\\autoBMAD\\spec_automation\\quality_gates.py", "filename": "quality_gates.py", "module": "quality_gates", "exc_info": null, "exc_text": null, "stack_info": null, "lineno": 53, "funcName": "__init__", "created": 1767913425.0000908, "msecs": 0.0, "relativeCreated": 977.1461, "thread": 43340, "threadName": "MainThread", "processName": "MainProcess", "process": 51344, "taskName": null}, {"name": "autoBMAD.spec_automation.quality_gates", "msg": "QualityGateRunner initialized without quality agents", "args": null, "levelname": "WARNING", "levelno": 30, "pathname": "D:\\GITHUB\\pytQt_template\\autoBMAD\\spec_automation\\quality_gates.py", "filename": "quality_gates.py", "module": "quality_gates", "exc_info": null, "exc_text": null, "stack_info": null, "lineno": 53, "funcName": "__init__", "created": 1767913425.000554, "msecs": 0.0, "relativeCreated": 977.6092, "thread": 43340, "threadName": "MainThread", "processName": "MainProcess", "process": 51344, "taskName": null}]}, "call": {"duration": 0.00012480000441428274, "outcome": "passed"}, "teardown": {"duration": 8.97999998414889e-05, "outcome": "passed"}}, {"nodeid": "autoBMAD/spec_automation/tests/spec_automation/test_spec_driver.py::TestSpecDriver::test_spec_driver_has_quality_gates", "lineno": 81, "outcome": "passed", "keywords": ["test_spec_driver_has_quality_gates", "TestSpecDriver", "test_spec_driver.py", "spec_automation", "tests", "autoBMAD", "pytQt_template", ""], "setup": {"duration": 0.12949629999639, "outcome": "passed", "stderr": "WARNING:autoBMAD.spec_automation.quality_gates:QualityGateRunner initialized without quality agents\nWARNING:autoBMAD.spec_automation.quality_gates:QualityGateRunner initialized without quality agents\n", "log": [{"name": "autoBMAD.spec_automation.quality_gates", "msg": "QualityGateRunner initialized without quality agents", "args": null, "levelname": "WARNING", "levelno": 30, "pathname": "D:\\GITHUB\\pytQt_template\\autoBMAD\\spec_automation\\quality_gates.py", "filename": "quality_gates.py", "module": "quality_gates", "exc_info": null, "exc_text": null, "stack_info": null, "lineno": 53, "funcName": "__init__", "created": 1767913425.1298556, "msecs": 129.0, "relativeCreated": 1106.9109, "thread": 43340, "threadName": "MainThread", "processName": "MainProcess", "process": 51344, "taskName": null}, {"name": "autoBMAD.spec_automation.quality_gates", "msg": "QualityGateRunner initialized without quality agents", "args": null, "levelname": "WARNING", "levelno": 30, "pathname": "D:\\GITHUB\\pytQt_template\\autoBMAD\\spec_automation\\quality_gates.py", "filename": "quality_gates.py", "module": "quality_gates", "exc_info": null, "exc_text": null, "stack_info": null, "lineno": 53, "funcName": "__init__", "created": 1767913425.130309, "msecs": 130.0, "relativeCreated": 1107.3642, "thread": 43340, "threadName": "MainThread", "processName": "MainProcess", "process": 51344, "taskName": null}]}, "call": {"duration": 0.00012409999908413738, "outcome": "passed"}, "teardown": {"duration": 9.010000212583691e-05, "outcome": "passed"}}, {"nodeid": "autoBMAD/spec_automation/tests/spec_automation/test_spec_driver.py::TestSpecDriver::test_spec_driver_has_state_manager", "lineno": 86, "outcome": "passed", "keywords": ["test_spec_driver_has_state_manager", "TestSpecDriver", "test_spec_driver.py", "spec_automation", "tests", "autoBMAD", "pytQt_template", ""], "setup": {"duration": 0.13164949999190867, "outcome": "passed", "stderr": "WARNING:autoBMAD.spec_automation.quality_gates:QualityGateRunner initialized without quality agents\nWARNING:autoBMAD.spec_automation.quality_gates:QualityGateRunner initialized without quality agents\n", "log": [{"name": "autoBMAD.spec_automation.quality_gates", "msg": "QualityGateRunner initialized without quality agents", "args": null, "levelname": "WARNING", "levelno": 30, "pathname": "D:\\GITHUB\\pytQt_template\\autoBMAD\\spec_automation\\quality_gates.py", "filename": "quality_gates.py", "module": "quality_gates", "exc_info": null, "exc_text": null, "stack_info": null, "lineno": 53, "funcName": "__init__", "created": 1767913425.262689, "msecs": 262.0, "relativeCreated": 1239.7441, "thread": 43340, "threadName": "MainThread", "processName": "MainProcess", "process": 51344, "taskName": null}, {"name": "autoBMAD.spec_automation.quality_gates", "msg": "QualityGateRunner initialized without quality agents", "args": null, "levelname": "WARNING", "levelno": 30, "pathname": "D:\\GITHUB\\pytQt_template\\autoBMAD\\spec_automation\\quality_gates.py", "filename": "quality_gates.py", "module": "quality_gates", "exc_info": null, "exc_text": null, "stack_info": null, "lineno": 53, "funcName": "__init__", "created": 1767913425.2631514, "msecs": 263.0, "relativeCreated": 1240.2064, "thread": 43340, "threadName": "MainThread", "processName": "MainProcess", "process": 51344, "taskName": null}]}, "call": {"duration": 0.00012360000982880592, "outcome": "passed"}, "teardown": {"duration": 8.719999459572136e-05, "outcome": "passed"}}, {"nodeid": "autoBMAD/spec_automation/tests/spec_automation/test_spec_driver.py::TestSpecDriver::test_execute_workflow_returns_dict", "lineno": 91, "outcome": "passed", "keywords": ["test_execute_workflow_returns_dict", "asyncio", "pytestmark", "TestSpecDriver", "test_spec_driver.py", "spec_automation", "tests", "autoBMAD", "pytQt_template", ""], "setup": {"duration": 0.13142570000491105, "outcome": "passed", "stderr": "WARNING:autoBMAD.spec_automation.quality_gates:QualityGateRunner initialized without quality agents\nWARNING:autoBMAD.spec_automation.quality_gates:QualityGateRunner initialized without quality agents\n", "log": [{"name": "autoBMAD.spec_automation.quality_gates", "msg": "QualityGateRunner initialized without quality agents", "args": null, "levelname": "WARNING", "levelno": 30, "pathname": "D:\\GITHUB\\pytQt_template\\autoBMAD\\spec_automation\\quality_gates.py", "filename": "quality_gates.py", "module": "quality_gates", "exc_info": null, "exc_text": null, "stack_info": null, "lineno": 53, "funcName": "__init__", "created": 1767913425.3935947, "msecs": 393.0, "relativeCreated": 1370.6497, "thread": 43340, "threadName": "MainThread", "processName": "MainProcess", "process": 51344, "taskName": null}, {"name": "autoBMAD.spec_automation.quality_gates", "msg": "QualityGateRunner initialized without quality agents", "args": null, "levelname": "WARNING", "levelno": 30, "pathname": "D:\\GITHUB\\pytQt_template\\autoBMAD\\spec_automation\\quality_gates.py", "filename": "quality_gates.py", "module": "quality_gates", "exc_info": null, "exc_text": null, "stack_info": null, "lineno": 53, "funcName": "__init__", "created": 1767913425.394057, "msecs": 394.0, "relativeCreated": 1371.1121, "thread": 43340, "threadName": "MainThread", "processName": "MainProcess", "process": 51344, "taskName": null}]}, "call": {"duration": 0.0014693999983137473, "outcome": "passed", "stderr": "ERROR:autoBMAD.spec_automation.doc_parser:Error parsing document C:\\Users\\Administrator\\AppData\\Local\\Temp\\pytest-of-Administrator\\pytest-179\\test_execute_workflow_returns_0\\test_story.md: 'utf-8' codec can't decode byte 0xa1 in position 226: invalid start byte\nERROR:autoBMAD.spec_automation.spec_driver:Workflow failed: 'utf-8' codec can't decode byte 0xa1 in position 226: invalid start byte\nTraceback (most recent call last):\n  File \"D:\\GITHUB\\pytQt_template\\autoBMAD\\spec_automation\\spec_driver.py\", line 99, in execute_workflow\n    requirements = self.doc_parser.parse_document(Path(document_path))\n  File \"D:\\GITHUB\\pytQt_template\\autoBMAD\\spec_automation\\doc_parser.py\", line 40, in parse_document\n    content = f.read()\n  File \"<frozen codecs>\", line 325, in decode\nUnicodeDecodeError: 'utf-8' codec can't decode byte 0xa1 in position 226: invalid start byte\n", "log": [{"name": "autoBMAD.spec_automation.doc_parser", "msg": "Error parsing document C:\\Users\\Administrator\\AppData\\Local\\Temp\\pytest-of-Administrator\\pytest-179\\test_execute_workflow_returns_0\\test_story.md: 'utf-8' codec can't decode byte 0xa1 in position 226: invalid start byte", "args": null, "levelname": "ERROR", "levelno": 40, "pathname": "D:\\GITHUB\\pytQt_template\\autoBMAD\\spec_automation\\doc_parser.py", "filename": "doc_parser.py", "module": "doc_parser", "exc_info": null, "exc_text": null, "stack_info": null, "lineno": 47, "funcName": "parse_document", "created": 1767913425.409257, "msecs": 409.0, "relativeCreated": 1386.3121, "thread": 43340, "threadName": "MainThread", "processName": "MainProcess", "process": 51344, "taskName": "Task-118"}, {"name": "autoBMAD.spec_automation.spec_driver", "msg": "Workflow failed: 'utf-8' codec can't decode byte 0xa1 in position 226: invalid start byte", "args": null, "levelname": "ERROR", "levelno": 40, "pathname": "D:\\GITHUB\\pytQt_template\\autoBMAD\\spec_automation\\spec_driver.py", "filename": "spec_driver.py", "module": "spec_driver", "exc_info": null, "exc_text": "Traceback (most recent call last):\n  File \"D:\\GITHUB\\pytQt_template\\autoBMAD\\spec_automation\\spec_driver.py\", line 99, in execute_workflow\n    requirements = self.doc_parser.parse_document(Path(document_path))\n  File \"D:\\GITHUB\\pytQt_template\\autoBMAD\\spec_automation\\doc_parser.py\", line 40, in parse_document\n    content = f.read()\n  File \"<frozen codecs>\", line 325, in decode\nUnicodeDecodeError: 'utf-8' codec can't decode byte 0xa1 in position 226: invalid start byte", "stack_info": null, "lineno": 170, "funcName": "execute_workflow", "created": 1767913425.4093337, "msecs": 409.0, "relativeCreated": 1386.3889, "thread": 43340, "threadName": "MainThread", "processName": "MainProcess", "process": 51344, "taskName": "Task-118"}]}, "teardown": {"duration": 0.00026889999571722, "outcome": "passed"}}, {"nodeid": "autoBMAD/spec_automation/tests/spec_automation/test_spec_driver.py::TestSpecDriver::test_execute_workflow_has_success_key", "lineno": 97, "outcome": "passed", "keywords": ["test_execute_workflow_has_success_key", "asyncio", "pytestmark", "TestSpecDriver", "test_spec_driver.py", "spec_automation", "tests", "autoBMAD", "pytQt_template", ""], "setup": {"duration": 0.13089400000171736, "outcome": "passed", "stderr": "WARNING:autoBMAD.spec_automation.quality_gates:QualityGateRunner initialized without quality agents\nWARNING:autoBMAD.spec_automation.quality_gates:QualityGateRunner initialized without quality agents\n", "log": [{"name": "autoBMAD.spec_automation.quality_gates", "msg": "QualityGateRunner initialized without quality agents", "args": null, "levelname": "WARNING", "levelno": 30, "pathname": "D:\\GITHUB\\pytQt_template\\autoBMAD\\spec_automation\\quality_gates.py", "filename": "quality_gates.py", "module": "quality_gates", "exc_info": null, "exc_text": null, "stack_info": null, "lineno": 53, "funcName": "__init__", "created": 1767913425.526012, "msecs": 526.0, "relativeCreated": 1503.0669, "thread": 43340, "threadName": "MainThread", "processName": "MainProcess", "process": 51344, "taskName": null}, {"name": "autoBMAD.spec_automation.quality_gates", "msg": "QualityGateRunner initialized without quality agents", "args": null, "levelname": "WARNING", "levelno": 30, "pathname": "D:\\GITHUB\\pytQt_template\\autoBMAD\\spec_automation\\quality_gates.py", "filename": "quality_gates.py", "module": "quality_gates", "exc_info": null, "exc_text": null, "stack_info": null, "lineno": 53, "funcName": "__init__", "created": 1767913425.5264704, "msecs": 526.0, "relativeCreated": 1503.5255, "thread": 43340, "threadName": "MainThread", "processName": "MainProcess", "process": 51344, "taskName": null}]}, "call": {"duration": 0.0011809000134235248, "outcome": "passed", "stderr": "ERROR:autoBMAD.spec_automation.doc_parser:Error parsing document C:\\Users\\Administrator\\AppData\\Local\\Temp\\pytest-of-Administrator\\pytest-179\\test_execute_workflow_has_succ0\\test_story.md: 'utf-8' codec can't decode byte 0xa1 in position 226: invalid start byte\nERROR:autoBMAD.spec_automation.spec_driver:Workflow failed: 'utf-8' codec can't decode byte 0xa1 in position 226: invalid start byte\nTraceback (most recent call last):\n  File \"D:\\GITHUB\\pytQt_template\\autoBMAD\\spec_automation\\spec_driver.py\", line 99, in execute_workflow\n    requirements = self.doc_parser.parse_document(Path(document_path))\n  File \"D:\\GITHUB\\pytQt_template\\autoBMAD\\spec_automation\\doc_parser.py\", line 40, in parse_document\n    content = f.read()\n  File \"<frozen codecs>\", line 325, in decode\nUnicodeDecodeError: 'utf-8' codec can't decode byte 0xa1 in position 226: invalid start byte\n", "log": [{"name": "autoBMAD.spec_automation.doc_parser", "msg": "Error parsing document C:\\Users\\Administrator\\AppData\\Local\\Temp\\pytest-of-Administrator\\pytest-179\\test_execute_workflow_has_succ0\\test_story.md: 'utf-8' codec can't decode byte 0xa1 in position 226: invalid start byte", "args": null, "levelname": "ERROR", "levelno": 40, "pathname": "D:\\GITHUB\\pytQt_template\\autoBMAD\\spec_automation\\doc_parser.py", "filename": "doc_parser.py", "module": "doc_parser", "exc_info": null, "exc_text": null, "stack_info": null, "lineno": 47, "funcName": "parse_document", "created": 1767913425.5421438, "msecs": 542.0, "relativeCreated": 1519.1989, "thread": 43340, "threadName": "MainThread", "processName": "MainProcess", "process": 51344, "taskName": "Task-121"}, {"name": "autoBMAD.spec_automation.spec_driver", "msg": "Workflow failed: 'utf-8' codec can't decode byte 0xa1 in position 226: invalid start byte", "args": null, "levelname": "ERROR", "levelno": 40, "pathname": "D:\\GITHUB\\pytQt_template\\autoBMAD\\spec_automation\\spec_driver.py", "filename": "spec_driver.py", "module": "spec_driver", "exc_info": null, "exc_text": "Traceback (most recent call last):\n  File \"D:\\GITHUB\\pytQt_template\\autoBMAD\\spec_automation\\spec_driver.py\", line 99, in execute_workflow\n    requirements = self.doc_parser.parse_document(Path(document_path))\n  File \"D:\\GITHUB\\pytQt_template\\autoBMAD\\spec_automation\\doc_parser.py\", line 40, in parse_document\n    content = f.read()\n  File \"<frozen codecs>\", line 325, in decode\nUnicodeDecodeError: 'utf-8' codec can't decode byte 0xa1 in position 226: invalid start byte", "stack_info": null, "lineno": 170, "funcName": "execute_workflow", "created": 1767913425.5422153, "msecs": 542.0, "relativeCreated": 1519.2705, "thread": 43340, "threadName": "MainThread", "processName": "MainProcess", "process": 51344, "taskName": "Task-121"}]}, "teardown": {"duration": 0.00026950000028591603, "outcome": "passed"}}, {"nodeid": "autoBMAD/spec_automation/tests/spec_automation/test_spec_driver.py::TestSpecDriver::test_iteration_control_has_max_limit", "lineno": 103, "outcome": "passed", "keywords": ["test_iteration_control_has_max_limit", "asyncio", "pytestmark", "TestSpecDriver", "test_spec_driver.py", "spec_automation", "tests", "autoBMAD", "pytQt_template", ""], "setup": {"duration": 0.1438643999863416, "outcome": "passed", "stderr": "WARNING:autoBMAD.spec_automation.quality_gates:QualityGateRunner initialized without quality agents\nWARNING:autoBMAD.spec_automation.quality_gates:QualityGateRunner initialized without quality agents\n", "log": [{"name": "autoBMAD.spec_automation.quality_gates", "msg": "QualityGateRunner initialized without quality agents", "args": null, "levelname": "WARNING", "levelno": 30, "pathname": "D:\\GITHUB\\pytQt_template\\autoBMAD\\spec_automation\\quality_gates.py", "filename": "quality_gates.py", "module": "quality_gates", "exc_info": null, "exc_text": null, "stack_info": null, "lineno": 53, "funcName": "__init__", "created": 1767913425.672521, "msecs": 672.0, "relativeCreated": 1649.5762, "thread": 43340, "threadName": "MainThread", "processName": "MainProcess", "process": 51344, "taskName": null}, {"name": "autoBMAD.spec_automation.quality_gates", "msg": "QualityGateRunner initialized without quality agents", "args": null, "levelname": "WARNING", "levelno": 30, "pathname": "D:\\GITHUB\\pytQt_template\\autoBMAD\\spec_automation\\quality_gates.py", "filename": "quality_gates.py", "module": "quality_gates", "exc_info": null, "exc_text": null, "stack_info": null, "lineno": 53, "funcName": "__init__", "created": 1767913425.672991, "msecs": 672.0, "relativeCreated": 1650.046, "thread": 43340, "threadName": "MainThread", "processName": "MainProcess", "process": 51344, "taskName": null}]}, "call": {"duration": 0.00021079998987261206, "outcome": "passed"}, "teardown": {"duration": 0.0002325000095879659, "outcome": "passed"}}, {"nodeid": "autoBMAD/spec_automation/tests/spec_automation/test_spec_driver.py::TestSpecDriver::test_iteration_control_prevents_infinite_loops", "lineno": 109, "outcome": "passed", "keywords": ["test_iteration_control_prevents_infinite_loops", "asyncio", "pytestmark", "TestSpecDriver", "test_spec_driver.py", "spec_automation", "tests", "autoBMAD", "pytQt_template", ""], "setup": {"duration": 0.1355525000108173, "outcome": "passed", "stderr": "WARNING:autoBMAD.spec_automation.quality_gates:QualityGateRunner initialized without quality agents\nWARNING:autoBMAD.spec_automation.quality_gates:QualityGateRunner initialized without quality agents\n", "log": [{"name": "autoBMAD.spec_automation.quality_gates", "msg": "QualityGateRunner initialized without quality agents", "args": null, "levelname": "WARNING", "levelno": 30, "pathname": "D:\\GITHUB\\pytQt_template\\autoBMAD\\spec_automation\\quality_gates.py", "filename": "quality_gates.py", "module": "quality_gates", "exc_info": null, "exc_text": null, "stack_info": null, "lineno": 53, "funcName": "__init__", "created": 1767913425.808515, "msecs": 808.0, "relativeCreated": 1785.5703, "thread": 43340, "threadName": "MainThread", "processName": "MainProcess", "process": 51344, "taskName": null}, {"name": "autoBMAD.spec_automation.quality_gates", "msg": "QualityGateRunner initialized without quality agents", "args": null, "levelname": "WARNING", "levelno": 30, "pathname": "D:\\GITHUB\\pytQt_template\\autoBMAD\\spec_automation\\quality_gates.py", "filename": "quality_gates.py", "module": "quality_gates", "exc_info": null, "exc_text": null, "stack_info": null, "lineno": 53, "funcName": "__init__", "created": 1767913425.8089888, "msecs": 808.0, "relativeCreated": 1786.044, "thread": 43340, "threadName": "MainThread", "processName": "MainProcess", "process": 51344, "taskName": null}]}, "call": {"duration": 0.0002280999906361103, "outcome": "passed"}, "teardown": {"duration": 0.000232299993513152, "outcome": "passed"}}, {"nodeid": "autoBMAD/spec_automation/tests/spec_automation/test_spec_driver.py::TestSpecDriver::test_workflow_state_machine_has_correct_phases", "lineno": 120, "outcome": "passed", "keywords": ["test_workflow_state_machine_has_correct_phases", "asyncio", "pytestmark", "TestSpecDriver", "test_spec_driver.py", "spec_automation", "tests", "autoBMAD", "pytQt_template", ""], "setup": {"duration": 0.13168439999572001, "outcome": "passed", "stderr": "WARNING:autoBMAD.spec_automation.quality_gates:QualityGateRunner initialized without quality agents\nWARNING:autoBMAD.spec_automation.quality_gates:QualityGateRunner initialized without quality agents\n", "log": [{"name": "autoBMAD.spec_automation.quality_gates", "msg": "QualityGateRunner initialized without quality agents", "args": null, "levelname": "WARNING", "levelno": 30, "pathname": "D:\\GITHUB\\pytQt_template\\autoBMAD\\spec_automation\\quality_gates.py", "filename": "quality_gates.py", "module": "quality_gates", "exc_info": null, "exc_text": null, "stack_info": null, "lineno": 53, "funcName": "__init__", "created": 1767913425.9403315, "msecs": 940.0, "relativeCreated": 1917.3867, "thread": 43340, "threadName": "MainThread", "processName": "MainProcess", "process": 51344, "taskName": null}, {"name": "autoBMAD.spec_automation.quality_gates", "msg": "QualityGateRunner initialized without quality agents", "args": null, "levelname": "WARNING", "levelno": 30, "pathname": "D:\\GITHUB\\pytQt_template\\autoBMAD\\spec_automation\\quality_gates.py", "filename": "quality_gates.py", "module": "quality_gates", "exc_info": null, "exc_text": null, "stack_info": null, "lineno": 53, "funcName": "__init__", "created": 1767913425.9407954, "msecs": 940.0, "relativeCreated": 1917.8504, "thread": 43340, "threadName": "MainThread", "processName": "MainProcess", "process": 51344, "taskName": null}]}, "call": {"duration": 0.00026000000070780516, "outcome": "passed"}, "teardown": {"duration": 0.00029039999935775995, "outcome": "passed"}}, {"nodeid": "autoBMAD/spec_automation/tests/spec_automation/test_spec_driver.py::TestSpecDriver::test_quality_gates_enforce_standards", "lineno": 129, "outcome": "passed", "keywords": ["test_quality_gates_enforce_standards", "asyncio", "pytestmark", "TestSpecDriver", "test_spec_driver.py", "spec_automation", "tests", "autoBMAD", "pytQt_template", ""], "setup": {"duration": 0.1347232999978587, "outcome": "passed", "stderr": "WARNING:autoBMAD.spec_automation.quality_gates:QualityGateRunner initialized without quality agents\nWARNING:autoBMAD.spec_automation.quality_gates:QualityGateRunner initialized without quality agents\n", "log": [{"name": "autoBMAD.spec_automation.quality_gates", "msg": "QualityGateRunner initialized without quality agents", "args": null, "levelname": "WARNING", "levelno": 30, "pathname": "D:\\GITHUB\\pytQt_template\\autoBMAD\\spec_automation\\quality_gates.py", "filename": "quality_gates.py", "module": "quality_gates", "exc_info": null, "exc_text": null, "stack_info": null, "lineno": 53, "funcName": "__init__", "created": 1767913426.0757751, "msecs": 75.0, "relativeCreated": 2052.8303, "thread": 43340, "threadName": "MainThread", "processName": "MainProcess", "process": 51344, "taskName": null}, {"name": "autoBMAD.spec_automation.quality_gates", "msg": "QualityGateRunner initialized without quality agents", "args": null, "levelname": "WARNING", "levelno": 30, "pathname": "D:\\GITHUB\\pytQt_template\\autoBMAD\\spec_automation\\quality_gates.py", "filename": "quality_gates.py", "module": "quality_gates", "exc_info": null, "exc_text": null, "stack_info": null, "lineno": 53, "funcName": "__init__", "created": 1767913426.0762334, "msecs": 76.0, "relativeCreated": 2053.2885, "thread": 43340, "threadName": "MainThread", "processName": "MainProcess", "process": 51344, "taskName": null}]}, "call": {"duration": 0.015420899988384917, "outcome": "passed", "stderr": "ERROR:autoBMAD.spec_automation.doc_parser:Error parsing document C:\\Users\\Administrator\\AppData\\Local\\Temp\\pytest-of-Administrator\\pytest-179\\test_quality_gates_enforce_sta0\\test_story.md: 'utf-8' codec can't decode byte 0xa1 in position 226: invalid start byte\nERROR:autoBMAD.spec_automation.spec_dev_agent:Error executing TDD cycle: 'utf-8' codec can't decode byte 0xa1 in position 226: invalid start byte\nTraceback (most recent call last):\n  File \"D:\\GITHUB\\pytQt_template\\autoBMAD\\spec_automation\\spec_dev_agent.py\", line 61, in execute_tdd_cycle\n    story_data = self.doc_parser.parse_document(story_path_obj)\n  File \"D:\\GITHUB\\pytQt_template\\autoBMAD\\spec_automation\\doc_parser.py\", line 40, in parse_document\n    content = f.read()\n  File \"<frozen codecs>\", line 325, in decode\nUnicodeDecodeError: 'utf-8' codec can't decode byte 0xa1 in position 226: invalid start byte\n", "log": [{"name": "autoBMAD.spec_automation.doc_parser", "msg": "Error parsing document C:\\Users\\Administrator\\AppData\\Local\\Temp\\pytest-of-Administrator\\pytest-179\\test_quality_gates_enforce_sta0\\test_story.md: 'utf-8' codec can't decode byte 0xa1 in position 226: invalid start byte", "args": null, "levelname": "ERROR", "levelno": 40, "pathname": "D:\\GITHUB\\pytQt_template\\autoBMAD\\spec_automation\\doc_parser.py", "filename": "doc_parser.py", "module": "doc_parser", "exc_info": null, "exc_text": null, "stack_info": null, "lineno": 47, "funcName": "parse_document", "created": 1767913426.0972075, "msecs": 97.0, "relativeCreated": 2074.2626, "thread": 43340, "threadName": "MainThread", "processName": "MainProcess", "process": 51344, "taskName": "Task-133"}, {"name": "autoBMAD.spec_automation.spec_dev_agent", "msg": "Error executing TDD cycle: 'utf-8' codec can't decode byte 0xa1 in position 226: invalid start byte", "args": null, "levelname": "ERROR", "levelno": 40, "pathname": "D:\\GITHUB\\pytQt_template\\autoBMAD\\spec_automation\\spec_dev_agent.py", "filename": "spec_dev_agent.py", "module": "spec_dev_agent", "exc_info": null, "exc_text": "Traceback (most recent call last):\n  File \"D:\\GITHUB\\pytQt_template\\autoBMAD\\spec_automation\\spec_dev_agent.py\", line 61, in execute_tdd_cycle\n    story_data = self.doc_parser.parse_document(story_path_obj)\n  File \"D:\\GITHUB\\pytQt_template\\autoBMAD\\spec_automation\\doc_parser.py\", line 40, in parse_document\n    content = f.read()\n  File \"<frozen codecs>\", line 325, in decode\nUnicodeDecodeError: 'utf-8' codec can't decode byte 0xa1 in position 226: invalid start byte", "stack_info": null, "lineno": 151, "funcName": "execute_tdd_cycle", "created": 1767913426.0972857, "msecs": 97.0, "relativeCreated": 2074.3407, "thread": 43340, "threadName": "MainThread", "processName": "MainProcess", "process": 51344, "taskName": "Task-133"}]}, "teardown": {"duration": 0.00029540000832639635, "outcome": "passed"}}, {"nodeid": "autoBMAD/spec_automation/tests/test_doc_parser.py::TestDocumentParser::test_init", "lineno": 18, "outcome": "passed", "keywords": ["test_init", "TestDocumentParser", "test_doc_parser.py", "tests", "spec_automation", "autoBMAD", "pytQt_template", ""], "setup": {"duration": 8.739999611862004e-05, "outcome": "passed"}, "call": {"duration": 7.000000914558768e-05, "outcome": "passed"}, "teardown": {"duration": 5.160000000614673e-05, "outcome": "passed"}}, {"nodeid": "autoBMAD/spec_automation/tests/test_doc_parser.py::TestDocumentParser::test_parse_string_simple", "lineno": 23, "outcome": "passed", "keywords": ["test_parse_string_simple", "TestDocumentParser", "test_doc_parser.py", "tests", "spec_automation", "autoBMAD", "pytQt_template", ""], "setup": {"duration": 5.329999839887023e-05, "outcome": "passed"}, "call": {"duration": 0.0004317999992053956, "outcome": "passed"}, "teardown": {"duration": 5.1700000767596066e-05, "outcome": "passed"}}, {"nodeid": "autoBMAD/spec_automation/tests/test_doc_parser.py::TestDocumentParser::test_parse_string_with_tasks", "lineno": 45, "outcome": "passed", "keywords": ["test_parse_string_with_tasks", "TestDocumentParser", "test_doc_parser.py", "tests", "spec_automation", "autoBMAD", "pytQt_template", ""], "setup": {"duration": 5.190000229049474e-05, "outcome": "passed"}, "call": {"duration": 0.00013399998715613037, "outcome": "passed"}, "teardown": {"duration": 4.739999712910503e-05, "outcome": "passed"}}, {"nodeid": "autoBMAD/spec_automation/tests/test_doc_parser.py::TestDocumentParser::test_parse_string_empty_sections", "lineno": 63, "outcome": "passed", "keywords": ["test_parse_string_empty_sections", "TestDocumentParser", "test_doc_parser.py", "tests", "spec_automation", "autoBMAD", "pytQt_template", ""], "setup": {"duration": 4.990000161342323e-05, "outcome": "passed"}, "call": {"duration": 7.530000584665686e-05, "outcome": "passed"}, "teardown": {"duration": 4.549999721348286e-05, "outcome": "passed"}}, {"nodeid": "autoBMAD/spec_automation/tests/test_doc_parser.py::TestDocumentParser::test_parse_string_complex", "lineno": 78, "outcome": "failed", "keywords": ["test_parse_string_complex", "TestDocumentParser", "test_doc_parser.py", "tests", "spec_automation", "autoBMAD", "pytQt_template", ""], "setup": {"duration": 4.7599998652003706e-05, "outcome": "passed"}, "call": {"duration": 0.00021329999435693026, "outcome": "failed", "crash": {"path": "D:\\GITHUB\\pytQt_template\\autoBMAD\\spec_automation\\tests\\test_doc_parser.py", "lineno": 123, "message": "assert 0 > 0\n +  where 0 = len([])"}, "traceback": [{"path": "..\\spec_automation\\tests\\test_doc_parser.py", "lineno": 123, "message": "in test_parse_string_complex"}], "longrepr": "..\\spec_automation\\tests\\test_doc_parser.py:123: in test_parse_string_complex\n    assert len(result[\"requirements\"]) > 0\nE   assert 0 > 0\nE    +  where 0 = len([])"}, "teardown": {"duration": 7.320000440813601e-05, "outcome": "passed"}}, {"nodeid": "autoBMAD/spec_automation/tests/test_doc_parser.py::TestDocumentParser::test_parse_string_special_characters", "lineno": 125, "outcome": "passed", "keywords": ["test_parse_string_special_characters", "TestDocumentParser", "test_doc_parser.py", "tests", "spec_automation", "autoBMAD", "pytQt_template", ""], "setup": {"duration": 5.819999205414206e-05, "outcome": "passed"}, "call": {"duration": 0.00011389999417588115, "outcome": "passed"}, "teardown": {"duration": 4.959999932907522e-05, "outcome": "passed"}}, {"nodeid": "autoBMAD/spec_automation/tests/test_doc_parser.py::TestDocumentParser::test_parse_string_no_sections", "lineno": 146, "outcome": "passed", "keywords": ["test_parse_string_no_sections", "TestDocumentParser", "test_doc_parser.py", "tests", "spec_automation", "autoBMAD", "pytQt_template", ""], "setup": {"duration": 5.09000092279166e-05, "outcome": "passed"}, "call": {"duration": 7.300000288523734e-05, "outcome": "passed"}, "teardown": {"duration": 4.529999569058418e-05, "outcome": "passed"}}, {"nodeid": "autoBMAD/spec_automation/tests/test_doc_parser.py::TestDocumentParser::test_parse_document_file_exists", "lineno": 164, "outcome": "passed", "keywords": ["test_parse_document_file_exists", "TestDocumentParser", "test_doc_parser.py", "tests", "spec_automation", "autoBMAD", "pytQt_template", ""], "setup": {"duration": 0.0007287999906111509, "outcome": "passed"}, "call": {"duration": 0.0007705000025453046, "outcome": "passed"}, "teardown": {"duration": 7.2900002123788e-05, "outcome": "passed"}}, {"nodeid": "autoBMAD/spec_automation/tests/test_doc_parser.py::TestDocumentParser::test_parse_document_file_not_found", "lineno": 182, "outcome": "passed", "keywords": ["test_parse_document_file_not_found", "TestDocumentParser", "test_doc_parser.py", "tests", "spec_automation", "autoBMAD", "pytQt_template", ""], "setup": {"duration": 0.0006124999927124009, "outcome": "passed"}, "call": {"duration": 0.00034579999919515103, "outcome": "passed", "stderr": "ERROR:spec_automation.doc_parser:Document not found: C:\\Users\\Administrator\\AppData\\Local\\Temp\\pytest-of-Administrator\\pytest-179\\test_parse_document_file_not_f0\\nonexistent.md\n", "log": [{"name": "spec_automation.doc_parser", "msg": "Document not found: C:\\Users\\Administrator\\AppData\\Local\\Temp\\pytest-of-Administrator\\pytest-179\\test_parse_document_file_not_f0\\nonexistent.md", "args": null, "levelname": "ERROR", "levelno": 40, "pathname": "D:\\GITHUB\\pytQt_template\\spec_automation\\doc_parser.py", "filename": "doc_parser.py", "module": "doc_parser", "exc_info": null, "exc_text": null, "stack_info": null, "lineno": 44, "funcName": "parse_document", "created": 1767913426.1143, "msecs": 114.0, "relativeCreated": 2091.355, "thread": 43340, "threadName": "MainThread", "processName": "MainProcess", "process": 51344, "taskName": null}]}, "teardown": {"duration": 6.850001227576286e-05, "outcome": "passed"}}, {"nodeid": "autoBMAD/spec_automation/tests/test_doc_parser.py::TestDocumentParser::test_parse_string_multiline_requirements", "lineno": 190, "outcome": "passed", "keywords": ["test_parse_string_multiline_requirements", "TestDocumentParser", "test_doc_parser.py", "tests", "spec_automation", "autoBMAD", "pytQt_template", ""], "setup": {"duration": 5.8999998145736754e-05, "outcome": "passed"}, "call": {"duration": 0.00010090001160278916, "outcome": "passed"}, "teardown": {"duration": 4.880000778939575e-05, "outcome": "passed"}}, {"nodeid": "autoBMAD/spec_automation/tests/test_doc_parser.py::TestDocumentParser::test_parse_string_nested_lists", "lineno": 209, "outcome": "passed", "keywords": ["test_parse_string_nested_lists", "TestDocumentParser", "test_doc_parser.py", "tests", "spec_automation", "autoBMAD", "pytQt_template", ""], "setup": {"duration": 5.079999391455203e-05, "outcome": "passed"}, "call": {"duration": 8.50000069476664e-05, "outcome": "passed"}, "teardown": {"duration": 4.5599997974932194e-05, "outcome": "passed"}}, {"nodeid": "autoBMAD/spec_automation/tests/test_doc_parser.py::TestDocumentParser::test_extract_title_from_bmad_header", "lineno": 226, "outcome": "failed", "keywords": ["test_extract_title_from_bmad_header", "TestDocumentParser", "test_doc_parser.py", "tests", "spec_automation", "autoBMAD", "pytQt_template", ""], "setup": {"duration": 4.780000017490238e-05, "outcome": "passed"}, "call": {"duration": 0.00012530000822152942, "outcome": "failed", "crash": {"path": "D:\\GITHUB\\pytQt_template\\autoBMAD\\spec_automation\\tests\\test_doc_parser.py", "lineno": 238, "message": "AssertionError: assert 'Story' in '<!-- Powered by BMAD\u2122 Core -->'"}, "traceback": [{"path": "..\\spec_automation\\tests\\test_doc_parser.py", "lineno": 238, "message": "in test_extract_title_from_bmad_header"}], "longrepr": "..\\spec_automation\\tests\\test_doc_parser.py:238: in test_extract_title_from_bmad_header\n    assert \"Story\" in result[\"title\"]\nE   AssertionError: assert 'Story' in '<!-- Powered by BMAD\u2122 Core -->'"}, "teardown": {"duration": 7.009999535512179e-05, "outcome": "passed"}}, {"nodeid": "autoBMAD/spec_automation/tests/test_doc_parser.py::TestDocumentParser::test_acceptance_criteria_with_checkboxes", "lineno": 239, "outcome": "passed", "keywords": ["test_acceptance_criteria_with_checkboxes", "TestDocumentParser", "test_doc_parser.py", "tests", "spec_automation", "autoBMAD", "pytQt_template", ""], "setup": {"duration": 5.810000584460795e-05, "outcome": "passed"}, "call": {"duration": 9.040000441018492e-05, "outcome": "passed"}, "teardown": {"duration": 4.8699992476031184e-05, "outcome": "passed"}}, {"nodeid": "autoBMAD/spec_automation/tests/test_integration.py::TestCompleteWorkflow::test_document_parser_integration", "lineno": 74, "outcome": "passed", "keywords": ["test_document_parser_integration", "TestCompleteWorkflow", "test_integration.py", "tests", "spec_automation", "autoBMAD", "pytQt_template", ""], "setup": {"duration": 0.0008705000072950497, "outcome": "passed"}, "call": {"duration": 0.0007982000097399577, "outcome": "passed"}, "teardown": {"duration": 7.119998917914927e-05, "outcome": "passed"}}, {"nodeid": "autoBMAD/spec_automation/tests/test_integration.py::TestCompleteWorkflow::test_state_manager_integration", "lineno": 85, "outcome": "passed", "keywords": ["test_state_manager_integration", "TestCompleteWorkflow", "test_integration.py", "tests", "spec_automation", "autoBMAD", "pytQt_template", ""], "setup": {"duration": 0.0009082000033231452, "outcome": "passed"}, "call": {"duration": 0.019029300005058758, "outcome": "passed"}, "teardown": {"duration": 7.9699995694682e-05, "outcome": "passed"}}, {"nodeid": "autoBMAD/spec_automation/tests/test_integration.py::TestCompleteWorkflow::test_dev_agent_initialization", "lineno": 103, "outcome": "passed", "keywords": ["test_dev_agent_initialization", "asyncio", "pytestmark", "TestCompleteWorkflow", "test_integration.py", "tests", "spec_automation", "autoBMAD", "pytQt_template", ""], "setup": {"duration": 0.000567600000067614, "outcome": "passed"}, "call": {"duration": 0.0001416000013705343, "outcome": "passed"}, "teardown": {"duration": 0.00018600000475998968, "outcome": "passed"}}, {"nodeid": "autoBMAD/spec_automation/tests/test_integration.py::TestCompleteWorkflow::test_qa_agent_initialization", "lineno": 117, "outcome": "passed", "keywords": ["test_qa_agent_initialization", "asyncio", "pytestmark", "TestCompleteWorkflow", "test_integration.py", "tests", "spec_automation", "autoBMAD", "pytQt_template", ""], "setup": {"duration": 0.0004268999909982085, "outcome": "passed"}, "call": {"duration": 0.00012419999984558672, "outcome": "passed"}, "teardown": {"duration": 0.0001686000032350421, "outcome": "passed"}}, {"nodeid": "autoBMAD/spec_automation/tests/test_integration.py::TestCompleteWorkflow::test_driver_initialization", "lineno": 126, "outcome": "passed", "keywords": ["test_driver_initialization", "asyncio", "pytestmark", "TestCompleteWorkflow", "test_integration.py", "tests", "spec_automation", "autoBMAD", "pytQt_template", ""], "setup": {"duration": 0.00039629999082535505, "outcome": "passed"}, "call": {"duration": 0.00012159999459981918, "outcome": "passed"}, "teardown": {"duration": 0.00016340000729542226, "outcome": "passed"}}, {"nodeid": "autoBMAD/spec_automation/tests/test_integration.py::TestCompleteWorkflow::test_parser_to_state_manager_workflow", "lineno": 135, "outcome": "passed", "keywords": ["test_parser_to_state_manager_workflow", "TestCompleteWorkflow", "test_integration.py", "tests", "spec_automation", "autoBMAD", "pytQt_template", ""], "setup": {"duration": 0.0008522999996785074, "outcome": "passed"}, "call": {"duration": 0.018122699999366887, "outcome": "passed"}, "teardown": {"duration": 7.769999501761049e-05, "outcome": "passed"}}, {"nodeid": "autoBMAD/spec_automation/tests/test_integration.py::TestCompleteWorkflow::test_component_communication", "lineno": 160, "outcome": "passed", "keywords": ["test_component_communication", "asyncio", "pytestmark", "TestCompleteWorkflow", "test_integration.py", "tests", "spec_automation", "autoBMAD", "pytQt_template", ""], "setup": {"duration": 0.0012204999948153272, "outcome": "passed"}, "call": {"duration": 0.01912830000219401, "outcome": "passed"}, "teardown": {"duration": 0.00022310001077130437, "outcome": "passed"}}, {"nodeid": "autoBMAD/spec_automation/tests/test_integration.py::TestCompleteWorkflow::test_database_persistence", "lineno": 187, "outcome": "passed", "keywords": ["test_database_persistence", "TestCompleteWorkflow", "test_integration.py", "tests", "spec_automation", "autoBMAD", "pytQt_template", ""], "setup": {"duration": 0.0006697999924654141, "outcome": "passed"}, "call": {"duration": 0.018307000005734153, "outcome": "passed"}, "teardown": {"duration": 8.030000026337802e-05, "outcome": "passed"}}, {"nodeid": "autoBMAD/spec_automation/tests/test_integration.py::TestCompleteWorkflow::test_multiple_stories_isolation", "lineno": 206, "outcome": "passed", "keywords": ["test_multiple_stories_isolation", "TestCompleteWorkflow", "test_integration.py", "tests", "spec_automation", "autoBMAD", "pytQt_template", ""], "setup": {"duration": 0.000644800005829893, "outcome": "passed"}, "call": {"duration": 0.028231699994648807, "outcome": "passed"}, "teardown": {"duration": 7.700000423938036e-05, "outcome": "passed"}}, {"nodeid": "autoBMAD/spec_automation/tests/test_integration.py::TestCompleteWorkflow::test_error_recovery", "lineno": 241, "outcome": "passed", "keywords": ["test_error_recovery", "asyncio", "pytestmark", "TestCompleteWorkflow", "test_integration.py", "tests", "spec_automation", "autoBMAD", "pytQt_template", ""], "setup": {"duration": 0.0011366000107955188, "outcome": "passed"}, "call": {"duration": 0.01365750000695698, "outcome": "passed", "stderr": "ERROR:spec_automation.doc_parser:Document not found: C:\\Users\\Administrator\\AppData\\Local\\Temp\\pytest-of-Administrator\\pytest-179\\test_error_recovery0\\nonexistent.md\n", "log": [{"name": "spec_automation.doc_parser", "msg": "Document not found: C:\\Users\\Administrator\\AppData\\Local\\Temp\\pytest-of-Administrator\\pytest-179\\test_error_recovery0\\nonexistent.md", "args": null, "levelname": "ERROR", "levelno": 40, "pathname": "D:\\GITHUB\\pytQt_template\\spec_automation\\doc_parser.py", "filename": "doc_parser.py", "module": "doc_parser", "exc_info": null, "exc_text": null, "stack_info": null, "lineno": 44, "funcName": "parse_document", "created": 1767913426.2321103, "msecs": 232.0, "relativeCreated": 2209.1655, "thread": 43340, "threadName": "MainThread", "processName": "MainProcess", "process": 51344, "taskName": "Task-148"}]}, "teardown": {"duration": 0.00023490001331083477, "outcome": "passed"}}, {"nodeid": "autoBMAD/spec_automation/tests/test_integration.py::TestCompleteWorkflow::test_workflow_state_transitions", "lineno": 260, "outcome": "passed", "keywords": ["test_workflow_state_transitions", "TestCompleteWorkflow", "test_integration.py", "tests", "spec_automation", "autoBMAD", "pytQt_template", ""], "setup": {"duration": 0.0008514999935869128, "outcome": "passed"}, "call": {"duration": 0.03196659999957774, "outcome": "passed"}, "teardown": {"duration": 0.0001142999972216785, "outcome": "passed"}}, {"nodeid": "autoBMAD/spec_automation/tests/test_integration.py::TestCompleteWorkflow::test_qa_results_workflow", "lineno": 297, "outcome": "passed", "keywords": ["test_qa_results_workflow", "TestCompleteWorkflow", "test_integration.py", "tests", "spec_automation", "autoBMAD", "pytQt_template", ""], "setup": {"duration": 0.0008472000045003369, "outcome": "passed"}, "call": {"duration": 0.022052000000257976, "outcome": "passed"}, "teardown": {"duration": 8.019999950192869e-05, "outcome": "passed"}}, {"nodeid": "autoBMAD/spec_automation/tests/test_integration.py::TestCompleteWorkflow::test_workflow_with_example_documents", "lineno": 324, "outcome": "passed", "keywords": ["test_workflow_with_example_documents", "TestCompleteWorkflow", "test_integration.py", "tests", "spec_automation", "autoBMAD", "pytQt_template", ""], "setup": {"duration": 0.0009009000059450045, "outcome": "passed"}, "call": {"duration": 0.0006100000027799979, "outcome": "passed"}, "teardown": {"duration": 7.259999983943999e-05, "outcome": "passed"}}, {"nodeid": "autoBMAD/spec_automation/tests/test_integration.py::TestCompleteWorkflow::test_workflow_with_functional_spec", "lineno": 332, "outcome": "passed", "keywords": ["test_workflow_with_functional_spec", "TestCompleteWorkflow", "test_integration.py", "tests", "spec_automation", "autoBMAD", "pytQt_template", ""], "setup": {"duration": 0.0008075999940047041, "outcome": "passed"}, "call": {"duration": 0.0006873000093037263, "outcome": "passed"}, "teardown": {"duration": 7.110000296961516e-05, "outcome": "passed"}}, {"nodeid": "autoBMAD/spec_automation/tests/test_integration.py::TestCompleteWorkflow::test_workflow_with_technical_plan", "lineno": 341, "outcome": "failed", "keywords": ["test_workflow_with_technical_plan", "TestCompleteWorkflow", "test_integration.py", "tests", "spec_automation", "autoBMAD", "pytQt_template", ""], "setup": {"duration": 0.0008170999935828149, "outcome": "passed"}, "call": {"duration": 0.0005815000040456653, "outcome": "failed", "crash": {"path": "<frozen codecs>", "lineno": 325, "message": "UnicodeDecodeError: 'utf-8' codec can't decode byte 0xa1 in position 2737: invalid start byte"}, "traceback": [{"path": "..\\spec_automation\\tests\\test_integration.py", "lineno": 345, "message": "in test_workflow_with_technical_plan"}, {"path": "..\\..\\spec_automation\\doc_parser.py", "lineno": 40, "message": "in parse_document"}, {"path": "<frozen codecs>", "lineno": 325, "message": "in decode"}], "stderr": "ERROR:spec_automation.doc_parser:Error parsing document C:\\Users\\Administrator\\AppData\\Local\\Temp\\pytest-of-Administrator\\pytest-179\\test_workflow_with_technical_p0\\technical_plan.md: 'utf-8' codec can't decode byte 0xa1 in position 2737: invalid start byte\n", "log": [{"name": "spec_automation.doc_parser", "msg": "Error parsing document C:\\Users\\Administrator\\AppData\\Local\\Temp\\pytest-of-Administrator\\pytest-179\\test_workflow_with_technical_p0\\technical_plan.md: 'utf-8' codec can't decode byte 0xa1 in position 2737: invalid start byte", "args": null, "levelname": "ERROR", "levelno": 40, "pathname": "D:\\GITHUB\\pytQt_template\\spec_automation\\doc_parser.py", "filename": "doc_parser.py", "module": "doc_parser", "exc_info": null, "exc_text": null, "stack_info": null, "lineno": 47, "funcName": "parse_document", "created": 1767913426.307147, "msecs": 307.0, "relativeCreated": 2284.2021, "thread": 43340, "threadName": "MainThread", "processName": "MainProcess", "process": 51344, "taskName": null}], "longrepr": "..\\spec_automation\\tests\\test_integration.py:345: in test_workflow_with_technical_plan\n    result = parser.parse_document(sample_technical_plan_path)\n             ^^^^^^^^^^^^^^^^^^^^^^^^^^^^^^^^^^^^^^^^^^^^^^^^^\n..\\..\\spec_automation\\doc_parser.py:40: in parse_document\n    content = f.read()\n              ^^^^^^^^\n<frozen codecs>:325: in decode\n    ???\nE   UnicodeDecodeError: 'utf-8' codec can't decode byte 0xa1 in position 2737: invalid start byte"}, "teardown": {"duration": 9.660000796429813e-05, "outcome": "passed"}}, {"nodeid": "autoBMAD/spec_automation/tests/test_integration.py::TestCompleteWorkflow::test_full_workflow_simulation", "lineno": 349, "outcome": "passed", "keywords": ["test_full_workflow_simulation", "asyncio", "pytestmark", "TestCompleteWorkflow", "test_integration.py", "tests", "spec_automation", "autoBMAD", "pytQt_template", ""], "setup": {"duration": 0.001341600000159815, "outcome": "passed"}, "call": {"duration": 0.03689620000659488, "outcome": "passed"}, "teardown": {"duration": 0.00023010000586509705, "outcome": "passed"}}, {"nodeid": "autoBMAD/spec_automation/tests/test_spec_qa_agent.py::TestSpecQAAgent::test_init", "lineno": 12, "outcome": "passed", "keywords": ["test_init", "TestSpecQAAgent", "test_spec_qa_agent.py", "tests", "spec_automation", "autoBMAD", "pytQt_template", ""], "setup": {"duration": 7.03999976394698e-05, "outcome": "passed"}, "call": {"duration": 0.0006825000018579885, "outcome": "passed"}, "teardown": {"duration": 5.919999966863543e-05, "outcome": "passed"}}, {"nodeid": "autoBMAD/spec_automation/tests/test_spec_qa_agent.py::TestSpecQAAgent::test_init_with_sdk", "lineno": 18, "outcome": "passed", "keywords": ["test_init_with_sdk", "TestSpecQAAgent", "test_spec_qa_agent.py", "tests", "spec_automation", "autoBMAD", "pytQt_template", ""], "setup": {"duration": 5.670000973623246e-05, "outcome": "passed"}, "call": {"duration": 0.0002854999911505729, "outcome": "passed"}, "teardown": {"duration": 5.539999983739108e-05, "outcome": "passed"}}, {"nodeid": "autoBMAD/spec_automation/tests/test_spec_qa_agent.py::TestSpecQAAgent::test_determine_status_pass", "lineno": 24, "outcome": "passed", "keywords": ["test_determine_status_pass", "TestSpecQAAgent", "test_spec_qa_agent.py", "tests", "spec_automation", "autoBMAD", "pytQt_template", ""], "setup": {"duration": 5.390000296756625e-05, "outcome": "passed"}, "call": {"duration": 0.0002565999893704429, "outcome": "passed"}, "teardown": {"duration": 5.360000068321824e-05, "outcome": "passed"}}, {"nodeid": "autoBMAD/spec_automation/tests/test_spec_qa_agent.py::TestSpecQAAgent::test_determine_status_fail_missing", "lineno": 30, "outcome": "passed", "keywords": ["test_determine_status_fail_missing", "TestSpecQAAgent", "test_spec_qa_agent.py", "tests", "spec_automation", "autoBMAD", "pytQt_template", ""], "setup": {"duration": 5.329999839887023e-05, "outcome": "passed"}, "call": {"duration": 0.00025329999334644526, "outcome": "passed"}, "teardown": {"duration": 5.4199990699999034e-05, "outcome": "passed"}}, {"nodeid": "autoBMAD/spec_automation/tests/test_spec_qa_agent.py::TestSpecQAAgent::test_determine_status_fail_low_coverage", "lineno": 36, "outcome": "passed", "keywords": ["test_determine_status_fail_low_coverage", "TestSpecQAAgent", "test_spec_qa_agent.py", "tests", "spec_automation", "autoBMAD", "pytQt_template", ""], "setup": {"duration": 5.229999078437686e-05, "outcome": "passed"}, "call": {"duration": 0.00027630000840872526, "outcome": "passed"}, "teardown": {"duration": 5.360000068321824e-05, "outcome": "passed"}}, {"nodeid": "autoBMAD/spec_automation/tests/test_spec_qa_agent.py::TestSpecQAAgent::test_determine_status_concerns_partial", "lineno": 42, "outcome": "passed", "keywords": ["test_determine_status_concerns_partial", "TestSpecQAAgent", "test_spec_qa_agent.py", "tests", "spec_automation", "autoBMAD", "pytQt_template", ""], "setup": {"duration": 5.160000000614673e-05, "outcome": "passed"}, "call": {"duration": 0.0002440999960526824, "outcome": "passed"}, "teardown": {"duration": 5.339999916031957e-05, "outcome": "passed"}}, {"nodeid": "autoBMAD/spec_automation/tests/test_spec_qa_agent.py::TestSpecQAAgent::test_determine_status_concerns_moderate_coverage", "lineno": 48, "outcome": "passed", "keywords": ["test_determine_status_concerns_moderate_coverage", "TestSpecQAAgent", "test_spec_qa_agent.py", "tests", "spec_automation", "autoBMAD", "pytQt_template", ""], "setup": {"duration": 5.119999696034938e-05, "outcome": "passed"}, "call": {"duration": 0.00023659999715164304, "outcome": "passed"}, "teardown": {"duration": 5.259999306872487e-05, "outcome": "passed"}}, {"nodeid": "autoBMAD/spec_automation/tests/test_spec_qa_agent.py::TestSpecQAAgent::test_verify_implementation_basic_implemented", "lineno": 54, "outcome": "passed", "keywords": ["test_verify_implementation_basic_implemented", "TestSpecQAAgent", "test_spec_qa_agent.py", "tests", "spec_automation", "autoBMAD", "pytQt_template", ""], "setup": {"duration": 5.050000618211925e-05, "outcome": "passed"}, "call": {"duration": 0.0003127999952994287, "outcome": "passed"}, "teardown": {"duration": 5.339999916031957e-05, "outcome": "passed"}}, {"nodeid": "autoBMAD/spec_automation/tests/test_spec_qa_agent.py::TestSpecQAAgent::test_verify_implementation_basic_partial", "lineno": 60, "outcome": "passed", "keywords": ["test_verify_implementation_basic_partial", "TestSpecQAAgent", "test_spec_qa_agent.py", "tests", "spec_automation", "autoBMAD", "pytQt_template", ""], "setup": {"duration": 5.119999696034938e-05, "outcome": "passed"}, "call": {"duration": 0.0002449000021442771, "outcome": "passed"}, "teardown": {"duration": 5.359998613130301e-05, "outcome": "passed"}}, {"nodeid": "autoBMAD/spec_automation/tests/test_spec_qa_agent.py::TestSpecQAAgent::test_verify_implementation_basic_missing", "lineno": 66, "outcome": "passed", "keywords": ["test_verify_implementation_basic_missing", "TestSpecQAAgent", "test_spec_qa_agent.py", "tests", "spec_automation", "autoBMAD", "pytQt_template", ""], "setup": {"duration": 5.219999002292752e-05, "outcome": "passed"}, "call": {"duration": 0.0003110999969067052, "outcome": "passed"}, "teardown": {"duration": 5.6599994422867894e-05, "outcome": "passed"}}, {"nodeid": "autoBMAD/spec_automation/tests/test_spec_qa_agent.py::TestSpecQAAgent::test_check_test_coverage_basic_full", "lineno": 72, "outcome": "passed", "keywords": ["test_check_test_coverage_basic_full", "TestSpecQAAgent", "test_spec_qa_agent.py", "tests", "spec_automation", "autoBMAD", "pytQt_template", ""], "setup": {"duration": 5.359998613130301e-05, "outcome": "passed"}, "call": {"duration": 0.00026280000747647136, "outcome": "passed"}, "teardown": {"duration": 6.180000491440296e-05, "outcome": "passed"}}, {"nodeid": "autoBMAD/spec_automation/tests/test_spec_qa_agent.py::TestSpecQAAgent::test_check_test_coverage_basic_zero", "lineno": 79, "outcome": "passed", "keywords": ["test_check_test_coverage_basic_zero", "TestSpecQAAgent", "test_spec_qa_agent.py", "tests", "spec_automation", "autoBMAD", "pytQt_template", ""], "setup": {"duration": 5.200000305194408e-05, "outcome": "passed"}, "call": {"duration": 0.0002567999908933416, "outcome": "passed"}, "teardown": {"duration": 5.3499999921768904e-05, "outcome": "passed"}}, {"nodeid": "autoBMAD/spec_automation/tests/test_spec_qa_agent.py::TestSpecQAAgent::test_check_test_coverage_basic_empty_requirement", "lineno": 85, "outcome": "passed", "keywords": ["test_check_test_coverage_basic_empty_requirement", "TestSpecQAAgent", "test_spec_qa_agent.py", "tests", "spec_automation", "autoBMAD", "pytQt_template", ""], "setup": {"duration": 5.099999543745071e-05, "outcome": "passed"}, "call": {"duration": 0.00024160000612027943, "outcome": "passed"}, "teardown": {"duration": 5.23999915458262e-05, "outcome": "passed"}}, {"nodeid": "autoBMAD/spec_automation/tests/test_spec_qa_agent.py::TestSpecQAAgent::test_review_implementation_basic", "lineno": 91, "outcome": "passed", "keywords": ["test_review_implementation_basic", "asyncio", "pytestmark", "TestSpecQAAgent", "test_spec_qa_agent.py", "tests", "spec_automation", "autoBMAD", "pytQt_template", ""], "setup": {"duration": 0.0008581000001868233, "outcome": "passed"}, "call": {"duration": 0.01491169999644626, "outcome": "passed"}, "teardown": {"duration": 0.00020199999562464654, "outcome": "passed"}}, {"nodeid": "autoBMAD/spec_automation/tests/test_spec_qa_agent.py::TestSpecQAAgent::test_review_implementation_file_not_found", "lineno": 105, "outcome": "passed", "keywords": ["test_review_implementation_file_not_found", "asyncio", "pytestmark", "TestSpecQAAgent", "test_spec_qa_agent.py", "tests", "spec_automation", "autoBMAD", "pytQt_template", ""], "setup": {"duration": 0.0003181999927619472, "outcome": "passed"}, "call": {"duration": 0.00106969999615103, "outcome": "passed", "stderr": "ERROR:autoBMAD.spec_automation.spec_qa_agent:Error during review: Story file not found: nonexistent.md\nTraceback (most recent call last):\n  File \"D:\\GITHUB\\pytQt_template\\autoBMAD\\spec_automation\\spec_qa_agent.py\", line 207, in review_implementation\n    raise FileNotFoundError(f\"Story file not found: {story_path}\")\nFileNotFoundError: Story file not found: nonexistent.md\n", "log": [{"name": "autoBMAD.spec_automation.spec_qa_agent", "msg": "Error during review: Story file not found: nonexistent.md", "args": null, "levelname": "ERROR", "levelno": 40, "pathname": "D:\\GITHUB\\pytQt_template\\autoBMAD\\spec_automation\\spec_qa_agent.py", "filename": "spec_qa_agent.py", "module": "spec_qa_agent", "exc_info": null, "exc_text": "Traceback (most recent call last):\n  File \"D:\\GITHUB\\pytQt_template\\autoBMAD\\spec_automation\\spec_qa_agent.py\", line 207, in review_implementation\n    raise FileNotFoundError(f\"Story file not found: {story_path}\")\nFileNotFoundError: Story file not found: nonexistent.md", "stack_info": null, "lineno": 261, "funcName": "review_implementation", "created": 1767913426.3749893, "msecs": 374.0, "relativeCreated": 2352.0445, "thread": 43340, "threadName": "MainThread", "processName": "MainProcess", "process": 51344, "taskName": "Task-157"}]}, "teardown": {"duration": 0.00019629999587778002, "outcome": "passed"}}, {"nodeid": "autoBMAD/spec_automation/tests/test_spec_qa_agent.py::TestSpecQAAgent::test_review_implementation_multiple_requirements", "lineno": 112, "outcome": "passed", "keywords": ["test_review_implementation_multiple_requirements", "asyncio", "pytestmark", "TestSpecQAAgent", "test_spec_qa_agent.py", "tests", "spec_automation", "autoBMAD", "pytQt_template", ""], "setup": {"duration": 0.0008461000106763095, "outcome": "passed"}, "call": {"duration": 0.025403199993888848, "outcome": "passed"}, "teardown": {"duration": 0.0001998000079765916, "outcome": "passed"}}, {"nodeid": "autoBMAD/spec_automation/tests/test_spec_qa_agent.py::TestSpecQAAgent::test_review_implementation_with_source_files", "lineno": 141, "outcome": "passed", "keywords": ["test_review_implementation_with_source_files", "asyncio", "pytestmark", "TestSpecQAAgent", "test_spec_qa_agent.py", "tests", "spec_automation", "autoBMAD", "pytQt_template", ""], "setup": {"duration": 0.0008447000000160187, "outcome": "passed"}, "call": {"duration": 0.016239299991866574, "outcome": "passed"}, "teardown": {"duration": 0.00019380000594537705, "outcome": "passed"}}, {"nodeid": "autoBMAD/spec_automation/tests/test_spec_qa_agent.py::TestSpecQAAgent::test_review_implementation_no_test_files", "lineno": 165, "outcome": "passed", "keywords": ["test_review_implementation_no_test_files", "asyncio", "pytestmark", "TestSpecQAAgent", "test_spec_qa_agent.py", "tests", "spec_automation", "autoBMAD", "pytQt_template", ""], "setup": {"duration": 0.000843599991640076, "outcome": "passed"}, "call": {"duration": 0.015841899992665276, "outcome": "passed"}, "teardown": {"duration": 0.00019859999883919954, "outcome": "passed"}}, {"nodeid": "autoBMAD/spec_automation/tests/test_spec_qa_agent.py::TestSpecQAAgent::test_calculate_overall_coverage", "lineno": 185, "outcome": "passed", "keywords": ["test_calculate_overall_coverage", "TestSpecQAAgent", "test_spec_qa_agent.py", "tests", "spec_automation", "autoBMAD", "pytQt_template", ""], "setup": {"duration": 6.330000178422779e-05, "outcome": "passed"}, "call": {"duration": 0.0006170999986352399, "outcome": "passed"}, "teardown": {"duration": 6.0399994254112244e-05, "outcome": "passed"}}, {"nodeid": "autoBMAD/spec_automation/tests/test_spec_qa_agent.py::TestSpecQAAgent::test_calculate_overall_coverage_empty", "lineno": 196, "outcome": "passed", "keywords": ["test_calculate_overall_coverage_empty", "TestSpecQAAgent", "test_spec_qa_agent.py", "tests", "spec_automation", "autoBMAD", "pytQt_template", ""], "setup": {"duration": 5.700001202058047e-05, "outcome": "passed"}, "call": {"duration": 0.00026339999749325216, "outcome": "passed"}, "teardown": {"duration": 5.629999213851988e-05, "outcome": "passed"}}, {"nodeid": "autoBMAD/spec_automation/tests/test_spec_qa_agent.py::TestSpecQAAgent::test_calculate_overall_coverage_single_requirement", "lineno": 202, "outcome": "passed", "keywords": ["test_calculate_overall_coverage_single_requirement", "TestSpecQAAgent", "test_spec_qa_agent.py", "tests", "spec_automation", "autoBMAD", "pytQt_template", ""], "setup": {"duration": 5.43000060133636e-05, "outcome": "passed"}, "call": {"duration": 0.0002562000008765608, "outcome": "passed"}, "teardown": {"duration": 5.60000044060871e-05, "outcome": "passed"}}, {"nodeid": "autoBMAD/spec_automation/tests/test_spec_qa_agent.py::TestSpecQAAgent::test_generate_findings_missing_implementations", "lineno": 209, "outcome": "passed", "keywords": ["test_generate_findings_missing_implementations", "TestSpecQAAgent", "test_spec_qa_agent.py", "tests", "spec_automation", "autoBMAD", "pytQt_template", ""], "setup": {"duration": 5.429999146144837e-05, "outcome": "passed"}, "call": {"duration": 0.00026369999977760017, "outcome": "passed"}, "teardown": {"duration": 5.5599986808374524e-05, "outcome": "passed"}}, {"nodeid": "autoBMAD/spec_automation/tests/test_spec_qa_agent.py::TestSpecQAAgent::test_generate_findings_low_coverage", "lineno": 224, "outcome": "passed", "keywords": ["test_generate_findings_low_coverage", "TestSpecQAAgent", "test_spec_qa_agent.py", "tests", "spec_automation", "autoBMAD", "pytQt_template", ""], "setup": {"duration": 5.3800002206116915e-05, "outcome": "passed"}, "call": {"duration": 0.000254700004006736, "outcome": "passed"}, "teardown": {"duration": 5.470000905916095e-05, "outcome": "passed"}}, {"nodeid": "autoBMAD/spec_automation/tests/test_spec_qa_agent.py::TestSpecQAAgent::test_generate_findings_no_test_files", "lineno": 239, "outcome": "passed", "keywords": ["test_generate_findings_no_test_files", "TestSpecQAAgent", "test_spec_qa_agent.py", "tests", "spec_automation", "autoBMAD", "pytQt_template", ""], "setup": {"duration": 5.250000685919076e-05, "outcome": "passed"}, "call": {"duration": 0.0002539999986765906, "outcome": "passed"}, "teardown": {"duration": 5.4100004490464926e-05, "outcome": "passed"}}, {"nodeid": "autoBMAD/spec_automation/tests/test_spec_qa_agent.py::TestSpecQAAgent::test_determine_overall_status_all_pass", "lineno": 248, "outcome": "passed", "keywords": ["test_determine_overall_status_all_pass", "TestSpecQAAgent", "test_spec_qa_agent.py", "tests", "spec_automation", "autoBMAD", "pytQt_template", ""], "setup": {"duration": 5.160000000614673e-05, "outcome": "passed"}, "call": {"duration": 0.0002449000021442771, "outcome": "passed"}, "teardown": {"duration": 5.4100004490464926e-05, "outcome": "passed"}}, {"nodeid": "autoBMAD/spec_automation/tests/test_spec_qa_agent.py::TestSpecQAAgent::test_determine_overall_status_any_fail", "lineno": 258, "outcome": "passed", "keywords": ["test_determine_overall_status_any_fail", "TestSpecQAAgent", "test_spec_qa_agent.py", "tests", "spec_automation", "autoBMAD", "pytQt_template", ""], "setup": {"duration": 5.259999306872487e-05, "outcome": "passed"}, "call": {"duration": 0.0002538999979151413, "outcome": "passed"}, "teardown": {"duration": 5.429999146144837e-05, "outcome": "passed"}}, {"nodeid": "autoBMAD/spec_automation/tests/test_spec_qa_agent.py::TestSpecQAAgent::test_determine_overall_status_concerns", "lineno": 269, "outcome": "passed", "keywords": ["test_determine_overall_status_concerns", "TestSpecQAAgent", "test_spec_qa_agent.py", "tests", "spec_automation", "autoBMAD", "pytQt_template", ""], "setup": {"duration": 5.26000076206401e-05, "outcome": "passed"}, "call": {"duration": 0.0002462999982526526, "outcome": "passed"}, "teardown": {"duration": 5.469999450724572e-05, "outcome": "passed"}}, {"nodeid": "autoBMAD/spec_automation/tests/test_spec_qa_agent.py::TestSpecQAAgent::test_determine_overall_status_empty", "lineno": 279, "outcome": "passed", "keywords": ["test_determine_overall_status_empty", "TestSpecQAAgent", "test_spec_qa_agent.py", "tests", "spec_automation", "autoBMAD", "pytQt_template", ""], "setup": {"duration": 5.259999306872487e-05, "outcome": "passed"}, "call": {"duration": 0.00024569999368395656, "outcome": "passed"}, "teardown": {"duration": 5.4499992984347045e-05, "outcome": "passed"}}, {"nodeid": "autoBMAD/spec_automation/tests/test_spec_qa_agent.py::TestSpecQAAgent::test_collect_source_files", "lineno": 285, "outcome": "passed", "keywords": ["test_collect_source_files", "TestSpecQAAgent", "test_spec_qa_agent.py", "tests", "spec_automation", "autoBMAD", "pytQt_template", ""], "setup": {"duration": 0.0006263999966904521, "outcome": "passed"}, "call": {"duration": 0.0013828999944962561, "outcome": "passed"}, "teardown": {"duration": 6.550000398419797e-05, "outcome": "passed"}}, {"nodeid": "autoBMAD/spec_automation/tests/test_spec_qa_agent.py::TestSpecQAAgent::test_collect_test_files", "lineno": 297, "outcome": "passed", "keywords": ["test_collect_test_files", "TestSpecQAAgent", "test_spec_qa_agent.py", "tests", "spec_automation", "autoBMAD", "pytQt_template", ""], "setup": {"duration": 0.0005830000009154901, "outcome": "passed"}, "call": {"duration": 0.0010910999990301207, "outcome": "passed"}, "teardown": {"duration": 6.690000009257346e-05, "outcome": "passed"}}, {"nodeid": "autoBMAD/spec_automation/tests/test_spec_qa_agent.py::TestSpecQAAgent::test_verify_requirement", "lineno": 309, "outcome": "passed", "keywords": ["test_verify_requirement", "TestSpecQAAgent", "test_spec_qa_agent.py", "tests", "spec_automation", "autoBMAD", "pytQt_template", ""], "setup": {"duration": 0.0005717000021832064, "outcome": "passed"}, "call": {"duration": 0.0013376999995671213, "outcome": "passed"}, "teardown": {"duration": 6.560000474564731e-05, "outcome": "passed"}}, {"nodeid": "autoBMAD/spec_automation/tests/test_spec_qa_agent.py::TestSpecQAAgent::test_qa_report_to_dict", "lineno": 329, "outcome": "passed", "keywords": ["test_qa_report_to_dict", "TestSpecQAAgent", "test_spec_qa_agent.py", "tests", "spec_automation", "autoBMAD", "pytQt_template", ""], "setup": {"duration": 5.610000516753644e-05, "outcome": "passed"}, "call": {"duration": 6.849999772384763e-05, "outcome": "passed"}, "teardown": {"duration": 4.740001168102026e-05, "outcome": "passed"}}, {"nodeid": "autoBMAD/spec_automation/tests/test_spec_qa_agent.py::TestSpecQAAgent::test_qa_report_str_representation", "lineno": 346, "outcome": "passed", "keywords": ["test_qa_report_str_representation", "TestSpecQAAgent", "test_spec_qa_agent.py", "tests", "spec_automation", "autoBMAD", "pytQt_template", ""], "setup": {"duration": 4.980000085197389e-05, "outcome": "passed"}, "call": {"duration": 7.229999755509198e-05, "outcome": "passed"}, "teardown": {"duration": 4.549999721348286e-05, "outcome": "passed"}}, {"nodeid": "autoBMAD/spec_automation/tests/test_spec_qa_agent.py::TestSpecQAAgent::test_qa_report_str_with_no_findings", "lineno": 362, "outcome": "passed", "keywords": ["test_qa_report_str_with_no_findings", "TestSpecQAAgent", "test_spec_qa_agent.py", "tests", "spec_automation", "autoBMAD", "pytQt_template", ""], "setup": {"duration": 4.749999789055437e-05, "outcome": "passed"}, "call": {"duration": 6.240000948309898e-05, "outcome": "passed"}, "teardown": {"duration": 4.440000338945538e-05, "outcome": "passed"}}, {"nodeid": "autoBMAD/spec_automation/tests/test_spec_qa_agent.py::TestSpecQAAgent::test_verify_implementation_edge_cases", "lineno": 377, "outcome": "passed", "keywords": ["test_verify_implementation_edge_cases", "TestSpecQAAgent", "test_spec_qa_agent.py", "tests", "spec_automation", "autoBMAD", "pytQt_template", ""], "setup": {"duration": 4.7599998652003706e-05, "outcome": "passed"}, "call": {"duration": 0.0002750999992713332, "outcome": "passed"}, "teardown": {"duration": 5.469999450724572e-05, "outcome": "passed"}}, {"nodeid": "autoBMAD/spec_automation/tests/test_spec_qa_agent.py::TestSpecQAAgent::test_coverage_edge_cases", "lineno": 393, "outcome": "passed", "keywords": ["test_coverage_edge_cases", "TestSpecQAAgent", "test_spec_qa_agent.py", "tests", "spec_automation", "autoBMAD", "pytQt_template", ""], "setup": {"duration": 5.149999924469739e-05, "outcome": "passed"}, "call": {"duration": 0.00026790000265464187, "outcome": "passed"}, "teardown": {"duration": 5.560000136028975e-05, "outcome": "passed"}}, {"nodeid": "autoBMAD/spec_automation/tests/test_spec_state_manager.py::TestSpecStateManager::test_init_creates_database", "lineno": 17, "outcome": "passed", "keywords": ["test_init_creates_database", "TestSpecStateManager", "test_spec_state_manager.py", "tests", "spec_automation", "autoBMAD", "pytQt_template", ""], "setup": {"duration": 0.0006101000035414472, "outcome": "passed"}, "call": {"duration": 0.012329000004683621, "outcome": "passed"}, "teardown": {"duration": 6.78999931551516e-05, "outcome": "passed"}}, {"nodeid": "autoBMAD/spec_automation/tests/test_spec_state_manager.py::TestSpecStateManager::test_init_creates_tables", "lineno": 25, "outcome": "passed", "keywords": ["test_init_creates_tables", "TestSpecStateManager", "test_spec_state_manager.py", "tests", "spec_automation", "autoBMAD", "pytQt_template", ""], "setup": {"duration": 0.000829099997645244, "outcome": "passed"}, "call": {"duration": 0.013320400001248345, "outcome": "passed"}, "teardown": {"duration": 7.000000914558768e-05, "outcome": "passed"}}, {"nodeid": "autoBMAD/spec_automation/tests/test_spec_state_manager.py::TestSpecStateManager::test_update_story_status", "lineno": 48, "outcome": "passed", "keywords": ["test_update_story_status", "TestSpecStateManager", "test_spec_state_manager.py", "tests", "spec_automation", "autoBMAD", "pytQt_template", ""], "setup": {"duration": 0.0006782999989809468, "outcome": "passed"}, "call": {"duration": 0.01768580000498332, "outcome": "passed"}, "teardown": {"duration": 7.130000449251384e-05, "outcome": "passed"}}, {"nodeid": "autoBMAD/spec_automation/tests/test_spec_state_manager.py::TestSpecStateManager::test_get_story_status_not_found", "lineno": 66, "outcome": "passed", "keywords": ["test_get_story_status_not_found", "TestSpecStateManager", "test_spec_state_manager.py", "tests", "spec_automation", "autoBMAD", "pytQt_template", ""], "setup": {"duration": 0.0006032000092091039, "outcome": "passed"}, "call": {"duration": 0.013433499989332631, "outcome": "passed"}, "teardown": {"duration": 6.960000609979033e-05, "outcome": "passed"}}, {"nodeid": "autoBMAD/spec_automation/tests/test_spec_state_manager.py::TestSpecStateManager::test_update_status_multiple_stories", "lineno": 74, "outcome": "passed", "keywords": ["test_update_status_multiple_stories", "TestSpecStateManager", "test_spec_state_manager.py", "tests", "spec_automation", "autoBMAD", "pytQt_template", ""], "setup": {"duration": 0.0006257999921217561, "outcome": "passed"}, "call": {"duration": 0.02301659999648109, "outcome": "passed"}, "teardown": {"duration": 6.930000381544232e-05, "outcome": "passed"}}, {"nodeid": "autoBMAD/spec_automation/tests/test_spec_state_manager.py::TestSpecStateManager::test_update_status_overwrites", "lineno": 100, "outcome": "passed", "keywords": ["test_update_status_overwrites", "TestSpecStateManager", "test_spec_state_manager.py", "tests", "spec_automation", "autoBMAD", "pytQt_template", ""], "setup": {"duration": 0.0005911000043852255, "outcome": "passed"}, "call": {"duration": 0.022717800005921163, "outcome": "passed"}, "teardown": {"duration": 6.850001227576286e-05, "outcome": "passed"}}, {"nodeid": "autoBMAD/spec_automation/tests/test_spec_state_manager.py::TestSpecStateManager::test_get_all_stories", "lineno": 124, "outcome": "passed", "keywords": ["test_get_all_stories", "TestSpecStateManager", "test_spec_state_manager.py", "tests", "spec_automation", "autoBMAD", "pytQt_template", ""], "setup": {"duration": 0.0006052000098861754, "outcome": "passed"}, "call": {"duration": 0.02289960000780411, "outcome": "passed"}, "teardown": {"duration": 6.930000381544232e-05, "outcome": "passed"}}, {"nodeid": "autoBMAD/spec_automation/tests/test_spec_state_manager.py::TestSpecStateManager::test_get_all_stories_empty", "lineno": 150, "outcome": "passed", "keywords": ["test_get_all_stories_empty", "TestSpecStateManager", "test_spec_state_manager.py", "tests", "spec_automation", "autoBMAD", "pytQt_template", ""], "setup": {"duration": 0.0006009999924572185, "outcome": "passed"}, "call": {"duration": 0.013005100001464598, "outcome": "passed"}, "teardown": {"duration": 6.920000305399299e-05, "outcome": "passed"}}, {"nodeid": "autoBMAD/spec_automation/tests/test_spec_state_manager.py::TestSpecStateManager::test_delete_story", "lineno": 158, "outcome": "passed", "keywords": ["test_delete_story", "TestSpecStateManager", "test_spec_state_manager.py", "tests", "spec_automation", "autoBMAD", "pytQt_template", ""], "setup": {"duration": 0.0006013999955030158, "outcome": "passed"}, "call": {"duration": 0.023065899993525818, "outcome": "passed"}, "teardown": {"duration": 6.939999002497643e-05, "outcome": "passed"}}, {"nodeid": "autoBMAD/spec_automation/tests/test_spec_state_manager.py::TestSpecStateManager::test_delete_nonexistent_story", "lineno": 181, "outcome": "passed", "keywords": ["test_delete_nonexistent_story", "TestSpecStateManager", "test_spec_state_manager.py", "tests", "spec_automation", "autoBMAD", "pytQt_template", ""], "setup": {"duration": 0.0006295000057434663, "outcome": "passed"}, "call": {"duration": 0.013118000002577901, "outcome": "passed"}, "teardown": {"duration": 6.760000542271882e-05, "outcome": "passed"}}, {"nodeid": "autoBMAD/spec_automation/tests/test_spec_state_manager.py::TestSpecStateManager::test_update_qa_result", "lineno": 189, "outcome": "failed", "keywords": ["test_update_qa_result", "TestSpecStateManager", "test_spec_state_manager.py", "tests", "spec_automation", "autoBMAD", "pytQt_template", ""], "setup": {"duration": 0.0006424000021070242, "outcome": "passed"}, "call": {"duration": 0.018007799997576512, "outcome": "failed", "crash": {"path": "D:\\GITHUB\\pytQt_template\\autoBMAD\\spec_automation\\tests\\test_spec_state_manager.py", "lineno": 211, "message": "AssertionError: assert 'A\\nl\\nl\\n \\n...a\\ns\\ns\\ne\\nd' == 'All tests passed'\n  \n  - All tests passed\n  + A\n  + l\n  + l\n  +  \n  + t...\n  \n  ...Full output truncated (11 lines hidden), use '-vv' to show"}, "traceback": [{"path": "..\\spec_automation\\tests\\test_spec_state_manager.py", "lineno": 211, "message": "in test_update_qa_result"}], "longrepr": "..\\spec_automation\\tests\\test_spec_state_manager.py:211: in test_update_qa_result\n    assert result[\"findings\"] == \"All tests passed\"\nE   AssertionError: assert 'A\\nl\\nl\\n \\n...a\\ns\\ns\\ne\\nd' == 'All tests passed'\nE     \nE     - All tests passed\nE     + A\nE     + l\nE     + l\nE     +  \nE     + t...\nE     \nE     ...Full output truncated (11 lines hidden), use '-vv' to show"}, "teardown": {"duration": 8.490000618621707e-05, "outcome": "passed"}}, {"nodeid": "autoBMAD/spec_automation/tests/test_spec_state_manager.py::TestSpecStateManager::test_get_qa_results_not_found", "lineno": 213, "outcome": "passed", "keywords": ["test_get_qa_results_not_found", "TestSpecStateManager", "test_spec_state_manager.py", "tests", "spec_automation", "autoBMAD", "pytQt_template", ""], "setup": {"duration": 0.000614699994912371, "outcome": "passed"}, "call": {"duration": 0.0130048999999417, "outcome": "passed"}, "teardown": {"duration": 7.090000144671649e-05, "outcome": "passed"}}, {"nodeid": "autoBMAD/spec_automation/tests/test_spec_state_manager.py::TestSpecStateManager::test_update_qa_result_multiple", "lineno": 221, "outcome": "passed", "keywords": ["test_update_qa_result_multiple", "TestSpecStateManager", "test_spec_state_manager.py", "tests", "spec_automation", "autoBMAD", "pytQt_template", ""], "setup": {"duration": 0.0006821000133641064, "outcome": "passed"}, "call": {"duration": 0.022416399995563552, "outcome": "passed"}, "teardown": {"duration": 7.069999992381781e-05, "outcome": "passed"}}, {"nodeid": "autoBMAD/spec_automation/tests/test_spec_state_manager.py::TestSpecStateManager::test_get_stories_by_status", "lineno": 246, "outcome": "failed", "keywords": ["test_get_stories_by_status", "TestSpecStateManager", "test_spec_state_manager.py", "tests", "spec_automation", "autoBMAD", "pytQt_template", ""], "setup": {"duration": 0.0006223999953363091, "outcome": "passed"}, "call": {"duration": 0.026168899988988414, "outcome": "failed", "crash": {"path": "D:\\GITHUB\\pytQt_template\\autoBMAD\\spec_automation\\tests\\test_spec_state_manager.py", "lineno": 270, "message": "AttributeError: 'SpecStateManager' object has no attribute 'get_stories_by_status'. Did you mean: 'get_story_status'?"}, "traceback": [{"path": "..\\spec_automation\\tests\\test_spec_state_manager.py", "lineno": 270, "message": "in test_get_stories_by_status"}], "longrepr": "..\\spec_automation\\tests\\test_spec_state_manager.py:270: in test_get_stories_by_status\n    in_progress = manager.get_stories_by_status(status=\"in_progress\")\n                  ^^^^^^^^^^^^^^^^^^^^^^^^^^^^^\nE   AttributeError: 'SpecStateManager' object has no attribute 'get_stories_by_status'. Did you mean: 'get_story_status'?"}, "teardown": {"duration": 8.399999933317304e-05, "outcome": "passed"}}, {"nodeid": "autoBMAD/spec_automation/tests/test_spec_state_manager.py::TestSpecStateManager::test_database_persistence", "lineno": 276, "outcome": "passed", "keywords": ["test_database_persistence", "TestSpecStateManager", "test_spec_state_manager.py", "tests", "spec_automation", "autoBMAD", "pytQt_template", ""], "setup": {"duration": 0.0007123999967006966, "outcome": "passed"}, "call": {"duration": 0.01816210000833962, "outcome": "passed"}, "teardown": {"duration": 7.149999146349728e-05, "outcome": "passed"}}, {"nodeid": "autoBMAD/spec_automation/tests/test_spec_state_manager.py::TestSpecStateManager::test_invalid_db_path", "lineno": 294, "outcome": "failed", "keywords": ["test_invalid_db_path", "TestSpecStateManager", "test_spec_state_manager.py", "tests", "spec_automation", "autoBMAD", "pytQt_template", ""], "setup": {"duration": 0.000604200002271682, "outcome": "passed"}, "call": {"duration": 0.0004411999980220571, "outcome": "failed", "crash": {"path": "D:\\GITHUB\\pytQt_template\\spec_automation\\spec_state_manager.py", "lineno": 29, "message": "sqlite3.DatabaseError: file is not a database"}, "traceback": [{"path": "..\\spec_automation\\tests\\test_spec_state_manager.py", "lineno": 302, "message": "in test_invalid_db_path"}, {"path": "..\\..\\spec_automation\\spec_state_manager.py", "lineno": 21, "message": "in __init__"}, {"path": "..\\..\\spec_automation\\spec_state_manager.py", "lineno": 29, "message": "in _init_database"}], "longrepr": "..\\spec_automation\\tests\\test_spec_state_manager.py:302: in test_invalid_db_path\n    manager = SpecStateManager(db_path=file_path)\n              ^^^^^^^^^^^^^^^^^^^^^^^^^^^^^^^^^^^\n..\\..\\spec_automation\\spec_state_manager.py:21: in __init__\n    self._init_database()\n..\\..\\spec_automation\\spec_state_manager.py:29: in _init_database\n    cursor.execute(\"\"\"\nE   sqlite3.DatabaseError: file is not a database"}, "teardown": {"duration": 8.510000770911574e-05, "outcome": "passed"}}, {"nodeid": "autoBMAD/spec_automation/tests/test_spec_state_manager.py::TestSpecStateManager::test_special_characters_in_paths", "lineno": 304, "outcome": "passed", "keywords": ["test_special_characters_in_paths", "TestSpecStateManager", "test_spec_state_manager.py", "tests", "spec_automation", "autoBMAD", "pytQt_template", ""], "setup": {"duration": 0.0006541000038851053, "outcome": "passed"}, "call": {"duration": 0.03198530001100153, "outcome": "passed"}, "teardown": {"duration": 0.0004292999947210774, "outcome": "passed"}}], "warnings": [{"message": "The default datetime adapter is deprecated as of Python 3.12; see the sqlite3 documentation for suggested replacement recipes", "category": "DeprecationWarning", "when": "runtest", "filename": "D:\\GITHUB\\pytQt_template\\autoBMAD\\spec_automation\\spec_state_manager.py", "lineno": 119}, {"message": "The default datetime adapter is deprecated as of Python 3.12; see the sqlite3 documentation for suggested replacement recipes", "category": "DeprecationWarning", "when": "runtest", "filename": "D:\\GITHUB\\pytQt_template\\autoBMAD\\spec_automation\\spec_state_manager.py", "lineno": 119}, {"message": "The default datetime adapter is deprecated as of Python 3.12; see the sqlite3 documentation for suggested replacement recipes", "category": "DeprecationWarning", "when": "runtest", "filename": "D:\\GITHUB\\pytQt_template\\autoBMAD\\spec_automation\\spec_state_manager.py", "lineno": 119}, {"message": "The default datetime adapter is deprecated as of Python 3.12; see the sqlite3 documentation for suggested replacement recipes", "category": "DeprecationWarning", "when": "runtest", "filename": "D:\\GITHUB\\pytQt_template\\spec_automation\\spec_state_manager.py", "lineno": 119}, {"message": "The default datetime adapter is deprecated as of Python 3.12; see the sqlite3 documentation for suggested replacement recipes", "category": "DeprecationWarning", "when": "runtest", "filename": "D:\\GITHUB\\pytQt_template\\spec_automation\\spec_state_manager.py", "lineno": 119}, {"message": "The default datetime adapter is deprecated as of Python 3.12; see the sqlite3 documentation for suggested replacement recipes", "category": "DeprecationWarning", "when": "runtest", "filename": "D:\\GITHUB\\pytQt_template\\spec_automation\\spec_state_manager.py", "lineno": 119}, {"message": "The default datetime adapter is deprecated as of Python 3.12; see the sqlite3 documentation for suggested replacement recipes", "category": "DeprecationWarning", "when": "runtest", "filename": "D:\\GITHUB\\pytQt_template\\spec_automation\\spec_state_manager.py", "lineno": 119}, {"message": "The default datetime adapter is deprecated as of Python 3.12; see the sqlite3 documentation for suggested replacement recipes", "category": "DeprecationWarning", "when": "runtest", "filename": "D:\\GITHUB\\pytQt_template\\spec_automation\\spec_state_manager.py", "lineno": 119}, {"message": "The default datetime adapter is deprecated as of Python 3.12; see the sqlite3 documentation for suggested replacement recipes", "category": "DeprecationWarning", "when": "runtest", "filename": "D:\\GITHUB\\pytQt_template\\spec_automation\\spec_state_manager.py", "lineno": 119}, {"message": "The default datetime adapter is deprecated as of Python 3.12; see the sqlite3 documentation for suggested replacement recipes", "category": "DeprecationWarning", "when": "runtest", "filename": "D:\\GITHUB\\pytQt_template\\spec_automation\\spec_state_manager.py", "lineno": 119}, {"message": "The default datetime adapter is deprecated as of Python 3.12; see the sqlite3 documentation for suggested replacement recipes", "category": "DeprecationWarning", "when": "runtest", "filename": "D:\\GITHUB\\pytQt_template\\spec_automation\\spec_state_manager.py", "lineno": 119}, {"message": "The default datetime adapter is deprecated as of Python 3.12; see the sqlite3 documentation for suggested replacement recipes", "category": "DeprecationWarning", "when": "runtest", "filename": "D:\\GITHUB\\pytQt_template\\spec_automation\\spec_state_manager.py", "lineno": 119}, {"message": "The default datetime adapter is deprecated as of Python 3.12; see the sqlite3 documentation for suggested replacement recipes", "category": "DeprecationWarning", "when": "runtest", "filename": "D:\\GITHUB\\pytQt_template\\spec_automation\\spec_state_manager.py", "lineno": 119}, {"message": "The default datetime adapter is deprecated as of Python 3.12; see the sqlite3 documentation for suggested replacement recipes", "category": "DeprecationWarning", "when": "runtest", "filename": "D:\\GITHUB\\pytQt_template\\spec_automation\\spec_state_manager.py", "lineno": 119}, {"message": "The default datetime adapter is deprecated as of Python 3.12; see the sqlite3 documentation for suggested replacement recipes", "category": "DeprecationWarning", "when": "runtest", "filename": "D:\\GITHUB\\pytQt_template\\spec_automation\\spec_state_manager.py", "lineno": 119}, {"message": "The default datetime adapter is deprecated as of Python 3.12; see the sqlite3 documentation for suggested replacement recipes", "category": "DeprecationWarning", "when": "runtest", "filename": "D:\\GITHUB\\pytQt_template\\spec_automation\\spec_state_manager.py", "lineno": 119}, {"message": "The default datetime adapter is deprecated as of Python 3.12; see the sqlite3 documentation for suggested replacement recipes", "category": "DeprecationWarning", "when": "runtest", "filename": "D:\\GITHUB\\pytQt_template\\spec_automation\\spec_state_manager.py", "lineno": 119}, {"message": "The default datetime adapter is deprecated as of Python 3.12; see the sqlite3 documentation for suggested replacement recipes", "category": "DeprecationWarning", "when": "runtest", "filename": "D:\\GITHUB\\pytQt_template\\spec_automation\\spec_state_manager.py", "lineno": 119}, {"message": "The default datetime adapter is deprecated as of Python 3.12; see the sqlite3 documentation for suggested replacement recipes", "category": "DeprecationWarning", "when": "runtest", "filename": "D:\\GITHUB\\pytQt_template\\autoBMAD\\spec_automation\\spec_state_manager.py", "lineno": 119}, {"message": "The default datetime adapter is deprecated as of Python 3.12; see the sqlite3 documentation for suggested replacement recipes", "category": "DeprecationWarning", "when": "runtest", "filename": "D:\\GITHUB\\pytQt_template\\autoBMAD\\spec_automation\\spec_state_manager.py", "lineno": 119}, {"message": "The default datetime adapter is deprecated as of Python 3.12; see the sqlite3 documentation for suggested replacement recipes", "category": "DeprecationWarning", "when": "runtest", "filename": "D:\\GITHUB\\pytQt_template\\autoBMAD\\spec_automation\\spec_state_manager.py", "lineno": 119}, {"message": "The default datetime adapter is deprecated as of Python 3.12; see the sqlite3 documentation for suggested replacement recipes", "category": "DeprecationWarning", "when": "runtest", "filename": "D:\\GITHUB\\pytQt_template\\autoBMAD\\spec_automation\\spec_state_manager.py", "lineno": 119}, {"message": "The default datetime adapter is deprecated as of Python 3.12; see the sqlite3 documentation for suggested replacement recipes", "category": "DeprecationWarning", "when": "runtest", "filename": "D:\\GITHUB\\pytQt_template\\spec_automation\\spec_state_manager.py", "lineno": 119}, {"message": "The default datetime adapter is deprecated as of Python 3.12; see the sqlite3 documentation for suggested replacement recipes", "category": "DeprecationWarning", "when": "runtest", "filename": "D:\\GITHUB\\pytQt_template\\spec_automation\\spec_state_manager.py", "lineno": 119}, {"message": "The default datetime adapter is deprecated as of Python 3.12; see the sqlite3 documentation for suggested replacement recipes", "category": "DeprecationWarning", "when": "runtest", "filename": "D:\\GITHUB\\pytQt_template\\spec_automation\\spec_state_manager.py", "lineno": 119}, {"message": "The default datetime adapter is deprecated as of Python 3.12; see the sqlite3 documentation for suggested replacement recipes", "category": "DeprecationWarning", "when": "runtest", "filename": "D:\\GITHUB\\pytQt_template\\spec_automation\\spec_state_manager.py", "lineno": 119}, {"message": "The default datetime adapter is deprecated as of Python 3.12; see the sqlite3 documentation for suggested replacement recipes", "category": "DeprecationWarning", "when": "runtest", "filename": "D:\\GITHUB\\pytQt_template\\spec_automation\\spec_state_manager.py", "lineno": 119}, {"message": "The default datetime adapter is deprecated as of Python 3.12; see the sqlite3 documentation for suggested replacement recipes", "category": "DeprecationWarning", "when": "runtest", "filename": "D:\\GITHUB\\pytQt_template\\spec_automation\\spec_state_manager.py", "lineno": 119}, {"message": "The default datetime adapter is deprecated as of Python 3.12; see the sqlite3 documentation for suggested replacement recipes", "category": "DeprecationWarning", "when": "runtest", "filename": "D:\\GITHUB\\pytQt_template\\spec_automation\\spec_state_manager.py", "lineno": 119}, {"message": "The default datetime adapter is deprecated as of Python 3.12; see the sqlite3 documentation for suggested replacement recipes", "category": "DeprecationWarning", "when": "runtest", "filename": "D:\\GITHUB\\pytQt_template\\spec_automation\\spec_state_manager.py", "lineno": 119}, {"message": "The default datetime adapter is deprecated as of Python 3.12; see the sqlite3 documentation for suggested replacement recipes", "category": "DeprecationWarning", "when": "runtest", "filename": "D:\\GITHUB\\pytQt_template\\spec_automation\\spec_state_manager.py", "lineno": 119}, {"message": "The default datetime adapter is deprecated as of Python 3.12; see the sqlite3 documentation for suggested replacement recipes", "category": "DeprecationWarning", "when": "runtest", "filename": "D:\\GITHUB\\pytQt_template\\spec_automation\\spec_state_manager.py", "lineno": 119}, {"message": "The default datetime adapter is deprecated as of Python 3.12; see the sqlite3 documentation for suggested replacement recipes", "category": "DeprecationWarning", "when": "runtest", "filename": "D:\\GITHUB\\pytQt_template\\spec_automation\\spec_state_manager.py", "lineno": 119}, {"message": "The default datetime adapter is deprecated as of Python 3.12; see the sqlite3 documentation for suggested replacement recipes", "category": "DeprecationWarning", "when": "runtest", "filename": "D:\\GITHUB\\pytQt_template\\spec_automation\\spec_state_manager.py", "lineno": 119}, {"message": "The default datetime adapter is deprecated as of Python 3.12; see the sqlite3 documentation for suggested replacement recipes", "category": "DeprecationWarning", "when": "runtest", "filename": "D:\\GITHUB\\pytQt_template\\spec_automation\\spec_state_manager.py", "lineno": 119}]}