{"created": 1767907630.0973644, "duration": 1.063793420791626, "exitcode": 0, "root": "D:\\GITHUB\\pytQt_template", "environment": {}, "summary": {"passed": 36, "total": 36, "collected": 36}, "collectors": [{"nodeid": "", "outcome": "passed", "result": [{"nodeid": "autoBMAD/spec_automation/tests/test_spec_qa_agent.py", "type": "Module"}]}, {"nodeid": "autoBMAD/spec_automation/tests/test_spec_qa_agent.py::TestSpecQAAgent", "outcome": "passed", "result": [{"nodeid": "autoBMAD/spec_automation/tests/test_spec_qa_agent.py::TestSpecQAAgent::test_init", "type": "Function", "lineno": 13}, {"nodeid": "autoBMAD/spec_automation/tests/test_spec_qa_agent.py::TestSpecQAAgent::test_init_with_sdk", "type": "Function", "lineno": 19}, {"nodeid": "autoBMAD/spec_automation/tests/test_spec_qa_agent.py::TestSpecQAAgent::test_determine_status_pass", "type": "Function", "lineno": 25}, {"nodeid": "autoBMAD/spec_automation/tests/test_spec_qa_agent.py::TestSpecQAAgent::test_determine_status_fail_missing", "type": "Function", "lineno": 31}, {"nodeid": "autoBMAD/spec_automation/tests/test_spec_qa_agent.py::TestSpecQAAgent::test_determine_status_fail_low_coverage", "type": "Function", "lineno": 37}, {"nodeid": "autoBMAD/spec_automation/tests/test_spec_qa_agent.py::TestSpecQAAgent::test_determine_status_concerns_partial", "type": "Function", "lineno": 43}, {"nodeid": "autoBMAD/spec_automation/tests/test_spec_qa_agent.py::TestSpecQAAgent::test_determine_status_concerns_moderate_coverage", "type": "Function", "lineno": 49}, {"nodeid": "autoBMAD/spec_automation/tests/test_spec_qa_agent.py::TestSpecQAAgent::test_verify_implementation_basic_implemented", "type": "Function", "lineno": 55}, {"nodeid": "autoBMAD/spec_automation/tests/test_spec_qa_agent.py::TestSpecQAAgent::test_verify_implementation_basic_partial", "type": "Function", "lineno": 61}, {"nodeid": "autoBMAD/spec_automation/tests/test_spec_qa_agent.py::TestSpecQAAgent::test_verify_implementation_basic_missing", "type": "Function", "lineno": 67}, {"nodeid": "autoBMAD/spec_automation/tests/test_spec_qa_agent.py::TestSpecQAAgent::test_check_test_coverage_basic_full", "type": "Function", "lineno": 73}, {"nodeid": "autoBMAD/spec_automation/tests/test_spec_qa_agent.py::TestSpecQAAgent::test_check_test_coverage_basic_zero", "type": "Function", "lineno": 80}, {"nodeid": "autoBMAD/spec_automation/tests/test_spec_qa_agent.py::TestSpecQAAgent::test_check_test_coverage_basic_empty_requirement", "type": "Function", "lineno": 86}, {"nodeid": "autoBMAD/spec_automation/tests/test_spec_qa_agent.py::TestSpecQAAgent::test_review_implementation_basic", "type": "Coroutine", "lineno": 92}, {"nodeid": "autoBMAD/spec_automation/tests/test_spec_qa_agent.py::TestSpecQAAgent::test_review_implementation_file_not_found", "type": "Coroutine", "lineno": 106}, {"nodeid": "autoBMAD/spec_automation/tests/test_spec_qa_agent.py::TestSpecQAAgent::test_review_implementation_multiple_requirements", "type": "Coroutine", "lineno": 113}, {"nodeid": "autoBMAD/spec_automation/tests/test_spec_qa_agent.py::TestSpecQAAgent::test_review_implementation_with_source_files", "type": "Coroutine", "lineno": 142}, {"nodeid": "autoBMAD/spec_automation/tests/test_spec_qa_agent.py::TestSpecQAAgent::test_review_implementation_no_test_files", "type": "Coroutine", "lineno": 166}, {"nodeid": "autoBMAD/spec_automation/tests/test_spec_qa_agent.py::TestSpecQAAgent::test_calculate_overall_coverage", "type": "Function", "lineno": 186}, {"nodeid": "autoBMAD/spec_automation/tests/test_spec_qa_agent.py::TestSpecQAAgent::test_calculate_overall_coverage_empty", "type": "Function", "lineno": 197}, {"nodeid": "autoBMAD/spec_automation/tests/test_spec_qa_agent.py::TestSpecQAAgent::test_calculate_overall_coverage_single_requirement", "type": "Function", "lineno": 203}, {"nodeid": "autoBMAD/spec_automation/tests/test_spec_qa_agent.py::TestSpecQAAgent::test_generate_findings_missing_implementations", "type": "Function", "lineno": 210}, {"nodeid": "autoBMAD/spec_automation/tests/test_spec_qa_agent.py::TestSpecQAAgent::test_generate_findings_low_coverage", "type": "Function", "lineno": 225}, {"nodeid": "autoBMAD/spec_automation/tests/test_spec_qa_agent.py::TestSpecQAAgent::test_generate_findings_no_test_files", "type": "Function", "lineno": 240}, {"nodeid": "autoBMAD/spec_automation/tests/test_spec_qa_agent.py::TestSpecQAAgent::test_determine_overall_status_all_pass", "type": "Function", "lineno": 249}, {"nodeid": "autoBMAD/spec_automation/tests/test_spec_qa_agent.py::TestSpecQAAgent::test_determine_overall_status_any_fail", "type": "Function", "lineno": 259}, {"nodeid": "autoBMAD/spec_automation/tests/test_spec_qa_agent.py::TestSpecQAAgent::test_determine_overall_status_concerns", "type": "Function", "lineno": 270}, {"nodeid": "autoBMAD/spec_automation/tests/test_spec_qa_agent.py::TestSpecQAAgent::test_determine_overall_status_empty", "type": "Function", "lineno": 280}, {"nodeid": "autoBMAD/spec_automation/tests/test_spec_qa_agent.py::TestSpecQAAgent::test_collect_source_files", "type": "Function", "lineno": 286}, {"nodeid": "autoBMAD/spec_automation/tests/test_spec_qa_agent.py::TestSpecQAAgent::test_collect_test_files", "type": "Function", "lineno": 298}, {"nodeid": "autoBMAD/spec_automation/tests/test_spec_qa_agent.py::TestSpecQAAgent::test_verify_requirement", "type": "Function", "lineno": 310}, {"nodeid": "autoBMAD/spec_automation/tests/test_spec_qa_agent.py::TestSpecQAAgent::test_qa_report_to_dict", "type": "Function", "lineno": 330}, {"nodeid": "autoBMAD/spec_automation/tests/test_spec_qa_agent.py::TestSpecQAAgent::test_qa_report_str_representation", "type": "Function", "lineno": 347}, {"nodeid": "autoBMAD/spec_automation/tests/test_spec_qa_agent.py::TestSpecQAAgent::test_qa_report_str_with_no_findings", "type": "Function", "lineno": 363}, {"nodeid": "autoBMAD/spec_automation/tests/test_spec_qa_agent.py::TestSpecQAAgent::test_verify_implementation_edge_cases", "type": "Function", "lineno": 378}, {"nodeid": "autoBMAD/spec_automation/tests/test_spec_qa_agent.py::TestSpecQAAgent::test_coverage_edge_cases", "type": "Function", "lineno": 394}]}, {"nodeid": "autoBMAD/spec_automation/tests/test_spec_qa_agent.py", "outcome": "passed", "result": [{"nodeid": "autoBMAD/spec_automation/tests/test_spec_qa_agent.py::TestSpecQAAgent", "type": "Class"}]}], "tests": [{"nodeid": "autoBMAD/spec_automation/tests/test_spec_qa_agent.py::TestSpecQAAgent::test_init", "lineno": 13, "outcome": "passed", "keywords": ["test_init", "TestSpecQAAgent", "test_spec_qa_agent.py", "tests", "spec_automation", "autoBMAD", "pytQt_template", ""], "setup": {"duration": 0.0015131000109249726, "outcome": "passed"}, "call": {"duration": 0.0007101000082911924, "outcome": "passed"}, "teardown": {"duration": 0.00025209999876096845, "outcome": "passed"}}, {"nodeid": "autoBMAD/spec_automation/tests/test_spec_qa_agent.py::TestSpecQAAgent::test_init_with_sdk", "lineno": 19, "outcome": "passed", "keywords": ["test_init_with_sdk", "TestSpecQAAgent", "test_spec_qa_agent.py", "tests", "spec_automation", "autoBMAD", "pytQt_template", ""], "setup": {"duration": 0.00014279999595601112, "outcome": "passed"}, "call": {"duration": 0.0005773000011686236, "outcome": "passed"}, "teardown": {"duration": 0.00012499999138526618, "outcome": "passed"}}, {"nodeid": "autoBMAD/spec_automation/tests/test_spec_qa_agent.py::TestSpecQAAgent::test_determine_status_pass", "lineno": 25, "outcome": "passed", "keywords": ["test_determine_status_pass", "TestSpecQAAgent", "test_spec_qa_agent.py", "tests", "spec_automation", "autoBMAD", "pytQt_template", ""], "setup": {"duration": 0.00013139999646227807, "outcome": "passed"}, "call": {"duration": 0.0003651000006357208, "outcome": "passed"}, "teardown": {"duration": 0.00011139998969156295, "outcome": "passed"}}, {"nodeid": "autoBMAD/spec_automation/tests/test_spec_qa_agent.py::TestSpecQAAgent::test_determine_status_fail_missing", "lineno": 31, "outcome": "passed", "keywords": ["test_determine_status_fail_missing", "TestSpecQAAgent", "test_spec_qa_agent.py", "tests", "spec_automation", "autoBMAD", "pytQt_template", ""], "setup": {"duration": 0.0001297999988310039, "outcome": "passed"}, "call": {"duration": 0.00033570000960025936, "outcome": "passed"}, "teardown": {"duration": 0.00010710000060498714, "outcome": "passed"}}, {"nodeid": "autoBMAD/spec_automation/tests/test_spec_qa_agent.py::TestSpecQAAgent::test_determine_status_fail_low_coverage", "lineno": 37, "outcome": "passed", "keywords": ["test_determine_status_fail_low_coverage", "TestSpecQAAgent", "test_spec_qa_agent.py", "tests", "spec_automation", "autoBMAD", "pytQt_template", ""], "setup": {"duration": 0.00013509999553207308, "outcome": "passed"}, "call": {"duration": 0.0003332999913254753, "outcome": "passed"}, "teardown": {"duration": 0.00010560000373516232, "outcome": "passed"}}, {"nodeid": "autoBMAD/spec_automation/tests/test_spec_qa_agent.py::TestSpecQAAgent::test_determine_status_concerns_partial", "lineno": 43, "outcome": "passed", "keywords": ["test_determine_status_concerns_partial", "TestSpecQAAgent", "test_spec_qa_agent.py", "tests", "spec_automation", "autoBMAD", "pytQt_template", ""], "setup": {"duration": 0.00011379999341443181, "outcome": "passed"}, "call": {"duration": 0.0006052999960957095, "outcome": "passed"}, "teardown": {"duration": 0.00021519999427255243, "outcome": "passed"}}, {"nodeid": "autoBMAD/spec_automation/tests/test_spec_qa_agent.py::TestSpecQAAgent::test_determine_status_concerns_moderate_coverage", "lineno": 49, "outcome": "passed", "keywords": ["test_determine_status_concerns_moderate_coverage", "TestSpecQAAgent", "test_spec_qa_agent.py", "tests", "spec_automation", "autoBMAD", "pytQt_template", ""], "setup": {"duration": 0.00013179999950807542, "outcome": "passed"}, "call": {"duration": 0.0003983999922638759, "outcome": "passed"}, "teardown": {"duration": 0.00010919998749159276, "outcome": "passed"}}, {"nodeid": "autoBMAD/spec_automation/tests/test_spec_qa_agent.py::TestSpecQAAgent::test_verify_implementation_basic_implemented", "lineno": 55, "outcome": "passed", "keywords": ["test_verify_implementation_basic_implemented", "TestSpecQAAgent", "test_spec_qa_agent.py", "tests", "spec_automation", "autoBMAD", "pytQt_template", ""], "setup": {"duration": 0.00011799999629147351, "outcome": "passed"}, "call": {"duration": 0.00034240000240970403, "outcome": "passed"}, "teardown": {"duration": 0.0001049999991664663, "outcome": "passed"}}, {"nodeid": "autoBMAD/spec_automation/tests/test_spec_qa_agent.py::TestSpecQAAgent::test_verify_implementation_basic_partial", "lineno": 61, "outcome": "passed", "keywords": ["test_verify_implementation_basic_partial", "TestSpecQAAgent", "test_spec_qa_agent.py", "tests", "spec_automation", "autoBMAD", "pytQt_template", ""], "setup": {"duration": 0.00011559999256860465, "outcome": "passed"}, "call": {"duration": 0.0003304999991087243, "outcome": "passed"}, "teardown": {"duration": 0.00010590000601951033, "outcome": "passed"}}, {"nodeid": "autoBMAD/spec_automation/tests/test_spec_qa_agent.py::TestSpecQAAgent::test_verify_implementation_basic_missing", "lineno": 67, "outcome": "passed", "keywords": ["test_verify_implementation_basic_missing", "TestSpecQAAgent", "test_spec_qa_agent.py", "tests", "spec_automation", "autoBMAD", "pytQt_template", ""], "setup": {"duration": 0.00011629999789875001, "outcome": "passed"}, "call": {"duration": 0.0003299000090919435, "outcome": "passed"}, "teardown": {"duration": 0.00010390000534243882, "outcome": "passed"}}, {"nodeid": "autoBMAD/spec_automation/tests/test_spec_qa_agent.py::TestSpecQAAgent::test_check_test_coverage_basic_full", "lineno": 73, "outcome": "passed", "keywords": ["test_check_test_coverage_basic_full", "TestSpecQAAgent", "test_spec_qa_agent.py", "tests", "spec_automation", "autoBMAD", "pytQt_template", ""], "setup": {"duration": 0.00011359999189153314, "outcome": "passed"}, "call": {"duration": 0.00033900000562425703, "outcome": "passed"}, "teardown": {"duration": 0.00010380000458098948, "outcome": "passed"}}, {"nodeid": "autoBMAD/spec_automation/tests/test_spec_qa_agent.py::TestSpecQAAgent::test_check_test_coverage_basic_zero", "lineno": 80, "outcome": "passed", "keywords": ["test_check_test_coverage_basic_zero", "TestSpecQAAgent", "test_spec_qa_agent.py", "tests", "spec_automation", "autoBMAD", "pytQt_template", ""], "setup": {"duration": 0.00011389999417588115, "outcome": "passed"}, "call": {"duration": 0.00032720000308472663, "outcome": "passed"}, "teardown": {"duration": 0.00011809999705292284, "outcome": "passed"}}, {"nodeid": "autoBMAD/spec_automation/tests/test_spec_qa_agent.py::TestSpecQAAgent::test_check_test_coverage_basic_empty_requirement", "lineno": 86, "outcome": "passed", "keywords": ["test_check_test_coverage_basic_empty_requirement", "TestSpecQAAgent", "test_spec_qa_agent.py", "tests", "spec_automation", "autoBMAD", "pytQt_template", ""], "setup": {"duration": 0.0001145999995060265, "outcome": "passed"}, "call": {"duration": 0.00032470001315232366, "outcome": "passed"}, "teardown": {"duration": 0.00010579999070614576, "outcome": "passed"}}, {"nodeid": "autoBMAD/spec_automation/tests/test_spec_qa_agent.py::TestSpecQAAgent::test_review_implementation_basic", "lineno": 92, "outcome": "passed", "keywords": ["test_review_implementation_basic", "asyncio", "pytestmark", "TestSpecQAAgent", "test_spec_qa_agent.py", "tests", "spec_automation", "autoBMAD", "pytQt_template", ""], "setup": {"duration": 0.003873199995723553, "outcome": "passed"}, "call": {"duration": 0.019420299999183044, "outcome": "passed", "log": [{"name": "autoBMAD.spec_automation.spec_qa_agent", "msg": "Failed to save report: Error binding parameter 2: type 'dict' is not supported", "args": null, "levelname": "ERROR", "levelno": 40, "pathname": "D:\\GITHUB\\pytQt_template\\autoBMAD\\spec_automation\\spec_qa_agent.py", "filename": "spec_qa_agent.py", "module": "spec_qa_agent", "exc_info": null, "exc_text": "Traceback (most recent call last):\n  File \"D:\\GITHUB\\pytQt_template\\autoBMAD\\spec_automation\\spec_qa_agent.py\", line 449, in _save_report\n    self.state_manager.save_review_report(\n  File \"D:\\GITHUB\\pytQt_template\\autoBMAD\\spec_automation\\spec_state_manager.py\", line 193, in save_review_report\n    cursor.execute(\"\"\"\nsqlite3.ProgrammingError: Error binding parameter 2: type 'dict' is not supported", "stack_info": null, "lineno": 467, "funcName": "_save_report", "created": 1767907630.0238693, "msecs": 23.0, "relativeCreated": 1319.1900253295898, "thread": 43728, "threadName": "MainThread", "processName": "MainProcess", "process": 18412, "taskName": "Task-1"}]}, "teardown": {"duration": 0.0010103999957209453, "outcome": "passed"}}, {"nodeid": "autoBMAD/spec_automation/tests/test_spec_qa_agent.py::TestSpecQAAgent::test_review_implementation_file_not_found", "lineno": 106, "outcome": "passed", "keywords": ["test_review_implementation_file_not_found", "asyncio", "pytestmark", "TestSpecQAAgent", "test_spec_qa_agent.py", "tests", "spec_automation", "autoBMAD", "pytQt_template", ""], "setup": {"duration": 0.0004938000056426972, "outcome": "passed"}, "call": {"duration": 0.0018460999999660999, "outcome": "passed", "log": [{"name": "autoBMAD.spec_automation.spec_qa_agent", "msg": "Error during review: Story file not found: nonexistent.md", "args": null, "levelname": "ERROR", "levelno": 40, "pathname": "D:\\GITHUB\\pytQt_template\\autoBMAD\\spec_automation\\spec_qa_agent.py", "filename": "spec_qa_agent.py", "module": "spec_qa_agent", "exc_info": null, "exc_text": "Traceback (most recent call last):\n  File \"D:\\GITHUB\\pytQt_template\\autoBMAD\\spec_automation\\spec_qa_agent.py\", line 206, in review_implementation\n    raise FileNotFoundError(f\"Story file not found: {story_path}\")\nFileNotFoundError: Story file not found: nonexistent.md", "stack_info": null, "lineno": 262, "funcName": "review_implementation", "created": 1767907630.039513, "msecs": 39.0, "relativeCreated": 1334.8338603973389, "thread": 43728, "threadName": "MainThread", "processName": "MainProcess", "process": 18412, "taskName": "Task-4"}]}, "teardown": {"duration": 0.00031319999834522605, "outcome": "passed"}}, {"nodeid": "autoBMAD/spec_automation/tests/test_spec_qa_agent.py::TestSpecQAAgent::test_review_implementation_multiple_requirements", "lineno": 113, "outcome": "passed", "keywords": ["test_review_implementation_multiple_requirements", "asyncio", "pytestmark", "TestSpecQAAgent", "test_spec_qa_agent.py", "tests", "spec_automation", "autoBMAD", "pytQt_template", ""], "setup": {"duration": 0.0012150999973528087, "outcome": "passed"}, "call": {"duration": 0.008327699993969873, "outcome": "passed", "log": [{"name": "autoBMAD.spec_automation.spec_qa_agent", "msg": "Failed to save report: Error binding parameter 2: type 'dict' is not supported", "args": null, "levelname": "ERROR", "levelno": 40, "pathname": "D:\\GITHUB\\pytQt_template\\autoBMAD\\spec_automation\\spec_qa_agent.py", "filename": "spec_qa_agent.py", "module": "spec_qa_agent", "exc_info": null, "exc_text": "Traceback (most recent call last):\n  File \"D:\\GITHUB\\pytQt_template\\autoBMAD\\spec_automation\\spec_qa_agent.py\", line 449, in _save_report\n    self.state_manager.save_review_report(\n  File \"D:\\GITHUB\\pytQt_template\\autoBMAD\\spec_automation\\spec_state_manager.py\", line 193, in save_review_report\n    cursor.execute(\"\"\"\nsqlite3.ProgrammingError: Error binding parameter 2: type 'dict' is not supported", "stack_info": null, "lineno": 467, "funcName": "_save_report", "created": 1767907630.0455937, "msecs": 45.0, "relativeCreated": 1340.9144878387451, "thread": 43728, "threadName": "MainThread", "processName": "MainProcess", "process": 18412, "taskName": "Task-7"}]}, "teardown": {"duration": 0.00031620000663679093, "outcome": "passed"}}, {"nodeid": "autoBMAD/spec_automation/tests/test_spec_qa_agent.py::TestSpecQAAgent::test_review_implementation_with_source_files", "lineno": 142, "outcome": "passed", "keywords": ["test_review_implementation_with_source_files", "asyncio", "pytestmark", "TestSpecQAAgent", "test_spec_qa_agent.py", "tests", "spec_automation", "autoBMAD", "pytQt_template", ""], "setup": {"duration": 0.001037699999869801, "outcome": "passed"}, "call": {"duration": 0.007678100009798072, "outcome": "passed", "log": [{"name": "autoBMAD.spec_automation.spec_qa_agent", "msg": "Failed to save report: Error binding parameter 2: type 'dict' is not supported", "args": null, "levelname": "ERROR", "levelno": 40, "pathname": "D:\\GITHUB\\pytQt_template\\autoBMAD\\spec_automation\\spec_qa_agent.py", "filename": "spec_qa_agent.py", "module": "spec_qa_agent", "exc_info": null, "exc_text": "Traceback (most recent call last):\n  File \"D:\\GITHUB\\pytQt_template\\autoBMAD\\spec_automation\\spec_qa_agent.py\", line 449, in _save_report\n    self.state_manager.save_review_report(\n  File \"D:\\GITHUB\\pytQt_template\\autoBMAD\\spec_automation\\spec_state_manager.py\", line 193, in save_review_report\n    cursor.execute(\"\"\"\nsqlite3.ProgrammingError: Error binding parameter 2: type 'dict' is not supported", "stack_info": null, "lineno": 467, "funcName": "_save_report", "created": 1767907630.0545945, "msecs": 54.0, "relativeCreated": 1349.9152660369873, "thread": 43728, "threadName": "MainThread", "processName": "MainProcess", "process": 18412, "taskName": "Task-10"}]}, "teardown": {"duration": 0.00031119999766815454, "outcome": "passed"}}, {"nodeid": "autoBMAD/spec_automation/tests/test_spec_qa_agent.py::TestSpecQAAgent::test_review_implementation_no_test_files", "lineno": 166, "outcome": "passed", "keywords": ["test_review_implementation_no_test_files", "asyncio", "pytestmark", "TestSpecQAAgent", "test_spec_qa_agent.py", "tests", "spec_automation", "autoBMAD", "pytQt_template", ""], "setup": {"duration": 0.0010142000101041049, "outcome": "passed"}, "call": {"duration": 0.00749319999886211, "outcome": "passed", "log": [{"name": "autoBMAD.spec_automation.spec_qa_agent", "msg": "Failed to save report: Error binding parameter 2: type 'dict' is not supported", "args": null, "levelname": "ERROR", "levelno": 40, "pathname": "D:\\GITHUB\\pytQt_template\\autoBMAD\\spec_automation\\spec_qa_agent.py", "filename": "spec_qa_agent.py", "module": "spec_qa_agent", "exc_info": null, "exc_text": "Traceback (most recent call last):\n  File \"D:\\GITHUB\\pytQt_template\\autoBMAD\\spec_automation\\spec_qa_agent.py\", line 449, in _save_report\n    self.state_manager.save_review_report(\n  File \"D:\\GITHUB\\pytQt_template\\autoBMAD\\spec_automation\\spec_state_manager.py\", line 193, in save_review_report\n    cursor.execute(\"\"\"\nsqlite3.ProgrammingError: Error binding parameter 2: type 'dict' is not supported", "stack_info": null, "lineno": 467, "funcName": "_save_report", "created": 1767907630.064663, "msecs": 64.0, "relativeCreated": 1359.9836826324463, "thread": 43728, "threadName": "MainThread", "processName": "MainProcess", "process": 18412, "taskName": "Task-13"}]}, "teardown": {"duration": 0.000302100001135841, "outcome": "passed"}}, {"nodeid": "autoBMAD/spec_automation/tests/test_spec_qa_agent.py::TestSpecQAAgent::test_calculate_overall_coverage", "lineno": 186, "outcome": "passed", "keywords": ["test_calculate_overall_coverage", "TestSpecQAAgent", "test_spec_qa_agent.py", "tests", "spec_automation", "autoBMAD", "pytQt_template", ""], "setup": {"duration": 0.00012910000805277377, "outcome": "passed"}, "call": {"duration": 0.0007008999964455143, "outcome": "passed"}, "teardown": {"duration": 0.00011110000195913017, "outcome": "passed"}}, {"nodeid": "autoBMAD/spec_automation/tests/test_spec_qa_agent.py::TestSpecQAAgent::test_calculate_overall_coverage_empty", "lineno": 197, "outcome": "passed", "keywords": ["test_calculate_overall_coverage_empty", "TestSpecQAAgent", "test_spec_qa_agent.py", "tests", "spec_automation", "autoBMAD", "pytQt_template", ""], "setup": {"duration": 0.00011730000551324338, "outcome": "passed"}, "call": {"duration": 0.0003336000081617385, "outcome": "passed"}, "teardown": {"duration": 0.00010559998918324709, "outcome": "passed"}}, {"nodeid": "autoBMAD/spec_automation/tests/test_spec_qa_agent.py::TestSpecQAAgent::test_calculate_overall_coverage_single_requirement", "lineno": 203, "outcome": "passed", "keywords": ["test_calculate_overall_coverage_single_requirement", "TestSpecQAAgent", "test_spec_qa_agent.py", "tests", "spec_automation", "autoBMAD", "pytQt_template", ""], "setup": {"duration": 0.00011449999874457717, "outcome": "passed"}, "call": {"duration": 0.0003389999910723418, "outcome": "passed"}, "teardown": {"duration": 0.0001044000091496855, "outcome": "passed"}}, {"nodeid": "autoBMAD/spec_automation/tests/test_spec_qa_agent.py::TestSpecQAAgent::test_generate_findings_missing_implementations", "lineno": 210, "outcome": "passed", "keywords": ["test_generate_findings_missing_implementations", "TestSpecQAAgent", "test_spec_qa_agent.py", "tests", "spec_automation", "autoBMAD", "pytQt_template", ""], "setup": {"duration": 0.00011340000492054969, "outcome": "passed"}, "call": {"duration": 0.0003284999984316528, "outcome": "passed"}, "teardown": {"duration": 0.000102700010756962, "outcome": "passed"}}, {"nodeid": "autoBMAD/spec_automation/tests/test_spec_qa_agent.py::TestSpecQAAgent::test_generate_findings_low_coverage", "lineno": 225, "outcome": "passed", "keywords": ["test_generate_findings_low_coverage", "TestSpecQAAgent", "test_spec_qa_agent.py", "tests", "spec_automation", "autoBMAD", "pytQt_template", ""], "setup": {"duration": 0.00011850000009872019, "outcome": "passed"}, "call": {"duration": 0.00032839999767020345, "outcome": "passed"}, "teardown": {"duration": 0.00010420000762678683, "outcome": "passed"}}, {"nodeid": "autoBMAD/spec_automation/tests/test_spec_qa_agent.py::TestSpecQAAgent::test_generate_findings_no_test_files", "lineno": 240, "outcome": "passed", "keywords": ["test_generate_findings_no_test_files", "TestSpecQAAgent", "test_spec_qa_agent.py", "tests", "spec_automation", "autoBMAD", "pytQt_template", ""], "setup": {"duration": 0.00011439999798312783, "outcome": "passed"}, "call": {"duration": 0.00037030001112725586, "outcome": "passed"}, "teardown": {"duration": 0.00010450000991113484, "outcome": "passed"}}, {"nodeid": "autoBMAD/spec_automation/tests/test_spec_qa_agent.py::TestSpecQAAgent::test_determine_overall_status_all_pass", "lineno": 249, "outcome": "passed", "keywords": ["test_determine_overall_status_all_pass", "TestSpecQAAgent", "test_spec_qa_agent.py", "tests", "spec_automation", "autoBMAD", "pytQt_template", ""], "setup": {"duration": 0.00011269999959040433, "outcome": "passed"}, "call": {"duration": 0.00032869999995455146, "outcome": "passed"}, "teardown": {"duration": 0.00010289999772794545, "outcome": "passed"}}, {"nodeid": "autoBMAD/spec_automation/tests/test_spec_qa_agent.py::TestSpecQAAgent::test_determine_overall_status_any_fail", "lineno": 259, "outcome": "passed", "keywords": ["test_determine_overall_status_any_fail", "TestSpecQAAgent", "test_spec_qa_agent.py", "tests", "spec_automation", "autoBMAD", "pytQt_template", ""], "setup": {"duration": 0.00011389999417588115, "outcome": "passed"}, "call": {"duration": 0.00032199999259319156, "outcome": "passed"}, "teardown": {"duration": 0.00010590000601951033, "outcome": "passed"}}, {"nodeid": "autoBMAD/spec_automation/tests/test_spec_qa_agent.py::TestSpecQAAgent::test_determine_overall_status_concerns", "lineno": 270, "outcome": "passed", "keywords": ["test_determine_overall_status_concerns", "TestSpecQAAgent", "test_spec_qa_agent.py", "tests", "spec_automation", "autoBMAD", "pytQt_template", ""], "setup": {"duration": 0.00011379999341443181, "outcome": "passed"}, "call": {"duration": 0.0003232999879401177, "outcome": "passed"}, "teardown": {"duration": 0.00010289999772794545, "outcome": "passed"}}, {"nodeid": "autoBMAD/spec_automation/tests/test_spec_qa_agent.py::TestSpecQAAgent::test_determine_overall_status_empty", "lineno": 280, "outcome": "passed", "keywords": ["test_determine_overall_status_empty", "TestSpecQAAgent", "test_spec_qa_agent.py", "tests", "spec_automation", "autoBMAD", "pytQt_template", ""], "setup": {"duration": 0.0003087999939452857, "outcome": "passed"}, "call": {"duration": 0.0006547999946633354, "outcome": "passed"}, "teardown": {"duration": 0.000112599998828955, "outcome": "passed"}}, {"nodeid": "autoBMAD/spec_automation/tests/test_spec_qa_agent.py::TestSpecQAAgent::test_collect_source_files", "lineno": 286, "outcome": "passed", "keywords": ["test_collect_source_files", "TestSpecQAAgent", "test_spec_qa_agent.py", "tests", "spec_automation", "autoBMAD", "pytQt_template", ""], "setup": {"duration": 0.0007148000004235655, "outcome": "passed"}, "call": {"duration": 0.0015275999903678894, "outcome": "passed"}, "teardown": {"duration": 0.0001235999952768907, "outcome": "passed"}}, {"nodeid": "autoBMAD/spec_automation/tests/test_spec_qa_agent.py::TestSpecQAAgent::test_collect_test_files", "lineno": 298, "outcome": "passed", "keywords": ["test_collect_test_files", "TestSpecQAAgent", "test_spec_qa_agent.py", "tests", "spec_automation", "autoBMAD", "pytQt_template", ""], "setup": {"duration": 0.0007016000017756596, "outcome": "passed"}, "call": {"duration": 0.0012857999972766265, "outcome": "passed"}, "teardown": {"duration": 0.00012850000348407775, "outcome": "passed"}}, {"nodeid": "autoBMAD/spec_automation/tests/test_spec_qa_agent.py::TestSpecQAAgent::test_verify_requirement", "lineno": 310, "outcome": "passed", "keywords": ["test_verify_requirement", "TestSpecQAAgent", "test_spec_qa_agent.py", "tests", "spec_automation", "autoBMAD", "pytQt_template", ""], "setup": {"duration": 0.0006867000047350302, "outcome": "passed"}, "call": {"duration": 0.00159939999866765, "outcome": "passed"}, "teardown": {"duration": 0.00012980001338291913, "outcome": "passed"}}, {"nodeid": "autoBMAD/spec_automation/tests/test_spec_qa_agent.py::TestSpecQAAgent::test_qa_report_to_dict", "lineno": 330, "outcome": "passed", "keywords": ["test_qa_report_to_dict", "TestSpecQAAgent", "test_spec_qa_agent.py", "tests", "spec_automation", "autoBMAD", "pytQt_template", ""], "setup": {"duration": 0.00012549999519251287, "outcome": "passed"}, "call": {"duration": 0.0001336999994236976, "outcome": "passed"}, "teardown": {"duration": 9.640000644139946e-05, "outcome": "passed"}}, {"nodeid": "autoBMAD/spec_automation/tests/test_spec_qa_agent.py::TestSpecQAAgent::test_qa_report_str_representation", "lineno": 347, "outcome": "passed", "keywords": ["test_qa_report_str_representation", "TestSpecQAAgent", "test_spec_qa_agent.py", "tests", "spec_automation", "autoBMAD", "pytQt_template", ""], "setup": {"duration": 0.00011419999646022916, "outcome": "passed"}, "call": {"duration": 0.00014349998673424125, "outcome": "passed"}, "teardown": {"duration": 9.709999721962959e-05, "outcome": "passed"}}, {"nodeid": "autoBMAD/spec_automation/tests/test_spec_qa_agent.py::TestSpecQAAgent::test_qa_report_str_with_no_findings", "lineno": 363, "outcome": "passed", "keywords": ["test_qa_report_str_with_no_findings", "TestSpecQAAgent", "test_spec_qa_agent.py", "tests", "spec_automation", "autoBMAD", "pytQt_template", ""], "setup": {"duration": 0.00011140000424347818, "outcome": "passed"}, "call": {"duration": 0.00012679999053943902, "outcome": "passed"}, "teardown": {"duration": 9.420000424142927e-05, "outcome": "passed"}}, {"nodeid": "autoBMAD/spec_automation/tests/test_spec_qa_agent.py::TestSpecQAAgent::test_verify_implementation_edge_cases", "lineno": 378, "outcome": "passed", "keywords": ["test_verify_implementation_edge_cases", "TestSpecQAAgent", "test_spec_qa_agent.py", "tests", "spec_automation", "autoBMAD", "pytQt_template", ""], "setup": {"duration": 0.00010999999358318746, "outcome": "passed"}, "call": {"duration": 0.0004600999964168295, "outcome": "passed"}, "teardown": {"duration": 0.00010849999671336263, "outcome": "passed"}}, {"nodeid": "autoBMAD/spec_automation/tests/test_spec_qa_agent.py::TestSpecQAAgent::test_coverage_edge_cases", "lineno": 394, "outcome": "passed", "keywords": ["test_coverage_edge_cases", "TestSpecQAAgent", "test_spec_qa_agent.py", "tests", "spec_automation", "autoBMAD", "pytQt_template", ""], "setup": {"duration": 0.00011510000331327319, "outcome": "passed"}, "call": {"duration": 0.00039089999336283654, "outcome": "passed"}, "teardown": {"duration": 0.0001942000089911744, "outcome": "passed"}}], "warnings": [{"message": "The default datetime adapter is deprecated as of Python 3.12; see the sqlite3 documentation for suggested replacement recipes", "category": "DeprecationWarning", "when": "runtest", "filename": "D:\\GITHUB\\pytQt_template\\autoBMAD\\spec_automation\\spec_state_manager.py", "lineno": 109}, {"message": "The default datetime adapter is deprecated as of Python 3.12; see the sqlite3 documentation for suggested replacement recipes", "category": "DeprecationWarning", "when": "runtest", "filename": "D:\\GITHUB\\pytQt_template\\autoBMAD\\spec_automation\\spec_state_manager.py", "lineno": 109}, {"message": "The default datetime adapter is deprecated as of Python 3.12; see the sqlite3 documentation for suggested replacement recipes", "category": "DeprecationWarning", "when": "runtest", "filename": "D:\\GITHUB\\pytQt_template\\autoBMAD\\spec_automation\\spec_state_manager.py", "lineno": 109}, {"message": "The default datetime adapter is deprecated as of Python 3.12; see the sqlite3 documentation for suggested replacement recipes", "category": "DeprecationWarning", "when": "runtest", "filename": "D:\\GITHUB\\pytQt_template\\autoBMAD\\spec_automation\\spec_state_manager.py", "lineno": 109}]}