{
  "scan_timestamp": "2026-01-05T13:04:23.772289",
  "test_start_time": "2026-01-05T13:17:25.547305",
  "timestamp": "20260105_131725",
  "total_files": 37,
  "files_with_errors": [
    {
      "relative_path": "D:\\GITHUB\\pytQt_template\\tests\\test_epic_automation.py",
      "status": "completed",
      "result": "failed",
      "errors": [],
      "failures": [
        {
          "type": "FAILED",
          "message": "FAILED ..\\tests\\test_epic_automation.py::TestEpicDriver::test_parse_epic - as...",
          "test_name": "FAILED ..\\tests\\test_epic_automation.py::TestEpicDriver::test_parse_epic",
          "line": 63,
          "details": []
        },
        {
          "type": "FAILED",
          "message": "FAILED ..\\tests\\test_epic_automation.py::TestEpicDriver::test_execute_qa_phase_pass",
          "test_name": "FAILED ..\\tests\\test_epic_automation.py::TestEpicDriver::test_execute_qa_phase_pass",
          "line": 64,
          "details": []
        },
        {
          "type": "FAILED",
          "message": "FAILED ..\\tests\\test_epic_automation.py::TestEpicDriver::test_process_story_complete_flow",
          "test_name": "FAILED ..\\tests\\test_epic_automation.py::TestEpicDriver::test_process_story_complete_flow",
          "line": 65,
          "details": []
        },
        {
          "type": "FAILED",
          "message": "FAILED ..\\tests\\test_epic_automation.py::TestIntegrationSmDevQaCycle::test_agent_coordination_and_handoffs",
          "test_name": "FAILED ..\\tests\\test_epic_automation.py::TestIntegrationSmDevQaCycle::test_agent_coordination_and_handoffs",
          "line": 66,
          "details": []
        },
        {
          "type": "FAILED",
          "message": "FAILED ..\\tests\\test_epic_automation.py::TestIntegrationSmDevQaCycle::test_state_recovery_after_interruption",
          "test_name": "FAILED ..\\tests\\test_epic_automation.py::TestIntegrationSmDevQaCycle::test_state_recovery_after_interruption",
          "line": 67,
          "details": []
        }
      ],
      "execution_time": 8.071114301681519,
      "timestamp": "2026-01-05T13:17:25.547305",
      "timeout": false,
      "debug_info": {
        "debug_session_id": "ds_1767590306",
        "debug_port": 5678,
        "breakpoints": [],
        "debug_log": "C:\\Users\\Administrator\\AppData\\Local\\Programs\\Python\\Python312\\python.exe: No module named debugpy\n",
        "start_time": "2026-01-05T13:18:26.205703",
        "success": true,
        "end_time": "2026-01-05T13:18:26.229489"
      }
    },
    {
      "relative_path": "D:\\GITHUB\\pytQt_template\\tests\\e2e\\test_epic_processing.py",
      "status": "completed",
      "result": "failed",
      "errors": [],
      "failures": [
        {
          "type": "FAILED",
          "message": "FAILED ..\\tests\\e2e\\test_epic_processing.py::TestEpicProcessingE2E::test_epic_with_quality_gates_e2e",
          "test_name": "FAILED ..\\tests\\e2e\\test_epic_processing.py::TestEpicProcessingE2E::test_epic_with_quality_gates_e2e",
          "line": 54,
          "details": []
        }
      ],
      "execution_time": 1.142794132232666,
      "timestamp": "2026-01-05T13:17:38.050766",
      "timeout": false,
      "debug_info": {
        "debug_session_id": "ds_1767590306",
        "debug_port": 5678,
        "breakpoints": [],
        "debug_log": "C:\\Users\\Administrator\\AppData\\Local\\Programs\\Python\\Python312\\python.exe: No module named debugpy\n",
        "start_time": "2026-01-05T13:18:26.229489",
        "success": true,
        "end_time": "2026-01-05T13:18:26.246485"
      }
    },
    {
      "relative_path": "D:\\GITHUB\\pytQt_template\\tests\\unit\\test_documentation.py",
      "status": "completed",
      "result": "failed",
      "errors": [],
      "failures": [
        {
          "type": "FAILED",
          "message": "FAILED ..\\tests\\unit\\test_documentation.py::TestDocumentationAccuracy::test_readme_commands_exist",
          "test_name": "FAILED ..\\tests\\unit\\test_documentation.py::TestDocumentationAccuracy::test_readme_commands_exist",
          "line": 183,
          "details": []
        },
        {
          "type": "FAILED",
          "message": "FAILED ..\\tests\\unit\\test_documentation.py::TestDocumentationAccuracy::test_setup_dependencies_exist",
          "test_name": "FAILED ..\\tests\\unit\\test_documentation.py::TestDocumentationAccuracy::test_setup_dependencies_exist",
          "line": 184,
          "details": []
        },
        {
          "type": "FAILED",
          "message": "FAILED ..\\tests\\unit\\test_documentation.py::TestDocumentationAccuracy::test_example_epic_exists",
          "test_name": "FAILED ..\\tests\\unit\\test_documentation.py::TestDocumentationAccuracy::test_example_epic_exists",
          "line": 185,
          "details": []
        },
        {
          "type": "FAILED",
          "message": "FAILED ..\\tests\\unit\\test_documentation.py::TestDocumentationAccuracy::test_troubleshooting_guide_exists",
          "test_name": "FAILED ..\\tests\\unit\\test_documentation.py::TestDocumentationAccuracy::test_troubleshooting_guide_exists",
          "line": 186,
          "details": []
        },
        {
          "type": "FAILED",
          "message": "FAILED ..\\tests\\unit\\test_documentation.py::TestDocumentationAccuracy::test_user_guides_exist",
          "test_name": "FAILED ..\\tests\\unit\\test_documentation.py::TestDocumentationAccuracy::test_user_guides_exist",
          "line": 187,
          "details": []
        },
        {
          "type": "FAILED",
          "message": "FAILED ..\\tests\\unit\\test_documentation.py::TestDocumentationAccuracy::test_api_documentation_exists",
          "test_name": "FAILED ..\\tests\\unit\\test_documentation.py::TestDocumentationAccuracy::test_api_documentation_exists",
          "line": 188,
          "details": []
        },
        {
          "type": "FAILED",
          "message": "FAILED ..\\tests\\unit\\test_documentation.py::TestDocumentationAccuracy::test_integration_tests_exist",
          "test_name": "FAILED ..\\tests\\unit\\test_documentation.py::TestDocumentationAccuracy::test_integration_tests_exist",
          "line": 189,
          "details": []
        },
        {
          "type": "FAILED",
          "message": "FAILED ..\\tests\\unit\\test_documentation.py::TestDocumentationAccuracy::test_performance_tests_exist",
          "test_name": "FAILED ..\\tests\\unit\\test_documentation.py::TestDocumentationAccuracy::test_performance_tests_exist",
          "line": 190,
          "details": []
        },
        {
          "type": "FAILED",
          "message": "FAILED ..\\tests\\unit\\test_documentation.py::TestDocumentationAccuracy::test_documented_files_exist",
          "test_name": "FAILED ..\\tests\\unit\\test_documentation.py::TestDocumentationAccuracy::test_documented_files_exist",
          "line": 191,
          "details": []
        },
        {
          "type": "FAILED",
          "message": "FAILED ..\\tests\\unit\\test_documentation.py::TestDocumentationAccuracy::test_cli_options_documented",
          "test_name": "FAILED ..\\tests\\unit\\test_documentation.py::TestDocumentationAccuracy::test_cli_options_documented",
          "line": 192,
          "details": []
        },
        {
          "type": "FAILED",
          "message": "FAILED ..\\tests\\unit\\test_documentation.py::TestDocumentationAccuracy::test_workflow_phases_documented",
          "test_name": "FAILED ..\\tests\\unit\\test_documentation.py::TestDocumentationAccuracy::test_workflow_phases_documented",
          "line": 193,
          "details": []
        },
        {
          "type": "FAILED",
          "message": "FAILED ..\\tests\\unit\\test_documentation.py::TestDocumentationAccuracy::test_quality_gate_tools_documented",
          "test_name": "FAILED ..\\tests\\unit\\test_documentation.py::TestDocumentationAccuracy::test_quality_gate_tools_documented",
          "line": 194,
          "details": []
        },
        {
          "type": "FAILED",
          "message": "FAILED ..\\tests\\unit\\test_documentation.py::TestDocumentationAccuracy::test_test_automation_tools_documented",
          "test_name": "FAILED ..\\tests\\unit\\test_documentation.py::TestDocumentationAccuracy::test_test_automation_tools_documented",
          "line": 195,
          "details": []
        },
        {
          "type": "FAILED",
          "message": "FAILED ..\\tests\\unit\\test_documentation.py::TestDocumentationAccuracy::test_configuration_example_exists",
          "test_name": "FAILED ..\\tests\\unit\\test_documentation.py::TestDocumentationAccuracy::test_configuration_example_exists",
          "line": 196,
          "details": []
        },
        {
          "type": "FAILED",
          "message": "FAILED ..\\tests\\unit\\test_documentation.py::TestDocumentationAccuracy::test_example_commands_work",
          "test_name": "FAILED ..\\tests\\unit\\test_documentation.py::TestDocumentationAccuracy::test_example_commands_work",
          "line": 197,
          "details": []
        },
        {
          "type": "FAILED",
          "message": "FAILED ..\\tests\\unit\\test_documentation.py::TestDocumentationAccuracy::test_story_task_completion",
          "test_name": "FAILED ..\\tests\\unit\\test_documentation.py::TestDocumentationAccuracy::test_story_task_completion",
          "line": 198,
          "details": []
        },
        {
          "type": "FAILED",
          "message": "FAILED ..\\tests\\unit\\test_documentation.py::TestDocumentationAccuracy::test_file_list_section_exists",
          "test_name": "FAILED ..\\tests\\unit\\test_documentation.py::TestDocumentationAccuracy::test_file_list_section_exists",
          "line": 199,
          "details": []
        },
        {
          "type": "FAILED",
          "message": "FAILED ..\\tests\\unit\\test_documentation.py::TestDocumentationAccuracy::test_change_log_exists",
          "test_name": "FAILED ..\\tests\\unit\\test_documentation.py::TestDocumentationAccuracy::test_change_log_exists",
          "line": 200,
          "details": []
        }
      ],
      "execution_time": 0.4646010398864746,
      "timestamp": "2026-01-05T13:17:48.770801",
      "timeout": false,
      "debug_info": {
        "debug_session_id": "ds_1767590306",
        "debug_port": 5678,
        "breakpoints": [],
        "debug_log": "C:\\Users\\Administrator\\AppData\\Local\\Programs\\Python\\Python312\\python.exe: No module named debugpy\n",
        "start_time": "2026-01-05T13:18:26.246485",
        "success": true,
        "end_time": "2026-01-05T13:18:26.263485"
      }
    },
    {
      "relative_path": "D:\\GITHUB\\pytQt_template\\tests\\unit\\test_documentation_simple.py",
      "status": "completed",
      "result": "failed",
      "errors": [],
      "failures": [
        {
          "type": "FAILED",
          "message": "FAILED ..\\tests\\unit\\test_documentation_simple.py::TestDocumentationFilesExist::test_readme_exists",
          "test_name": "FAILED ..\\tests\\unit\\test_documentation_simple.py::TestDocumentationFilesExist::test_readme_exists",
          "line": 140,
          "details": []
        },
        {
          "type": "FAILED",
          "message": "FAILED ..\\tests\\unit\\test_documentation_simple.py::TestDocumentationFilesExist::test_setup_exists",
          "test_name": "FAILED ..\\tests\\unit\\test_documentation_simple.py::TestDocumentationFilesExist::test_setup_exists",
          "line": 141,
          "details": []
        },
        {
          "type": "FAILED",
          "message": "FAILED ..\\tests\\unit\\test_documentation_simple.py::TestDocumentationFilesExist::test_example_epic_exists",
          "test_name": "FAILED ..\\tests\\unit\\test_documentation_simple.py::TestDocumentationFilesExist::test_example_epic_exists",
          "line": 142,
          "details": []
        },
        {
          "type": "FAILED",
          "message": "FAILED ..\\tests\\unit\\test_documentation_simple.py::TestDocumentationFilesExist::test_troubleshooting_exists",
          "test_name": "FAILED ..\\tests\\unit\\test_documentation_simple.py::TestDocumentationFilesExist::test_troubleshooting_exists",
          "line": 143,
          "details": []
        },
        {
          "type": "FAILED",
          "message": "FAILED ..\\tests\\unit\\test_documentation_simple.py::TestDocumentationFilesExist::test_user_guide_quality_gates_exists",
          "test_name": "FAILED ..\\tests\\unit\\test_documentation_simple.py::TestDocumentationFilesExist::test_user_guide_quality_gates_exists",
          "line": 144,
          "details": []
        },
        {
          "type": "FAILED",
          "message": "FAILED ..\\tests\\unit\\test_documentation_simple.py::TestDocumentationFilesExist::test_user_guide_test_automation_exists",
          "test_name": "FAILED ..\\tests\\unit\\test_documentation_simple.py::TestDocumentationFilesExist::test_user_guide_test_automation_exists",
          "line": 145,
          "details": []
        },
        {
          "type": "FAILED",
          "message": "FAILED ..\\tests\\unit\\test_documentation_simple.py::TestDocumentationFilesExist::test_api_documentation_exists",
          "test_name": "FAILED ..\\tests\\unit\\test_documentation_simple.py::TestDocumentationFilesExist::test_api_documentation_exists",
          "line": 146,
          "details": []
        },
        {
          "type": "FAILED",
          "message": "FAILED ..\\tests\\unit\\test_documentation_simple.py::TestDocumentationFilesExist::test_integration_tests_exist",
          "test_name": "FAILED ..\\tests\\unit\\test_documentation_simple.py::TestDocumentationFilesExist::test_integration_tests_exist",
          "line": 147,
          "details": []
        },
        {
          "type": "FAILED",
          "message": "FAILED ..\\tests\\unit\\test_documentation_simple.py::TestDocumentationFilesExist::test_quality_gates_integration_tests_exist",
          "test_name": "FAILED ..\\tests\\unit\\test_documentation_simple.py::TestDocumentationFilesExist::test_quality_gates_integration_tests_exist",
          "line": 148,
          "details": []
        },
        {
          "type": "FAILED",
          "message": "FAILED ..\\tests\\unit\\test_documentation_simple.py::TestDocumentationFilesExist::test_test_automation_integration_tests_exist",
          "test_name": "FAILED ..\\tests\\unit\\test_documentation_simple.py::TestDocumentationFilesExist::test_test_automation_integration_tests_exist",
          "line": 149,
          "details": []
        },
        {
          "type": "FAILED",
          "message": "FAILED ..\\tests\\unit\\test_documentation_simple.py::TestDocumentationFilesExist::test_performance_tests_exist",
          "test_name": "FAILED ..\\tests\\unit\\test_documentation_simple.py::TestDocumentationFilesExist::test_performance_tests_exist",
          "line": 150,
          "details": []
        },
        {
          "type": "FAILED",
          "message": "FAILED ..\\tests\\unit\\test_documentation_simple.py::TestDocumentationFilesExist::test_documentation_tests_exist",
          "test_name": "FAILED ..\\tests\\unit\\test_documentation_simple.py::TestDocumentationFilesExist::test_documentation_tests_exist",
          "line": 151,
          "details": []
        },
        {
          "type": "FAILED",
          "message": "FAILED ..\\tests\\unit\\test_documentation_simple.py::TestDocumentationFilesExist::test_code_quality_agent_exists",
          "test_name": "FAILED ..\\tests\\unit\\test_documentation_simple.py::TestDocumentationFilesExist::test_code_quality_agent_exists",
          "line": 152,
          "details": []
        },
        {
          "type": "FAILED",
          "message": "FAILED ..\\tests\\unit\\test_documentation_simple.py::TestDocumentationFilesExist::test_test_automation_agent_exists",
          "test_name": "FAILED ..\\tests\\unit\\test_documentation_simple.py::TestDocumentationFilesExist::test_test_automation_agent_exists",
          "line": 153,
          "details": []
        },
        {
          "type": "FAILED",
          "message": "FAILED ..\\tests\\unit\\test_documentation_simple.py::TestDocumentationFilesExist::test_epic_driver_exists",
          "test_name": "FAILED ..\\tests\\unit\\test_documentation_simple.py::TestDocumentationFilesExist::test_epic_driver_exists",
          "line": 154,
          "details": []
        },
        {
          "type": "FAILED",
          "message": "FAILED ..\\tests\\unit\\test_documentation_simple.py::TestDocumentationFilesExist::test_state_manager_exists",
          "test_name": "FAILED ..\\tests\\unit\\test_documentation_simple.py::TestDocumentationFilesExist::test_state_manager_exists",
          "line": 155,
          "details": []
        },
        {
          "type": "FAILED",
          "message": "FAILED ..\\tests\\unit\\test_documentation_simple.py::TestDocumentationFilesExist::test_story_005_exists",
          "test_name": "FAILED ..\\tests\\unit\\test_documentation_simple.py::TestDocumentationFilesExist::test_story_005_exists",
          "line": 156,
          "details": []
        }
      ],
      "execution_time": 0.3564918041229248,
      "timestamp": "2026-01-05T13:17:59.826484",
      "timeout": false,
      "debug_info": {
        "debug_session_id": "ds_1767590306",
        "debug_port": 5678,
        "breakpoints": [],
        "debug_log": "C:\\Users\\Administrator\\AppData\\Local\\Programs\\Python\\Python312\\python.exe: No module named debugpy\n",
        "start_time": "2026-01-05T13:18:26.263485",
        "success": true,
        "end_time": "2026-01-05T13:18:26.281485"
      }
    }
  ],
  "summary": {
    "total": 37,
    "passed": 33,
    "failed": 4,
    "errors": 0,
    "timeouts": 0
  }
}