{
  "scan_timestamp": "2026-01-05T13:04:23.772289",
  "test_start_time": "2026-01-05T13:09:16.819240",
  "timestamp": "20260105_130916",
  "total_files": 37,
  "files_with_errors": [
    {
      "relative_path": "D:\\GITHUB\\pytQt_template\\tests\\test_epic_automation.py",
      "status": "completed",
      "result": "failed",
      "errors": [],
      "failures": [
        {
          "type": "FAILED",
          "message": "FAILED ..\\tests\\test_epic_automation.py::TestStateManager::test_update_and_get_story_status",
          "test_name": "FAILED ..\\tests\\test_epic_automation.py::TestStateManager::test_update_and_get_story_status",
          "line": 298,
          "details": []
        },
        {
          "type": "FAILED",
          "message": "FAILED ..\\tests\\test_epic_automation.py::TestStateManager::test_update_existing_story",
          "test_name": "FAILED ..\\tests\\test_epic_automation.py::TestStateManager::test_update_existing_story",
          "line": 299,
          "details": []
        },
        {
          "type": "FAILED",
          "message": "FAILED ..\\tests\\test_epic_automation.py::TestStateManager::test_qa_result_storage",
          "test_name": "FAILED ..\\tests\\test_epic_automation.py::TestStateManager::test_qa_result_storage",
          "line": 300,
          "details": []
        },
        {
          "type": "FAILED",
          "message": "FAILED ..\\tests\\test_epic_automation.py::TestStateManager::test_get_stories_by_status",
          "test_name": "FAILED ..\\tests\\test_epic_automation.py::TestStateManager::test_get_stories_by_status",
          "line": 301,
          "details": []
        },
        {
          "type": "FAILED",
          "message": "FAILED ..\\tests\\test_epic_automation.py::TestStateManager::test_get_stats - F...",
          "test_name": "FAILED ..\\tests\\test_epic_automation.py::TestStateManager::test_get_stats",
          "line": 302,
          "details": []
        },
        {
          "type": "FAILED",
          "message": "FAILED ..\\tests\\test_epic_automation.py::TestSMAgent::test_execute_sm_phase",
          "test_name": "FAILED ..\\tests\\test_epic_automation.py::TestSMAgent::test_execute_sm_phase",
          "line": 303,
          "details": []
        },
        {
          "type": "FAILED",
          "message": "FAILED ..\\tests\\test_epic_automation.py::TestSMAgent::test_validate_story_structure",
          "test_name": "FAILED ..\\tests\\test_epic_automation.py::TestSMAgent::test_validate_story_structure",
          "line": 304,
          "details": []
        },
        {
          "type": "FAILED",
          "message": "FAILED ..\\tests\\test_epic_automation.py::TestDevAgent::test_execute_dev_phase",
          "test_name": "FAILED ..\\tests\\test_epic_automation.py::TestDevAgent::test_execute_dev_phase",
          "line": 305,
          "details": []
        },
        {
          "type": "FAILED",
          "message": "FAILED ..\\tests\\test_epic_automation.py::TestDevAgent::test_extract_requirements",
          "test_name": "FAILED ..\\tests\\test_epic_automation.py::TestDevAgent::test_extract_requirements",
          "line": 306,
          "details": []
        },
        {
          "type": "FAILED",
          "message": "FAILED ..\\tests\\test_epic_automation.py::TestDevAgent::test_validate_requirements",
          "test_name": "FAILED ..\\tests\\test_epic_automation.py::TestDevAgent::test_validate_requirements",
          "line": 307,
          "details": []
        },
        {
          "type": "FAILED",
          "message": "FAILED ..\\tests\\test_epic_automation.py::TestQAAgent::test_execute_qa_phase_pass",
          "test_name": "FAILED ..\\tests\\test_epic_automation.py::TestQAAgent::test_execute_qa_phase_pass",
          "line": 308,
          "details": []
        },
        {
          "type": "FAILED",
          "message": "FAILED ..\\tests\\test_epic_automation.py::TestQAAgent::test_execute_qa_phase_fail",
          "test_name": "FAILED ..\\tests\\test_epic_automation.py::TestQAAgent::test_execute_qa_phase_fail",
          "line": 309,
          "details": []
        },
        {
          "type": "FAILED",
          "message": "FAILED ..\\tests\\test_epic_automation.py::TestQAAgent::test_calculate_qa_result",
          "test_name": "FAILED ..\\tests\\test_epic_automation.py::TestQAAgent::test_calculate_qa_result",
          "line": 310,
          "details": []
        },
        {
          "type": "FAILED",
          "message": "FAILED ..\\tests\\test_epic_automation.py::TestEpicDriver::test_load_task_guidance",
          "test_name": "FAILED ..\\tests\\test_epic_automation.py::TestEpicDriver::test_load_task_guidance",
          "line": 311,
          "details": []
        },
        {
          "type": "FAILED",
          "message": "FAILED ..\\tests\\test_epic_automation.py::TestEpicDriver::test_parse_epic - as...",
          "test_name": "FAILED ..\\tests\\test_epic_automation.py::TestEpicDriver::test_parse_epic",
          "line": 312,
          "details": []
        },
        {
          "type": "FAILED",
          "message": "FAILED ..\\tests\\test_epic_automation.py::TestEpicDriver::test_execute_sm_phase",
          "test_name": "FAILED ..\\tests\\test_epic_automation.py::TestEpicDriver::test_execute_sm_phase",
          "line": 313,
          "details": []
        },
        {
          "type": "FAILED",
          "message": "FAILED ..\\tests\\test_epic_automation.py::TestEpicDriver::test_execute_dev_phase",
          "test_name": "FAILED ..\\tests\\test_epic_automation.py::TestEpicDriver::test_execute_dev_phase",
          "line": 314,
          "details": []
        },
        {
          "type": "FAILED",
          "message": "FAILED ..\\tests\\test_epic_automation.py::TestEpicDriver::test_execute_qa_phase_pass",
          "test_name": "FAILED ..\\tests\\test_epic_automation.py::TestEpicDriver::test_execute_qa_phase_pass",
          "line": 315,
          "details": []
        },
        {
          "type": "FAILED",
          "message": "FAILED ..\\tests\\test_epic_automation.py::TestEpicDriver::test_process_story_complete_flow",
          "test_name": "FAILED ..\\tests\\test_epic_automation.py::TestEpicDriver::test_process_story_complete_flow",
          "line": 316,
          "details": []
        },
        {
          "type": "FAILED",
          "message": "FAILED ..\\tests\\test_epic_automation.py::TestEpicDriver::test_max_iterations_safety",
          "test_name": "FAILED ..\\tests\\test_epic_automation.py::TestEpicDriver::test_max_iterations_safety",
          "line": 317,
          "details": []
        },
        {
          "type": "FAILED",
          "message": "FAILED ..\\tests\\test_epic_automation.py::TestIntegrationSmDevQaCycle::test_full_sm_dev_qa_cycle_with_state_persistence",
          "test_name": "FAILED ..\\tests\\test_epic_automation.py::TestIntegrationSmDevQaCycle::test_full_sm_dev_qa_cycle_with_state_persistence",
          "line": 318,
          "details": []
        },
        {
          "type": "FAILED",
          "message": "FAILED ..\\tests\\test_epic_automation.py::TestIntegrationSmDevQaCycle::test_agent_coordination_and_handoffs",
          "test_name": "FAILED ..\\tests\\test_epic_automation.py::TestIntegrationSmDevQaCycle::test_agent_coordination_and_handoffs",
          "line": 319,
          "details": []
        },
        {
          "type": "FAILED",
          "message": "FAILED ..\\tests\\test_epic_automation.py::TestIntegrationSmDevQaCycle::test_state_recovery_after_interruption",
          "test_name": "FAILED ..\\tests\\test_epic_automation.py::TestIntegrationSmDevQaCycle::test_state_recovery_after_interruption",
          "line": 320,
          "details": []
        },
        {
          "type": "FAILED",
          "message": "FAILED ..\\tests\\test_epic_automation.py::TestIntegrationSmDevQaCycle::test_error_handling_and_recovery",
          "test_name": "FAILED ..\\tests\\test_epic_automation.py::TestIntegrationSmDevQaCycle::test_error_handling_and_recovery",
          "line": 321,
          "details": []
        }
      ],
      "execution_time": 1.625575065612793,
      "timestamp": "2026-01-05T13:09:16.819240",
      "timeout": false
    },
    {
      "relative_path": "D:\\GITHUB\\pytQt_template\\tests\\integration\\test_complete_workflow.py",
      "status": "completed",
      "result": "failed",
      "errors": [],
      "failures": [
        {
          "type": "FAILED",
          "message": "FAILED ..\\tests\\integration\\test_complete_workflow.py::TestCompleteWorkflow::test_full_5_phase_workflow",
          "test_name": "FAILED ..\\tests\\integration\\test_complete_workflow.py::TestCompleteWorkflow::test_full_5_phase_workflow",
          "line": 118,
          "details": []
        },
        {
          "type": "FAILED",
          "message": "FAILED ..\\tests\\integration\\test_complete_workflow.py::TestCompleteWorkflow::test_workflow_skip_quality",
          "test_name": "FAILED ..\\tests\\integration\\test_complete_workflow.py::TestCompleteWorkflow::test_workflow_skip_quality",
          "line": 119,
          "details": []
        },
        {
          "type": "FAILED",
          "message": "FAILED ..\\tests\\integration\\test_complete_workflow.py::TestCompleteWorkflow::test_workflow_skip_tests",
          "test_name": "FAILED ..\\tests\\integration\\test_complete_workflow.py::TestCompleteWorkflow::test_workflow_skip_tests",
          "line": 120,
          "details": []
        },
        {
          "type": "FAILED",
          "message": "FAILED ..\\tests\\integration\\test_complete_workflow.py::TestCompleteWorkflow::test_workflow_skip_both",
          "test_name": "FAILED ..\\tests\\integration\\test_complete_workflow.py::TestCompleteWorkflow::test_workflow_skip_both",
          "line": 121,
          "details": []
        },
        {
          "type": "FAILED",
          "message": "FAILED ..\\tests\\integration\\test_complete_workflow.py::TestCompleteWorkflow::test_workflow_multiple_stories",
          "test_name": "FAILED ..\\tests\\integration\\test_complete_workflow.py::TestCompleteWorkflow::test_workflow_multiple_stories",
          "line": 122,
          "details": []
        },
        {
          "type": "FAILED",
          "message": "FAILED ..\\tests\\integration\\test_complete_workflow.py::TestCompleteWorkflow::test_workflow_qa_failure",
          "test_name": "FAILED ..\\tests\\integration\\test_complete_workflow.py::TestCompleteWorkflow::test_workflow_qa_failure",
          "line": 123,
          "details": []
        },
        {
          "type": "FAILED",
          "message": "FAILED ..\\tests\\integration\\test_complete_workflow.py::TestCompleteWorkflow::test_workflow_with_retry",
          "test_name": "FAILED ..\\tests\\integration\\test_complete_workflow.py::TestCompleteWorkflow::test_workflow_with_retry",
          "line": 124,
          "details": []
        },
        {
          "type": "FAILED",
          "message": "FAILED ..\\tests\\integration\\test_complete_workflow.py::TestCompleteWorkflow::test_progress_tracking_accuracy",
          "test_name": "FAILED ..\\tests\\integration\\test_complete_workflow.py::TestCompleteWorkflow::test_progress_tracking_accuracy",
          "line": 125,
          "details": []
        }
      ],
      "execution_time": 0.3922123908996582,
      "timestamp": "2026-01-05T13:09:18.902684",
      "timeout": false
    },
    {
      "relative_path": "D:\\GITHUB\\pytQt_template\\tests\\e2e\\test_epic_processing.py",
      "status": "completed",
      "result": "failed",
      "errors": [],
      "failures": [
        {
          "type": "FAILED",
          "message": "FAILED ..\\tests\\e2e\\test_epic_processing.py::TestEpicProcessingE2E::test_epic_with_quality_gates_e2e",
          "test_name": "FAILED ..\\tests\\e2e\\test_epic_processing.py::TestEpicProcessingE2E::test_epic_with_quality_gates_e2e",
          "line": 86,
          "details": []
        },
        {
          "type": "FAILED",
          "message": "FAILED ..\\tests\\e2e\\test_epic_processing.py::TestEpicProcessingE2E::test_epic_with_multiple_stories_e2e",
          "test_name": "FAILED ..\\tests\\e2e\\test_epic_processing.py::TestEpicProcessingE2E::test_epic_with_multiple_stories_e2e",
          "line": 87,
          "details": []
        },
        {
          "type": "FAILED",
          "message": "FAILED ..\\tests\\e2e\\test_epic_processing.py::TestEpicProcessingE2E::test_error_recovery_scenario",
          "test_name": "FAILED ..\\tests\\e2e\\test_epic_processing.py::TestEpicProcessingE2E::test_error_recovery_scenario",
          "line": 88,
          "details": []
        },
        {
          "type": "FAILED",
          "message": "FAILED ..\\tests\\e2e\\test_epic_processing.py::TestEpicProcessingE2E::test_performance_benchmark",
          "test_name": "FAILED ..\\tests\\e2e\\test_epic_processing.py::TestEpicProcessingE2E::test_performance_benchmark",
          "line": 89,
          "details": []
        },
        {
          "type": "FAILED",
          "message": "FAILED ..\\tests\\e2e\\test_epic_processing.py::TestEpicProcessingE2E::test_backward_compatibility",
          "test_name": "FAILED ..\\tests\\e2e\\test_epic_processing.py::TestEpicProcessingE2E::test_backward_compatibility",
          "line": 90,
          "details": []
        }
      ],
      "execution_time": 0.34674072265625,
      "timestamp": "2026-01-05T13:09:20.871769",
      "timeout": false
    },
    {
      "relative_path": "D:\\GITHUB\\pytQt_template\\tests\\unit\\test_epic_driver.py",
      "status": "completed",
      "result": "failed",
      "errors": [],
      "failures": [
        {
          "type": "FAILED",
          "message": "FAILED ..\\tests\\unit\\test_epic_driver.py::TestPhaseGatedExecution::test_validate_phase_gates_success",
          "test_name": "FAILED ..\\tests\\unit\\test_epic_driver.py::TestPhaseGatedExecution::test_validate_phase_gates_success",
          "line": 170,
          "details": []
        },
        {
          "type": "FAILED",
          "message": "FAILED ..\\tests\\unit\\test_epic_driver.py::TestPhaseGatedExecution::test_validate_phase_gates_missing_source_dir",
          "test_name": "FAILED ..\\tests\\unit\\test_epic_driver.py::TestPhaseGatedExecution::test_validate_phase_gates_missing_source_dir",
          "line": 171,
          "details": []
        },
        {
          "type": "FAILED",
          "message": "FAILED ..\\tests\\unit\\test_epic_driver.py::TestPhaseGatedExecution::test_validate_phase_gates_missing_test_dir",
          "test_name": "FAILED ..\\tests\\unit\\test_epic_driver.py::TestPhaseGatedExecution::test_validate_phase_gates_missing_test_dir",
          "line": 172,
          "details": []
        },
        {
          "type": "FAILED",
          "message": "FAILED ..\\tests\\unit\\test_epic_driver.py::TestPhaseGatedExecution::test_validate_phase_gates_skipped_phases",
          "test_name": "FAILED ..\\tests\\unit\\test_epic_driver.py::TestPhaseGatedExecution::test_validate_phase_gates_skipped_phases",
          "line": 173,
          "details": []
        },
        {
          "type": "FAILED",
          "message": "FAILED ..\\tests\\unit\\test_epic_driver.py::TestProgressTracking::test_update_progress",
          "test_name": "FAILED ..\\tests\\unit\\test_epic_driver.py::TestProgressTracking::test_update_progress",
          "line": 174,
          "details": []
        },
        {
          "type": "FAILED",
          "message": "FAILED ..\\tests\\unit\\test_epic_driver.py::TestProgressTracking::test_initialize_epic_processing",
          "test_name": "FAILED ..\\tests\\unit\\test_epic_driver.py::TestProgressTracking::test_initialize_epic_processing",
          "line": 175,
          "details": []
        },
        {
          "type": "FAILED",
          "message": "FAILED ..\\tests\\unit\\test_epic_driver.py::TestWorkflowOrchestration::test_execute_quality_gates",
          "test_name": "FAILED ..\\tests\\unit\\test_epic_driver.py::TestWorkflowOrchestration::test_execute_quality_gates",
          "line": 176,
          "details": []
        },
        {
          "type": "FAILED",
          "message": "FAILED ..\\tests\\unit\\test_epic_driver.py::TestWorkflowOrchestration::test_execute_quality_gates_skip",
          "test_name": "FAILED ..\\tests\\unit\\test_epic_driver.py::TestWorkflowOrchestration::test_execute_quality_gates_skip",
          "line": 177,
          "details": []
        },
        {
          "type": "FAILED",
          "message": "FAILED ..\\tests\\unit\\test_epic_driver.py::TestWorkflowOrchestration::test_execute_test_automation",
          "test_name": "FAILED ..\\tests\\unit\\test_epic_driver.py::TestWorkflowOrchestration::test_execute_test_automation",
          "line": 178,
          "details": []
        },
        {
          "type": "FAILED",
          "message": "FAILED ..\\tests\\unit\\test_epic_driver.py::TestWorkflowOrchestration::test_execute_test_automation_skip",
          "test_name": "FAILED ..\\tests\\unit\\test_epic_driver.py::TestWorkflowOrchestration::test_execute_test_automation_skip",
          "line": 179,
          "details": []
        },
        {
          "type": "FAILED",
          "message": "FAILED ..\\tests\\unit\\test_epic_driver.py::TestErrorHandling::test_execute_quality_gates_error",
          "test_name": "FAILED ..\\tests\\unit\\test_epic_driver.py::TestErrorHandling::test_execute_quality_gates_error",
          "line": 180,
          "details": []
        },
        {
          "type": "FAILED",
          "message": "FAILED ..\\tests\\unit\\test_epic_driver.py::TestErrorHandling::test_execute_test_automation_error",
          "test_name": "FAILED ..\\tests\\unit\\test_epic_driver.py::TestErrorHandling::test_execute_test_automation_error",
          "line": 181,
          "details": []
        }
      ],
      "execution_time": 3.16996169090271,
      "timestamp": "2026-01-05T13:09:21.607038",
      "timeout": false
    },
    {
      "relative_path": "D:\\GITHUB\\pytQt_template\\tests\\unit\\test_documentation.py",
      "status": "completed",
      "result": "failed",
      "errors": [],
      "failures": [
        {
          "type": "FAILED",
          "message": "FAILED ..\\tests\\unit\\test_documentation.py::TestDocumentationAccuracy::test_readme_commands_exist",
          "test_name": "FAILED ..\\tests\\unit\\test_documentation.py::TestDocumentationAccuracy::test_readme_commands_exist",
          "line": 188,
          "details": []
        },
        {
          "type": "FAILED",
          "message": "FAILED ..\\tests\\unit\\test_documentation.py::TestDocumentationAccuracy::test_setup_dependencies_exist",
          "test_name": "FAILED ..\\tests\\unit\\test_documentation.py::TestDocumentationAccuracy::test_setup_dependencies_exist",
          "line": 189,
          "details": []
        },
        {
          "type": "FAILED",
          "message": "FAILED ..\\tests\\unit\\test_documentation.py::TestDocumentationAccuracy::test_example_epic_exists",
          "test_name": "FAILED ..\\tests\\unit\\test_documentation.py::TestDocumentationAccuracy::test_example_epic_exists",
          "line": 190,
          "details": []
        },
        {
          "type": "FAILED",
          "message": "FAILED ..\\tests\\unit\\test_documentation.py::TestDocumentationAccuracy::test_troubleshooting_guide_exists",
          "test_name": "FAILED ..\\tests\\unit\\test_documentation.py::TestDocumentationAccuracy::test_troubleshooting_guide_exists",
          "line": 191,
          "details": []
        },
        {
          "type": "FAILED",
          "message": "FAILED ..\\tests\\unit\\test_documentation.py::TestDocumentationAccuracy::test_user_guides_exist",
          "test_name": "FAILED ..\\tests\\unit\\test_documentation.py::TestDocumentationAccuracy::test_user_guides_exist",
          "line": 192,
          "details": []
        },
        {
          "type": "FAILED",
          "message": "FAILED ..\\tests\\unit\\test_documentation.py::TestDocumentationAccuracy::test_api_documentation_exists",
          "test_name": "FAILED ..\\tests\\unit\\test_documentation.py::TestDocumentationAccuracy::test_api_documentation_exists",
          "line": 193,
          "details": []
        },
        {
          "type": "FAILED",
          "message": "FAILED ..\\tests\\unit\\test_documentation.py::TestDocumentationAccuracy::test_integration_tests_exist",
          "test_name": "FAILED ..\\tests\\unit\\test_documentation.py::TestDocumentationAccuracy::test_integration_tests_exist",
          "line": 194,
          "details": []
        },
        {
          "type": "FAILED",
          "message": "FAILED ..\\tests\\unit\\test_documentation.py::TestDocumentationAccuracy::test_performance_tests_exist",
          "test_name": "FAILED ..\\tests\\unit\\test_documentation.py::TestDocumentationAccuracy::test_performance_tests_exist",
          "line": 195,
          "details": []
        },
        {
          "type": "FAILED",
          "message": "FAILED ..\\tests\\unit\\test_documentation.py::TestDocumentationAccuracy::test_documented_files_exist",
          "test_name": "FAILED ..\\tests\\unit\\test_documentation.py::TestDocumentationAccuracy::test_documented_files_exist",
          "line": 196,
          "details": []
        },
        {
          "type": "FAILED",
          "message": "FAILED ..\\tests\\unit\\test_documentation.py::TestDocumentationAccuracy::test_cli_options_documented",
          "test_name": "FAILED ..\\tests\\unit\\test_documentation.py::TestDocumentationAccuracy::test_cli_options_documented",
          "line": 197,
          "details": []
        },
        {
          "type": "FAILED",
          "message": "FAILED ..\\tests\\unit\\test_documentation.py::TestDocumentationAccuracy::test_workflow_phases_documented",
          "test_name": "FAILED ..\\tests\\unit\\test_documentation.py::TestDocumentationAccuracy::test_workflow_phases_documented",
          "line": 198,
          "details": []
        },
        {
          "type": "FAILED",
          "message": "FAILED ..\\tests\\unit\\test_documentation.py::TestDocumentationAccuracy::test_quality_gate_tools_documented",
          "test_name": "FAILED ..\\tests\\unit\\test_documentation.py::TestDocumentationAccuracy::test_quality_gate_tools_documented",
          "line": 199,
          "details": []
        },
        {
          "type": "FAILED",
          "message": "FAILED ..\\tests\\unit\\test_documentation.py::TestDocumentationAccuracy::test_test_automation_tools_documented",
          "test_name": "FAILED ..\\tests\\unit\\test_documentation.py::TestDocumentationAccuracy::test_test_automation_tools_documented",
          "line": 200,
          "details": []
        },
        {
          "type": "FAILED",
          "message": "FAILED ..\\tests\\unit\\test_documentation.py::TestDocumentationAccuracy::test_configuration_example_exists",
          "test_name": "FAILED ..\\tests\\unit\\test_documentation.py::TestDocumentationAccuracy::test_configuration_example_exists",
          "line": 201,
          "details": []
        },
        {
          "type": "FAILED",
          "message": "FAILED ..\\tests\\unit\\test_documentation.py::TestDocumentationAccuracy::test_example_commands_work",
          "test_name": "FAILED ..\\tests\\unit\\test_documentation.py::TestDocumentationAccuracy::test_example_commands_work",
          "line": 202,
          "details": []
        },
        {
          "type": "FAILED",
          "message": "FAILED ..\\tests\\unit\\test_documentation.py::TestDocumentationAccuracy::test_story_task_completion",
          "test_name": "FAILED ..\\tests\\unit\\test_documentation.py::TestDocumentationAccuracy::test_story_task_completion",
          "line": 203,
          "details": []
        },
        {
          "type": "FAILED",
          "message": "FAILED ..\\tests\\unit\\test_documentation.py::TestDocumentationAccuracy::test_file_list_section_exists",
          "test_name": "FAILED ..\\tests\\unit\\test_documentation.py::TestDocumentationAccuracy::test_file_list_section_exists",
          "line": 204,
          "details": []
        },
        {
          "type": "FAILED",
          "message": "FAILED ..\\tests\\unit\\test_documentation.py::TestDocumentationAccuracy::test_change_log_exists",
          "test_name": "FAILED ..\\tests\\unit\\test_documentation.py::TestDocumentationAccuracy::test_change_log_exists",
          "line": 205,
          "details": []
        }
      ],
      "execution_time": 0.4428291320800781,
      "timestamp": "2026-01-05T13:09:26.385650",
      "timeout": false
    },
    {
      "relative_path": "D:\\GITHUB\\pytQt_template\\tests\\epic_automation\\test_state_manager.py",
      "status": "completed",
      "result": "failed",
      "errors": [],
      "failures": [
        {
          "type": "FAILED",
          "message": "FAILED ..\\tests\\epic_automation\\test_state_manager.py::TestStateManager::test_init_database",
          "test_name": "FAILED ..\\tests\\epic_automation\\test_state_manager.py::TestStateManager::test_init_database",
          "line": 122,
          "details": []
        },
        {
          "type": "FAILED",
          "message": "FAILED ..\\tests\\epic_automation\\test_state_manager.py::TestStateManager::test_update_story_state_new",
          "test_name": "FAILED ..\\tests\\epic_automation\\test_state_manager.py::TestStateManager::test_update_story_state_new",
          "line": 123,
          "details": []
        },
        {
          "type": "FAILED",
          "message": "FAILED ..\\tests\\epic_automation\\test_state_manager.py::TestStateManager::test_update_story_state_existing",
          "test_name": "FAILED ..\\tests\\epic_automation\\test_state_manager.py::TestStateManager::test_update_story_state_existing",
          "line": 124,
          "details": []
        },
        {
          "type": "FAILED",
          "message": "FAILED ..\\tests\\epic_automation\\test_state_manager.py::TestStateManager::test_get_story_state_not_found",
          "test_name": "FAILED ..\\tests\\epic_automation\\test_state_manager.py::TestStateManager::test_get_story_state_not_found",
          "line": 125,
          "details": []
        },
        {
          "type": "FAILED",
          "message": "FAILED ..\\tests\\epic_automation\\test_state_manager.py::TestStateManager::test_get_stories_by_status",
          "test_name": "FAILED ..\\tests\\epic_automation\\test_state_manager.py::TestStateManager::test_get_stories_by_status",
          "line": 126,
          "details": []
        },
        {
          "type": "FAILED",
          "message": "FAILED ..\\tests\\epic_automation\\test_state_manager.py::TestStateManager::test_get_all_stories",
          "test_name": "FAILED ..\\tests\\epic_automation\\test_state_manager.py::TestStateManager::test_get_all_stories",
          "line": 127,
          "details": []
        },
        {
          "type": "FAILED",
          "message": "FAILED ..\\tests\\epic_automation\\test_state_manager.py::TestStateManager::test_mark_story_in_progress",
          "test_name": "FAILED ..\\tests\\epic_automation\\test_state_manager.py::TestStateManager::test_mark_story_in_progress",
          "line": 128,
          "details": []
        },
        {
          "type": "FAILED",
          "message": "FAILED ..\\tests\\epic_automation\\test_state_manager.py::TestStateManager::test_mark_story_pass",
          "test_name": "FAILED ..\\tests\\epic_automation\\test_state_manager.py::TestStateManager::test_mark_story_pass",
          "line": 129,
          "details": []
        },
        {
          "type": "FAILED",
          "message": "FAILED ..\\tests\\epic_automation\\test_state_manager.py::TestStateManager::test_mark_story_fail",
          "test_name": "FAILED ..\\tests\\epic_automation\\test_state_manager.py::TestStateManager::test_mark_story_fail",
          "line": 130,
          "details": []
        },
        {
          "type": "FAILED",
          "message": "FAILED ..\\tests\\epic_automation\\test_state_manager.py::TestStateManager::test_mark_story_not_found",
          "test_name": "FAILED ..\\tests\\epic_automation\\test_state_manager.py::TestStateManager::test_mark_story_not_found",
          "line": 131,
          "details": []
        },
        {
          "type": "FAILED",
          "message": "FAILED ..\\tests\\epic_automation\\test_state_manager.py::TestStateManager::test_qa_result_serialization",
          "test_name": "FAILED ..\\tests\\epic_automation\\test_state_manager.py::TestStateManager::test_qa_result_serialization",
          "line": 132,
          "details": []
        },
        {
          "type": "FAILED",
          "message": "FAILED ..\\tests\\epic_automation\\test_state_manager.py::TestStateManager::test_notes_storage",
          "test_name": "FAILED ..\\tests\\epic_automation\\test_state_manager.py::TestStateManager::test_notes_storage",
          "line": 133,
          "details": []
        },
        {
          "type": "FAILED",
          "message": "FAILED ..\\tests\\epic_automation\\test_state_manager.py::TestStateManager::test_print_state_report_empty",
          "test_name": "FAILED ..\\tests\\epic_automation\\test_state_manager.py::TestStateManager::test_print_state_report_empty",
          "line": 134,
          "details": []
        },
        {
          "type": "FAILED",
          "message": "FAILED ..\\tests\\epic_automation\\test_state_manager.py::TestStateManager::test_print_state_report_with_data",
          "test_name": "FAILED ..\\tests\\epic_automation\\test_state_manager.py::TestStateManager::test_print_state_report_with_data",
          "line": 135,
          "details": []
        },
        {
          "type": "FAILED",
          "message": "FAILED ..\\tests\\epic_automation\\test_state_manager.py::TestStateManager::test_reset_story",
          "test_name": "FAILED ..\\tests\\epic_automation\\test_state_manager.py::TestStateManager::test_reset_story",
          "line": 136,
          "details": []
        },
        {
          "type": "FAILED",
          "message": "FAILED ..\\tests\\epic_automation\\test_state_manager.py::TestStateManager::test_reset_story_not_found",
          "test_name": "FAILED ..\\tests\\epic_automation\\test_state_manager.py::TestStateManager::test_reset_story_not_found",
          "line": 137,
          "details": []
        },
        {
          "type": "FAILED",
          "message": "FAILED ..\\tests\\epic_automation\\test_state_manager.py::TestStateManager::test_clear_all_states",
          "test_name": "FAILED ..\\tests\\epic_automation\\test_state_manager.py::TestStateManager::test_clear_all_states",
          "line": 138,
          "details": []
        },
        {
          "type": "FAILED",
          "message": "FAILED ..\\tests\\epic_automation\\test_state_manager.py::TestStateManager::test_multiple_iterations",
          "test_name": "FAILED ..\\tests\\epic_automation\\test_state_manager.py::TestStateManager::test_multiple_iterations",
          "line": 139,
          "details": []
        },
        {
          "type": "FAILED",
          "message": "FAILED ..\\tests\\epic_automation\\test_state_manager.py::TestStateManager::test_timestamps",
          "test_name": "FAILED ..\\tests\\epic_automation\\test_state_manager.py::TestStateManager::test_timestamps",
          "line": 140,
          "details": []
        },
        {
          "type": "FAILED",
          "message": "FAILED ..\\tests\\epic_automation\\test_state_manager.py::TestStateManager::test_concurrent_access",
          "test_name": "FAILED ..\\tests\\epic_automation\\test_state_manager.py::TestStateManager::test_concurrent_access",
          "line": 141,
          "details": []
        }
      ],
      "execution_time": 1.2169380187988281,
      "timestamp": "2026-01-05T13:09:26.829481",
      "timeout": false
    },
    {
      "relative_path": "D:\\GITHUB\\pytQt_template\\tests\\unit\\test_documentation_simple.py",
      "status": "completed",
      "result": "failed",
      "errors": [],
      "failures": [
        {
          "type": "FAILED",
          "message": "FAILED ..\\tests\\unit\\test_documentation_simple.py::TestDocumentationFilesExist::test_readme_exists",
          "test_name": "FAILED ..\\tests\\unit\\test_documentation_simple.py::TestDocumentationFilesExist::test_readme_exists",
          "line": 145,
          "details": []
        },
        {
          "type": "FAILED",
          "message": "FAILED ..\\tests\\unit\\test_documentation_simple.py::TestDocumentationFilesExist::test_setup_exists",
          "test_name": "FAILED ..\\tests\\unit\\test_documentation_simple.py::TestDocumentationFilesExist::test_setup_exists",
          "line": 146,
          "details": []
        },
        {
          "type": "FAILED",
          "message": "FAILED ..\\tests\\unit\\test_documentation_simple.py::TestDocumentationFilesExist::test_example_epic_exists",
          "test_name": "FAILED ..\\tests\\unit\\test_documentation_simple.py::TestDocumentationFilesExist::test_example_epic_exists",
          "line": 147,
          "details": []
        },
        {
          "type": "FAILED",
          "message": "FAILED ..\\tests\\unit\\test_documentation_simple.py::TestDocumentationFilesExist::test_troubleshooting_exists",
          "test_name": "FAILED ..\\tests\\unit\\test_documentation_simple.py::TestDocumentationFilesExist::test_troubleshooting_exists",
          "line": 148,
          "details": []
        },
        {
          "type": "FAILED",
          "message": "FAILED ..\\tests\\unit\\test_documentation_simple.py::TestDocumentationFilesExist::test_user_guide_quality_gates_exists",
          "test_name": "FAILED ..\\tests\\unit\\test_documentation_simple.py::TestDocumentationFilesExist::test_user_guide_quality_gates_exists",
          "line": 149,
          "details": []
        },
        {
          "type": "FAILED",
          "message": "FAILED ..\\tests\\unit\\test_documentation_simple.py::TestDocumentationFilesExist::test_user_guide_test_automation_exists",
          "test_name": "FAILED ..\\tests\\unit\\test_documentation_simple.py::TestDocumentationFilesExist::test_user_guide_test_automation_exists",
          "line": 150,
          "details": []
        },
        {
          "type": "FAILED",
          "message": "FAILED ..\\tests\\unit\\test_documentation_simple.py::TestDocumentationFilesExist::test_api_documentation_exists",
          "test_name": "FAILED ..\\tests\\unit\\test_documentation_simple.py::TestDocumentationFilesExist::test_api_documentation_exists",
          "line": 151,
          "details": []
        },
        {
          "type": "FAILED",
          "message": "FAILED ..\\tests\\unit\\test_documentation_simple.py::TestDocumentationFilesExist::test_integration_tests_exist",
          "test_name": "FAILED ..\\tests\\unit\\test_documentation_simple.py::TestDocumentationFilesExist::test_integration_tests_exist",
          "line": 152,
          "details": []
        },
        {
          "type": "FAILED",
          "message": "FAILED ..\\tests\\unit\\test_documentation_simple.py::TestDocumentationFilesExist::test_quality_gates_integration_tests_exist",
          "test_name": "FAILED ..\\tests\\unit\\test_documentation_simple.py::TestDocumentationFilesExist::test_quality_gates_integration_tests_exist",
          "line": 153,
          "details": []
        },
        {
          "type": "FAILED",
          "message": "FAILED ..\\tests\\unit\\test_documentation_simple.py::TestDocumentationFilesExist::test_test_automation_integration_tests_exist",
          "test_name": "FAILED ..\\tests\\unit\\test_documentation_simple.py::TestDocumentationFilesExist::test_test_automation_integration_tests_exist",
          "line": 154,
          "details": []
        },
        {
          "type": "FAILED",
          "message": "FAILED ..\\tests\\unit\\test_documentation_simple.py::TestDocumentationFilesExist::test_performance_tests_exist",
          "test_name": "FAILED ..\\tests\\unit\\test_documentation_simple.py::TestDocumentationFilesExist::test_performance_tests_exist",
          "line": 155,
          "details": []
        },
        {
          "type": "FAILED",
          "message": "FAILED ..\\tests\\unit\\test_documentation_simple.py::TestDocumentationFilesExist::test_documentation_tests_exist",
          "test_name": "FAILED ..\\tests\\unit\\test_documentation_simple.py::TestDocumentationFilesExist::test_documentation_tests_exist",
          "line": 156,
          "details": []
        },
        {
          "type": "FAILED",
          "message": "FAILED ..\\tests\\unit\\test_documentation_simple.py::TestDocumentationFilesExist::test_code_quality_agent_exists",
          "test_name": "FAILED ..\\tests\\unit\\test_documentation_simple.py::TestDocumentationFilesExist::test_code_quality_agent_exists",
          "line": 157,
          "details": []
        },
        {
          "type": "FAILED",
          "message": "FAILED ..\\tests\\unit\\test_documentation_simple.py::TestDocumentationFilesExist::test_test_automation_agent_exists",
          "test_name": "FAILED ..\\tests\\unit\\test_documentation_simple.py::TestDocumentationFilesExist::test_test_automation_agent_exists",
          "line": 158,
          "details": []
        },
        {
          "type": "FAILED",
          "message": "FAILED ..\\tests\\unit\\test_documentation_simple.py::TestDocumentationFilesExist::test_epic_driver_exists",
          "test_name": "FAILED ..\\tests\\unit\\test_documentation_simple.py::TestDocumentationFilesExist::test_epic_driver_exists",
          "line": 159,
          "details": []
        },
        {
          "type": "FAILED",
          "message": "FAILED ..\\tests\\unit\\test_documentation_simple.py::TestDocumentationFilesExist::test_state_manager_exists",
          "test_name": "FAILED ..\\tests\\unit\\test_documentation_simple.py::TestDocumentationFilesExist::test_state_manager_exists",
          "line": 160,
          "details": []
        },
        {
          "type": "FAILED",
          "message": "FAILED ..\\tests\\unit\\test_documentation_simple.py::TestDocumentationFilesExist::test_story_005_exists",
          "test_name": "FAILED ..\\tests\\unit\\test_documentation_simple.py::TestDocumentationFilesExist::test_story_005_exists",
          "line": 161,
          "details": []
        }
      ],
      "execution_time": 0.3747248649597168,
      "timestamp": "2026-01-05T13:09:36.595985",
      "timeout": false
    }
  ],
  "summary": {
    "total": 37,
    "passed": 30,
    "failed": 7,
    "errors": 0,
    "timeouts": 0
  }
}