{
  "scan_timestamp": "2026-01-05T13:04:23.772289",
  "test_start_time": "2026-01-05T13:04:33.203501",
  "timestamp": "20260105_130433",
  "total_files": 37,
  "files_with_errors": [
    {
      "relative_path": "D:\\GITHUB\\pytQt_template\\tests\\test_epic_automation.py",
      "status": "completed",
      "result": "failed",
      "errors": [],
      "failures": [
        {
          "type": "FAILED",
          "message": "FAILED ..\\tests\\test_epic_automation.py::TestDevAgent::test_extract_requirements",
          "test_name": "FAILED ..\\tests\\test_epic_automation.py::TestDevAgent::test_extract_requirements",
          "line": 77,
          "details": []
        },
        {
          "type": "FAILED",
          "message": "FAILED ..\\tests\\test_epic_automation.py::TestDevAgent::test_validate_requirements",
          "test_name": "FAILED ..\\tests\\test_epic_automation.py::TestDevAgent::test_validate_requirements",
          "line": 78,
          "details": []
        },
        {
          "type": "FAILED",
          "message": "FAILED ..\\tests\\test_epic_automation.py::TestEpicDriver::test_load_task_guidance",
          "test_name": "FAILED ..\\tests\\test_epic_automation.py::TestEpicDriver::test_load_task_guidance",
          "line": 79,
          "details": []
        },
        {
          "type": "FAILED",
          "message": "FAILED ..\\tests\\test_epic_automation.py::TestEpicDriver::test_parse_epic - as...",
          "test_name": "FAILED ..\\tests\\test_epic_automation.py::TestEpicDriver::test_parse_epic",
          "line": 80,
          "details": []
        },
        {
          "type": "FAILED",
          "message": "FAILED ..\\tests\\test_epic_automation.py::TestEpicDriver::test_execute_qa_phase_pass",
          "test_name": "FAILED ..\\tests\\test_epic_automation.py::TestEpicDriver::test_execute_qa_phase_pass",
          "line": 81,
          "details": []
        },
        {
          "type": "FAILED",
          "message": "FAILED ..\\tests\\test_epic_automation.py::TestEpicDriver::test_process_story_complete_flow",
          "test_name": "FAILED ..\\tests\\test_epic_automation.py::TestEpicDriver::test_process_story_complete_flow",
          "line": 82,
          "details": []
        },
        {
          "type": "FAILED",
          "message": "FAILED ..\\tests\\test_epic_automation.py::TestIntegrationSmDevQaCycle::test_agent_coordination_and_handoffs",
          "test_name": "FAILED ..\\tests\\test_epic_automation.py::TestIntegrationSmDevQaCycle::test_agent_coordination_and_handoffs",
          "line": 83,
          "details": []
        },
        {
          "type": "FAILED",
          "message": "FAILED ..\\tests\\test_epic_automation.py::TestIntegrationSmDevQaCycle::test_state_recovery_after_interruption",
          "test_name": "FAILED ..\\tests\\test_epic_automation.py::TestIntegrationSmDevQaCycle::test_state_recovery_after_interruption",
          "line": 84,
          "details": []
        }
      ],
      "execution_time": 7.72805118560791,
      "timestamp": "2026-01-05T13:04:33.203501",
      "timeout": false
    },
    {
      "relative_path": "D:\\GITHUB\\pytQt_template\\tests\\integration\\test_complete_workflow.py",
      "status": "completed",
      "result": "failed",
      "errors": [],
      "failures": [
        {
          "type": "FAILED",
          "message": "FAILED ..\\tests\\integration\\test_complete_workflow.py::TestCompleteWorkflow::test_full_5_phase_workflow",
          "test_name": "FAILED ..\\tests\\integration\\test_complete_workflow.py::TestCompleteWorkflow::test_full_5_phase_workflow",
          "line": 99,
          "details": []
        },
        {
          "type": "FAILED",
          "message": "FAILED ..\\tests\\integration\\test_complete_workflow.py::TestCompleteWorkflow::test_workflow_skip_quality",
          "test_name": "FAILED ..\\tests\\integration\\test_complete_workflow.py::TestCompleteWorkflow::test_workflow_skip_quality",
          "line": 100,
          "details": []
        },
        {
          "type": "FAILED",
          "message": "FAILED ..\\tests\\integration\\test_complete_workflow.py::TestCompleteWorkflow::test_workflow_skip_tests",
          "test_name": "FAILED ..\\tests\\integration\\test_complete_workflow.py::TestCompleteWorkflow::test_workflow_skip_tests",
          "line": 101,
          "details": []
        },
        {
          "type": "FAILED",
          "message": "FAILED ..\\tests\\integration\\test_complete_workflow.py::TestCompleteWorkflow::test_workflow_skip_both",
          "test_name": "FAILED ..\\tests\\integration\\test_complete_workflow.py::TestCompleteWorkflow::test_workflow_skip_both",
          "line": 102,
          "details": []
        },
        {
          "type": "FAILED",
          "message": "FAILED ..\\tests\\integration\\test_complete_workflow.py::TestCompleteWorkflow::test_workflow_multiple_stories",
          "test_name": "FAILED ..\\tests\\integration\\test_complete_workflow.py::TestCompleteWorkflow::test_workflow_multiple_stories",
          "line": 103,
          "details": []
        },
        {
          "type": "FAILED",
          "message": "FAILED ..\\tests\\integration\\test_complete_workflow.py::TestCompleteWorkflow::test_workflow_qa_failure",
          "test_name": "FAILED ..\\tests\\integration\\test_complete_workflow.py::TestCompleteWorkflow::test_workflow_qa_failure",
          "line": 104,
          "details": []
        },
        {
          "type": "FAILED",
          "message": "FAILED ..\\tests\\integration\\test_complete_workflow.py::TestCompleteWorkflow::test_workflow_with_retry",
          "test_name": "FAILED ..\\tests\\integration\\test_complete_workflow.py::TestCompleteWorkflow::test_workflow_with_retry",
          "line": 105,
          "details": []
        },
        {
          "type": "FAILED",
          "message": "FAILED ..\\tests\\integration\\test_complete_workflow.py::TestCompleteWorkflow::test_progress_tracking_accuracy",
          "test_name": "FAILED ..\\tests\\integration\\test_complete_workflow.py::TestCompleteWorkflow::test_progress_tracking_accuracy",
          "line": 106,
          "details": []
        }
      ],
      "execution_time": 0.5179779529571533,
      "timestamp": "2026-01-05T13:04:41.299059",
      "timeout": false
    },
    {
      "relative_path": "D:\\GITHUB\\pytQt_template\\tests\\e2e\\test_epic_processing.py",
      "status": "completed",
      "result": "failed",
      "errors": [],
      "failures": [
        {
          "type": "FAILED",
          "message": "FAILED ..\\tests\\e2e\\test_epic_processing.py::TestEpicProcessingE2E::test_epic_with_quality_gates_e2e",
          "test_name": "FAILED ..\\tests\\e2e\\test_epic_processing.py::TestEpicProcessingE2E::test_epic_with_quality_gates_e2e",
          "line": 71,
          "details": []
        },
        {
          "type": "FAILED",
          "message": "FAILED ..\\tests\\e2e\\test_epic_processing.py::TestEpicProcessingE2E::test_epic_with_multiple_stories_e2e",
          "test_name": "FAILED ..\\tests\\e2e\\test_epic_processing.py::TestEpicProcessingE2E::test_epic_with_multiple_stories_e2e",
          "line": 72,
          "details": []
        },
        {
          "type": "FAILED",
          "message": "FAILED ..\\tests\\e2e\\test_epic_processing.py::TestEpicProcessingE2E::test_error_recovery_scenario",
          "test_name": "FAILED ..\\tests\\e2e\\test_epic_processing.py::TestEpicProcessingE2E::test_error_recovery_scenario",
          "line": 73,
          "details": []
        },
        {
          "type": "FAILED",
          "message": "FAILED ..\\tests\\e2e\\test_epic_processing.py::TestEpicProcessingE2E::test_performance_benchmark",
          "test_name": "FAILED ..\\tests\\e2e\\test_epic_processing.py::TestEpicProcessingE2E::test_performance_benchmark",
          "line": 74,
          "details": []
        },
        {
          "type": "FAILED",
          "message": "FAILED ..\\tests\\e2e\\test_epic_processing.py::TestEpicProcessingE2E::test_backward_compatibility",
          "test_name": "FAILED ..\\tests\\e2e\\test_epic_processing.py::TestEpicProcessingE2E::test_backward_compatibility",
          "line": 75,
          "details": []
        }
      ],
      "execution_time": 0.4598853588104248,
      "timestamp": "2026-01-05T13:04:43.138455",
      "timeout": false
    },
    {
      "relative_path": "D:\\GITHUB\\pytQt_template\\tests\\unit\\test_epic_driver.py",
      "status": "completed",
      "result": "failed",
      "errors": [],
      "failures": [
        {
          "type": "FAILED",
          "message": "FAILED ..\\tests\\unit\\test_epic_driver.py::TestEpicDriverInitialization::test_init_with_quality_gate_flags",
          "test_name": "FAILED ..\\tests\\unit\\test_epic_driver.py::TestEpicDriverInitialization::test_init_with_quality_gate_flags",
          "line": 222,
          "details": []
        },
        {
          "type": "FAILED",
          "message": "FAILED ..\\tests\\unit\\test_epic_driver.py::TestEpicDriverInitialization::test_init_default_values",
          "test_name": "FAILED ..\\tests\\unit\\test_epic_driver.py::TestEpicDriverInitialization::test_init_default_values",
          "line": 223,
          "details": []
        },
        {
          "type": "FAILED",
          "message": "FAILED ..\\tests\\unit\\test_epic_driver.py::TestPhaseGatedExecution::test_validate_phase_gates_success",
          "test_name": "FAILED ..\\tests\\unit\\test_epic_driver.py::TestPhaseGatedExecution::test_validate_phase_gates_success",
          "line": 224,
          "details": []
        },
        {
          "type": "FAILED",
          "message": "FAILED ..\\tests\\unit\\test_epic_driver.py::TestPhaseGatedExecution::test_validate_phase_gates_missing_source_dir",
          "test_name": "FAILED ..\\tests\\unit\\test_epic_driver.py::TestPhaseGatedExecution::test_validate_phase_gates_missing_source_dir",
          "line": 225,
          "details": []
        },
        {
          "type": "FAILED",
          "message": "FAILED ..\\tests\\unit\\test_epic_driver.py::TestPhaseGatedExecution::test_validate_phase_gates_missing_test_dir",
          "test_name": "FAILED ..\\tests\\unit\\test_epic_driver.py::TestPhaseGatedExecution::test_validate_phase_gates_missing_test_dir",
          "line": 226,
          "details": []
        },
        {
          "type": "FAILED",
          "message": "FAILED ..\\tests\\unit\\test_epic_driver.py::TestPhaseGatedExecution::test_validate_phase_gates_skipped_phases",
          "test_name": "FAILED ..\\tests\\unit\\test_epic_driver.py::TestPhaseGatedExecution::test_validate_phase_gates_skipped_phases",
          "line": 227,
          "details": []
        },
        {
          "type": "FAILED",
          "message": "FAILED ..\\tests\\unit\\test_epic_driver.py::TestProgressTracking::test_update_progress",
          "test_name": "FAILED ..\\tests\\unit\\test_epic_driver.py::TestProgressTracking::test_update_progress",
          "line": 228,
          "details": []
        },
        {
          "type": "FAILED",
          "message": "FAILED ..\\tests\\unit\\test_epic_driver.py::TestProgressTracking::test_initialize_epic_processing",
          "test_name": "FAILED ..\\tests\\unit\\test_epic_driver.py::TestProgressTracking::test_initialize_epic_processing",
          "line": 229,
          "details": []
        },
        {
          "type": "FAILED",
          "message": "FAILED ..\\tests\\unit\\test_epic_driver.py::TestWorkflowOrchestration::test_execute_quality_gates_skip",
          "test_name": "FAILED ..\\tests\\unit\\test_epic_driver.py::TestWorkflowOrchestration::test_execute_quality_gates_skip",
          "line": 230,
          "details": []
        },
        {
          "type": "FAILED",
          "message": "FAILED ..\\tests\\unit\\test_epic_driver.py::TestWorkflowOrchestration::test_execute_test_automation_skip",
          "test_name": "FAILED ..\\tests\\unit\\test_epic_driver.py::TestWorkflowOrchestration::test_execute_test_automation_skip",
          "line": 231,
          "details": []
        },
        {
          "type": "FAILED",
          "message": "FAILED ..\\tests\\unit\\test_epic_driver.py::TestFinalReport::test_generate_final_report",
          "test_name": "FAILED ..\\tests\\unit\\test_epic_driver.py::TestFinalReport::test_generate_final_report",
          "line": 232,
          "details": []
        },
        {
          "type": "FAILED",
          "message": "FAILED ..\\tests\\unit\\test_epic_driver.py::TestFinalReport::test_generate_final_report_all_phases",
          "test_name": "FAILED ..\\tests\\unit\\test_epic_driver.py::TestFinalReport::test_generate_final_report_all_phases",
          "line": 233,
          "details": []
        },
        {
          "type": "FAILED",
          "message": "FAILED ..\\tests\\unit\\test_epic_driver.py::TestSetupLogging::test_setup_logging",
          "test_name": "FAILED ..\\tests\\unit\\test_epic_driver.py::TestSetupLogging::test_setup_logging",
          "line": 234,
          "details": []
        },
        {
          "type": "FAILED",
          "message": "FAILED ..\\tests\\unit\\test_epic_driver.py::TestSetupLogging::test_setup_logging_default_level",
          "test_name": "FAILED ..\\tests\\unit\\test_epic_driver.py::TestSetupLogging::test_setup_logging_default_level",
          "line": 235,
          "details": []
        }
      ],
      "execution_time": 0.490009069442749,
      "timestamp": "2026-01-05T13:04:43.942319",
      "timeout": false
    },
    {
      "relative_path": "D:\\GITHUB\\pytQt_template\\tests\\unit\\test_documentation.py",
      "status": "completed",
      "result": "failed",
      "errors": [],
      "failures": [
        {
          "type": "FAILED",
          "message": "FAILED ..\\tests\\unit\\test_documentation.py::TestDocumentationAccuracy::test_readme_commands_exist",
          "test_name": "FAILED ..\\tests\\unit\\test_documentation.py::TestDocumentationAccuracy::test_readme_commands_exist",
          "line": 183,
          "details": []
        },
        {
          "type": "FAILED",
          "message": "FAILED ..\\tests\\unit\\test_documentation.py::TestDocumentationAccuracy::test_setup_dependencies_exist",
          "test_name": "FAILED ..\\tests\\unit\\test_documentation.py::TestDocumentationAccuracy::test_setup_dependencies_exist",
          "line": 184,
          "details": []
        },
        {
          "type": "FAILED",
          "message": "FAILED ..\\tests\\unit\\test_documentation.py::TestDocumentationAccuracy::test_example_epic_exists",
          "test_name": "FAILED ..\\tests\\unit\\test_documentation.py::TestDocumentationAccuracy::test_example_epic_exists",
          "line": 185,
          "details": []
        },
        {
          "type": "FAILED",
          "message": "FAILED ..\\tests\\unit\\test_documentation.py::TestDocumentationAccuracy::test_troubleshooting_guide_exists",
          "test_name": "FAILED ..\\tests\\unit\\test_documentation.py::TestDocumentationAccuracy::test_troubleshooting_guide_exists",
          "line": 186,
          "details": []
        },
        {
          "type": "FAILED",
          "message": "FAILED ..\\tests\\unit\\test_documentation.py::TestDocumentationAccuracy::test_user_guides_exist",
          "test_name": "FAILED ..\\tests\\unit\\test_documentation.py::TestDocumentationAccuracy::test_user_guides_exist",
          "line": 187,
          "details": []
        },
        {
          "type": "FAILED",
          "message": "FAILED ..\\tests\\unit\\test_documentation.py::TestDocumentationAccuracy::test_api_documentation_exists",
          "test_name": "FAILED ..\\tests\\unit\\test_documentation.py::TestDocumentationAccuracy::test_api_documentation_exists",
          "line": 188,
          "details": []
        },
        {
          "type": "FAILED",
          "message": "FAILED ..\\tests\\unit\\test_documentation.py::TestDocumentationAccuracy::test_integration_tests_exist",
          "test_name": "FAILED ..\\tests\\unit\\test_documentation.py::TestDocumentationAccuracy::test_integration_tests_exist",
          "line": 189,
          "details": []
        },
        {
          "type": "FAILED",
          "message": "FAILED ..\\tests\\unit\\test_documentation.py::TestDocumentationAccuracy::test_performance_tests_exist",
          "test_name": "FAILED ..\\tests\\unit\\test_documentation.py::TestDocumentationAccuracy::test_performance_tests_exist",
          "line": 190,
          "details": []
        },
        {
          "type": "FAILED",
          "message": "FAILED ..\\tests\\unit\\test_documentation.py::TestDocumentationAccuracy::test_documented_files_exist",
          "test_name": "FAILED ..\\tests\\unit\\test_documentation.py::TestDocumentationAccuracy::test_documented_files_exist",
          "line": 191,
          "details": []
        },
        {
          "type": "FAILED",
          "message": "FAILED ..\\tests\\unit\\test_documentation.py::TestDocumentationAccuracy::test_cli_options_documented",
          "test_name": "FAILED ..\\tests\\unit\\test_documentation.py::TestDocumentationAccuracy::test_cli_options_documented",
          "line": 192,
          "details": []
        },
        {
          "type": "FAILED",
          "message": "FAILED ..\\tests\\unit\\test_documentation.py::TestDocumentationAccuracy::test_workflow_phases_documented",
          "test_name": "FAILED ..\\tests\\unit\\test_documentation.py::TestDocumentationAccuracy::test_workflow_phases_documented",
          "line": 193,
          "details": []
        },
        {
          "type": "FAILED",
          "message": "FAILED ..\\tests\\unit\\test_documentation.py::TestDocumentationAccuracy::test_quality_gate_tools_documented",
          "test_name": "FAILED ..\\tests\\unit\\test_documentation.py::TestDocumentationAccuracy::test_quality_gate_tools_documented",
          "line": 194,
          "details": []
        },
        {
          "type": "FAILED",
          "message": "FAILED ..\\tests\\unit\\test_documentation.py::TestDocumentationAccuracy::test_test_automation_tools_documented",
          "test_name": "FAILED ..\\tests\\unit\\test_documentation.py::TestDocumentationAccuracy::test_test_automation_tools_documented",
          "line": 195,
          "details": []
        },
        {
          "type": "FAILED",
          "message": "FAILED ..\\tests\\unit\\test_documentation.py::TestDocumentationAccuracy::test_configuration_example_exists",
          "test_name": "FAILED ..\\tests\\unit\\test_documentation.py::TestDocumentationAccuracy::test_configuration_example_exists",
          "line": 196,
          "details": []
        },
        {
          "type": "FAILED",
          "message": "FAILED ..\\tests\\unit\\test_documentation.py::TestDocumentationAccuracy::test_example_commands_work",
          "test_name": "FAILED ..\\tests\\unit\\test_documentation.py::TestDocumentationAccuracy::test_example_commands_work",
          "line": 197,
          "details": []
        },
        {
          "type": "FAILED",
          "message": "FAILED ..\\tests\\unit\\test_documentation.py::TestDocumentationAccuracy::test_story_task_completion",
          "test_name": "FAILED ..\\tests\\unit\\test_documentation.py::TestDocumentationAccuracy::test_story_task_completion",
          "line": 198,
          "details": []
        },
        {
          "type": "FAILED",
          "message": "FAILED ..\\tests\\unit\\test_documentation.py::TestDocumentationAccuracy::test_file_list_section_exists",
          "test_name": "FAILED ..\\tests\\unit\\test_documentation.py::TestDocumentationAccuracy::test_file_list_section_exists",
          "line": 199,
          "details": []
        },
        {
          "type": "FAILED",
          "message": "FAILED ..\\tests\\unit\\test_documentation.py::TestDocumentationAccuracy::test_change_log_exists",
          "test_name": "FAILED ..\\tests\\unit\\test_documentation.py::TestDocumentationAccuracy::test_change_log_exists",
          "line": 200,
          "details": []
        }
      ],
      "execution_time": 0.43782591819763184,
      "timestamp": "2026-01-05T13:04:45.836585",
      "timeout": false
    },
    {
      "relative_path": "D:\\GITHUB\\pytQt_template\\tests\\epic_automation\\test_state_manager.py",
      "status": "completed",
      "result": "failed",
      "errors": [],
      "failures": [
        {
          "type": "FAILED",
          "message": "FAILED ..\\tests\\epic_automation\\test_state_manager.py::TestStateManager::test_init_database",
          "test_name": "FAILED ..\\tests\\epic_automation\\test_state_manager.py::TestStateManager::test_init_database",
          "line": 115,
          "details": []
        },
        {
          "type": "FAILED",
          "message": "FAILED ..\\tests\\epic_automation\\test_state_manager.py::TestStateManager::test_update_story_state_new",
          "test_name": "FAILED ..\\tests\\epic_automation\\test_state_manager.py::TestStateManager::test_update_story_state_new",
          "line": 116,
          "details": []
        },
        {
          "type": "FAILED",
          "message": "FAILED ..\\tests\\epic_automation\\test_state_manager.py::TestStateManager::test_update_story_state_existing",
          "test_name": "FAILED ..\\tests\\epic_automation\\test_state_manager.py::TestStateManager::test_update_story_state_existing",
          "line": 117,
          "details": []
        },
        {
          "type": "FAILED",
          "message": "FAILED ..\\tests\\epic_automation\\test_state_manager.py::TestStateManager::test_get_story_state_not_found",
          "test_name": "FAILED ..\\tests\\epic_automation\\test_state_manager.py::TestStateManager::test_get_story_state_not_found",
          "line": 118,
          "details": []
        },
        {
          "type": "FAILED",
          "message": "FAILED ..\\tests\\epic_automation\\test_state_manager.py::TestStateManager::test_get_stories_by_status",
          "test_name": "FAILED ..\\tests\\epic_automation\\test_state_manager.py::TestStateManager::test_get_stories_by_status",
          "line": 119,
          "details": []
        },
        {
          "type": "FAILED",
          "message": "FAILED ..\\tests\\epic_automation\\test_state_manager.py::TestStateManager::test_get_all_stories",
          "test_name": "FAILED ..\\tests\\epic_automation\\test_state_manager.py::TestStateManager::test_get_all_stories",
          "line": 120,
          "details": []
        },
        {
          "type": "FAILED",
          "message": "FAILED ..\\tests\\epic_automation\\test_state_manager.py::TestStateManager::test_mark_story_in_progress",
          "test_name": "FAILED ..\\tests\\epic_automation\\test_state_manager.py::TestStateManager::test_mark_story_in_progress",
          "line": 121,
          "details": []
        },
        {
          "type": "FAILED",
          "message": "FAILED ..\\tests\\epic_automation\\test_state_manager.py::TestStateManager::test_mark_story_pass",
          "test_name": "FAILED ..\\tests\\epic_automation\\test_state_manager.py::TestStateManager::test_mark_story_pass",
          "line": 122,
          "details": []
        },
        {
          "type": "FAILED",
          "message": "FAILED ..\\tests\\epic_automation\\test_state_manager.py::TestStateManager::test_mark_story_fail",
          "test_name": "FAILED ..\\tests\\epic_automation\\test_state_manager.py::TestStateManager::test_mark_story_fail",
          "line": 123,
          "details": []
        },
        {
          "type": "FAILED",
          "message": "FAILED ..\\tests\\epic_automation\\test_state_manager.py::TestStateManager::test_mark_story_not_found",
          "test_name": "FAILED ..\\tests\\epic_automation\\test_state_manager.py::TestStateManager::test_mark_story_not_found",
          "line": 124,
          "details": []
        },
        {
          "type": "FAILED",
          "message": "FAILED ..\\tests\\epic_automation\\test_state_manager.py::TestStateManager::test_qa_result_serialization",
          "test_name": "FAILED ..\\tests\\epic_automation\\test_state_manager.py::TestStateManager::test_qa_result_serialization",
          "line": 125,
          "details": []
        },
        {
          "type": "FAILED",
          "message": "FAILED ..\\tests\\epic_automation\\test_state_manager.py::TestStateManager::test_notes_storage",
          "test_name": "FAILED ..\\tests\\epic_automation\\test_state_manager.py::TestStateManager::test_notes_storage",
          "line": 126,
          "details": []
        },
        {
          "type": "FAILED",
          "message": "FAILED ..\\tests\\epic_automation\\test_state_manager.py::TestStateManager::test_print_state_report_empty",
          "test_name": "FAILED ..\\tests\\epic_automation\\test_state_manager.py::TestStateManager::test_print_state_report_empty",
          "line": 127,
          "details": []
        },
        {
          "type": "FAILED",
          "message": "FAILED ..\\tests\\epic_automation\\test_state_manager.py::TestStateManager::test_print_state_report_with_data",
          "test_name": "FAILED ..\\tests\\epic_automation\\test_state_manager.py::TestStateManager::test_print_state_report_with_data",
          "line": 128,
          "details": []
        },
        {
          "type": "FAILED",
          "message": "FAILED ..\\tests\\epic_automation\\test_state_manager.py::TestStateManager::test_reset_story",
          "test_name": "FAILED ..\\tests\\epic_automation\\test_state_manager.py::TestStateManager::test_reset_story",
          "line": 129,
          "details": []
        },
        {
          "type": "FAILED",
          "message": "FAILED ..\\tests\\epic_automation\\test_state_manager.py::TestStateManager::test_reset_story_not_found",
          "test_name": "FAILED ..\\tests\\epic_automation\\test_state_manager.py::TestStateManager::test_reset_story_not_found",
          "line": 130,
          "details": []
        },
        {
          "type": "FAILED",
          "message": "FAILED ..\\tests\\epic_automation\\test_state_manager.py::TestStateManager::test_clear_all_states",
          "test_name": "FAILED ..\\tests\\epic_automation\\test_state_manager.py::TestStateManager::test_clear_all_states",
          "line": 131,
          "details": []
        },
        {
          "type": "FAILED",
          "message": "FAILED ..\\tests\\epic_automation\\test_state_manager.py::TestStateManager::test_multiple_iterations",
          "test_name": "FAILED ..\\tests\\epic_automation\\test_state_manager.py::TestStateManager::test_multiple_iterations",
          "line": 132,
          "details": []
        },
        {
          "type": "FAILED",
          "message": "FAILED ..\\tests\\epic_automation\\test_state_manager.py::TestStateManager::test_timestamps",
          "test_name": "FAILED ..\\tests\\epic_automation\\test_state_manager.py::TestStateManager::test_timestamps",
          "line": 133,
          "details": []
        },
        {
          "type": "FAILED",
          "message": "FAILED ..\\tests\\epic_automation\\test_state_manager.py::TestStateManager::test_concurrent_access",
          "test_name": "FAILED ..\\tests\\epic_automation\\test_state_manager.py::TestStateManager::test_concurrent_access",
          "line": 134,
          "details": []
        }
      ],
      "execution_time": 1.1035125255584717,
      "timestamp": "2026-01-05T13:04:46.274411",
      "timeout": false
    },
    {
      "relative_path": "D:\\GITHUB\\pytQt_template\\tests\\test_cli_interface.py",
      "status": "completed",
      "result": "failed",
      "errors": [],
      "failures": [
        {
          "type": "FAILED",
          "message": "FAILED ..\\tests\\test_cli_interface.py::TestCLIInterface::test_epic_driver_initialization",
          "test_name": "FAILED ..\\tests\\test_cli_interface.py::TestCLIInterface::test_epic_driver_initialization",
          "line": 44,
          "details": []
        },
        {
          "type": "FAILED",
          "message": "FAILED ..\\tests\\test_cli_interface.py::TestCLIInterface::test_epic_driver_default_initialization",
          "test_name": "FAILED ..\\tests\\test_cli_interface.py::TestCLIInterface::test_epic_driver_default_initialization",
          "line": 45,
          "details": []
        }
      ],
      "execution_time": 0.35491275787353516,
      "timestamp": "2026-01-05T13:04:52.683558",
      "timeout": false
    },
    {
      "relative_path": "D:\\GITHUB\\pytQt_template\\tests\\unit\\test_documentation_simple.py",
      "status": "completed",
      "result": "failed",
      "errors": [],
      "failures": [
        {
          "type": "FAILED",
          "message": "FAILED ..\\tests\\unit\\test_documentation_simple.py::TestDocumentationFilesExist::test_readme_exists",
          "test_name": "FAILED ..\\tests\\unit\\test_documentation_simple.py::TestDocumentationFilesExist::test_readme_exists",
          "line": 140,
          "details": []
        },
        {
          "type": "FAILED",
          "message": "FAILED ..\\tests\\unit\\test_documentation_simple.py::TestDocumentationFilesExist::test_setup_exists",
          "test_name": "FAILED ..\\tests\\unit\\test_documentation_simple.py::TestDocumentationFilesExist::test_setup_exists",
          "line": 141,
          "details": []
        },
        {
          "type": "FAILED",
          "message": "FAILED ..\\tests\\unit\\test_documentation_simple.py::TestDocumentationFilesExist::test_example_epic_exists",
          "test_name": "FAILED ..\\tests\\unit\\test_documentation_simple.py::TestDocumentationFilesExist::test_example_epic_exists",
          "line": 142,
          "details": []
        },
        {
          "type": "FAILED",
          "message": "FAILED ..\\tests\\unit\\test_documentation_simple.py::TestDocumentationFilesExist::test_troubleshooting_exists",
          "test_name": "FAILED ..\\tests\\unit\\test_documentation_simple.py::TestDocumentationFilesExist::test_troubleshooting_exists",
          "line": 143,
          "details": []
        },
        {
          "type": "FAILED",
          "message": "FAILED ..\\tests\\unit\\test_documentation_simple.py::TestDocumentationFilesExist::test_user_guide_quality_gates_exists",
          "test_name": "FAILED ..\\tests\\unit\\test_documentation_simple.py::TestDocumentationFilesExist::test_user_guide_quality_gates_exists",
          "line": 144,
          "details": []
        },
        {
          "type": "FAILED",
          "message": "FAILED ..\\tests\\unit\\test_documentation_simple.py::TestDocumentationFilesExist::test_user_guide_test_automation_exists",
          "test_name": "FAILED ..\\tests\\unit\\test_documentation_simple.py::TestDocumentationFilesExist::test_user_guide_test_automation_exists",
          "line": 145,
          "details": []
        },
        {
          "type": "FAILED",
          "message": "FAILED ..\\tests\\unit\\test_documentation_simple.py::TestDocumentationFilesExist::test_api_documentation_exists",
          "test_name": "FAILED ..\\tests\\unit\\test_documentation_simple.py::TestDocumentationFilesExist::test_api_documentation_exists",
          "line": 146,
          "details": []
        },
        {
          "type": "FAILED",
          "message": "FAILED ..\\tests\\unit\\test_documentation_simple.py::TestDocumentationFilesExist::test_integration_tests_exist",
          "test_name": "FAILED ..\\tests\\unit\\test_documentation_simple.py::TestDocumentationFilesExist::test_integration_tests_exist",
          "line": 147,
          "details": []
        },
        {
          "type": "FAILED",
          "message": "FAILED ..\\tests\\unit\\test_documentation_simple.py::TestDocumentationFilesExist::test_quality_gates_integration_tests_exist",
          "test_name": "FAILED ..\\tests\\unit\\test_documentation_simple.py::TestDocumentationFilesExist::test_quality_gates_integration_tests_exist",
          "line": 148,
          "details": []
        },
        {
          "type": "FAILED",
          "message": "FAILED ..\\tests\\unit\\test_documentation_simple.py::TestDocumentationFilesExist::test_test_automation_integration_tests_exist",
          "test_name": "FAILED ..\\tests\\unit\\test_documentation_simple.py::TestDocumentationFilesExist::test_test_automation_integration_tests_exist",
          "line": 149,
          "details": []
        },
        {
          "type": "FAILED",
          "message": "FAILED ..\\tests\\unit\\test_documentation_simple.py::TestDocumentationFilesExist::test_performance_tests_exist",
          "test_name": "FAILED ..\\tests\\unit\\test_documentation_simple.py::TestDocumentationFilesExist::test_performance_tests_exist",
          "line": 150,
          "details": []
        },
        {
          "type": "FAILED",
          "message": "FAILED ..\\tests\\unit\\test_documentation_simple.py::TestDocumentationFilesExist::test_documentation_tests_exist",
          "test_name": "FAILED ..\\tests\\unit\\test_documentation_simple.py::TestDocumentationFilesExist::test_documentation_tests_exist",
          "line": 151,
          "details": []
        },
        {
          "type": "FAILED",
          "message": "FAILED ..\\tests\\unit\\test_documentation_simple.py::TestDocumentationFilesExist::test_code_quality_agent_exists",
          "test_name": "FAILED ..\\tests\\unit\\test_documentation_simple.py::TestDocumentationFilesExist::test_code_quality_agent_exists",
          "line": 152,
          "details": []
        },
        {
          "type": "FAILED",
          "message": "FAILED ..\\tests\\unit\\test_documentation_simple.py::TestDocumentationFilesExist::test_test_automation_agent_exists",
          "test_name": "FAILED ..\\tests\\unit\\test_documentation_simple.py::TestDocumentationFilesExist::test_test_automation_agent_exists",
          "line": 153,
          "details": []
        },
        {
          "type": "FAILED",
          "message": "FAILED ..\\tests\\unit\\test_documentation_simple.py::TestDocumentationFilesExist::test_epic_driver_exists",
          "test_name": "FAILED ..\\tests\\unit\\test_documentation_simple.py::TestDocumentationFilesExist::test_epic_driver_exists",
          "line": 154,
          "details": []
        },
        {
          "type": "FAILED",
          "message": "FAILED ..\\tests\\unit\\test_documentation_simple.py::TestDocumentationFilesExist::test_state_manager_exists",
          "test_name": "FAILED ..\\tests\\unit\\test_documentation_simple.py::TestDocumentationFilesExist::test_state_manager_exists",
          "line": 155,
          "details": []
        },
        {
          "type": "FAILED",
          "message": "FAILED ..\\tests\\unit\\test_documentation_simple.py::TestDocumentationFilesExist::test_story_005_exists",
          "test_name": "FAILED ..\\tests\\unit\\test_documentation_simple.py::TestDocumentationFilesExist::test_story_005_exists",
          "line": 156,
          "details": []
        }
      ],
      "execution_time": 0.34445929527282715,
      "timestamp": "2026-01-05T13:04:53.739289",
      "timeout": false
    }
  ],
  "summary": {
    "total": 37,
    "passed": 29,
    "failed": 8,
    "errors": 0,
    "timeouts": 0
  },
  "prompt_generated": true,
  "prompt_file": "D:\\GITHUB\\pytQt_template\\fixtest_workflow\\prompts\\fix_prompt_20260105_130530.md",
  "prompt_timestamp": "2026-01-05T13:05:30.998863"
}